nohup: ignoring input
SelfRegulationSCP1
/home/lanping/miniconda3/envs/ts/lib/python3.9/site-packages/torch/nn/_reduction.py:42: UserWarning: size_average and reduce args will be deprecated, please use reduction='mean' instead.
  warnings.warn(warning.format(ret))
Epoch: 1, time: 2.5826807022094727
第1Epoch的精度为：{'acc': 0.7098976109215017, 'pur': 0.7098976109215017, 'nmi': 0.22723810529234262, 'ari': 0.17418869392355382}
Epoch: 2, time: 1.5353384017944336
第2Epoch的精度为：{'acc': 0.7986348122866894, 'pur': 0.7986348122866894, 'nmi': 0.28239515807965954, 'ari': 0.3545485239284807}
Epoch: 3, time: 1.3177764415740967
第3Epoch的精度为：{'acc': 0.6313993174061433, 'pur': 0.6313993174061433, 'nmi': 0.05376847324657435, 'ari': 0.06599376429335199}
Epoch: 4, time: 1.5474343299865723
第4Epoch的精度为：{'acc': 0.6279863481228669, 'pur': 0.6279863481228669, 'nmi': 0.05217851167409828, 'ari': 0.06248885227311524}
Epoch: 5, time: 1.4894065856933594
第5Epoch的精度为：{'acc': 0.7098976109215017, 'pur': 0.7098976109215017, 'nmi': 0.15849289686159712, 'ari': 0.17370737452737614}
Epoch: 6, time: 1.3698556423187256
第6Epoch的精度为：{'acc': 0.5972696245733788, 'pur': 0.5972696245733788, 'nmi': 0.03015555011714587, 'ari': 0.03473329670378759}
Epoch: 7, time: 1.5222482681274414
第7Epoch的精度为：{'acc': 0.5870307167235495, 'pur': 0.5870307167235495, 'nmi': 0.0855702919276058, 'ari': 0.029031993024474845}
Epoch: 8, time: 1.4591140747070312
第8Epoch的精度为：{'acc': 0.5972696245733788, 'pur': 0.5972696245733788, 'nmi': 0.08988172973920319, 'ari': 0.03641660272452451}
Epoch: 9, time: 1.5043907165527344
第9Epoch的精度为：{'acc': 0.6245733788395904, 'pur': 0.6245733788395904, 'nmi': 0.12140739867505385, 'ari': 0.06042619487973543}
Epoch: 10, time: 1.6202445030212402
第10Epoch的精度为：{'acc': 0.6962457337883959, 'pur': 0.6962457337883959, 'nmi': 0.2093231248686574, 'ari': 0.15204128574174797}
Epoch: 11, time: 1.455214500427246
第11Epoch的精度为：{'acc': 0.6825938566552902, 'pur': 0.6825938566552902, 'nmi': 0.13222961238876216, 'ari': 0.13089157530327417}
Epoch: 12, time: 1.213263988494873
第12Epoch的精度为：{'acc': 0.6996587030716723, 'pur': 0.6996587030716723, 'nmi': 0.21375870712530062, 'ari': 0.15743719816928153}
Epoch: 13, time: 1.584770917892456
第13Epoch的精度为：{'acc': 0.6757679180887372, 'pur': 0.6757679180887372, 'nmi': 0.1308065349427312, 'ari': 0.12118585447479528}
Epoch: 14, time: 1.2421848773956299
第14Epoch的精度为：{'acc': 0.6621160409556314, 'pur': 0.6621160409556314, 'nmi': 0.15818215177648293, 'ari': 0.10319758964027236}
Epoch: 15, time: 1.476259469985962
第15Epoch的精度为：{'acc': 0.5870307167235495, 'pur': 0.5870307167235495, 'nmi': 0.07828601178435164, 'ari': 0.02896117797644697}
Epoch: 16, time: 1.424785852432251
第16Epoch的精度为：{'acc': 0.7064846416382252, 'pur': 0.7064846416382252, 'nmi': 0.21533962804290901, 'ari': 0.16844965822806604}
Epoch: 17, time: 1.5952115058898926
第17Epoch的精度为：{'acc': 0.7030716723549488, 'pur': 0.7030716723549488, 'nmi': 0.21969435450863792, 'ari': 0.16290598568546863}
Epoch: 18, time: 1.407057762145996
第18Epoch的精度为：{'acc': 0.6006825938566553, 'pur': 0.6006825938566553, 'nmi': 0.10164222206696269, 'ari': 0.0391570064095949}
Epoch: 19, time: 1.5240294933319092
第19Epoch的精度为：{'acc': 0.6484641638225256, 'pur': 0.6484641638225256, 'nmi': 0.15902097386987146, 'ari': 0.0864188285978768}
Epoch: 20, time: 1.4877779483795166
第20Epoch的精度为：{'acc': 0.6484641638225256, 'pur': 0.6484641638225256, 'nmi': 0.08949103888480284, 'ari': 0.08564001260392176}
Epoch: 21, time: 1.3850460052490234
第21Epoch的精度为：{'acc': 0.7133105802047781, 'pur': 0.7133105802047781, 'nmi': 0.2331819662734285, 'ari': 0.1799405797018272}
Epoch: 22, time: 1.5733463764190674
第22Epoch的精度为：{'acc': 0.7201365187713311, 'pur': 0.7201365187713311, 'nmi': 0.18377037731139265, 'ari': 0.19143936153279087}
Epoch: 23, time: 1.413963794708252
第23Epoch的精度为：{'acc': 0.590443686006826, 'pur': 0.590443686006826, 'nmi': 0.08957736836965062, 'ari': 0.03142254141471659}
Epoch: 24, time: 1.634446620941162
第24Epoch的精度为：{'acc': 0.6040955631399317, 'pur': 0.6040955631399317, 'nmi': 0.1056786912320332, 'ari': 0.041922793566098654}
Epoch: 25, time: 1.642486333847046
第25Epoch的精度为：{'acc': 0.5802047781569966, 'pur': 0.5802047781569966, 'nmi': 0.09846257746180108, 'ari': 0.024680713683280838}
Epoch: 26, time: 1.4822444915771484
第26Epoch的精度为：{'acc': 0.6791808873720137, 'pur': 0.6791808873720137, 'nmi': 0.12074064792698772, 'ari': 0.12585773743601258}
Epoch: 27, time: 1.4256062507629395
第27Epoch的精度为：{'acc': 0.7372013651877133, 'pur': 0.7372013651877133, 'nmi': 0.27617525790594166, 'ari': 0.2230111765638149}
Epoch: 28, time: 1.4411773681640625
第28Epoch的精度为：{'acc': 0.5972696245733788, 'pur': 0.5972696245733788, 'nmi': 0.08988172973920319, 'ari': 0.03641660272452451}
Epoch: 29, time: 1.4959673881530762
第29Epoch的精度为：{'acc': 0.7372013651877133, 'pur': 0.7372013651877133, 'nmi': 0.2658130636748545, 'ari': 0.22297673510857524}
Epoch: 30, time: 1.3650212287902832
第30Epoch的精度为：{'acc': 0.5733788395904437, 'pur': 0.5733788395904437, 'nmi': 0.07806434026300037, 'ari': 0.020482782752218917}
最终精度为：{'acc': 0.590443686006826, 'pur': 0.590443686006826, 'nmi': 0.082137010652642, 'ari': 0.03135251514437317}
==================================================
 
 
SelfRegulationSCP2
/home/lanping/miniconda3/envs/ts/lib/python3.9/site-packages/torch/nn/_reduction.py:42: UserWarning: size_average and reduce args will be deprecated, please use reduction='mean' instead.
  warnings.warn(warning.format(ret))
Epoch: 1, time: 1.0256779193878174
第1Epoch的精度为：{'acc': 0.5944444444444444, 'pur': 0.5944444444444444, 'nmi': 0.02589668744604439, 'ari': 0.030262151295497784}
Epoch: 2, time: 1.2133331298828125
第2Epoch的精度为：{'acc': 0.5222222222222223, 'pur': 0.5222222222222223, 'nmi': 0.0014340276678512054, 'ari': -0.003606512807281827}
Epoch: 3, time: 0.9500677585601807
第3Epoch的精度为：{'acc': 0.5222222222222223, 'pur': 0.5222222222222223, 'nmi': 0.0014263129103264836, 'ari': -0.0036287872692820937}
Epoch: 4, time: 1.0482416152954102
第4Epoch的精度为：{'acc': 0.5055555555555555, 'pur': 0.5055555555555555, 'nmi': 9.089873297620551e-05, 'ari': -0.00540945030969103}
Epoch: 5, time: 1.0924632549285889
第5Epoch的精度为：{'acc': 0.5277777777777778, 'pur': 0.5277777777777778, 'nmi': 0.0022924324702629836, 'ari': -0.0023967228144294362}
Epoch: 6, time: 1.0334439277648926
第6Epoch的精度为：{'acc': 0.5611111111111111, 'pur': 0.5611111111111111, 'nmi': 0.011028189437729758, 'ari': 0.0094873436200735}
Epoch: 7, time: 1.1349678039550781
第7Epoch的精度为：{'acc': 0.5666666666666667, 'pur': 0.5666666666666667, 'nmi': 0.013604462206536808, 'ari': 0.012481589655258495}
Epoch: 8, time: 0.9628632068634033
第8Epoch的精度为：{'acc': 0.5444444444444444, 'pur': 0.5444444444444444, 'nmi': 0.00611553227353628, 'ari': 0.002604354458466232}
Epoch: 9, time: 1.2306921482086182
第9Epoch的精度为：{'acc': 0.5277777777777778, 'pur': 0.5277777777777778, 'nmi': 0.002236933586868862, 'ari': -0.002496835607650027}
Epoch: 10, time: 1.17635178565979
第10Epoch的精度为：{'acc': 0.5111111111111111, 'pur': 0.5111111111111111, 'nmi': 0.00047937307020974606, 'ari': -0.00400720520992102}
Epoch: 11, time: 1.1184954643249512
SpokenArabicDigits
/home/lanping/miniconda3/envs/ts/lib/python3.9/site-packages/torch/nn/_reduction.py:42: UserWarning: size_average and reduce args will be deprecated, please use reduction='mean' instead.
  warnings.warn(warning.format(ret))
Epoch: 1, time: 15.814513444900513
第1Epoch的精度为：{'acc': 0.18190086402910413, 'pur': 0.1982719417917235, 'nmi': 0.07141776258215535, 'ari': 0.02910167459850979}
Epoch: 2, time: 15.879436731338501
第2Epoch的精度为：{'acc': 0.1582537517053206, 'pur': 0.16780354706684858, 'nmi': 0.03212890181417004, 'ari': 0.010962367352241901}
Epoch: 3, time: 15.928705215454102
第3Epoch的精度为：{'acc': 0.1605275125056844, 'pur': 0.16598453842655753, 'nmi': 0.040707846649641596, 'ari': 0.011588164692268423}
Epoch: 4, time: 15.818971633911133
第4Epoch的精度为：{'acc': 0.18144611186903137, 'pur': 0.1855388813096862, 'nmi': 0.06061917757515573, 'ari': 0.026563110518669202}
Epoch: 5, time: 17.69072723388672
第5Epoch的精度为：{'acc': 0.14870395634379263, 'pur': 0.15097771714415645, 'nmi': 0.05204398020039638, 'ari': 0.022868624220820498}
Epoch: 6, time: 16.327768564224243
第6Epoch的精度为：{'acc': 0.12460209185993633, 'pur': 0.12869486130059118, 'nmi': 0.02862916507968492, 'ari': 0.001930244490687934}
Epoch: 7, time: 15.979588508605957
第7Epoch的精度为：{'acc': 0.11687130513869941, 'pur': 0.12232833105957254, 'nmi': 0.028660058368608705, 'ari': 0.0008046498200956295}
Epoch: 8, time: 15.900334596633911
第8Epoch的精度为：{'acc': 0.1123237835379718, 'pur': 0.11323328785811733, 'nmi': 0.022649365909782504, 'ari': 0.0003398063765306005}
Epoch: 9, time: 16.220397472381592
第9Epoch的精度为：{'acc': 0.11550704865848113, 'pur': 0.11778080945884493, 'nmi': 0.02516954537225742, 'ari': 0.00041577716982302835}
Epoch: 10, time: 16.66564631462097
第10Epoch的精度为：{'acc': 0.110050022737608, 'pur': 0.11141427921782629, 'nmi': 0.01990713331258773, 'ari': 0.00016284153715198123}
Epoch: 11, time: 15.951600074768066
第11Epoch的精度为：{'acc': 0.11596180081855388, 'pur': 0.12005457025920874, 'nmi': 0.027574690690996304, 'ari': 0.0006670924453574564}
Epoch: 12, time: 16.463223457336426
第12Epoch的精度为：{'acc': 0.11596180081855388, 'pur': 0.11823556161891768, 'nmi': 0.027950175308773362, 'ari': 0.0004510568214527443}
Epoch: 13, time: 15.920542001724243
第13Epoch的精度为：{'acc': 0.110050022737608, 'pur': 0.11186903137789904, 'nmi': 0.023196061990302417, 'ari': 0.00019638075292998497}
Epoch: 14, time: 16.127774238586426
第14Epoch的精度为：{'acc': 0.110050022737608, 'pur': 0.1123237835379718, 'nmi': 0.02320449575953392, 'ari': 0.00021897222068973526}
Epoch: 15, time: 18.152782440185547
第15Epoch的精度为：{'acc': 0.1077762619372442, 'pur': 0.11050477489768076, 'nmi': 0.018659477518587816, 'ari': 8.970456781317798e-05}
Epoch: 16, time: 15.976929426193237
第16Epoch的精度为：{'acc': 0.11186903137789904, 'pur': 0.11323328785811733, 'nmi': 0.025057543124571795, 'ari': 0.00027526515138826424}
Epoch: 17, time: 15.958096504211426
第17Epoch的精度为：{'acc': 0.11186903137789904, 'pur': 0.11414279217826284, 'nmi': 0.02378631079806268, 'ari': 0.00026479702720849587}
Epoch: 18, time: 16.348759651184082
第18Epoch的精度为：{'acc': 0.11095952705775353, 'pur': 0.11550704865848113, 'nmi': 0.023173553891278946, 'ari': 0.0002795289341732913}
Epoch: 19, time: 16.21673274040222
第19Epoch的精度为：{'acc': 0.1123237835379718, 'pur': 0.11641655297862664, 'nmi': 0.025061563813867153, 'ari': 0.0003777746032504329}
Epoch: 20, time: 16.266298055648804
第20Epoch的精度为：{'acc': 0.11050477489768076, 'pur': 0.11141427921782629, 'nmi': 0.021516135662185645, 'ari': 0.00019447982329004275}
Epoch: 21, time: 15.813391208648682
第21Epoch的精度为：{'acc': 0.11414279217826284, 'pur': 0.11641655297862664, 'nmi': 0.029148559576431216, 'ari': 0.00040432816089364093}
Epoch: 22, time: 15.846076965332031
第22Epoch的精度为：{'acc': 0.1077762619372442, 'pur': 0.10959527057753524, 'nmi': 0.017659696932150547, 'ari': 0.00010530392751043093}
Epoch: 23, time: 16.180074453353882
第23Epoch的精度为：{'acc': 0.1077762619372442, 'pur': 0.11186903137789904, 'nmi': 0.02284565441582692, 'ari': 0.0001528981329735327}
Epoch: 24, time: 15.452497005462646
第24Epoch的精度为：{'acc': 0.11050477489768076, 'pur': 0.11277853569804457, 'nmi': 0.026143562764567127, 'ari': 0.0003390358551042569}
Epoch: 25, time: 18.6727557182312
第25Epoch的精度为：{'acc': 0.10868576625738972, 'pur': 0.11050477489768076, 'nmi': 0.021696383699023686, 'ari': 0.00022296629102590423}
Epoch: 26, time: 15.837650775909424
第26Epoch的精度为：{'acc': 0.10914051841746249, 'pur': 0.11186903137789904, 'nmi': 0.02014675822265159, 'ari': 0.00015647695416824584}
Epoch: 27, time: 16.649908542633057
第27Epoch的精度为：{'acc': 0.11414279217826284, 'pur': 0.11641655297862664, 'nmi': 0.026584092186740124, 'ari': 0.0004376144480014374}
Epoch: 28, time: 16.239228010177612
第28Epoch的精度为：{'acc': 0.10959527057753524, 'pur': 0.11368804001819009, 'nmi': 0.023113763239799127, 'ari': 0.00022027829646908964}
Epoch: 29, time: 15.881034135818481
第29Epoch的精度为：{'acc': 0.1123237835379718, 'pur': 0.11596180081855388, 'nmi': 0.02656747652563245, 'ari': 0.00044143949134793186}
Epoch: 30, time: 15.940228939056396
第30Epoch的精度为：{'acc': 0.12050932241928149, 'pur': 0.12278308321964529, 'nmi': 0.033190559012826845, 'ari': 0.0010694150625085493}
最终精度为：{'acc': 0.12050932241928149, 'pur': 0.12278308321964529, 'nmi': 0.03318476974327613, 'ari': 0.0010701705307429512}
==================================================
 
 
StandWalkJump
/home/lanping/miniconda3/envs/ts/lib/python3.9/site-packages/torch/nn/_reduction.py:42: UserWarning: size_average and reduce args will be deprecated, please use reduction='mean' instead.
  warnings.warn(warning.format(ret))
Epoch: 1, time: 0.2062549591064453
第1Epoch的精度为：{'acc': 0.4666666666666667, 'pur': 0.4666666666666667, 'nmi': 0.22198054803148679, 'ari': -0.010498687664041995}
Epoch: 2, time: 0.2339763641357422
第2Epoch的精度为：{'acc': 0.5333333333333333, 'pur': 0.5333333333333333, 'nmi': 0.2504523464298886, 'ari': 0.0}
Epoch: 3, time: 0.2250230312347412
第3Epoch的精度为：{'acc': 0.5333333333333333, 'pur': 0.5333333333333333, 'nmi': 0.2504523464298886, 'ari': 0.0}
Epoch: 4, time: 0.22487521171569824
第4Epoch的精度为：{'acc': 0.5333333333333333, 'pur': 0.5333333333333333, 'nmi': 0.2872336107436027, 'ari': 0.03669724770642202}
Epoch: 5, time: 0.22714567184448242
第5Epoch的精度为：{'acc': 0.5333333333333333, 'pur': 0.5333333333333333, 'nmi': 0.2872336107436027, 'ari': 0.03669724770642202}
Epoch: 6, time: 0.2206113338470459
第6Epoch的精度为：{'acc': 0.6, 'pur': 0.6, 'nmi': 0.3455385846681185, 'ari': 0.19141914191419143}
Epoch: 7, time: 0.24756455421447754
第7Epoch的精度为：{'acc': 0.4666666666666667, 'pur': 0.4666666666666667, 'nmi': 0.22198054803148679, 'ari': -0.010498687664041995}
Epoch: 8, time: 0.2310473918914795
第8Epoch的精度为：{'acc': 0.4666666666666667, 'pur': 0.4666666666666667, 'nmi': 0.22198054803148679, 'ari': -0.010498687664041995}
Epoch: 9, time: 0.24942517280578613
第9Epoch的精度为：{'acc': 0.4666666666666667, 'pur': 0.4666666666666667, 'nmi': 0.22198054803148679, 'ari': -0.010498687664041995}
Epoch: 10, time: 0.2276933193206787
第10Epoch的精度为：{'acc': 0.4666666666666667, 'pur': 0.4666666666666667, 'nmi': 0.22198054803148679, 'ari': -0.010498687664041995}
Epoch: 11, time: 0.19899249076843262
第11Epoch的精度为：{'acc': 0.4666666666666667, 'pur': 0.4666666666666667, 'nmi': 0.22198054803148679, 'ari': -0.010498687664041995}
Epoch: 12, time: 0.21373796463012695
第12Epoch的精度为：{'acc': 0.4666666666666667, 'pur': 0.4666666666666667, 'nmi': 0.22198054803148679, 'ari': -0.010498687664041995}
Epoch: 13, time: 0.2229471206665039
第13Epoch的精度为：{'acc': 0.5333333333333333, 'pur': 0.5333333333333333, 'nmi': 0.2504523464298886, 'ari': 0.0}
Epoch: 14, time: 0.22511577606201172
第14Epoch的精度为：{'acc': 0.5333333333333333, 'pur': 0.5333333333333333, 'nmi': 0.2504523464298886, 'ari': 0.0}
Epoch: 15, time: 0.23578405380249023
第15Epoch的精度为：{'acc': 0.5333333333333333, 'pur': 0.5333333333333333, 'nmi': 0.2504523464298886, 'ari': 0.0}
Epoch: 16, time: 0.24163317680358887
第16Epoch的精度为：{'acc': 0.6666666666666666, 'pur': 0.6666666666666666, 'nmi': 0.4771937359485463, 'ari': 0.343042071197411}
Epoch: 17, time: 0.21996831893920898
第17Epoch的精度为：{'acc': 0.5333333333333333, 'pur': 0.5333333333333333, 'nmi': 0.2504523464298886, 'ari': 0.0}
Epoch: 18, time: 0.2416248321533203
第18Epoch的精度为：{'acc': 0.5333333333333333, 'pur': 0.5333333333333333, 'nmi': 0.2504523464298886, 'ari': 0.0}
Epoch: 19, time: 0.22334790229797363
UWaveGestureLibrary
/home/lanping/miniconda3/envs/ts/lib/python3.9/site-packages/torch/nn/_reduction.py:42: UserWarning: size_average and reduce args will be deprecated, please use reduction='mean' instead.
  warnings.warn(warning.format(ret))
Epoch: 1, time: 0.7609753608703613
第1Epoch的精度为：{'acc': 0.265625, 'pur': 0.29375, 'nmi': 0.13513446471982177, 'ari': 0.053364414092547253}
Epoch: 2, time: 0.8988001346588135
第2Epoch的精度为：{'acc': 0.3, 'pur': 0.309375, 'nmi': 0.16184449124445777, 'ari': 0.07501300472284511}
Epoch: 3, time: 0.7578277587890625
第3Epoch的精度为：{'acc': 0.328125, 'pur': 0.3375, 'nmi': 0.17528136373001352, 'ari': 0.07565872177804596}
Epoch: 4, time: 0.7665712833404541
第4Epoch的精度为：{'acc': 0.296875, 'pur': 0.321875, 'nmi': 0.19671226360377542, 'ari': 0.07181787145845284}
Epoch: 5, time: 0.9710519313812256
第5Epoch的精度为：{'acc': 0.309375, 'pur': 0.31875, 'nmi': 0.15744355988478662, 'ari': 0.06181910998126579}
Epoch: 6, time: 0.5842247009277344
第6Epoch的精度为：{'acc': 0.31875, 'pur': 0.328125, 'nmi': 0.17930928306580798, 'ari': 0.07453997431911874}
Epoch: 7, time: 0.8848261833190918
第7Epoch的精度为：{'acc': 0.275, 'pur': 0.2875, 'nmi': 0.16815848713011589, 'ari': 0.06789141476164591}
Epoch: 8, time: 0.733043909072876
第8Epoch的精度为：{'acc': 0.309375, 'pur': 0.334375, 'nmi': 0.17521683385444148, 'ari': 0.08054181413783225}
Epoch: 9, time: 0.8602900505065918
第9Epoch的精度为：{'acc': 0.253125, 'pur': 0.265625, 'nmi': 0.10592007064169248, 'ari': 0.03289057558507274}
Epoch: 10, time: 0.8509888648986816
第10Epoch的精度为：{'acc': 0.25625, 'pur': 0.26875, 'nmi': 0.09619004357601017, 'ari': 0.03200543786755096}
Epoch: 11, time: 0.8279039859771729
第11Epoch的精度为：{'acc': 0.240625, 'pur': 0.259375, 'nmi': 0.0930605661852752, 'ari': 0.026035023665455688}
Epoch: 12, time: 0.913407564163208
第12Epoch的精度为：{'acc': 0.2375, 'pur': 0.25, 'nmi': 0.10116450808539745, 'ari': 0.025591541002212285}
Epoch: 13, time: 0.7112762928009033
第13Epoch的精度为：{'acc': 0.25, 'pur': 0.25625, 'nmi': 0.10890817596145289, 'ari': 0.03135045539997617}
Epoch: 14, time: 0.9441049098968506
第14Epoch的精度为：{'acc': 0.259375, 'pur': 0.2625, 'nmi': 0.11307159282377369, 'ari': 0.035080631854825406}
Epoch: 15, time: 0.7188770771026611
第15Epoch的精度为：{'acc': 0.26875, 'pur': 0.28125, 'nmi': 0.11210335274053274, 'ari': 0.03285317408035625}
Epoch: 16, time: 0.8230350017547607
第16Epoch的精度为：{'acc': 0.28125, 'pur': 0.2875, 'nmi': 0.14659953709281248, 'ari': 0.05058476721963394}
Epoch: 17, time: 0.7982945442199707
第17Epoch的精度为：{'acc': 0.278125, 'pur': 0.28125, 'nmi': 0.17582710898019308, 'ari': 0.06316742764423984}
Epoch: 18, time: 0.772935152053833
第18Epoch的精度为：{'acc': 0.246875, 'pur': 0.2625, 'nmi': 0.12821044323487976, 'ari': 0.03720291319045061}
Epoch: 19, time: 0.7211527824401855
第19Epoch的精度为：{'acc': 0.30625, 'pur': 0.30625, 'nmi': 0.1753740303861603, 'ari': 0.0764189779915531}
Epoch: 20, time: 0.7448465824127197
第20Epoch的精度为：{'acc': 0.30625, 'pur': 0.321875, 'nmi': 0.1873931577273935, 'ari': 0.08105072159955036}
Epoch: 21, time: 0.7326784133911133
第21Epoch的精度为：{'acc': 0.271875, 'pur': 0.290625, 'nmi': 0.1580729152250087, 'ari': 0.05879615990784202}
Epoch: 22, time: 0.8237264156341553
第22Epoch的精度为：{'acc': 0.29375, 'pur': 0.303125, 'nmi': 0.16304555879464872, 'ari': 0.06886913573537765}
Epoch: 23, time: 0.8627541065216064
第23Epoch的精度为：{'acc': 0.271875, 'pur': 0.290625, 'nmi': 0.15730537422129234, 'ari': 0.06092780381210895}
Epoch: 24, time: 0.7066998481750488
第24Epoch的精度为：{'acc': 0.2875, 'pur': 0.3, 'nmi': 0.15529259308846602, 'ari': 0.05703998303612175}
Epoch: 25, time: 0.8891494274139404
第25Epoch的精度为：{'acc': 0.284375, 'pur': 0.29375, 'nmi': 0.1476147238354353, 'ari': 0.052397607652112106}
Epoch: 26, time: 0.8160905838012695
第26Epoch的精度为：{'acc': 0.275, 'pur': 0.284375, 'nmi': 0.15516586433194257, 'ari': 0.06324616559879208}
Epoch: 27, time: 0.9591150283813477
第27Epoch的精度为：{'acc': 0.265625, 'pur': 0.271875, 'nmi': 0.1461313816416317, 'ari': 0.06415529975621068}
Epoch: 28, time: 0.7680814266204834
第28Epoch的精度为：{'acc': 0.259375, 'pur': 0.26875, 'nmi': 0.116448061541335, 'ari': 0.041455890500869945}
Epoch: 29, time: 0.8678116798400879
第29Epoch的精度为：{'acc': 0.246875, 'pur': 0.265625, 'nmi': 0.14810456527994886, 'ari': 0.051116528072914565}
Epoch: 30, time: 0.9117579460144043
第30Epoch的精度为：{'acc': 0.265625, 'pur': 0.29375, 'nmi': 0.15484371885098702, 'ari': 0.05648050960451266}
最终精度为：{'acc': 0.265625, 'pur': 0.290625, 'nmi': 0.1630653221999334, 'ari': 0.057640238226249495}
==================================================
 
 
