nohup: ignoring input
AtrialFibrillation
Epoch: 1, time: 9.57030463218689
第1Epoch的精度为：{'acc': 0.4, 'pur': 0.4, 'nmi': 0.08697125015190449, 'ari': -0.057291666666666664}
Epoch: 2, time: 8.33517837524414
第2Epoch的精度为：{'acc': 0.4, 'pur': 0.4666666666666667, 'nmi': 0.21258643271272062, 'ari': 0.02252252252252252}
Epoch: 3, time: 8.337159633636475
第3Epoch的精度为：{'acc': 0.4, 'pur': 0.4666666666666667, 'nmi': 0.21258643271272062, 'ari': 0.02252252252252252}
Epoch: 4, time: 7.895859003067017
第4Epoch的精度为：{'acc': 0.4, 'pur': 0.4666666666666667, 'nmi': 0.21258643271272062, 'ari': 0.02252252252252252}
Epoch: 5, time: 8.008419275283813
第5Epoch的精度为：{'acc': 0.4, 'pur': 0.4666666666666667, 'nmi': 0.21258643271272062, 'ari': 0.02252252252252252}
Epoch: 6, time: 9.721704244613647
第6Epoch的精度为：{'acc': 0.4, 'pur': 0.4666666666666667, 'nmi': 0.21258643271272062, 'ari': 0.02252252252252252}
Epoch: 7, time: 7.952776670455933
第7Epoch的精度为：{'acc': 0.4, 'pur': 0.4666666666666667, 'nmi': 0.21258643271272062, 'ari': 0.02252252252252252}
Epoch: 8, time: 10.08909797668457
第8Epoch的精度为：{'acc': 0.4, 'pur': 0.4666666666666667, 'nmi': 0.21258643271272062, 'ari': 0.02252252252252252}
Epoch: 9, time: 7.880091190338135
第9Epoch的精度为：{'acc': 0.4, 'pur': 0.4666666666666667, 'nmi': 0.21258643271272062, 'ari': 0.02252252252252252}
Epoch: 10, time: 7.784249305725098
第10Epoch的精度为：{'acc': 0.4, 'pur': 0.4666666666666667, 'nmi': 0.21258643271272062, 'ari': 0.02252252252252252}
Epoch: 11, time: 7.902082204818726
第11Epoch的精度为：{'acc': 0.4, 'pur': 0.4666666666666667, 'nmi': 0.21258643271272062, 'ari': 0.02252252252252252}
Epoch: 12, time: 9.157320261001587
第12Epoch的精度为：{'acc': 0.4, 'pur': 0.4666666666666667, 'nmi': 0.21258643271272062, 'ari': 0.02252252252252252}
Epoch: 13, time: 7.90984845161438
第13Epoch的精度为：{'acc': 0.4, 'pur': 0.4666666666666667, 'nmi': 0.21258643271272062, 'ari': 0.02252252252252252}
Epoch: 14, time: 7.74062180519104
第14Epoch的精度为：{'acc': 0.4, 'pur': 0.4666666666666667, 'nmi': 0.21258643271272062, 'ari': 0.02252252252252252}
Epoch: 15, time: 10.256358861923218
第15Epoch的精度为：{'acc': 0.4, 'pur': 0.4666666666666667, 'nmi': 0.21258643271272062, 'ari': 0.02252252252252252}
Epoch: 16, time: 8.060580730438232
第16Epoch的精度为：{'acc': 0.4, 'pur': 0.4666666666666667, 'nmi': 0.21258643271272062, 'ari': 0.02252252252252252}
Epoch: 17, time: 7.858271837234497
第17Epoch的精度为：{'acc': 0.4, 'pur': 0.4666666666666667, 'nmi': 0.21258643271272062, 'ari': 0.02252252252252252}
Epoch: 18, time: 8.052073001861572
第18Epoch的精度为：{'acc': 0.4, 'pur': 0.4666666666666667, 'nmi': 0.21258643271272062, 'ari': 0.02252252252252252}
Epoch: 19, time: 10.149430513381958
第19Epoch的精度为：{'acc': 0.4, 'pur': 0.4666666666666667, 'nmi': 0.21258643271272062, 'ari': 0.02252252252252252}
Epoch: 20, time: 7.883105516433716
第20Epoch的精度为：{'acc': 0.4, 'pur': 0.4666666666666667, 'nmi': 0.21258643271272062, 'ari': 0.02252252252252252}
Epoch: 21, time: 7.800143480300903
第21Epoch的精度为：{'acc': 0.4, 'pur': 0.4666666666666667, 'nmi': 0.21258643271272062, 'ari': 0.02252252252252252}
Epoch: 22, time: 10.085666418075562
第22Epoch的精度为：{'acc': 0.4, 'pur': 0.4666666666666667, 'nmi': 0.21258643271272062, 'ari': 0.02252252252252252}
Epoch: 23, time: 7.8989338874816895
第23Epoch的精度为：{'acc': 0.4, 'pur': 0.4666666666666667, 'nmi': 0.21258643271272062, 'ari': 0.02252252252252252}
Epoch: 24, time: 7.876337289810181
第24Epoch的精度为：{'acc': 0.4, 'pur': 0.4666666666666667, 'nmi': 0.21258643271272062, 'ari': 0.02252252252252252}
Epoch: 25, time: 9.130897998809814
第25Epoch的精度为：{'acc': 0.4, 'pur': 0.4666666666666667, 'nmi': 0.21258643271272062, 'ari': 0.02252252252252252}
Epoch: 26, time: 8.654380798339844
第26Epoch的精度为：{'acc': 0.4, 'pur': 0.4666666666666667, 'nmi': 0.21258643271272062, 'ari': 0.02252252252252252}
Epoch: 27, time: 7.828268051147461
第27Epoch的精度为：{'acc': 0.4, 'pur': 0.4666666666666667, 'nmi': 0.21258643271272062, 'ari': 0.02252252252252252}
Epoch: 28, time: 9.821232080459595
第28Epoch的精度为：{'acc': 0.4, 'pur': 0.4666666666666667, 'nmi': 0.21258643271272062, 'ari': 0.02252252252252252}
Epoch: 29, time: 9.035950183868408
第29Epoch的精度为：{'acc': 0.4, 'pur': 0.4666666666666667, 'nmi': 0.21258643271272062, 'ari': 0.02252252252252252}
Epoch: 30, time: 7.750118970870972
第30Epoch的精度为：{'acc': 0.4, 'pur': 0.4666666666666667, 'nmi': 0.21258643271272062, 'ari': 0.02252252252252252}
最终精度为：{'acc': 0.4, 'pur': 0.4666666666666667, 'nmi': 0.21258643271272062, 'ari': 0.02252252252252252}
==================================================
 
 
BasicMotions
Epoch: 1, time: 15.077008485794067
第1Epoch的精度为：{'acc': 0.675, 'pur': 0.725, 'nmi': 0.7519155093097744, 'ari': 0.5892135899263483}
Epoch: 2, time: 15.25594425201416
第2Epoch的精度为：{'acc': 0.675, 'pur': 0.725, 'nmi': 0.7519155093097744, 'ari': 0.5892135899263483}
Epoch: 3, time: 14.273473501205444
第3Epoch的精度为：{'acc': 0.7, 'pur': 0.75, 'nmi': 0.8151106242780366, 'ari': 0.6399235912129895}
Epoch: 4, time: 17.86852240562439
第4Epoch的精度为：{'acc': 0.675, 'pur': 0.725, 'nmi': 0.7519155093097744, 'ari': 0.5892135899263483}
Epoch: 5, time: 14.996043682098389
第5Epoch的精度为：{'acc': 0.7, 'pur': 0.75, 'nmi': 0.8151106242780366, 'ari': 0.6399235912129895}
Epoch: 6, time: 15.215856313705444
第6Epoch的精度为：{'acc': 0.7, 'pur': 0.75, 'nmi': 0.8151106242780366, 'ari': 0.6399235912129895}
Epoch: 7, time: 14.301632642745972
第7Epoch的精度为：{'acc': 0.7, 'pur': 0.75, 'nmi': 0.8151106242780366, 'ari': 0.6399235912129895}
Epoch: 8, time: 15.057672023773193
第8Epoch的精度为：{'acc': 0.7, 'pur': 0.75, 'nmi': 0.8151106242780366, 'ari': 0.6399235912129895}
Epoch: 9, time: 14.57750678062439
第9Epoch的精度为：{'acc': 0.65, 'pur': 0.7, 'nmi': 0.7155096148086243, 'ari': 0.5466540999057493}
Epoch: 10, time: 17.48669695854187
第10Epoch的精度为：{'acc': 0.7, 'pur': 0.75, 'nmi': 0.8151106242780366, 'ari': 0.6399235912129895}
Epoch: 11, time: 15.610802412033081
第11Epoch的精度为：{'acc': 0.7, 'pur': 0.75, 'nmi': 0.8151106242780366, 'ari': 0.6399235912129895}
Epoch: 12, time: 18.034647703170776
第12Epoch的精度为：{'acc': 0.65, 'pur': 0.7, 'nmi': 0.7155096148086243, 'ari': 0.5466540999057493}
Epoch: 13, time: 16.389899253845215
第13Epoch的精度为：{'acc': 0.675, 'pur': 0.725, 'nmi': 0.6923213887481, 'ari': 0.5405921680993314}
Epoch: 14, time: 15.096374273300171
第14Epoch的精度为：{'acc': 0.7, 'pur': 0.75, 'nmi': 0.8151106242780366, 'ari': 0.6399235912129895}
Epoch: 15, time: 15.200188159942627
第15Epoch的精度为：{'acc': 0.675, 'pur': 0.725, 'nmi': 0.7436475817745204, 'ari': 0.5655526992287918}
Epoch: 16, time: 16.84893488883972
第16Epoch的精度为：{'acc': 0.7, 'pur': 0.75, 'nmi': 0.8151106242780366, 'ari': 0.6399235912129895}
Epoch: 17, time: 15.342170476913452
第17Epoch的精度为：{'acc': 0.625, 'pur': 0.675, 'nmi': 0.6640766208309368, 'ari': 0.44858982900288696}
Epoch: 18, time: 15.10417103767395
第18Epoch的精度为：{'acc': 0.65, 'pur': 0.7, 'nmi': 0.698845686430141, 'ari': 0.5018248175182481}
Epoch: 19, time: 18.932064056396484
第19Epoch的精度为：{'acc': 0.7, 'pur': 0.75, 'nmi': 0.8151106242780366, 'ari': 0.6399235912129895}
Epoch: 20, time: 16.04059076309204
第20Epoch的精度为：{'acc': 0.7, 'pur': 0.75, 'nmi': 0.8151106242780366, 'ari': 0.6399235912129895}
Epoch: 21, time: 16.030916213989258
第21Epoch的精度为：{'acc': 0.7, 'pur': 0.75, 'nmi': 0.8151106242780366, 'ari': 0.6399235912129895}
Epoch: 22, time: 15.392717838287354
第22Epoch的精度为：{'acc': 0.675, 'pur': 0.725, 'nmi': 0.7436475817745204, 'ari': 0.5655526992287918}
Epoch: 23, time: 15.384377002716064
第23Epoch的精度为：{'acc': 0.7, 'pur': 0.75, 'nmi': 0.8151106242780366, 'ari': 0.6399235912129895}
Epoch: 24, time: 15.301936388015747
第24Epoch的精度为：{'acc': 0.7, 'pur': 0.75, 'nmi': 0.8151106242780366, 'ari': 0.6399235912129895}
Epoch: 25, time: 15.277093172073364
第25Epoch的精度为：{'acc': 0.625, 'pur': 0.675, 'nmi': 0.5896999183999345, 'ari': 0.4416066867889482}
Epoch: 26, time: 16.267204999923706
第26Epoch的精度为：{'acc': 0.675, 'pur': 0.725, 'nmi': 0.6923213887480998, 'ari': 0.5405921680993314}
Epoch: 27, time: 15.365111112594604
第27Epoch的精度为：{'acc': 0.7, 'pur': 0.75, 'nmi': 0.8151106242780366, 'ari': 0.6399235912129895}
Epoch: 28, time: 18.883065462112427
第28Epoch的精度为：{'acc': 0.7, 'pur': 0.75, 'nmi': 0.8151106242780366, 'ari': 0.6399235912129895}
Epoch: 29, time: 18.71284317970276
第29Epoch的精度为：{'acc': 0.7, 'pur': 0.75, 'nmi': 0.7614803883812942, 'ari': 0.6110435417173438}
Epoch: 30, time: 15.13161563873291
第30Epoch的精度为：{'acc': 0.7, 'pur': 0.75, 'nmi': 0.8151106242780366, 'ari': 0.6399235912129895}
最终精度为：{'acc': 0.675, 'pur': 0.725, 'nmi': 0.7519155093097744, 'ari': 0.5892135899263483}
==================================================
 
 
CharacterTrajectories
Epoch: 1, time: 830.6767585277557
第1Epoch的精度为：{'acc': 0.7472144846796658, 'pur': 0.7792479108635098, 'nmi': 0.7975780189248891, 'ari': 0.6605458668899516}
Epoch: 2, time: 793.5833294391632
第2Epoch的精度为：{'acc': 0.7221448467966574, 'pur': 0.7590529247910863, 'nmi': 0.7832785382178011, 'ari': 0.6331862210677891}
Epoch: 3, time: 800.8436880111694
第3Epoch的精度为：{'acc': 0.6838440111420613, 'pur': 0.7270194986072424, 'nmi': 0.762685430409875, 'ari': 0.579850226763249}
Epoch: 4, time: 814.8885939121246
第4Epoch的精度为：{'acc': 0.6789693593314763, 'pur': 0.7123955431754875, 'nmi': 0.7436127239721043, 'ari': 0.5732460419884993}
Epoch: 5, time: 836.0443983078003
第5Epoch的精度为：{'acc': 0.692200557103064, 'pur': 0.7277158774373259, 'nmi': 0.7481820543868903, 'ari': 0.5853715684317949}
Epoch: 6, time: 806.5012502670288
第6Epoch的精度为：{'acc': 0.6608635097493036, 'pur': 0.7075208913649025, 'nmi': 0.7444733552060488, 'ari': 0.5592057507828042}
Epoch: 7, time: 803.0391972064972
第7Epoch的精度为：{'acc': 0.6942896935933147, 'pur': 0.7479108635097493, 'nmi': 0.7586809688438778, 'ari': 0.5960333471361016}
Epoch: 8, time: 864.0714437961578
第8Epoch的精度为：{'acc': 0.713091922005571, 'pur': 0.7555710306406686, 'nmi': 0.7685875539901581, 'ari': 0.6115006782398351}
Epoch: 9, time: 784.2152388095856
第9Epoch的精度为：{'acc': 0.7068245125348189, 'pur': 0.7458217270194986, 'nmi': 0.7663897906751639, 'ari': 0.605963216721745}
Epoch: 10, time: 821.4965057373047
第10Epoch的精度为：{'acc': 0.6768802228412256, 'pur': 0.7311977715877437, 'nmi': 0.7565156352710025, 'ari': 0.5891585020848216}
Epoch: 11, time: 842.0311064720154
第11Epoch的精度为：{'acc': 0.7562674094707521, 'pur': 0.7938718662952646, 'nmi': 0.7984029750844949, 'ari': 0.6623138778628757}
Epoch: 12, time: 799.6602413654327
第12Epoch的精度为：{'acc': 0.6928969359331476, 'pur': 0.75, 'nmi': 0.7653961839159675, 'ari': 0.6087843348507471}
Epoch: 13, time: 794.8521695137024
第13Epoch的精度为：{'acc': 0.7228412256267409, 'pur': 0.7785515320334262, 'nmi': 0.7902414814885235, 'ari': 0.6339582981898294}
Epoch: 14, time: 845.1611785888672
第14Epoch的精度为：{'acc': 0.7005571030640668, 'pur': 0.754874651810585, 'nmi': 0.7833476685850189, 'ari': 0.6107026388170114}
Epoch: 15, time: 879.828587770462
第15Epoch的精度为：{'acc': 0.7158774373259053, 'pur': 0.7667130919220055, 'nmi': 0.7764811767000396, 'ari': 0.633772538722276}
Epoch: 16, time: 816.2784295082092
第16Epoch的精度为：{'acc': 0.7604456824512534, 'pur': 0.7896935933147632, 'nmi': 0.8109211920399804, 'ari': 0.6757604966675089}
Epoch: 17, time: 809.1813657283783
第17Epoch的精度为：{'acc': 0.7437325905292479, 'pur': 0.7924791086350975, 'nmi': 0.8199408544610994, 'ari': 0.6786400233714659}
Epoch: 18, time: 827.2353718280792
第18Epoch的精度为：{'acc': 0.7423398328690808, 'pur': 0.7701949860724234, 'nmi': 0.7991856176995296, 'ari': 0.6460794996679955}
Epoch: 19, time: 868.8191649913788
第19Epoch的精度为：{'acc': 0.7729805013927576, 'pur': 0.7987465181058496, 'nmi': 0.8088376311505056, 'ari': 0.681245069542753}
Epoch: 20, time: 813.1234502792358
第20Epoch的精度为：{'acc': 0.7033426183844012, 'pur': 0.7583565459610028, 'nmi': 0.7807367385047547, 'ari': 0.6233701360963059}
Epoch: 21, time: 794.9500892162323
第21Epoch的精度为：{'acc': 0.7061281337047354, 'pur': 0.7381615598885793, 'nmi': 0.7835413725514514, 'ari': 0.6068940358947262}
Epoch: 22, time: 788.197359085083
第22Epoch的精度为：{'acc': 0.7458217270194986, 'pur': 0.7931754874651811, 'nmi': 0.8064600439317341, 'ari': 0.6555257258389254}
Epoch: 23, time: 823.7838599681854
第23Epoch的精度为：{'acc': 0.729108635097493, 'pur': 0.7862116991643454, 'nmi': 0.8124870034375227, 'ari': 0.6668939508682818}
Epoch: 24, time: 798.8285927772522
第24Epoch的精度为：{'acc': 0.7346796657381616, 'pur': 0.7938718662952646, 'nmi': 0.8141673003309887, 'ari': 0.6662480389405038}
Epoch: 25, time: 786.7480564117432
第25Epoch的精度为：{'acc': 0.7618384401114207, 'pur': 0.7841225626740947, 'nmi': 0.7985351645801348, 'ari': 0.6534579621260638}
Epoch: 26, time: 771.2557032108307
第26Epoch的精度为：{'acc': 0.6852367688022284, 'pur': 0.7367688022284122, 'nmi': 0.7830852197837004, 'ari': 0.6001972304933949}
Epoch: 27, time: 820.8433132171631
第27Epoch的精度为：{'acc': 0.7228412256267409, 'pur': 0.7625348189415042, 'nmi': 0.7892581132739823, 'ari': 0.627068139772702}
Epoch: 28, time: 878.8997192382812
第28Epoch的精度为：{'acc': 0.7430362116991643, 'pur': 0.7688022284122563, 'nmi': 0.7826683213546772, 'ari': 0.6402099702810004}
Epoch: 29, time: 808.5399172306061
第29Epoch的精度为：{'acc': 0.7534818941504178, 'pur': 0.7841225626740947, 'nmi': 0.8077916923349017, 'ari': 0.6686479210888345}
Epoch: 30, time: 851.2140321731567
第30Epoch的精度为：{'acc': 0.7165738161559888, 'pur': 0.75, 'nmi': 0.7858654291521405, 'ari': 0.6199017499728953}
最终精度为：{'acc': 0.6901114206128134, 'pur': 0.7486072423398329, 'nmi': 0.7726334625323178, 'ari': 0.6048159221366339}
==================================================
 
 
Cricket
Epoch: 1, time: 112.32516384124756
第1Epoch的精度为：{'acc': 0.7083333333333334, 'pur': 0.75, 'nmi': 0.8332483986538743, 'ari': 0.6015881418740074}
Epoch: 2, time: 111.4651038646698
第2Epoch的精度为：{'acc': 0.7916666666666666, 'pur': 0.8055555555555556, 'nmi': 0.8513043907469133, 'ari': 0.6563807721698628}
Epoch: 3, time: 113.02507948875427
第3Epoch的精度为：{'acc': 0.7777777777777778, 'pur': 0.7916666666666666, 'nmi': 0.8624197305679204, 'ari': 0.6537325121925172}
Epoch: 4, time: 111.3822557926178
第4Epoch的精度为：{'acc': 0.7777777777777778, 'pur': 0.7916666666666666, 'nmi': 0.8630000100523927, 'ari': 0.6692704600831303}
Epoch: 5, time: 113.46193599700928
第5Epoch的精度为：{'acc': 0.75, 'pur': 0.7777777777777778, 'nmi': 0.841427527749281, 'ari': 0.6320449147052473}
Epoch: 6, time: 160.09808468818665
第6Epoch的精度为：{'acc': 0.6805555555555556, 'pur': 0.7222222222222222, 'nmi': 0.8000563704385731, 'ari': 0.5451368666278392}
Epoch: 7, time: 160.33762168884277
第7Epoch的精度为：{'acc': 0.7777777777777778, 'pur': 0.7916666666666666, 'nmi': 0.8488088335321243, 'ari': 0.6489178730113229}
Epoch: 8, time: 110.70529794692993
第8Epoch的精度为：{'acc': 0.6805555555555556, 'pur': 0.7222222222222222, 'nmi': 0.8072961943216835, 'ari': 0.5434695244474212}
Epoch: 9, time: 156.6384356021881
第9Epoch的精度为：{'acc': 0.6944444444444444, 'pur': 0.7222222222222222, 'nmi': 0.8112577889012945, 'ari': 0.5616271007362895}
Epoch: 10, time: 160.37910795211792
第10Epoch的精度为：{'acc': 0.7222222222222222, 'pur': 0.7638888888888888, 'nmi': 0.8200898520747425, 'ari': 0.5844076561209466}
Epoch: 11, time: 147.96329998970032
第11Epoch的精度为：{'acc': 0.7777777777777778, 'pur': 0.7916666666666666, 'nmi': 0.8630000100523932, 'ari': 0.6692704600831303}
Epoch: 12, time: 118.14600396156311
第12Epoch的精度为：{'acc': 0.7222222222222222, 'pur': 0.75, 'nmi': 0.8258002886879057, 'ari': 0.5904971161768745}
Epoch: 13, time: 110.76994442939758
第13Epoch的精度为：{'acc': 0.7083333333333334, 'pur': 0.7361111111111112, 'nmi': 0.8138007770267176, 'ari': 0.5684764991896273}
Epoch: 14, time: 110.94283556938171
第14Epoch的精度为：{'acc': 0.75, 'pur': 0.7916666666666666, 'nmi': 0.8790323019097304, 'ari': 0.685907955761684}
Epoch: 15, time: 133.51340341567993
第15Epoch的精度为：{'acc': 0.8055555555555556, 'pur': 0.8194444444444444, 'nmi': 0.8792088735872312, 'ari': 0.7002239600543378}
Epoch: 16, time: 110.06376099586487
第16Epoch的精度为：{'acc': 0.7777777777777778, 'pur': 0.8055555555555556, 'nmi': 0.8529768274155755, 'ari': 0.6520124758651419}
Epoch: 17, time: 123.3152129650116
第17Epoch的精度为：{'acc': 0.7083333333333334, 'pur': 0.75, 'nmi': 0.8127763789178628, 'ari': 0.5845879414912594}
Epoch: 18, time: 111.95124411582947
第18Epoch的精度为：{'acc': 0.8055555555555556, 'pur': 0.8194444444444444, 'nmi': 0.87292898898552, 'ari': 0.7002239600543378}
Epoch: 19, time: 158.03228545188904
第19Epoch的精度为：{'acc': 0.8055555555555556, 'pur': 0.8194444444444444, 'nmi': 0.8876212355414832, 'ari': 0.7203501094091904}
Epoch: 20, time: 112.80611491203308
第20Epoch的精度为：{'acc': 0.7777777777777778, 'pur': 0.7916666666666666, 'nmi': 0.8556447482382689, 'ari': 0.6659963371278773}
Epoch: 21, time: 116.40288472175598
第21Epoch的精度为：{'acc': 0.7361111111111112, 'pur': 0.7777777777777778, 'nmi': 0.8635555501168836, 'ari': 0.6614068307735466}
Epoch: 22, time: 110.89010238647461
第22Epoch的精度为：{'acc': 0.8055555555555556, 'pur': 0.8194444444444444, 'nmi': 0.8649323712568818, 'ari': 0.6770495979040064}
Epoch: 23, time: 159.45221495628357
第23Epoch的精度为：{'acc': 0.8611111111111112, 'pur': 0.8611111111111112, 'nmi': 0.8973666882000328, 'ari': 0.7518425651546236}
Epoch: 24, time: 160.38860774040222
第24Epoch的精度为：{'acc': 0.8055555555555556, 'pur': 0.8194444444444444, 'nmi': 0.8780180543472021, 'ari': 0.7047378583098173}
Epoch: 25, time: 109.48223638534546
第25Epoch的精度为：{'acc': 0.8472222222222222, 'pur': 0.8611111111111112, 'nmi': 0.8986298463493306, 'ari': 0.7518425651546236}
Epoch: 26, time: 111.01468253135681
第26Epoch的精度为：{'acc': 0.8194444444444444, 'pur': 0.8333333333333334, 'nmi': 0.8665682676919039, 'ari': 0.6947549441100602}
Epoch: 27, time: 130.63277888298035
第27Epoch的精度为：{'acc': 0.8194444444444444, 'pur': 0.8333333333333334, 'nmi': 0.8704667689219987, 'ari': 0.71210658428268}
Epoch: 28, time: 118.23794507980347
第28Epoch的精度为：{'acc': 0.7222222222222222, 'pur': 0.75, 'nmi': 0.8426210200999217, 'ari': 0.6196990890791853}
Epoch: 29, time: 160.50030088424683
第29Epoch的精度为：{'acc': 0.7777777777777778, 'pur': 0.7916666666666666, 'nmi': 0.8458303610094692, 'ari': 0.6389179440937782}
Epoch: 30, time: 109.45326924324036
第30Epoch的精度为：{'acc': 0.7361111111111112, 'pur': 0.7777777777777778, 'nmi': 0.88830945422659, 'ari': 0.6863033873343152}
最终精度为：{'acc': 0.8055555555555556, 'pur': 0.8333333333333334, 'nmi': 0.8802863645468096, 'ari': 0.7189145558673176}
==================================================
 
 
DuckDuckGeese
Epoch: 1, time: 1191.530541419983
第1Epoch的精度为：{'acc': 0.26, 'pur': 0.3, 'nmi': 0.14123424190497844, 'ari': 0.005101520253035404}
Epoch: 2, time: 1197.072261095047
第2Epoch的精度为：{'acc': 0.26, 'pur': 0.3, 'nmi': 0.14123424190497844, 'ari': 0.005101520253035404}
Epoch: 3, time: 1204.4991183280945
第3Epoch的精度为：{'acc': 0.24, 'pur': 0.28, 'nmi': 0.12030427850511238, 'ari': 5.259559248934939e-05}
Epoch: 4, time: 1818.9881899356842
第4Epoch的精度为：{'acc': 0.34, 'pur': 0.36, 'nmi': 0.16075552291986467, 'ari': 0.021535486882021535}
Epoch: 5, time: 1770.881754875183
第5Epoch的精度为：{'acc': 0.32, 'pur': 0.34, 'nmi': 0.1458342744286453, 'ari': 0.006327311841564111}
Epoch: 6, time: 1634.616301059723
第6Epoch的精度为：{'acc': 0.3, 'pur': 0.32, 'nmi': 0.15739661374274858, 'ari': 0.0049298338982101345}
Epoch: 7, time: 1358.2657043933868
第7Epoch的精度为：{'acc': 0.24, 'pur': 0.28, 'nmi': 0.12030427850511238, 'ari': 5.259559248934939e-05}
Epoch: 8, time: 2077.705253601074
第8Epoch的精度为：{'acc': 0.3, 'pur': 0.32, 'nmi': 0.12477727248758037, 'ari': -0.00216714072870107}
Epoch: 9, time: 1211.8804585933685
第9Epoch的精度为：{'acc': 0.32, 'pur': 0.34, 'nmi': 0.1916994919639125, 'ari': 0.02742083524552547}
Epoch: 10, time: 1482.873689174652
第10Epoch的精度为：{'acc': 0.26, 'pur': 0.28, 'nmi': 0.13900274654490682, 'ari': 0.0014762871378483115}
Epoch: 11, time: 1974.9045865535736
第11Epoch的精度为：{'acc': 0.3, 'pur': 0.32, 'nmi': 0.12408365771201295, 'ari': 0.00037778617302606723}
Epoch: 12, time: 1376.019151687622
第12Epoch的精度为：{'acc': 0.3, 'pur': 0.32, 'nmi': 0.12334184122981265, 'ari': 0.00762673844773441}
Epoch: 13, time: 1276.7283873558044
第13Epoch的精度为：{'acc': 0.3, 'pur': 0.32, 'nmi': 0.12092345184049151, 'ari': -0.006067663643049767}
Epoch: 14, time: 1548.4986085891724
第14Epoch的精度为：{'acc': 0.32, 'pur': 0.34, 'nmi': 0.1742120395688853, 'ari': 0.02396420691345918}
Epoch: 15, time: 1528.9142439365387
第15Epoch的精度为：{'acc': 0.28, 'pur': 0.3, 'nmi': 0.13916468861153017, 'ari': -0.009070850698700662}
Epoch: 16, time: 1529.8159098625183
第16Epoch的精度为：{'acc': 0.3, 'pur': 0.32, 'nmi': 0.13080995114379987, 'ari': -0.005485574969524584}
Epoch: 17, time: 1239.8168830871582
第17Epoch的精度为：{'acc': 0.26, 'pur': 0.3, 'nmi': 0.1412342419049784, 'ari': 0.005101520253035404}
Epoch: 18, time: 1268.4570381641388
第18Epoch的精度为：{'acc': 0.28, 'pur': 0.3, 'nmi': 0.11503249500053468, 'ari': -0.015440877691995123}
Epoch: 19, time: 1401.307382106781
第19Epoch的精度为：{'acc': 0.32, 'pur': 0.34, 'nmi': 0.14000003312880097, 'ari': -0.0011175915901232843}
Epoch: 20, time: 1727.318541765213
第20Epoch的精度为：{'acc': 0.3, 'pur': 0.32, 'nmi': 0.11614175452698175, 'ari': -0.009240318826267899}
Epoch: 21, time: 1315.04168009758
第21Epoch的精度为：{'acc': 0.32, 'pur': 0.34, 'nmi': 0.1365775439878028, 'ari': 0.00917371923250856}
Epoch: 22, time: 1565.6861996650696
第22Epoch的精度为：{'acc': 0.28, 'pur': 0.3, 'nmi': 0.11937850156536373, 'ari': -0.013489208633093525}
Epoch: 23, time: 1320.041154384613
第23Epoch的精度为：{'acc': 0.3, 'pur': 0.32, 'nmi': 0.12820793802617325, 'ari': -0.00793815144612411}
Epoch: 24, time: 1871.7963531017303
第24Epoch的精度为：{'acc': 0.3, 'pur': 0.32, 'nmi': 0.14962288981978564, 'ari': 0.004486316733961417}
Epoch: 25, time: 1729.120675086975
第25Epoch的精度为：{'acc': 0.32, 'pur': 0.34, 'nmi': 0.15713315027039917, 'ari': 0.002842560888946314}
Epoch: 26, time: 1855.3188490867615
第26Epoch的精度为：{'acc': 0.3, 'pur': 0.32, 'nmi': 0.1454888127621138, 'ari': -0.0008483424693291569}
Epoch: 27, time: 1217.6990356445312
第27Epoch的精度为：{'acc': 0.28, 'pur': 0.32, 'nmi': 0.1254828595251981, 'ari': -0.008804009210348096}
Epoch: 28, time: 1512.0882534980774
第28Epoch的精度为：{'acc': 0.34, 'pur': 0.36, 'nmi': 0.1777860911070729, 'ari': 0.011734506784011734}
Epoch: 29, time: 1654.139046907425
第29Epoch的精度为：{'acc': 0.32, 'pur': 0.34, 'nmi': 0.15071760003218998, 'ari': 0.002305032654629274}
Epoch: 30, time: 1497.0640082359314
第30Epoch的精度为：{'acc': 0.32, 'pur': 0.34, 'nmi': 0.11762656681412176, 'ari': 0.004236446680346859}
最终精度为：{'acc': 0.32, 'pur': 0.34, 'nmi': 0.13275028139601666, 'ari': 0.014278461733722554}
==================================================
 
 
EigenWorms
Epoch: 1, time: 1606.9263365268707
第1Epoch的精度为：{'acc': 0.40458015267175573, 'pur': 0.42748091603053434, 'nmi': 0.1209014954833625, 'ari': 0.043999888877074095}
Epoch: 2, time: 1517.832882642746
第2Epoch的精度为：{'acc': 0.40458015267175573, 'pur': 0.4351145038167939, 'nmi': 0.11560691511851687, 'ari': 0.041856472227384846}
Epoch: 3, time: 1539.9299170970917
第3Epoch的精度为：{'acc': 0.40458015267175573, 'pur': 0.4351145038167939, 'nmi': 0.11560691511851687, 'ari': 0.041856472227384846}
Epoch: 4, time: 1504.2064061164856
第4Epoch的精度为：{'acc': 0.40458015267175573, 'pur': 0.4351145038167939, 'nmi': 0.11581909062964674, 'ari': 0.039721048882913425}
Epoch: 5, time: 1584.471953868866
第5Epoch的精度为：{'acc': 0.40458015267175573, 'pur': 0.4351145038167939, 'nmi': 0.11581909062964674, 'ari': 0.039721048882913425}
Epoch: 6, time: 1519.4430537223816
第6Epoch的精度为：{'acc': 0.40458015267175573, 'pur': 0.4351145038167939, 'nmi': 0.11581909062964674, 'ari': 0.039721048882913425}
Epoch: 7, time: 1675.3530015945435
第7Epoch的精度为：{'acc': 0.40458015267175573, 'pur': 0.4351145038167939, 'nmi': 0.11581909062964674, 'ari': 0.039721048882913425}
Epoch: 8, time: 1477.1227629184723
第8Epoch的精度为：{'acc': 0.40458015267175573, 'pur': 0.4351145038167939, 'nmi': 0.13923924570837948, 'ari': 0.04891098263988381}
Epoch: 9, time: 1747.1885468959808
第9Epoch的精度为：{'acc': 0.40458015267175573, 'pur': 0.4351145038167939, 'nmi': 0.13923924570837948, 'ari': 0.04891098263988381}
Epoch: 10, time: 1556.2104375362396
第10Epoch的精度为：{'acc': 0.40458015267175573, 'pur': 0.4351145038167939, 'nmi': 0.13923924570837948, 'ari': 0.04891098263988381}
Epoch: 11, time: 1532.6614112854004
第11Epoch的精度为：{'acc': 0.40458015267175573, 'pur': 0.4351145038167939, 'nmi': 0.13923924570837948, 'ari': 0.04891098263988381}
Epoch: 12, time: 1584.8243634700775
第12Epoch的精度为：{'acc': 0.3969465648854962, 'pur': 0.42748091603053434, 'nmi': 0.13437047431064314, 'ari': 0.04213604158563968}
Epoch: 13, time: 1625.243733882904
第13Epoch的精度为：{'acc': 0.3969465648854962, 'pur': 0.42748091603053434, 'nmi': 0.13437047431064317, 'ari': 0.04213604158563968}
Epoch: 14, time: 1713.1918132305145
第14Epoch的精度为：{'acc': 0.40458015267175573, 'pur': 0.4351145038167939, 'nmi': 0.13923924570837948, 'ari': 0.04891098263988381}
Epoch: 15, time: 1669.31090092659
第15Epoch的精度为：{'acc': 0.40458015267175573, 'pur': 0.4351145038167939, 'nmi': 0.13923924570837948, 'ari': 0.04891098263988381}
Epoch: 16, time: 1639.9663660526276
第16Epoch的精度为：{'acc': 0.40458015267175573, 'pur': 0.4351145038167939, 'nmi': 0.13923924570837948, 'ari': 0.04891098263988381}
Epoch: 17, time: 1660.1499395370483
第17Epoch的精度为：{'acc': 0.40458015267175573, 'pur': 0.4351145038167939, 'nmi': 0.13923924570837945, 'ari': 0.04891098263988381}
Epoch: 18, time: 1491.197250366211
第18Epoch的精度为：{'acc': 0.3969465648854962, 'pur': 0.42748091603053434, 'nmi': 0.13437047431064317, 'ari': 0.04213604158563968}
Epoch: 19, time: 1706.008725643158
第19Epoch的精度为：{'acc': 0.3969465648854962, 'pur': 0.42748091603053434, 'nmi': 0.1306981449131768, 'ari': 0.044587850742792375}
Epoch: 20, time: 1598.1958620548248
第20Epoch的精度为：{'acc': 0.3893129770992366, 'pur': 0.42748091603053434, 'nmi': 0.12618045687051793, 'ari': 0.03810315289715522}
Epoch: 21, time: 1574.6894102096558
第21Epoch的精度为：{'acc': 0.3969465648854962, 'pur': 0.42748091603053434, 'nmi': 0.13366720043816402, 'ari': 0.04155600959831167}
Epoch: 22, time: 1504.3627650737762
第22Epoch的精度为：{'acc': 0.40458015267175573, 'pur': 0.4351145038167939, 'nmi': 0.1394131022923128, 'ari': 0.0565634961138221}
Epoch: 23, time: 1521.5104105472565
第23Epoch的精度为：{'acc': 0.3893129770992366, 'pur': 0.42748091603053434, 'nmi': 0.12618045687051793, 'ari': 0.03810315289715522}
Epoch: 24, time: 1445.2600734233856
第24Epoch的精度为：{'acc': 0.3893129770992366, 'pur': 0.42748091603053434, 'nmi': 0.11048336515679022, 'ari': 0.032411534393615715}
Epoch: 25, time: 1495.247008562088
第25Epoch的精度为：{'acc': 0.3893129770992366, 'pur': 0.42748091603053434, 'nmi': 0.11048336515679022, 'ari': 0.032411534393615715}
Epoch: 26, time: 1573.7189671993256
第26Epoch的精度为：{'acc': 0.40458015267175573, 'pur': 0.4351145038167939, 'nmi': 0.1394131022923128, 'ari': 0.0565634961138221}
Epoch: 27, time: 1556.9942693710327
第27Epoch的精度为：{'acc': 0.3969465648854962, 'pur': 0.42748091603053434, 'nmi': 0.13069814491317672, 'ari': 0.044587850742792375}
Epoch: 28, time: 1460.8981547355652
第28Epoch的精度为：{'acc': 0.3969465648854962, 'pur': 0.42748091603053434, 'nmi': 0.13366720043816407, 'ari': 0.04155600959831167}
Epoch: 29, time: 1592.3350684642792
第29Epoch的精度为：{'acc': 0.3893129770992366, 'pur': 0.42748091603053434, 'nmi': 0.11048336515679022, 'ari': 0.032411534393615715}
Epoch: 30, time: 1567.5219480991364
第30Epoch的精度为：{'acc': 0.40458015267175573, 'pur': 0.4351145038167939, 'nmi': 0.1394131022923128, 'ari': 0.0565634961138221}
最终精度为：{'acc': 0.40458015267175573, 'pur': 0.4351145038167939, 'nmi': 0.1394131022923128, 'ari': 0.0565634961138221}
==================================================
 
 
Epilepsy
Epoch: 1, time: 57.11115097999573
第1Epoch的精度为：{'acc': 0.5652173913043478, 'pur': 0.5869565217391305, 'nmi': 0.34883724077247485, 'ari': 0.24411750392238185}
Epoch: 2, time: 67.31474113464355
第2Epoch的精度为：{'acc': 0.572463768115942, 'pur': 0.5942028985507246, 'nmi': 0.3582614024803014, 'ari': 0.2531769609036199}
Epoch: 3, time: 55.57058382034302
第3Epoch的精度为：{'acc': 0.5362318840579711, 'pur': 0.5507246376811594, 'nmi': 0.3160128542515456, 'ari': 0.1999596059506464}
Epoch: 4, time: 60.43245482444763
第4Epoch的精度为：{'acc': 0.5434782608695652, 'pur': 0.5869565217391305, 'nmi': 0.36405367856923027, 'ari': 0.24249505761376533}
Epoch: 5, time: 67.41125774383545
第5Epoch的精度为：{'acc': 0.5289855072463768, 'pur': 0.572463768115942, 'nmi': 0.31017751022865914, 'ari': 0.21358393139037812}
Epoch: 6, time: 67.28654408454895
第6Epoch的精度为：{'acc': 0.5217391304347826, 'pur': 0.5507246376811594, 'nmi': 0.28902112582414785, 'ari': 0.18181021398601424}
Epoch: 7, time: 70.0022041797638
第7Epoch的精度为：{'acc': 0.5579710144927537, 'pur': 0.5869565217391305, 'nmi': 0.3245847931197056, 'ari': 0.21749985244543416}
Epoch: 8, time: 67.01702761650085
第8Epoch的精度为：{'acc': 0.5434782608695652, 'pur': 0.5797101449275363, 'nmi': 0.313374275555113, 'ari': 0.20392695770007996}
Epoch: 9, time: 55.9828736782074
第9Epoch的精度为：{'acc': 0.5507246376811594, 'pur': 0.5869565217391305, 'nmi': 0.32183277444396524, 'ari': 0.2127742859512592}
Epoch: 10, time: 71.06248736381531
第10Epoch的精度为：{'acc': 0.5579710144927537, 'pur': 0.5942028985507246, 'nmi': 0.33004230781865, 'ari': 0.2225163067310952}
Epoch: 11, time: 56.85006499290466
第11Epoch的精度为：{'acc': 0.5652173913043478, 'pur': 0.5942028985507246, 'nmi': 0.3365781222425687, 'ari': 0.22594018748654204}
Epoch: 12, time: 56.43079233169556
第12Epoch的精度为：{'acc': 0.5507246376811594, 'pur': 0.5942028985507246, 'nmi': 0.33257574230834125, 'ari': 0.22173728629789768}
Epoch: 13, time: 55.40291953086853
第13Epoch的精度为：{'acc': 0.5507246376811594, 'pur': 0.5942028985507246, 'nmi': 0.33257574230834125, 'ari': 0.22173728629789768}
Epoch: 14, time: 102.37747931480408
第14Epoch的精度为：{'acc': 0.5, 'pur': 0.5652173913043478, 'nmi': 0.3274877419917119, 'ari': 0.2057472931542081}
Epoch: 15, time: 107.35355234146118
第15Epoch的精度为：{'acc': 0.5434782608695652, 'pur': 0.5869565217391305, 'nmi': 0.3010289970233313, 'ari': 0.21277979812771866}
Epoch: 16, time: 104.41713309288025
第16Epoch的精度为：{'acc': 0.4927536231884058, 'pur': 0.5072463768115942, 'nmi': 0.2735382878138291, 'ari': 0.16780657118969028}
Epoch: 17, time: 106.25916838645935
第17Epoch的精度为：{'acc': 0.45652173913043476, 'pur': 0.45652173913043476, 'nmi': 0.18801670240871576, 'ari': 0.1184618431529467}
Epoch: 18, time: 107.59497737884521
第18Epoch的精度为：{'acc': 0.47101449275362317, 'pur': 0.47101449275362317, 'nmi': 0.2131298940069091, 'ari': 0.12551543330115414}
Epoch: 19, time: 96.0070972442627
第19Epoch的精度为：{'acc': 0.4782608695652174, 'pur': 0.4782608695652174, 'nmi': 0.21164851057409362, 'ari': 0.1240021991851135}
Epoch: 20, time: 86.85870862007141
第20Epoch的精度为：{'acc': 0.47101449275362317, 'pur': 0.47101449275362317, 'nmi': 0.21019682846719479, 'ari': 0.12218689249121956}
Epoch: 21, time: 89.24860095977783
第21Epoch的精度为：{'acc': 0.6086956521739131, 'pur': 0.6086956521739131, 'nmi': 0.3198227830602985, 'ari': 0.23435361890054285}
Epoch: 22, time: 65.930499792099
第22Epoch的精度为：{'acc': 0.43478260869565216, 'pur': 0.463768115942029, 'nmi': 0.1651916567106069, 'ari': 0.11631508034227935}
Epoch: 23, time: 54.427594900131226
第23Epoch的精度为：{'acc': 0.4492753623188406, 'pur': 0.463768115942029, 'nmi': 0.17825177948264742, 'ari': 0.12246559136417147}
Epoch: 24, time: 54.65092849731445
第24Epoch的精度为：{'acc': 0.6014492753623188, 'pur': 0.6014492753623188, 'nmi': 0.3190899067487096, 'ari': 0.26192021435979873}
Epoch: 25, time: 53.881197452545166
第25Epoch的精度为：{'acc': 0.4492753623188406, 'pur': 0.4492753623188406, 'nmi': 0.23295755668058565, 'ari': 0.13622001212183066}
Epoch: 26, time: 67.86715149879456
第26Epoch的精度为：{'acc': 0.463768115942029, 'pur': 0.463768115942029, 'nmi': 0.2216064037194348, 'ari': 0.13759530903073874}
Epoch: 27, time: 54.69055104255676
第27Epoch的精度为：{'acc': 0.463768115942029, 'pur': 0.463768115942029, 'nmi': 0.19314708053343915, 'ari': 0.12613338851193093}
Epoch: 28, time: 53.748265743255615
第28Epoch的精度为：{'acc': 0.5072463768115942, 'pur': 0.5362318840579711, 'nmi': 0.2893020994544857, 'ari': 0.17427591742188908}
Epoch: 29, time: 54.59665513038635
第29Epoch的精度为：{'acc': 0.47101449275362317, 'pur': 0.47101449275362317, 'nmi': 0.24373696932874947, 'ari': 0.1491838919855351}
Epoch: 30, time: 54.68952655792236
第30Epoch的精度为：{'acc': 0.463768115942029, 'pur': 0.4782608695652174, 'nmi': 0.2240311225127695, 'ari': 0.1484650641342698}
最终精度为：{'acc': 0.463768115942029, 'pur': 0.4782608695652174, 'nmi': 0.2259916156019101, 'ari': 0.14976065203631536}
==================================================
 
 
ERing
Epoch: 1, time: 9.042665004730225
第1Epoch的精度为：{'acc': 0.6925925925925925, 'pur': 0.7222222222222222, 'nmi': 0.6129759862868955, 'ari': 0.530771696976389}
Epoch: 2, time: 9.090107679367065
第2Epoch的精度为：{'acc': 0.6666666666666666, 'pur': 0.6666666666666666, 'nmi': 0.5700184783204648, 'ari': 0.46080869395277435}
Epoch: 3, time: 8.883628606796265
第3Epoch的精度为：{'acc': 0.662962962962963, 'pur': 0.6925925925925925, 'nmi': 0.6104641168731636, 'ari': 0.4729760490716921}
Epoch: 4, time: 10.872973680496216
第4Epoch的精度为：{'acc': 0.6814814814814815, 'pur': 0.7111111111111111, 'nmi': 0.6371178086568489, 'ari': 0.4998300961814644}
Epoch: 5, time: 9.000342607498169
第5Epoch的精度为：{'acc': 0.7185185185185186, 'pur': 0.7481481481481481, 'nmi': 0.6457351607844524, 'ari': 0.563258316481856}
Epoch: 6, time: 10.875735521316528
第6Epoch的精度为：{'acc': 0.7185185185185186, 'pur': 0.7481481481481481, 'nmi': 0.6592136979862803, 'ari': 0.5734957825946915}
Epoch: 7, time: 9.208923578262329
第7Epoch的精度为：{'acc': 0.6851851851851852, 'pur': 0.7111111111111111, 'nmi': 0.6365088841352892, 'ari': 0.5032824660961308}
Epoch: 8, time: 8.882235765457153
第8Epoch的精度为：{'acc': 0.6962962962962963, 'pur': 0.725925925925926, 'nmi': 0.6588516638720054, 'ari': 0.5616200324390681}
Epoch: 9, time: 9.116748809814453
第9Epoch的精度为：{'acc': 0.662962962962963, 'pur': 0.7, 'nmi': 0.620242947484063, 'ari': 0.5155975286550966}
Epoch: 10, time: 8.936464071273804
第10Epoch的精度为：{'acc': 0.7074074074074074, 'pur': 0.7185185185185186, 'nmi': 0.6247495911650336, 'ari': 0.5423818109573}
Epoch: 11, time: 11.007062911987305
第11Epoch的精度为：{'acc': 0.7407407407407407, 'pur': 0.7407407407407407, 'nmi': 0.644572293447483, 'ari': 0.561767663839521}
Epoch: 12, time: 11.098745107650757
第12Epoch的精度为：{'acc': 0.737037037037037, 'pur': 0.737037037037037, 'nmi': 0.6313510646785088, 'ari': 0.5510544377921954}
Epoch: 13, time: 9.492466926574707
第13Epoch的精度为：{'acc': 0.6666666666666666, 'pur': 0.674074074074074, 'nmi': 0.5849293237057599, 'ari': 0.4738251247221344}
Epoch: 14, time: 9.210453748703003
第14Epoch的精度为：{'acc': 0.7148148148148148, 'pur': 0.7148148148148148, 'nmi': 0.6487306078609807, 'ari': 0.5148832925877571}
Epoch: 15, time: 9.049789905548096
第15Epoch的精度为：{'acc': 0.7851851851851852, 'pur': 0.7851851851851852, 'nmi': 0.6868360899838047, 'ari': 0.5952001671130298}
Epoch: 16, time: 10.961583614349365
第16Epoch的精度为：{'acc': 0.7592592592592593, 'pur': 0.7592592592592593, 'nmi': 0.6532438210830164, 'ari': 0.5603797703541303}
Epoch: 17, time: 8.916844367980957
第17Epoch的精度为：{'acc': 0.7666666666666667, 'pur': 0.7666666666666667, 'nmi': 0.6707206451377539, 'ari': 0.5703019958691877}
Epoch: 18, time: 8.902713775634766
第18Epoch的精度为：{'acc': 0.7111111111111111, 'pur': 0.7111111111111111, 'nmi': 0.6315956316007116, 'ari': 0.5105619380423553}
Epoch: 19, time: 8.846903085708618
第19Epoch的精度为：{'acc': 0.7296296296296296, 'pur': 0.7296296296296296, 'nmi': 0.6444167465203338, 'ari': 0.5339324986515458}
Epoch: 20, time: 9.004596471786499
第20Epoch的精度为：{'acc': 0.6814814814814815, 'pur': 0.6814814814814815, 'nmi': 0.6063274563148294, 'ari': 0.49225351981612275}
Epoch: 21, time: 9.009421110153198
第21Epoch的精度为：{'acc': 0.6592592592592592, 'pur': 0.6592592592592592, 'nmi': 0.5871454517176127, 'ari': 0.4689090946363245}
Epoch: 22, time: 9.06969141960144
第22Epoch的精度为：{'acc': 0.662962962962963, 'pur': 0.662962962962963, 'nmi': 0.6043639160010539, 'ari': 0.4767914946030537}
Epoch: 23, time: 8.854515314102173
第23Epoch的精度为：{'acc': 0.662962962962963, 'pur': 0.662962962962963, 'nmi': 0.5915922914646151, 'ari': 0.46882294172642475}
Epoch: 24, time: 11.143923997879028
第24Epoch的精度为：{'acc': 0.6703703703703704, 'pur': 0.674074074074074, 'nmi': 0.594606335164969, 'ari': 0.47953931618401474}
Epoch: 25, time: 9.467641353607178
第25Epoch的精度为：{'acc': 0.6851851851851852, 'pur': 0.6851851851851852, 'nmi': 0.6002542347008691, 'ari': 0.4860042632214704}
Epoch: 26, time: 9.088086366653442
第26Epoch的精度为：{'acc': 0.6703703703703704, 'pur': 0.6703703703703704, 'nmi': 0.6083881804716254, 'ari': 0.4877030205623211}
Epoch: 27, time: 10.993131637573242
第27Epoch的精度为：{'acc': 0.6814814814814815, 'pur': 0.6814814814814815, 'nmi': 0.6049540740168642, 'ari': 0.4775167735423346}
Epoch: 28, time: 11.02992296218872
第28Epoch的精度为：{'acc': 0.7222222222222222, 'pur': 0.7222222222222222, 'nmi': 0.6339897500527824, 'ari': 0.5182837681504465}
Epoch: 29, time: 11.323366403579712
第29Epoch的精度为：{'acc': 0.8074074074074075, 'pur': 0.8074074074074075, 'nmi': 0.7060922035841216, 'ari': 0.6337033194635016}
Epoch: 30, time: 11.158222675323486
第30Epoch的精度为：{'acc': 0.7111111111111111, 'pur': 0.7111111111111111, 'nmi': 0.6422225219442268, 'ari': 0.5156136188956164}
最终精度为：{'acc': 0.725925925925926, 'pur': 0.725925925925926, 'nmi': 0.6242758468494536, 'ari': 0.5485620690684416}
==================================================
 
 
EthanolConcentration
Epoch: 1, time: 285.2018644809723
第1Epoch的精度为：{'acc': 0.30038022813688214, 'pur': 0.311787072243346, 'nmi': 0.016230370671500596, 'ari': 0.001462039137532597}
Epoch: 2, time: 318.41121768951416
第2Epoch的精度为：{'acc': 0.2889733840304182, 'pur': 0.3041825095057034, 'nmi': 0.01593077781820009, 'ari': 5.8379862461578396e-05}
Epoch: 3, time: 289.37000584602356
第3Epoch的精度为：{'acc': 0.30798479087452474, 'pur': 0.3193916349809886, 'nmi': 0.018934023306983124, 'ari': 0.004159896735354753}
Epoch: 4, time: 328.26603078842163
第4Epoch的精度为：{'acc': 0.30038022813688214, 'pur': 0.3041825095057034, 'nmi': 0.016389896148507763, 'ari': 9.522511244923807e-05}
Epoch: 5, time: 289.97444558143616
第5Epoch的精度为：{'acc': 0.30038022813688214, 'pur': 0.30798479087452474, 'nmi': 0.01811554604194508, 'ari': 0.002526562312433042}
Epoch: 6, time: 341.13978242874146
第6Epoch的精度为：{'acc': 0.30038022813688214, 'pur': 0.30798479087452474, 'nmi': 0.018120701488465608, 'ari': 0.0017522592800573713}
Epoch: 7, time: 284.2493374347687
第7Epoch的精度为：{'acc': 0.3155893536121673, 'pur': 0.3231939163498099, 'nmi': 0.024202268420834, 'ari': 0.007849587427972997}
Epoch: 8, time: 283.00267815589905
第8Epoch的精度为：{'acc': 0.30798479087452474, 'pur': 0.3155893536121673, 'nmi': 0.021744293400743738, 'ari': 0.0051866560919492195}
Epoch: 9, time: 316.3550159931183
第9Epoch的精度为：{'acc': 0.3041825095057034, 'pur': 0.30798479087452474, 'nmi': 0.019466493275545012, 'ari': 0.0026748103446853997}
Epoch: 10, time: 287.0479245185852
第10Epoch的精度为：{'acc': 0.311787072243346, 'pur': 0.3231939163498099, 'nmi': 0.023703545370400224, 'ari': 0.007254958305081387}
Epoch: 11, time: 284.47295689582825
第11Epoch的精度为：{'acc': 0.311787072243346, 'pur': 0.3155893536121673, 'nmi': 0.020659866175070162, 'ari': 0.0050624494957617}
Epoch: 12, time: 297.11818981170654
第12Epoch的精度为：{'acc': 0.2965779467680608, 'pur': 0.2965779467680608, 'nmi': 0.015506034687250767, 'ari': 7.741602511719926e-05}
Epoch: 13, time: 281.19875049591064
第13Epoch的精度为：{'acc': 0.3041825095057034, 'pur': 0.311787072243346, 'nmi': 0.01717147369239658, 'ari': 0.0025038863774953695}
Epoch: 14, time: 281.45878291130066
第14Epoch的精度为：{'acc': 0.3269961977186312, 'pur': 0.3269961977186312, 'nmi': 0.03083921694914256, 'ari': 0.01105043344520213}
Epoch: 15, time: 317.9909906387329
第15Epoch的精度为：{'acc': 0.311787072243346, 'pur': 0.3155893536121673, 'nmi': 0.02440798674402575, 'ari': 0.007395932752581702}
Epoch: 16, time: 269.76667618751526
第16Epoch的精度为：{'acc': 0.3155893536121673, 'pur': 0.3193916349809886, 'nmi': 0.021885272528577752, 'ari': 0.006844943972940028}
Epoch: 17, time: 271.580415725708
第17Epoch的精度为：{'acc': 0.30798479087452474, 'pur': 0.311787072243346, 'nmi': 0.020502500584204546, 'ari': 0.0050852619544272575}
Epoch: 18, time: 270.14835715293884
第18Epoch的精度为：{'acc': 0.30798479087452474, 'pur': 0.311787072243346, 'nmi': 0.017577218747727812, 'ari': 0.002959451903326479}
Epoch: 19, time: 277.74897933006287
第19Epoch的精度为：{'acc': 0.311787072243346, 'pur': 0.3155893536121673, 'nmi': 0.02364171932244219, 'ari': 0.006714795193873731}
Epoch: 20, time: 321.7974708080292
第20Epoch的精度为：{'acc': 0.311787072243346, 'pur': 0.3155893536121673, 'nmi': 0.02406613580130513, 'ari': 0.007170868860731074}
Epoch: 21, time: 291.23353242874146
第21Epoch的精度为：{'acc': 0.30798479087452474, 'pur': 0.30798479087452474, 'nmi': 0.01911096586916874, 'ari': 0.0021253248694508746}
Epoch: 22, time: 297.16225719451904
第22Epoch的精度为：{'acc': 0.3155893536121673, 'pur': 0.3193916349809886, 'nmi': 0.0221194591505607, 'ari': 0.006857477608382893}
Epoch: 23, time: 267.0094430446625
第23Epoch的精度为：{'acc': 0.3193916349809886, 'pur': 0.3231939163498099, 'nmi': 0.02619224634401247, 'ari': 0.009738684430933222}
Epoch: 24, time: 269.71307396888733
第24Epoch的精度为：{'acc': 0.30798479087452474, 'pur': 0.311787072243346, 'nmi': 0.01988085028090156, 'ari': 0.004957579968624927}
Epoch: 25, time: 269.6676936149597
第25Epoch的精度为：{'acc': 0.311787072243346, 'pur': 0.311787072243346, 'nmi': 0.021256007696022476, 'ari': 0.0059968166463417955}
Epoch: 26, time: 270.4532001018524
第26Epoch的精度为：{'acc': 0.30798479087452474, 'pur': 0.3155893536121673, 'nmi': 0.02158988524140622, 'ari': 0.0062931408381611655}
Epoch: 27, time: 284.18793058395386
第27Epoch的精度为：{'acc': 0.3155893536121673, 'pur': 0.3155893536121673, 'nmi': 0.022136067051902266, 'ari': 0.006860177393442538}
Epoch: 28, time: 299.7576274871826
第28Epoch的精度为：{'acc': 0.3155893536121673, 'pur': 0.3155893536121673, 'nmi': 0.02347007024087978, 'ari': 0.005712150712503756}
Epoch: 29, time: 361.496456861496
第29Epoch的精度为：{'acc': 0.311787072243346, 'pur': 0.311787072243346, 'nmi': 0.02028138652256799, 'ari': 0.004935245707561723}
Epoch: 30, time: 300.5803573131561
第30Epoch的精度为：{'acc': 0.3193916349809886, 'pur': 0.3193916349809886, 'nmi': 0.01995829683569853, 'ari': 0.004968003487881069}
最终精度为：{'acc': 0.3193916349809886, 'pur': 0.3193916349809886, 'nmi': 0.01995829683569853, 'ari': 0.004968003487881069}
==================================================
 
 
FaceDetection
Epoch: 1, time: 22063.208969831467
第1Epoch的精度为：{'acc': 0.5002837684449489, 'pur': 0.5002837684449489, 'nmi': 0.00013786055535073506, 'ari': -6.436483010273298e-07}
Epoch: 2, time: 19791.41866183281
第2Epoch的精度为：{'acc': 0.5, 'pur': 0.5, 'nmi': 0.0, 'ari': -6.440138030889625e-07}
Epoch: 3, time: 21533.591694116592
第3Epoch的精度为：{'acc': 0.5002837684449489, 'pur': 0.5002837684449489, 'nmi': 0.0005655306719979902, 'ari': 0.0}
