Epoch: 1, time: 1.1799964904785156
第1Epoch的精度为：{'acc': 0.4666666666666667, 'pur': 0.4666666666666667, 'nmi': 0.18236483071098825, 'ari': -0.024922118380062305}
Epoch: 2, time: 0.24654889106750488
第2Epoch的精度为：{'acc': 0.4666666666666667, 'pur': 0.4666666666666667, 'nmi': 0.17924263746140867, 'ari': 0.0}
Epoch: 3, time: 0.23206615447998047
第3Epoch的精度为：{'acc': 0.4666666666666667, 'pur': 0.4666666666666667, 'nmi': 0.11232738877369641, 'ari': -0.041666666666666664}
Epoch: 4, time: 0.22631263732910156
第4Epoch的精度为：{'acc': 0.4666666666666667, 'pur': 0.4666666666666667, 'nmi': 0.17924263746140867, 'ari': 0.0}
Epoch: 5, time: 0.31092238426208496
第5Epoch的精度为：{'acc': 0.4666666666666667, 'pur': 0.4666666666666667, 'nmi': 0.11232738877369641, 'ari': -0.041666666666666664}
Epoch: 6, time: 0.2631869316101074
第6Epoch的精度为：{'acc': 0.5333333333333333, 'pur': 0.5333333333333333, 'nmi': 0.1323699026925647, 'ari': -0.024922118380062305}
Epoch: 7, time: 0.2893233299255371
第7Epoch的精度为：{'acc': 0.5333333333333333, 'pur': 0.5333333333333333, 'nmi': 0.1323699026925647, 'ari': -0.024922118380062305}
Epoch: 8, time: 0.270763635635376
第8Epoch的精度为：{'acc': 0.5333333333333333, 'pur': 0.5333333333333333, 'nmi': 0.1323699026925647, 'ari': -0.024922118380062305}
Epoch: 9, time: 0.2610306739807129
第9Epoch的精度为：{'acc': 0.5333333333333333, 'pur': 0.5333333333333333, 'nmi': 0.1323699026925647, 'ari': -0.024922118380062305}
Epoch: 10, time: 0.23012447357177734
第10Epoch的精度为：{'acc': 0.5333333333333333, 'pur': 0.5333333333333333, 'nmi': 0.1323699026925647, 'ari': -0.024922118380062305}
Epoch: 11, time: 0.21964049339294434
第11Epoch的精度为：{'acc': 0.5333333333333333, 'pur': 0.5333333333333333, 'nmi': 0.1323699026925647, 'ari': -0.024922118380062305}
Epoch: 12, time: 0.23208403587341309
第12Epoch的精度为：{'acc': 0.5333333333333333, 'pur': 0.5333333333333333, 'nmi': 0.1323699026925647, 'ari': -0.024922118380062305}
Epoch: 13, time: 0.2229759693145752
第13Epoch的精度为：{'acc': 0.5333333333333333, 'pur': 0.5333333333333333, 'nmi': 0.1323699026925647, 'ari': -0.024922118380062305}
Epoch: 14, time: 0.23238015174865723
第14Epoch的精度为：{'acc': 0.5333333333333333, 'pur': 0.5333333333333333, 'nmi': 0.1323699026925647, 'ari': -0.024922118380062305}
Epoch: 15, time: 0.21463561058044434
第15Epoch的精度为：{'acc': 0.5333333333333333, 'pur': 0.5333333333333333, 'nmi': 0.1323699026925647, 'ari': -0.024922118380062305}
Epoch: 16, time: 0.27814626693725586
第16Epoch的精度为：{'acc': 0.4, 'pur': 0.4, 'nmi': 0.12278415940203237, 'ari': -0.047244094488188976}
Epoch: 17, time: 0.21771574020385742
第17Epoch的精度为：{'acc': 0.4666666666666667, 'pur': 0.4666666666666667, 'nmi': 0.11822699329708854, 'ari': -0.06472491909385113}
Epoch: 18, time: 0.31888508796691895
第18Epoch的精度为：{'acc': 0.4, 'pur': 0.4, 'nmi': 0.12278415940203237, 'ari': -0.047244094488188976}
Epoch: 19, time: 0.30689406394958496
第19Epoch的精度为：{'acc': 0.4666666666666667, 'pur': 0.4666666666666667, 'nmi': 0.1824464967362175, 'ari': -0.011799410029498525}
Epoch: 20, time: 0.24982762336730957
第20Epoch的精度为：{'acc': 0.4666666666666667, 'pur': 0.4666666666666667, 'nmi': 0.16700010178922264, 'ari': -0.004866180048661801}
Epoch: 21, time: 0.26900291442871094
第21Epoch的精度为：{'acc': 0.4666666666666667, 'pur': 0.4666666666666667, 'nmi': 0.16700010178922264, 'ari': -0.004866180048661801}
Epoch: 22, time: 0.29236316680908203
第22Epoch的精度为：{'acc': 0.4666666666666667, 'pur': 0.4666666666666667, 'nmi': 0.16700010178922264, 'ari': -0.004866180048661801}
Epoch: 23, time: 0.23889875411987305
第23Epoch的精度为：{'acc': 0.4, 'pur': 0.4, 'nmi': 0.12278415940203237, 'ari': -0.047244094488188976}
Epoch: 24, time: 0.22810029983520508
第24Epoch的精度为：{'acc': 0.4, 'pur': 0.4, 'nmi': 0.12278415940203237, 'ari': -0.047244094488188976}
Epoch: 25, time: 0.2503819465637207
第25Epoch的精度为：{'acc': 0.4, 'pur': 0.4, 'nmi': 0.061789244273881355, 'ari': -0.0784313725490196}
Epoch: 26, time: 0.25818634033203125
第26Epoch的精度为：{'acc': 0.4, 'pur': 0.4, 'nmi': 0.07481085626178655, 'ari': -0.09174311926605505}
Epoch: 27, time: 0.24706053733825684
第27Epoch的精度为：{'acc': 0.4666666666666667, 'pur': 0.4666666666666667, 'nmi': 0.12729150662090472, 'ari': -0.024922118380062305}
Epoch: 28, time: 0.24803781509399414
第28Epoch的精度为：{'acc': 0.4666666666666667, 'pur': 0.4666666666666667, 'nmi': 0.12729150662090472, 'ari': -0.024922118380062305}
Epoch: 29, time: 0.26184701919555664
第29Epoch的精度为：{'acc': 0.4666666666666667, 'pur': 0.4666666666666667, 'nmi': 0.09390162086324003, 'ari': -0.06853582554517133}
Epoch: 30, time: 0.27382516860961914
第30Epoch的精度为：{'acc': 0.4666666666666667, 'pur': 0.4666666666666667, 'nmi': 0.09390162086324003, 'ari': -0.06853582554517133}
最终精度为：{'acc': 0.4666666666666667, 'pur': 0.4666666666666667, 'nmi': 0.09390162086324003, 'ari': -0.06853582554517133}
==================================================
 
 
