Epoch: 1, time: 2.4389421939849854
第1Epoch的精度为：{'acc': 0.38, 'pur': 0.4, 'nmi': 0.29582829593006016, 'ari': 0.15150621445123236}
Epoch: 2, time: 2.3893425464630127
第2Epoch的精度为：{'acc': 0.3, 'pur': 0.32, 'nmi': 0.10329148528690547, 'ari': -0.010208166533226582}
Epoch: 3, time: 2.4302735328674316
第3Epoch的精度为：{'acc': 0.36, 'pur': 0.38, 'nmi': 0.17962084875637807, 'ari': 0.038689171416045595}
Epoch: 4, time: 2.5162971019744873
第4Epoch的精度为：{'acc': 0.42, 'pur': 0.42, 'nmi': 0.21126337305934648, 'ari': 0.061021303928915534}
Epoch: 5, time: 1.9794180393218994
第5Epoch的精度为：{'acc': 0.3, 'pur': 0.32, 'nmi': 0.15270159514104778, 'ari': 0.007350813219887712}
Epoch: 6, time: 2.121131181716919
第6Epoch的精度为：{'acc': 0.4, 'pur': 0.4, 'nmi': 0.24030436855881823, 'ari': 0.07316956375999617}
Epoch: 7, time: 2.4785237312316895
第7Epoch的精度为：{'acc': 0.2, 'pur': 0.2, 'nmi': 0.0, 'ari': 0.0}
Epoch: 8, time: 2.136870861053467
第8Epoch的精度为：{'acc': 0.2, 'pur': 0.2, 'nmi': 0.0, 'ari': 0.0}
Epoch: 9, time: 2.1434426307678223
第9Epoch的精度为：{'acc': 0.2, 'pur': 0.2, 'nmi': 0.0, 'ari': 0.0}
Epoch: 10, time: 2.366452693939209
第10Epoch的精度为：{'acc': 0.2, 'pur': 0.2, 'nmi': 0.0, 'ari': 0.0}
Epoch: 11, time: 2.238558769226074
第11Epoch的精度为：{'acc': 0.2, 'pur': 0.2, 'nmi': 0.0, 'ari': 0.0}
Epoch: 12, time: 2.283403158187866
第12Epoch的精度为：{'acc': 0.2, 'pur': 0.2, 'nmi': 0.0, 'ari': 0.0}
Epoch: 13, time: 2.3254947662353516
第13Epoch的精度为：{'acc': 0.2, 'pur': 0.2, 'nmi': 0.0, 'ari': 0.0}
Epoch: 14, time: 2.309004545211792
第14Epoch的精度为：{'acc': 0.2, 'pur': 0.2, 'nmi': 0.0, 'ari': 0.0}
Epoch: 15, time: 2.3540968894958496
第15Epoch的精度为：{'acc': 0.2, 'pur': 0.2, 'nmi': 0.0, 'ari': 0.0}
Epoch: 16, time: 2.390618324279785
第16Epoch的精度为：{'acc': 0.2, 'pur': 0.2, 'nmi': 0.0, 'ari': 0.0}
Epoch: 17, time: 2.3093819618225098
第17Epoch的精度为：{'acc': 0.2, 'pur': 0.2, 'nmi': 0.0, 'ari': 0.0}
Epoch: 18, time: 2.3753225803375244
第18Epoch的精度为：{'acc': 0.2, 'pur': 0.2, 'nmi': 0.0, 'ari': 0.0}
Epoch: 19, time: 2.3486359119415283
第19Epoch的精度为：{'acc': 0.2, 'pur': 0.2, 'nmi': 0.0, 'ari': 0.0}
Epoch: 20, time: 2.5971486568450928
第20Epoch的精度为：{'acc': 0.2, 'pur': 0.2, 'nmi': 0.0, 'ari': 0.0}
Epoch: 21, time: 3.5203299522399902
第21Epoch的精度为：{'acc': 0.2, 'pur': 0.2, 'nmi': 0.0, 'ari': 0.0}
Epoch: 22, time: 2.3834478855133057
第22Epoch的精度为：{'acc': 0.2, 'pur': 0.2, 'nmi': 0.0, 'ari': 0.0}
Epoch: 23, time: 1.9195914268493652
第23Epoch的精度为：{'acc': 0.2, 'pur': 0.2, 'nmi': 0.0, 'ari': 0.0}
Epoch: 24, time: 2.680274486541748
第24Epoch的精度为：{'acc': 0.2, 'pur': 0.2, 'nmi': 0.0, 'ari': 0.0}
Epoch: 25, time: 2.3464014530181885
第25Epoch的精度为：{'acc': 0.2, 'pur': 0.2, 'nmi': 0.0, 'ari': 0.0}
Epoch: 26, time: 2.4806478023529053
第26Epoch的精度为：{'acc': 0.2, 'pur': 0.2, 'nmi': 0.0, 'ari': 0.0}
Epoch: 27, time: 2.4680397510528564
第27Epoch的精度为：{'acc': 0.2, 'pur': 0.2, 'nmi': 0.0, 'ari': 0.0}
Epoch: 28, time: 2.523439645767212
第28Epoch的精度为：{'acc': 0.2, 'pur': 0.2, 'nmi': 0.0, 'ari': 0.0}
Epoch: 29, time: 2.566542148590088
第29Epoch的精度为：{'acc': 0.2, 'pur': 0.2, 'nmi': 0.0, 'ari': 0.0}
Epoch: 30, time: 2.4893014430999756
第30Epoch的精度为：{'acc': 0.2, 'pur': 0.2, 'nmi': 0.0, 'ari': 0.0}
最终精度为：{'acc': 0.2, 'pur': 0.2, 'nmi': 0.0, 'ari': 0.0}
==================================================
 
 
