Epoch: 1, time: 19.398048162460327
第1Epoch的精度为：{'acc': 0.37404580152671757, 'pur': 0.44274809160305345, 'nmi': 0.07630480466253076, 'ari': 0.05609865308048843}
Epoch: 2, time: 18.0974178314209
第2Epoch的精度为：{'acc': 0.37404580152671757, 'pur': 0.48854961832061067, 'nmi': 0.12530853232127548, 'ari': 0.08136384571619511}
Epoch: 3, time: 18.196235418319702
第3Epoch的精度为：{'acc': 0.3816793893129771, 'pur': 0.4961832061068702, 'nmi': 0.13738140438374424, 'ari': 0.09507829405584144}
Epoch: 4, time: 17.788987159729004
第4Epoch的精度为：{'acc': 0.37404580152671757, 'pur': 0.4732824427480916, 'nmi': 0.1078719696478742, 'ari': 0.059722195025884314}
Epoch: 5, time: 19.57697343826294
第5Epoch的精度为：{'acc': 0.42748091603053434, 'pur': 0.46564885496183206, 'nmi': 0.10706217529244777, 'ari': 0.13125419068766025}
Epoch: 6, time: 19.003026723861694
第6Epoch的精度为：{'acc': 0.44274809160305345, 'pur': 0.46564885496183206, 'nmi': 0.1403744760570064, 'ari': 0.12599435463176803}
Epoch: 7, time: 18.920536041259766
第7Epoch的精度为：{'acc': 0.3893129770992366, 'pur': 0.48091603053435117, 'nmi': 0.11099564185499307, 'ari': 0.09229050654471412}
Epoch: 8, time: 18.236172914505005
第8Epoch的精度为：{'acc': 0.3816793893129771, 'pur': 0.4732824427480916, 'nmi': 0.13985901899758138, 'ari': 0.1100365052139725}
Epoch: 9, time: 18.854509353637695
第9Epoch的精度为：{'acc': 0.3893129770992366, 'pur': 0.4732824427480916, 'nmi': 0.11609167250770304, 'ari': 0.06891027756873204}
Epoch: 10, time: 18.179174184799194
第10Epoch的精度为：{'acc': 0.3816793893129771, 'pur': 0.48091603053435117, 'nmi': 0.13106969687014272, 'ari': 0.11101358085144462}
Epoch: 11, time: 18.357941150665283
第11Epoch的精度为：{'acc': 0.32061068702290074, 'pur': 0.44274809160305345, 'nmi': 0.059619437725660446, 'ari': 0.02359683863738218}
Epoch: 12, time: 19.304073095321655
第12Epoch的精度为：{'acc': 0.32061068702290074, 'pur': 0.45038167938931295, 'nmi': 0.08964075779186398, 'ari': 0.052931870104971475}
Epoch: 13, time: 19.157850742340088
第13Epoch的精度为：{'acc': 0.35877862595419846, 'pur': 0.4732824427480916, 'nmi': 0.10644806300420727, 'ari': 0.06885373950400313}
Epoch: 14, time: 18.74474287033081
第14Epoch的精度为：{'acc': 0.366412213740458, 'pur': 0.48854961832061067, 'nmi': 0.13668408113183517, 'ari': 0.07635123212277167}
Epoch: 15, time: 19.251474142074585
第15Epoch的精度为：{'acc': 0.3053435114503817, 'pur': 0.4580152671755725, 'nmi': 0.07839446809033254, 'ari': 0.027426921962621784}
Epoch: 16, time: 18.909459114074707
第16Epoch的精度为：{'acc': 0.3893129770992366, 'pur': 0.4580152671755725, 'nmi': 0.11407410011529096, 'ari': 0.07072854974847993}
Epoch: 17, time: 19.176655054092407
第17Epoch的精度为：{'acc': 0.40458015267175573, 'pur': 0.4580152671755725, 'nmi': 0.10002786727470044, 'ari': 0.07634933790008144}
Epoch: 18, time: 19.245306253433228
第18Epoch的精度为：{'acc': 0.37404580152671757, 'pur': 0.45038167938931295, 'nmi': 0.09597792656351747, 'ari': 0.06613106407123774}
Epoch: 19, time: 18.337046146392822
第19Epoch的精度为：{'acc': 0.3435114503816794, 'pur': 0.45038167938931295, 'nmi': 0.08961767812252738, 'ari': 0.03958054189207709}
Epoch: 20, time: 18.659777641296387
第20Epoch的精度为：{'acc': 0.3816793893129771, 'pur': 0.48091603053435117, 'nmi': 0.12594357420191785, 'ari': 0.1228674401085425}
Epoch: 21, time: 18.959543228149414
第21Epoch的精度为：{'acc': 0.33587786259541985, 'pur': 0.45038167938931295, 'nmi': 0.06826715963202626, 'ari': 0.04489240131039517}
Epoch: 22, time: 18.87820816040039
第22Epoch的精度为：{'acc': 0.3282442748091603, 'pur': 0.4351145038167939, 'nmi': 0.0445848508864638, 'ari': 0.02458375513919678}
Epoch: 23, time: 19.285057067871094
第23Epoch的精度为：{'acc': 0.3435114503816794, 'pur': 0.4351145038167939, 'nmi': 0.09070948037298304, 'ari': 0.03045426232635037}
Epoch: 24, time: 18.420599937438965
第24Epoch的精度为：{'acc': 0.33587786259541985, 'pur': 0.44274809160305345, 'nmi': 0.10581768435431127, 'ari': 0.0366200613735175}
Epoch: 25, time: 18.8856520652771
第25Epoch的精度为：{'acc': 0.32061068702290074, 'pur': 0.45038167938931295, 'nmi': 0.1109004621634712, 'ari': 0.034274332738324885}
Epoch: 26, time: 18.46560764312744
第26Epoch的精度为：{'acc': 0.32061068702290074, 'pur': 0.44274809160305345, 'nmi': 0.07864827362728564, 'ari': 0.016257626506646826}
Epoch: 27, time: 20.10756540298462
第27Epoch的精度为：{'acc': 0.3282442748091603, 'pur': 0.4351145038167939, 'nmi': 0.04982982286421621, 'ari': 0.009170183113313461}
Epoch: 28, time: 18.954535245895386
第28Epoch的精度为：{'acc': 0.3893129770992366, 'pur': 0.46564885496183206, 'nmi': 0.08315402076903752, 'ari': 0.053216243635923643}
Epoch: 29, time: 19.526275634765625
第29Epoch的精度为：{'acc': 0.29770992366412213, 'pur': 0.4580152671755725, 'nmi': 0.07309610385768384, 'ari': 0.03085216546592579}
Epoch: 30, time: 19.003719568252563
第30Epoch的精度为：{'acc': 0.3511450381679389, 'pur': 0.44274809160305345, 'nmi': 0.0880415040799617, 'ari': 0.040412237593068}
最终精度为：{'acc': 0.3511450381679389, 'pur': 0.44274809160305345, 'nmi': 0.08804150407996171, 'ari': 0.040412237593068}
==================================================
EigenWorms
Epoch: 1, time: 16.815415382385254
第1Epoch的精度为：{'acc': 0.37404580152671757, 'pur': 0.44274809160305345, 'nmi': 0.07630480466253076, 'ari': 0.05609865308048843}
Epoch: 2, time: 17.528425216674805
第2Epoch的精度为：{'acc': 0.37404580152671757, 'pur': 0.48854961832061067, 'nmi': 0.12530853232127548, 'ari': 0.08136384571619511}
Epoch: 3, time: 17.288548231124878
第3Epoch的精度为：{'acc': 0.3816793893129771, 'pur': 0.4961832061068702, 'nmi': 0.13738140438374424, 'ari': 0.09507829405584144}
Epoch: 4, time: 17.677016973495483
第4Epoch的精度为：{'acc': 0.37404580152671757, 'pur': 0.4732824427480916, 'nmi': 0.1078719696478742, 'ari': 0.059722195025884314}
Epoch: 5, time: 17.10271668434143
第5Epoch的精度为：{'acc': 0.42748091603053434, 'pur': 0.46564885496183206, 'nmi': 0.10706217529244777, 'ari': 0.13125419068766025}
Epoch: 6, time: 17.19937014579773
第6Epoch的精度为：{'acc': 0.44274809160305345, 'pur': 0.46564885496183206, 'nmi': 0.1403744760570064, 'ari': 0.12599435463176803}
Epoch: 7, time: 17.024636030197144
第7Epoch的精度为：{'acc': 0.3893129770992366, 'pur': 0.48091603053435117, 'nmi': 0.11099564185499307, 'ari': 0.09229050654471412}
Epoch: 8, time: 17.756409645080566
第8Epoch的精度为：{'acc': 0.3816793893129771, 'pur': 0.4732824427480916, 'nmi': 0.13985901899758138, 'ari': 0.1100365052139725}
Epoch: 9, time: 17.511847496032715
第9Epoch的精度为：{'acc': 0.4198473282442748, 'pur': 0.46564885496183206, 'nmi': 0.12059233558473514, 'ari': 0.09502635417360186}
Epoch: 10, time: 17.246123790740967
第10Epoch的精度为：{'acc': 0.366412213740458, 'pur': 0.48091603053435117, 'nmi': 0.11734271672313061, 'ari': 0.06968982187572034}
Epoch: 11, time: 17.245561599731445
第11Epoch的精度为：{'acc': 0.35877862595419846, 'pur': 0.4580152671755725, 'nmi': 0.07809817446226652, 'ari': 0.05903927653160741}
Epoch: 12, time: 17.503770351409912
第12Epoch的精度为：{'acc': 0.2900763358778626, 'pur': 0.4351145038167939, 'nmi': 0.045904926505916974, 'ari': 0.015251654717605326}
Epoch: 13, time: 17.56812834739685
第13Epoch的精度为：{'acc': 0.37404580152671757, 'pur': 0.4732824427480916, 'nmi': 0.12872235748814154, 'ari': 0.08269932300875593}
Epoch: 14, time: 18.53299880027771
第14Epoch的精度为：{'acc': 0.4198473282442748, 'pur': 0.48091603053435117, 'nmi': 0.1389044447810486, 'ari': 0.10157444327712871}
Epoch: 15, time: 16.978355646133423
第15Epoch的精度为：{'acc': 0.3282442748091603, 'pur': 0.46564885496183206, 'nmi': 0.07823642882119618, 'ari': 0.026104153170661483}
Epoch: 16, time: 17.279878854751587
第16Epoch的精度为：{'acc': 0.33587786259541985, 'pur': 0.4732824427480916, 'nmi': 0.10065108017262447, 'ari': 0.06324040389852742}
Epoch: 17, time: 17.658684492111206
第17Epoch的精度为：{'acc': 0.4198473282442748, 'pur': 0.48091603053435117, 'nmi': 0.14097791315367786, 'ari': 0.0798435632500937}
Epoch: 18, time: 17.179643630981445
第18Epoch的精度为：{'acc': 0.35877862595419846, 'pur': 0.4732824427480916, 'nmi': 0.12321709050165931, 'ari': 0.08299111765942421}
Epoch: 19, time: 17.49989104270935
第19Epoch的精度为：{'acc': 0.3893129770992366, 'pur': 0.4732824427480916, 'nmi': 0.14309677313719302, 'ari': 0.07929900090474702}
Epoch: 20, time: 17.345035791397095
第20Epoch的精度为：{'acc': 0.40458015267175573, 'pur': 0.46564885496183206, 'nmi': 0.11608276737771414, 'ari': 0.08470699897654048}
Epoch: 21, time: 17.396576642990112
第21Epoch的精度为：{'acc': 0.3511450381679389, 'pur': 0.45038167938931295, 'nmi': 0.09813686629449565, 'ari': 0.054987765208104555}
Epoch: 22, time: 17.77391219139099
第22Epoch的精度为：{'acc': 0.3893129770992366, 'pur': 0.4961832061068702, 'nmi': 0.14039387296193342, 'ari': 0.10372679431458635}
Epoch: 23, time: 17.578338384628296
第23Epoch的精度为：{'acc': 0.3511450381679389, 'pur': 0.46564885496183206, 'nmi': 0.10467213879156519, 'ari': 0.06245725616873301}
Epoch: 24, time: 17.53177809715271
第24Epoch的精度为：{'acc': 0.366412213740458, 'pur': 0.4961832061068702, 'nmi': 0.13949285117875412, 'ari': 0.09305583280895027}
Epoch: 25, time: 17.48967742919922
第25Epoch的精度为：{'acc': 0.366412213740458, 'pur': 0.4580152671755725, 'nmi': 0.14204066732317336, 'ari': 0.06724143372549868}
Epoch: 26, time: 17.379281044006348
第26Epoch的精度为：{'acc': 0.3969465648854962, 'pur': 0.4961832061068702, 'nmi': 0.1510262088997385, 'ari': 0.10395958713561185}
Epoch: 27, time: 18.22500443458557
第27Epoch的精度为：{'acc': 0.37404580152671757, 'pur': 0.4580152671755725, 'nmi': 0.14477391778068946, 'ari': 0.0793912958533125}
Epoch: 28, time: 17.9887957572937
第28Epoch的精度为：{'acc': 0.3969465648854962, 'pur': 0.4732824427480916, 'nmi': 0.10847102883205201, 'ari': 0.09950126588264555}
Epoch: 29, time: 17.849106788635254
第29Epoch的精度为：{'acc': 0.35877862595419846, 'pur': 0.4580152671755725, 'nmi': 0.10217026393940327, 'ari': 0.0768129817520617}
Epoch: 30, time: 17.815834045410156
第30Epoch的精度为：{'acc': 0.37404580152671757, 'pur': 0.48091603053435117, 'nmi': 0.0979454310868256, 'ari': 0.05892357983802385}
最终精度为：{'acc': 0.3816793893129771, 'pur': 0.48854961832061067, 'nmi': 0.10339002539005018, 'ari': 0.07693578550612729}
==================================================
 
 
