Epilepsy
Epoch: 1, time: 1.540776252746582
第1Epoch的精度为：{'acc': 0.5507246376811594, 'pur': 0.5507246376811594, 'nmi': 0.3120674977763855, 'ari': 0.2086960770904632}
Epoch: 2, time: 0.6684648990631104
第2Epoch的精度为：{'acc': 0.5942028985507246, 'pur': 0.5942028985507246, 'nmi': 0.27292186348137665, 'ari': 0.2172689570585484}
Epoch: 3, time: 0.7507665157318115
第3Epoch的精度为：{'acc': 0.4782608695652174, 'pur': 0.4782608695652174, 'nmi': 0.14586928904275495, 'ari': 0.08236897361950743}
Epoch: 4, time: 0.7010455131530762
第4Epoch的精度为：{'acc': 0.4492753623188406, 'pur': 0.4492753623188406, 'nmi': 0.16585508185826117, 'ari': 0.09669738076890863}
Epoch: 5, time: 0.7361414432525635
第5Epoch的精度为：{'acc': 0.41304347826086957, 'pur': 0.43478260869565216, 'nmi': 0.1098242561051819, 'ari': 0.0823769711272495}
Epoch: 6, time: 0.8051860332489014
第6Epoch的精度为：{'acc': 0.4492753623188406, 'pur': 0.47101449275362317, 'nmi': 0.16593687778230154, 'ari': 0.10885093872313392}
Epoch: 7, time: 0.6292750835418701
第7Epoch的精度为：{'acc': 0.5579710144927537, 'pur': 0.5579710144927537, 'nmi': 0.3008462534998787, 'ari': 0.1850163171605866}
Epoch: 8, time: 0.6357460021972656
第8Epoch的精度为：{'acc': 0.5072463768115942, 'pur': 0.5072463768115942, 'nmi': 0.1799613045655999, 'ari': 0.11919199222399696}
Epoch: 9, time: 0.7039482593536377
第9Epoch的精度为：{'acc': 0.3188405797101449, 'pur': 0.34057971014492755, 'nmi': 0.0604366855990743, 'ari': 0.007140154425348433}
Epoch: 10, time: 0.6849324703216553
第10Epoch的精度为：{'acc': 0.3695652173913043, 'pur': 0.391304347826087, 'nmi': 0.11837058767282897, 'ari': 0.026694342289485053}
Epoch: 11, time: 0.5760135650634766
第11Epoch的精度为：{'acc': 0.37681159420289856, 'pur': 0.4057971014492754, 'nmi': 0.13852470848736487, 'ari': 0.040138248802513626}
Epoch: 12, time: 0.7345247268676758
第12Epoch的精度为：{'acc': 0.45652173913043476, 'pur': 0.463768115942029, 'nmi': 0.22365399126075353, 'ari': 0.13567440478348866}
Epoch: 13, time: 0.744518518447876
第13Epoch的精度为：{'acc': 0.4492753623188406, 'pur': 0.47101449275362317, 'nmi': 0.2227665415477276, 'ari': 0.13737619837189288}
Epoch: 14, time: 0.602165699005127
第14Epoch的精度为：{'acc': 0.4420289855072464, 'pur': 0.47101449275362317, 'nmi': 0.2562407736890606, 'ari': 0.13436251238088734}
Epoch: 15, time: 0.8076508045196533
第15Epoch的精度为：{'acc': 0.47101449275362317, 'pur': 0.4782608695652174, 'nmi': 0.21895173359994888, 'ari': 0.13819364627662173}
Epoch: 16, time: 0.6832759380340576
第16Epoch的精度为：{'acc': 0.43478260869565216, 'pur': 0.463768115942029, 'nmi': 0.2172531365330131, 'ari': 0.11721938517032443}
Epoch: 17, time: 0.6948506832122803
第17Epoch的精度为：{'acc': 0.3695652173913043, 'pur': 0.4057971014492754, 'nmi': 0.16908667220765067, 'ari': 0.045812121446411856}
Epoch: 18, time: 0.7173056602478027
第18Epoch的精度为：{'acc': 0.34782608695652173, 'pur': 0.38405797101449274, 'nmi': 0.11543795162579784, 'ari': 0.02595729287434597}
Epoch: 19, time: 0.8505752086639404
第19Epoch的精度为：{'acc': 0.38405797101449274, 'pur': 0.42028985507246375, 'nmi': 0.16638403401209886, 'ari': 0.05523142773208059}
Epoch: 20, time: 0.6909589767456055
第20Epoch的精度为：{'acc': 0.38405797101449274, 'pur': 0.4057971014492754, 'nmi': 0.184700958010564, 'ari': 0.046843372184931543}
Epoch: 21, time: 0.6464922428131104
第21Epoch的精度为：{'acc': 0.38405797101449274, 'pur': 0.4057971014492754, 'nmi': 0.14452248879079618, 'ari': 0.04426351009939438}
Epoch: 22, time: 0.6169118881225586
第22Epoch的精度为：{'acc': 0.391304347826087, 'pur': 0.41304347826086957, 'nmi': 0.16406518071335666, 'ari': 0.05478908572101801}
Epoch: 23, time: 0.6178908348083496
第23Epoch的精度为：{'acc': 0.37681159420289856, 'pur': 0.41304347826086957, 'nmi': 0.15783911459933042, 'ari': 0.051245734231542786}
Epoch: 24, time: 0.7666244506835938
第24Epoch的精度为：{'acc': 0.3333333333333333, 'pur': 0.36231884057971014, 'nmi': 0.1175675784395062, 'ari': 0.01630111737703608}
Epoch: 25, time: 0.4726276397705078
第25Epoch的精度为：{'acc': 0.32608695652173914, 'pur': 0.35507246376811596, 'nmi': 0.13982085927783985, 'ari': 0.011634715805498026}
Epoch: 26, time: 0.6423799991607666
第26Epoch的精度为：{'acc': 0.3333333333333333, 'pur': 0.34782608695652173, 'nmi': 0.12099472639673853, 'ari': 0.010041092322436914}
Epoch: 27, time: 0.7579848766326904
第27Epoch的精度为：{'acc': 0.37681159420289856, 'pur': 0.38405797101449274, 'nmi': 0.11750382008026723, 'ari': 0.024961500374328854}
Epoch: 28, time: 0.7704174518585205
第28Epoch的精度为：{'acc': 0.32608695652173914, 'pur': 0.34057971014492755, 'nmi': 0.1100070028258776, 'ari': 0.007323209819288657}
Epoch: 29, time: 0.7207686901092529
第29Epoch的精度为：{'acc': 0.2971014492753623, 'pur': 0.3188405797101449, 'nmi': 0.08476511824166118, 'ari': 0.0013037275680609585}
Epoch: 30, time: 0.7546939849853516
第30Epoch的精度为：{'acc': 0.32608695652173914, 'pur': 0.34057971014492755, 'nmi': 0.1100070028258776, 'ari': 0.007323209819288657}
最终精度为：{'acc': 0.32608695652173914, 'pur': 0.34057971014492755, 'nmi': 0.11000700282587758, 'ari': 0.007323209819288657}
==================================================
 
 
