ERing
Epoch: 1, time: 2.0344841480255127
第1Epoch的精度为：{'acc': 0.4185185185185185, 'pur': 0.4703703703703704, 'nmi': 0.3827214120580572, 'ari': 0.22585852913822452}
Epoch: 2, time: 0.6027371883392334
第2Epoch的精度为：{'acc': 0.6185185185185185, 'pur': 0.6185185185185185, 'nmi': 0.5665672819425498, 'ari': 0.420540328832907}
Epoch: 3, time: 0.3889434337615967
第3Epoch的精度为：{'acc': 0.5444444444444444, 'pur': 0.6148148148148148, 'nmi': 0.5425903379429134, 'ari': 0.3778558389304424}
Epoch: 4, time: 0.37459254264831543
第4Epoch的精度为：{'acc': 0.5111111111111111, 'pur': 0.5703703703703704, 'nmi': 0.49973065291124225, 'ari': 0.33224307832564465}
Epoch: 5, time: 0.3184981346130371
第5Epoch的精度为：{'acc': 0.5814814814814815, 'pur': 0.6592592592592592, 'nmi': 0.5719875849339062, 'ari': 0.42903302061489207}
Epoch: 6, time: 0.364825963973999
第6Epoch的精度为：{'acc': 0.5555555555555556, 'pur': 0.6296296296296297, 'nmi': 0.615789201684054, 'ari': 0.4404912723849582}
Epoch: 7, time: 0.36876964569091797
第7Epoch的精度为：{'acc': 0.5777777777777777, 'pur': 0.6555555555555556, 'nmi': 0.5964230395928226, 'ari': 0.4331194735055191}
Epoch: 8, time: 0.3779895305633545
第8Epoch的精度为：{'acc': 0.6444444444444445, 'pur': 0.6444444444444445, 'nmi': 0.5722621588341411, 'ari': 0.47030352272877984}
Epoch: 9, time: 0.3961479663848877
第9Epoch的精度为：{'acc': 0.6444444444444445, 'pur': 0.6555555555555556, 'nmi': 0.5974302059719215, 'ari': 0.4860758876141869}
Epoch: 10, time: 0.3339841365814209
第10Epoch的精度为：{'acc': 0.6185185185185185, 'pur': 0.6296296296296297, 'nmi': 0.5753742832021059, 'ari': 0.43984968833238164}
Epoch: 11, time: 0.4272952079772949
第11Epoch的精度为：{'acc': 0.5407407407407407, 'pur': 0.6259259259259259, 'nmi': 0.5611775181568711, 'ari': 0.39400379744658637}
Epoch: 12, time: 0.38825297355651855
第12Epoch的精度为：{'acc': 0.5925925925925926, 'pur': 0.662962962962963, 'nmi': 0.5941877817872188, 'ari': 0.42943642419166056}
Epoch: 13, time: 0.38332343101501465
第13Epoch的精度为：{'acc': 0.5888888888888889, 'pur': 0.662962962962963, 'nmi': 0.5890064089934555, 'ari': 0.4259493169993784}
Epoch: 14, time: 0.305342435836792
第14Epoch的精度为：{'acc': 0.5740740740740741, 'pur': 0.6518518518518519, 'nmi': 0.5489920540011988, 'ari': 0.404702865411912}
Epoch: 15, time: 0.36081457138061523
第15Epoch的精度为：{'acc': 0.5777777777777777, 'pur': 0.6481481481481481, 'nmi': 0.5500012653774137, 'ari': 0.404255672994902}
Epoch: 16, time: 0.3714423179626465
第16Epoch的精度为：{'acc': 0.674074074074074, 'pur': 0.674074074074074, 'nmi': 0.5756828605952189, 'ari': 0.49155302974079307}
Epoch: 17, time: 0.38812899589538574
第17Epoch的精度为：{'acc': 0.5703703703703704, 'pur': 0.6481481481481481, 'nmi': 0.572743702813218, 'ari': 0.4033468769840671}
Epoch: 18, time: 0.49018359184265137
第18Epoch的精度为：{'acc': 0.5814814814814815, 'pur': 0.6555555555555556, 'nmi': 0.5803950878881368, 'ari': 0.4152294257667533}
Epoch: 19, time: 0.3984038829803467
第19Epoch的精度为：{'acc': 0.6407407407407407, 'pur': 0.6407407407407407, 'nmi': 0.564641273147961, 'ari': 0.46663064748132077}
Epoch: 20, time: 0.3769247531890869
第20Epoch的精度为：{'acc': 0.5888888888888889, 'pur': 0.6666666666666666, 'nmi': 0.5588223649364572, 'ari': 0.4183309232783059}
Epoch: 21, time: 0.38843488693237305
第21Epoch的精度为：{'acc': 0.5666666666666667, 'pur': 0.6407407407407407, 'nmi': 0.5634174182447212, 'ari': 0.3974848842460572}
Epoch: 22, time: 0.4023551940917969
第22Epoch的精度为：{'acc': 0.6, 'pur': 0.6666666666666666, 'nmi': 0.563590414300765, 'ari': 0.42377566444180964}
Epoch: 23, time: 0.37357330322265625
第23Epoch的精度为：{'acc': 0.5962962962962963, 'pur': 0.6703703703703704, 'nmi': 0.5780280925372666, 'ari': 0.4307961552374122}
Epoch: 24, time: 0.38509106636047363
第24Epoch的精度为：{'acc': 0.7148148148148148, 'pur': 0.7148148148148148, 'nmi': 0.6130479390914476, 'ari': 0.5262280059117029}
Epoch: 25, time: 0.4384281635284424
第25Epoch的精度为：{'acc': 0.6148148148148148, 'pur': 0.6814814814814815, 'nmi': 0.5810523764725983, 'ari': 0.44669330535211466}
Epoch: 26, time: 0.43148279190063477
第26Epoch的精度为：{'acc': 0.7148148148148148, 'pur': 0.7148148148148148, 'nmi': 0.5932900272012803, 'ari': 0.5193022096545913}
Epoch: 27, time: 0.37622642517089844
第27Epoch的精度为：{'acc': 0.7407407407407407, 'pur': 0.7407407407407407, 'nmi': 0.6269946018705314, 'ari': 0.5510803749101341}
Epoch: 28, time: 0.3590123653411865
第28Epoch的精度为：{'acc': 0.7333333333333333, 'pur': 0.7333333333333333, 'nmi': 0.6244783953694875, 'ari': 0.542648457842841}
Epoch: 29, time: 0.338132381439209
第29Epoch的精度为：{'acc': 0.7444444444444445, 'pur': 0.7444444444444445, 'nmi': 0.6374269438250068, 'ari': 0.5649222221029911}
Epoch: 30, time: 0.35938334465026855
第30Epoch的精度为：{'acc': 0.7444444444444445, 'pur': 0.7444444444444445, 'nmi': 0.6211262667794435, 'ari': 0.558659205479756}
最终精度为：{'acc': 0.7407407407407407, 'pur': 0.7407407407407407, 'nmi': 0.617282173095494, 'ari': 0.5541423273715929}
==================================================
 
 
