EthanolConcentration
Epoch: 1, time: 2.2961554527282715
第1Epoch的精度为：{'acc': 0.29277566539923955, 'pur': 0.3041825095057034, 'nmi': 0.011447459191690925, 'ari': -0.0018719873034096762}
Epoch: 2, time: 2.3812620639801025
第2Epoch的精度为：{'acc': 0.3041825095057034, 'pur': 0.3155893536121673, 'nmi': 0.019615362394774925, 'ari': 0.0073440541952638945}
Epoch: 3, time: 2.599026679992676
第3Epoch的精度为：{'acc': 0.30798479087452474, 'pur': 0.30798479087452474, 'nmi': 0.013837745846415542, 'ari': 0.0006910692308541797}
Epoch: 4, time: 2.7322006225585938
第4Epoch的精度为：{'acc': 0.33079847908745247, 'pur': 0.33460076045627374, 'nmi': 0.05936096644690316, 'ari': 0.026937568898230888}
Epoch: 5, time: 2.696960687637329
第5Epoch的精度为：{'acc': 0.29277566539923955, 'pur': 0.2965779467680608, 'nmi': 0.009509592033098892, 'ari': -0.0045498914185301215}
Epoch: 6, time: 2.4726932048797607
第6Epoch的精度为：{'acc': 0.30038022813688214, 'pur': 0.30038022813688214, 'nmi': 0.010762731038532031, 'ari': -0.004026895387929343}
Epoch: 7, time: 2.3786604404449463
第7Epoch的精度为：{'acc': 0.33460076045627374, 'pur': 0.34220532319391633, 'nmi': 0.02602823264430633, 'ari': 0.009631903008236721}
Epoch: 8, time: 1.7931525707244873
第8Epoch的精度为：{'acc': 0.30798479087452474, 'pur': 0.311787072243346, 'nmi': 0.019466370981033296, 'ari': 0.0019435318333210815}
Epoch: 9, time: 2.7111642360687256
第9Epoch的精度为：{'acc': 0.3041825095057034, 'pur': 0.3155893536121673, 'nmi': 0.014540579469313935, 'ari': 0.002549861678888456}
Epoch: 10, time: 2.4984898567199707
第10Epoch的精度为：{'acc': 0.2965779467680608, 'pur': 0.311787072243346, 'nmi': 0.03151521666522705, 'ari': 0.006892540858645841}
Epoch: 11, time: 2.486124038696289
第11Epoch的精度为：{'acc': 0.27756653992395436, 'pur': 0.2813688212927757, 'nmi': 0.00842828471635383, 'ari': -0.004222602856828978}
Epoch: 12, time: 2.6909353733062744
第12Epoch的精度为：{'acc': 0.3041825095057034, 'pur': 0.3041825095057034, 'nmi': 0.010441926875957365, 'ari': -0.0034589363784964773}
Epoch: 13, time: 2.6715705394744873
第13Epoch的精度为：{'acc': 0.29277566539923955, 'pur': 0.29277566539923955, 'nmi': 0.014572528301607282, 'ari': -0.0007427921764946925}
Epoch: 14, time: 2.6040780544281006
第14Epoch的精度为：{'acc': 0.3231939163498099, 'pur': 0.3231939163498099, 'nmi': 0.016351728174752257, 'ari': 0.0026179272865354047}
Epoch: 15, time: 2.4776148796081543
第15Epoch的精度为：{'acc': 0.3193916349809886, 'pur': 0.3193916349809886, 'nmi': 0.016173339503758363, 'ari': 0.0038234574456624242}
Epoch: 16, time: 2.5622670650482178
第16Epoch的精度为：{'acc': 0.2965779467680608, 'pur': 0.30798479087452474, 'nmi': 0.016121936738334085, 'ari': 0.0010304057409646651}
Epoch: 17, time: 2.6192054748535156
第17Epoch的精度为：{'acc': 0.3041825095057034, 'pur': 0.30798479087452474, 'nmi': 0.017310710188712705, 'ari': 0.0021333765409594792}
Epoch: 18, time: 2.4596965312957764
第18Epoch的精度为：{'acc': 0.311787072243346, 'pur': 0.311787072243346, 'nmi': 0.01591742002783235, 'ari': 0.001075836863046642}
Epoch: 19, time: 2.563978672027588
第19Epoch的精度为：{'acc': 0.3193916349809886, 'pur': 0.3193916349809886, 'nmi': 0.014353763004951961, 'ari': 0.0012484488617254456}
Epoch: 20, time: 2.5626864433288574
第20Epoch的精度为：{'acc': 0.3231939163498099, 'pur': 0.3231939163498099, 'nmi': 0.014043970020401168, 'ari': 0.0015451071752933193}
Epoch: 21, time: 2.0351524353027344
第21Epoch的精度为：{'acc': 0.2965779467680608, 'pur': 0.30798479087452474, 'nmi': 0.018633370531516646, 'ari': 0.0016225710193104913}
Epoch: 22, time: 2.8663134574890137
第22Epoch的精度为：{'acc': 0.311787072243346, 'pur': 0.311787072243346, 'nmi': 0.014565809158531472, 'ari': 0.0010144159781787852}
Epoch: 23, time: 2.685992956161499
第23Epoch的精度为：{'acc': 0.30038022813688214, 'pur': 0.3041825095057034, 'nmi': 0.016485402512660514, 'ari': 0.0009389769942560344}
Epoch: 24, time: 2.781925678253174
第24Epoch的精度为：{'acc': 0.3041825095057034, 'pur': 0.3041825095057034, 'nmi': 0.021945906404900305, 'ari': 0.003150849553004585}
Epoch: 25, time: 2.4768316745758057
第25Epoch的精度为：{'acc': 0.3231939163498099, 'pur': 0.3231939163498099, 'nmi': 0.013925188767118738, 'ari': 0.0011621749648712677}
Epoch: 26, time: 1.7556474208831787
第26Epoch的精度为：{'acc': 0.3231939163498099, 'pur': 0.3231939163498099, 'nmi': 0.01898646548750638, 'ari': 0.0030046414121756935}
Epoch: 27, time: 2.041827917098999
第27Epoch的精度为：{'acc': 0.33460076045627374, 'pur': 0.33460076045627374, 'nmi': 0.01590382176341647, 'ari': 0.003968876948939075}
Epoch: 28, time: 2.29974365234375
第28Epoch的精度为：{'acc': 0.3269961977186312, 'pur': 0.3269961977186312, 'nmi': 0.0171216540687535, 'ari': 0.0052837789690663465}
Epoch: 29, time: 1.8421952724456787
第29Epoch的精度为：{'acc': 0.30798479087452474, 'pur': 0.30798479087452474, 'nmi': 0.013516336695253976, 'ari': -0.00041730445969930603}
Epoch: 30, time: 2.279237747192383
第30Epoch的精度为：{'acc': 0.3041825095057034, 'pur': 0.3041825095057034, 'nmi': 0.012116093448227254, 'ari': -0.002061714452256913}
最终精度为：{'acc': 0.3041825095057034, 'pur': 0.3041825095057034, 'nmi': 0.012116093448227255, 'ari': -0.002061714452256913}
==================================================
 
 
