FaceDetection
Epoch: 1, time: 17.908398628234863
第1Epoch的精度为：{'acc': 0.5005675368898979, 'pur': 0.5005675368898979, 'nmi': 0.0002026453983815816, 'ari': -1.2832758610126314e-06}
Epoch: 2, time: 17.58230972290039
第2Epoch的精度为：{'acc': 0.5017026106696936, 'pur': 0.5017026106696936, 'nmi': 0.0009101262512669301, 'ari': 6.4639381329463305e-06}
Epoch: 3, time: 17.50690460205078
第3Epoch的精度为：{'acc': 0.5005675368898979, 'pur': 0.5005675368898979, 'nmi': 0.0002026453983815816, 'ari': -1.2832758610126314e-06}
Epoch: 4, time: 17.694661855697632
第4Epoch的精度为：{'acc': 0.5008513053348468, 'pur': 0.5008513053348468, 'nmi': 0.0007780908604803043, 'ari': 1.290223105656455e-06}
Epoch: 5, time: 17.292186498641968
第5Epoch的精度为：{'acc': 0.5014188422247446, 'pur': 0.5014188422247446, 'nmi': 0.0006718288575211616, 'ari': 3.240196524366682e-06}
Epoch: 6, time: 17.358131885528564
第6Epoch的精度为：{'acc': 0.5002837684449489, 'pur': 0.5002837684449489, 'nmi': 0.00013786055535073506, 'ari': -6.436483010273298e-07}
Epoch: 7, time: 17.445884466171265
第7Epoch的精度为：{'acc': 0.5005675368898979, 'pur': 0.5005675368898979, 'nmi': 0.0011277143133647737, 'ari': 6.443795122332492e-07}
Epoch: 8, time: 18.400241136550903
第8Epoch的精度为：{'acc': 0.5002837684449489, 'pur': 0.5002837684449489, 'nmi': 0.0005655306719979902, 'ari': 0.0}
Epoch: 9, time: 17.143880605697632
第9Epoch的精度为：{'acc': 0.5002837684449489, 'pur': 0.5002837684449489, 'nmi': 0.0005655306719979902, 'ari': 0.0}
Epoch: 10, time: 17.85130000114441
第10Epoch的精度为：{'acc': 0.5, 'pur': 0.5, 'nmi': 0.0, 'ari': -6.440138030889625e-07}
Epoch: 11, time: 18.293545961380005
第11Epoch的精度为：{'acc': 0.5, 'pur': 0.5, 'nmi': 0.0, 'ari': -1.2872970159848459e-06}
Epoch: 12, time: 17.455514669418335
第12Epoch的精度为：{'acc': 0.5, 'pur': 0.5, 'nmi': 2.5171433293094863e-15, 'ari': -1.9298496358661914e-06}
Epoch: 13, time: 17.21892261505127
第13Epoch的精度为：{'acc': 0.5005675368898979, 'pur': 0.5005675368898979, 'nmi': 0.0011277143133647737, 'ari': 6.443795122332492e-07}
Epoch: 14, time: 16.550359964370728
第14Epoch的精度为：{'acc': 0.5002837684449489, 'pur': 0.5002837684449489, 'nmi': 0.00013786055535073506, 'ari': -6.436483010273298e-07}
Epoch: 15, time: 16.824281454086304
第15Epoch的精度为：{'acc': 0.5002837684449489, 'pur': 0.5002837684449489, 'nmi': 0.0005655306719979902, 'ari': 0.0}
Epoch: 16, time: 16.820286989212036
第16Epoch的精度为：{'acc': 0.5008513053348468, 'pur': 0.5008513053348468, 'nmi': 0.0016869407214007046, 'ari': 1.9331391586536732e-06}
Epoch: 17, time: 16.736573457717896
第17Epoch的精度为：{'acc': 0.5002837684449489, 'pur': 0.5002837684449489, 'nmi': 0.0005655306719979902, 'ari': 0.0}
Epoch: 18, time: 16.660704612731934
第18Epoch的精度为：{'acc': 0.5017026106696936, 'pur': 0.5017026106696936, 'nmi': 0.0004079687952550834, 'ari': 7.467856933933213e-07}
Epoch: 19, time: 17.235311031341553
第19Epoch的精度为：{'acc': 0.5005675368898979, 'pur': 0.5005675368898979, 'nmi': 0.0011277143133647737, 'ari': 6.443795122332492e-07}
Epoch: 20, time: 17.102517127990723
第20Epoch的精度为：{'acc': 0.5005675368898979, 'pur': 0.5005675368898979, 'nmi': 0.0011277143133647737, 'ari': 6.443795122332492e-07}
Epoch: 21, time: 16.64460802078247
第21Epoch的精度为：{'acc': 0.5008513053348468, 'pur': 0.5008513053348468, 'nmi': 0.00015302017229962495, 'ari': -4.463144380214936e-06}
Epoch: 22, time: 16.62911868095398
第22Epoch的精度为：{'acc': 0.5, 'pur': 0.5, 'nmi': 0.0, 'ari': -1.2872970159848459e-06}
Epoch: 23, time: 17.36823296546936
第23Epoch的精度为：{'acc': 0.5005675368898979, 'pur': 0.5005675368898979, 'nmi': 0.0002026453983815816, 'ari': -1.2832758610126314e-06}
Epoch: 24, time: 18.664959192276
第24Epoch的精度为：{'acc': 0.5008513053348468, 'pur': 0.5008513053348468, 'nmi': 0.0004079056388518219, 'ari': 6.58277939714796e-09}
Epoch: 25, time: 17.56300449371338
第25Epoch的精度为：{'acc': 0.5, 'pur': 0.5, 'nmi': 0.0, 'ari': -1.2872970159848459e-06}
Epoch: 26, time: 17.33064365386963
第26Epoch的精度为：{'acc': 0.5002837684449489, 'pur': 0.5002837684449489, 'nmi': 8.129185812264168e-05, 'ari': -1.2865660106857736e-06}
Epoch: 27, time: 17.031962871551514
第27Epoch的精度为：{'acc': 0.5002837684449489, 'pur': 0.5002837684449489, 'nmi': 0.0005655306719979902, 'ari': 0.0}
Epoch: 28, time: 17.561886310577393
第28Epoch的精度为：{'acc': 0.5002837684449489, 'pur': 0.5002837684449489, 'nmi': 0.00013786055535073506, 'ari': -6.436483010273298e-07}
Epoch: 29, time: 17.425866842269897
第29Epoch的精度为：{'acc': 0.5, 'pur': 0.5, 'nmi': 0.0, 'ari': -6.440138030889625e-07}
Epoch: 30, time: 18.680220365524292
第30Epoch的精度为：{'acc': 0.5002837684449489, 'pur': 0.5002837684449489, 'nmi': 0.0005655306719979902, 'ari': 0.0}
最终精度为：{'acc': 0.5002837684449489, 'pur': 0.5002837684449489, 'nmi': 0.0005655306719979902, 'ari': 0.0}
==================================================
 
 FaceDetection
Epoch: 1, time: 16.638447523117065
第1Epoch的精度为：{'acc': 0.5005675368898979, 'pur': 0.5005675368898979, 'nmi': 0.0002026453983815816, 'ari': -1.2832758610126314e-06}
Epoch: 2, time: 16.915619611740112
第2Epoch的精度为：{'acc': 0.5017026106696936, 'pur': 0.5017026106696936, 'nmi': 0.0009101262512669301, 'ari': 6.4639381329463305e-06}
Epoch: 3, time: 17.04098916053772
第3Epoch的精度为：{'acc': 0.5005675368898979, 'pur': 0.5005675368898979, 'nmi': 0.0002026453983815816, 'ari': -1.2832758610126314e-06}
Epoch: 4, time: 17.583409786224365
第4Epoch的精度为：{'acc': 0.5008513053348468, 'pur': 0.5008513053348468, 'nmi': 0.0007780908604803043, 'ari': 1.290223105656455e-06}
Epoch: 5, time: 18.151620626449585
第5Epoch的精度为：{'acc': 0.5014188422247446, 'pur': 0.5014188422247446, 'nmi': 0.0006718288575211616, 'ari': 3.240196524366682e-06}
Epoch: 6, time: 16.504176378250122
第6Epoch的精度为：{'acc': 0.5002837684449489, 'pur': 0.5002837684449489, 'nmi': 0.00013786055535073506, 'ari': -6.436483010273298e-07}
Epoch: 7, time: 18.34689712524414
第7Epoch的精度为：{'acc': 0.5005675368898979, 'pur': 0.5005675368898979, 'nmi': 0.0011277143133647737, 'ari': 6.443795122332492e-07}
Epoch: 8, time: 17.423421382904053
第8Epoch的精度为：{'acc': 0.5002837684449489, 'pur': 0.5002837684449489, 'nmi': 0.0005655306719979902, 'ari': 0.0}
Epoch: 9, time: 17.833693027496338
第9Epoch的精度为：{'acc': 0.5002837684449489, 'pur': 0.5002837684449489, 'nmi': 0.0005655306719979902, 'ari': 0.0}
Epoch: 10, time: 18.013890266418457
第10Epoch的精度为：{'acc': 0.5, 'pur': 0.5, 'nmi': 0.0, 'ari': -6.440138030889625e-07}
Epoch: 11, time: 16.712702989578247
第11Epoch的精度为：{'acc': 0.5, 'pur': 0.5, 'nmi': 0.0, 'ari': -1.2872970159848459e-06}
Epoch: 12, time: 16.709417581558228
第12Epoch的精度为：{'acc': 0.5, 'pur': 0.5, 'nmi': 2.5171433293094863e-15, 'ari': -1.9298496358661914e-06}
Epoch: 13, time: 17.0240216255188
第13Epoch的精度为：{'acc': 0.5005675368898979, 'pur': 0.5005675368898979, 'nmi': 0.0011277143133647737, 'ari': 6.443795122332492e-07}
Epoch: 14, time: 17.137224674224854
第14Epoch的精度为：{'acc': 0.5002837684449489, 'pur': 0.5002837684449489, 'nmi': 0.00013786055535073506, 'ari': -6.436483010273298e-07}
Epoch: 15, time: 16.758108615875244
第15Epoch的精度为：{'acc': 0.5002837684449489, 'pur': 0.5002837684449489, 'nmi': 0.0005655306719979902, 'ari': 0.0}
Epoch: 16, time: 17.65879225730896
第16Epoch的精度为：{'acc': 0.5008513053348468, 'pur': 0.5008513053348468, 'nmi': 0.0016869407214007046, 'ari': 1.9331391586536732e-06}
Epoch: 17, time: 16.994645357131958
第17Epoch的精度为：{'acc': 0.5002837684449489, 'pur': 0.5002837684449489, 'nmi': 0.0005655306719979902, 'ari': 0.0}
Epoch: 18, time: 17.0290687084198
第18Epoch的精度为：{'acc': 0.5017026106696936, 'pur': 0.5017026106696936, 'nmi': 0.0004079687952550834, 'ari': 7.467856933933213e-07}
Epoch: 19, time: 17.75932288169861
第19Epoch的精度为：{'acc': 0.5005675368898979, 'pur': 0.5005675368898979, 'nmi': 0.0011277143133647737, 'ari': 6.443795122332492e-07}
Epoch: 20, time: 17.102885246276855
第20Epoch的精度为：{'acc': 0.5005675368898979, 'pur': 0.5005675368898979, 'nmi': 0.0011277143133647737, 'ari': 6.443795122332492e-07}
Epoch: 21, time: 16.78340721130371
第21Epoch的精度为：{'acc': 0.5008513053348468, 'pur': 0.5008513053348468, 'nmi': 0.00015302017229962495, 'ari': -4.463144380214936e-06}
Epoch: 22, time: 17.963813304901123
第22Epoch的精度为：{'acc': 0.5, 'pur': 0.5, 'nmi': 0.0, 'ari': -1.2872970159848459e-06}
Epoch: 23, time: 17.478530168533325
第23Epoch的精度为：{'acc': 0.5005675368898979, 'pur': 0.5005675368898979, 'nmi': 0.0002026453983815816, 'ari': -1.2832758610126314e-06}
Epoch: 24, time: 16.717310190200806
第24Epoch的精度为：{'acc': 0.5008513053348468, 'pur': 0.5008513053348468, 'nmi': 0.0004079056388518219, 'ari': 6.58277939714796e-09}
Epoch: 25, time: 16.639323472976685
第25Epoch的精度为：{'acc': 0.5, 'pur': 0.5, 'nmi': 0.0, 'ari': -1.2872970159848459e-06}
Epoch: 26, time: 17.17915630340576
第26Epoch的精度为：{'acc': 0.5002837684449489, 'pur': 0.5002837684449489, 'nmi': 8.129185812264168e-05, 'ari': -1.2865660106857736e-06}
Epoch: 27, time: 17.63434863090515
第27Epoch的精度为：{'acc': 0.5002837684449489, 'pur': 0.5002837684449489, 'nmi': 0.0005655306719979902, 'ari': 0.0}
Epoch: 28, time: 17.74435257911682
第28Epoch的精度为：{'acc': 0.5002837684449489, 'pur': 0.5002837684449489, 'nmi': 0.00013786055535073506, 'ari': -6.436483010273298e-07}
Epoch: 29, time: 17.08787775039673
第29Epoch的精度为：{'acc': 0.5, 'pur': 0.5, 'nmi': 0.0, 'ari': -6.440138030889625e-07}
Epoch: 30, time: 17.16019344329834
第30Epoch的精度为：{'acc': 0.5002837684449489, 'pur': 0.5002837684449489, 'nmi': 0.0005655306719979902, 'ari': 0.0}
最终精度为：{'acc': 0.5002837684449489, 'pur': 0.5002837684449489, 'nmi': 0.0005655306719979902, 'ari': 0.0}
==================================================
 
 
FaceDetection
Epoch: 1, time: 18.525859594345093
第1Epoch的精度为：{'acc': 0.5005675368898979, 'pur': 0.5005675368898979, 'nmi': 5.530593920794964e-05, 'ari': -7.661304495549799e-06}
Epoch: 2, time: 18.683858633041382
第2Epoch的精度为：{'acc': 0.5017026106696936, 'pur': 0.5017026106696936, 'nmi': 0.0005421264194367978, 'ari': 3.280436188855415e-06}
Epoch: 3, time: 19.290566444396973
第3Epoch的精度为：{'acc': 0.5002837684449489, 'pur': 0.5002837684449489, 'nmi': 1.2422467456117604e-05, 'ari': -9.578011143008244e-06}
Epoch: 4, time: 19.95019769668579
第4Epoch的精度为：{'acc': 0.5005675368898979, 'pur': 0.5005675368898979, 'nmi': 0.0011277143133647737, 'ari': 6.443795122332492e-07}
Epoch: 5, time: 18.76940393447876
第5Epoch的精度为：{'acc': 0.5002837684449489, 'pur': 0.5002837684449489, 'nmi': 0.0005655306719979902, 'ari': 0.0}
Epoch: 6, time: 17.937525033950806
第6Epoch的精度为：{'acc': 0.5005675368898979, 'pur': 0.5005675368898979, 'nmi': 0.0011277143133647737, 'ari': 6.443795122332492e-07}
Epoch: 7, time: 18.74486541748047
第7Epoch的精度为：{'acc': 0.5011350737797957, 'pur': 0.5011350737797957, 'nmi': 0.0008392372077192724, 'ari': 2.5819115356936957e-06}
Epoch: 8, time: 17.695265293121338
第8Epoch的精度为：{'acc': 0.5005675368898979, 'pur': 0.5005675368898979, 'nmi': 0.0004234959353787668, 'ari': 1.0971281386234481e-09}
Epoch: 9, time: 18.158902883529663
第9Epoch的精度为：{'acc': 0.5, 'pur': 0.5, 'nmi': 0.0, 'ari': -6.440138030889625e-07}
Epoch: 10, time: 17.165019989013672
第10Epoch的精度为：{'acc': 0.5002837684449489, 'pur': 0.5002837684449489, 'nmi': 0.0005655306719979902, 'ari': 0.0}
Epoch: 11, time: 17.137181758880615
第11Epoch的精度为：{'acc': 0.5002837684449489, 'pur': 0.5002837684449489, 'nmi': 0.00013786055535073506, 'ari': -6.436483010273298e-07}
Epoch: 12, time: 17.654107809066772
第12Epoch的精度为：{'acc': 0.5002837684449489, 'pur': 0.5002837684449489, 'nmi': 0.0005655306719979902, 'ari': 0.0}
Epoch: 13, time: 16.674835920333862
第13Epoch的精度为：{'acc': 0.5002837684449489, 'pur': 0.5002837684449489, 'nmi': 4.455443810752755e-05, 'ari': -2.5702096446197704e-06}
Epoch: 14, time: 16.71203112602234
第14Epoch的精度为：{'acc': 0.5002837684449489, 'pur': 0.5002837684449489, 'nmi': 0.0005655306719979902, 'ari': 0.0}
Epoch: 15, time: 17.035340070724487
第15Epoch的精度为：{'acc': 0.5002837684449489, 'pur': 0.5002837684449489, 'nmi': 0.0005655306719979902, 'ari': 0.0}
Epoch: 16, time: 17.360790014266968
第16Epoch的精度为：{'acc': 0.5002837684449489, 'pur': 0.5002837684449489, 'nmi': 0.0005655306719979902, 'ari': 0.0}
Epoch: 17, time: 17.33029580116272
第17Epoch的精度为：{'acc': 0.5002837684449489, 'pur': 0.5002837684449489, 'nmi': 0.0005655306719979902, 'ari': 0.0}
Epoch: 18, time: 17.143139839172363
第18Epoch的精度为：{'acc': 0.5002837684449489, 'pur': 0.5002837684449489, 'nmi': 0.0005655306719979902, 'ari': 0.0}
Epoch: 19, time: 17.341997385025024
第19Epoch的精度为：{'acc': 0.5008513053348468, 'pur': 0.5008513053348468, 'nmi': 0.00023887705301911758, 'ari': -1.9133982184521986e-06}
Epoch: 20, time: 17.257609367370605
第20Epoch的精度为：{'acc': 0.5, 'pur': 0.5, 'nmi': 0.0, 'ari': -6.440138030889625e-07}
Epoch: 21, time: 17.40762710571289
第21Epoch的精度为：{'acc': 0.5, 'pur': 0.5, 'nmi': 0.0, 'ari': -6.440138030889625e-07}
Epoch: 22, time: 17.220508575439453
第22Epoch的精度为：{'acc': 0.5002837684449489, 'pur': 0.5002837684449489, 'nmi': 0.0005655306719979902, 'ari': 0.0}
Epoch: 23, time: 17.960564136505127
第23Epoch的精度为：{'acc': 0.5002837684449489, 'pur': 0.5002837684449489, 'nmi': 0.0005655306719979902, 'ari': 0.0}
Epoch: 24, time: 18.369253396987915
第24Epoch的精度为：{'acc': 0.5002837684449489, 'pur': 0.5002837684449489, 'nmi': 0.0005655306719979902, 'ari': 0.0}
Epoch: 25, time: 17.633508682250977
第25Epoch的精度为：{'acc': 0.5002837684449489, 'pur': 0.5002837684449489, 'nmi': 0.0005655306719979902, 'ari': 0.0}
Epoch: 26, time: 17.445846796035767
第26Epoch的精度为：{'acc': 0.5002837684449489, 'pur': 0.5002837684449489, 'nmi': 3.627963666159688e-05, 'ari': -3.2109355632652043e-06}
Epoch: 27, time: 16.940165519714355
第27Epoch的精度为：{'acc': 0.5002837684449489, 'pur': 0.5002837684449489, 'nmi': 0.0005655306719979902, 'ari': 0.0}
Epoch: 28, time: 17.11043381690979
第28Epoch的精度为：{'acc': 0.5005675368898979, 'pur': 0.5005675368898979, 'nmi': 7.851682365954074e-05, 'ari': -5.118860393651087e-06}
Epoch: 29, time: 17.608068466186523
第29Epoch的精度为：{'acc': 0.5002837684449489, 'pur': 0.5002837684449489, 'nmi': 0.0005655306719979902, 'ari': 0.0}
Epoch: 30, time: 17.57953715324402
第30Epoch的精度为：{'acc': 0.5002837684449489, 'pur': 0.5002837684449489, 'nmi': 0.0005655306719979902, 'ari': 0.0}
最终精度为：{'acc': 0.5002837684449489, 'pur': 0.5002837684449489, 'nmi': 0.0005655306719979902, 'ari': 0.0}
==================================================
 
 
