FingerMovements
Epoch: 1, time: 2.289275884628296
第1Epoch的精度为：{'acc': 0.58, 'pur': 0.58, 'nmi': 0.02279775532948479, 'ari': 0.016528217864177443}
Epoch: 2, time: 1.067521572113037
第2Epoch的精度为：{'acc': 0.52, 'pur': 0.52, 'nmi': 0.0033366128459253836, 'ari': -0.005270935455571975}
Epoch: 3, time: 1.067662239074707
第3Epoch的精度为：{'acc': 0.52, 'pur': 0.52, 'nmi': 0.0010074194589000857, 'ari': -0.005270935455571975}
Epoch: 4, time: 1.078392505645752
第4Epoch的精度为：{'acc': 0.52, 'pur': 0.52, 'nmi': 0.002411201668967824, 'ari': -0.006497362783352323}
Epoch: 5, time: 0.8976058959960938
第5Epoch的精度为：{'acc': 0.51, 'pur': 0.51, 'nmi': 0.03454656702015622, 'ari': -0.0007611255143543515}
Epoch: 6, time: 1.400829553604126
第6Epoch的精度为：{'acc': 0.51, 'pur': 0.51, 'nmi': 0.0015689487000915278, 'ari': -0.005760373721807317}
Epoch: 7, time: 1.5914626121520996
第7Epoch的精度为：{'acc': 0.54, 'pur': 0.54, 'nmi': 0.00951608230531738, 'ari': -0.0008756990818590608}
Epoch: 8, time: 1.852095127105713
第8Epoch的精度为：{'acc': 0.55, 'pur': 0.55, 'nmi': 0.013557985948230123, 'ari': 0.0025441078842430914}
Epoch: 9, time: 0.9811463356018066
第9Epoch的精度为：{'acc': 0.51, 'pur': 0.51, 'nmi': 0.03454656702015622, 'ari': -0.0007611255143543515}
Epoch: 10, time: 0.9569969177246094
第10Epoch的精度为：{'acc': 0.51, 'pur': 0.51, 'nmi': 0.03454656702015622, 'ari': -0.0007611255143543515}
Epoch: 11, time: 0.7753844261169434
第11Epoch的精度为：{'acc': 0.56, 'pur': 0.56, 'nmi': 0.048671474167519636, 'ari': 0.010245671163764708}
Epoch: 12, time: 1.0152840614318848
第12Epoch的精度为：{'acc': 0.51, 'pur': 0.51, 'nmi': 0.00021100857522817447, 'ari': -0.009542710829125833}
Epoch: 13, time: 1.0879504680633545
第13Epoch的精度为：{'acc': 0.54, 'pur': 0.54, 'nmi': 0.004570651498324633, 'ari': -0.0025993316004456}
Epoch: 14, time: 0.9179162979125977
第14Epoch的精度为：{'acc': 0.53, 'pur': 0.53, 'nmi': 0.0025298448894042085, 'ari': -0.004657922795222989}
Epoch: 15, time: 1.0953788757324219
第15Epoch的精度为：{'acc': 0.54, 'pur': 0.54, 'nmi': 0.004570651498324633, 'ari': -0.0025993316004456}
Epoch: 16, time: 0.998645544052124
第16Epoch的精度为：{'acc': 0.54, 'pur': 0.54, 'nmi': 0.0044437426698626555, 'ari': -0.0030704440029426924}
Epoch: 17, time: 1.076970100402832
第17Epoch的精度为：{'acc': 0.54, 'pur': 0.54, 'nmi': 0.0073599576460362075, 'ari': -0.002003224129829655}
Epoch: 18, time: 0.9303586483001709
第18Epoch的精度为：{'acc': 0.52, 'pur': 0.52, 'nmi': 0.0009394609197446284, 'ari': -0.00744280663233181}
Epoch: 19, time: 0.8509764671325684
第19Epoch的精度为：{'acc': 0.51, 'pur': 0.51, 'nmi': 0.0007165883248897054, 'ari': -0.008215661103979461}
Epoch: 20, time: 0.9662525653839111
第20Epoch的精度为：{'acc': 0.54, 'pur': 0.54, 'nmi': 0.006862999309650953, 'ari': -0.002316876515910735}
Epoch: 21, time: 0.9291338920593262
第21Epoch的精度为：{'acc': 0.51, 'pur': 0.51, 'nmi': 0.0007165883248897054, 'ari': -0.008215661103979461}
Epoch: 22, time: 1.0629539489746094
第22Epoch的精度为：{'acc': 0.51, 'pur': 0.51, 'nmi': 0.0005285762143507572, 'ari': -0.009020953454875412}
Epoch: 23, time: 0.849470853805542
第23Epoch的精度为：{'acc': 0.5, 'pur': 0.51, 'nmi': 1.4947147139006531e-05, 'ari': -0.009721228819720333}
Epoch: 24, time: 1.1814265251159668
第24Epoch的精度为：{'acc': 0.5, 'pur': 0.51, 'nmi': 0.00026899738261233866, 'ari': -0.005907665235879861}
Epoch: 25, time: 1.046224594116211
第25Epoch的精度为：{'acc': 0.53, 'pur': 0.53, 'nmi': 0.002428434638123468, 'ari': -0.005286980614567471}
Epoch: 26, time: 1.040461778640747
第26Epoch的精度为：{'acc': 0.51, 'pur': 0.51, 'nmi': 0.000402489641834596, 'ari': -0.009542710829125833}
Epoch: 27, time: 1.0469653606414795
第27Epoch的精度为：{'acc': 0.51, 'pur': 0.51, 'nmi': 0.00014266638108372597, 'ari': -0.00851552170044324}
Epoch: 28, time: 0.9992415904998779
第28Epoch的精度为：{'acc': 0.53, 'pur': 0.53, 'nmi': 0.0023866380920594035, 'ari': -0.005790794340173929}
Epoch: 29, time: 0.8754160404205322
第29Epoch的精度为：{'acc': 0.56, 'pur': 0.56, 'nmi': 0.012913893491084013, 'ari': 0.006779288357946426}
Epoch: 30, time: 1.0492968559265137
第30Epoch的精度为：{'acc': 0.51, 'pur': 0.51, 'nmi': 0.0004812719170261886, 'ari': -0.00922642984452428}
最终精度为：{'acc': 0.51, 'pur': 0.51, 'nmi': 0.0004812719170261886, 'ari': -0.00922642984452428}
==================================================
 
 
