HandMovementDirection
Epoch: 1, time: 0.8627016544342041
第1Epoch的精度为：{'acc': 0.40540540540540543, 'pur': 0.43243243243243246, 'nmi': 0.06303091657579064, 'ari': 0.014938440243261148}
Epoch: 2, time: 0.8631980419158936
第2Epoch的精度为：{'acc': 0.35135135135135137, 'pur': 0.43243243243243246, 'nmi': 0.05127126156820299, 'ari': 0.00590184189200159}
Epoch: 3, time: 0.8268580436706543
第3Epoch的精度为：{'acc': 0.33783783783783783, 'pur': 0.40540540540540543, 'nmi': 0.046954857110729775, 'ari': -0.01078227674997235}
Epoch: 4, time: 0.8616528511047363
第4Epoch的精度为：{'acc': 0.33783783783783783, 'pur': 0.4189189189189189, 'nmi': 0.04484457261751795, 'ari': 0.005117636153456465}
Epoch: 5, time: 1.0850493907928467
第5Epoch的精度为：{'acc': 0.33783783783783783, 'pur': 0.40540540540540543, 'nmi': 0.03414654509595503, 'ari': -0.017729797402771474}
Epoch: 6, time: 1.0386452674865723
第6Epoch的精度为：{'acc': 0.3783783783783784, 'pur': 0.4594594594594595, 'nmi': 0.1512910907170871, 'ari': 0.04850340533151245}
Epoch: 7, time: 1.2931203842163086
第7Epoch的精度为：{'acc': 0.4594594594594595, 'pur': 0.4864864864864865, 'nmi': 0.09249661347491354, 'ari': 0.07478886356639268}
Epoch: 8, time: 0.8274710178375244
第8Epoch的精度为：{'acc': 0.40540540540540543, 'pur': 0.44594594594594594, 'nmi': 0.061289040483049805, 'ari': 0.033345558207231105}
Epoch: 9, time: 0.7529730796813965
HandMovementDirection
Epoch: 1, time: 0.5665297508239746
第1Epoch的精度为：{'acc': 0.40540540540540543, 'pur': 0.43243243243243246, 'nmi': 0.07299959980428301, 'ari': 0.020874616771273308}
Epoch: 2, time: 0.5510473251342773
第2Epoch的精度为：{'acc': 0.35135135135135137, 'pur': 0.44594594594594594, 'nmi': 0.08540241526720886, 'ari': 0.02440310514736702}
Epoch: 3, time: 0.5401730537414551
第3Epoch的精度为：{'acc': 0.35135135135135137, 'pur': 0.40540540540540543, 'nmi': 0.06950095006875559, 'ari': -0.011265664057473436}
Epoch: 4, time: 0.5502369403839111
第4Epoch的精度为：{'acc': 0.36486486486486486, 'pur': 0.40540540540540543, 'nmi': 0.08713169621021404, 'ari': 0.0033934201498992934}
Epoch: 5, time: 0.5503733158111572
第5Epoch的精度为：{'acc': 0.36486486486486486, 'pur': 0.44594594594594594, 'nmi': 0.07606478328409187, 'ari': 0.0024493205701092684}
Epoch: 6, time: 0.5405466556549072
第6Epoch的精度为：{'acc': 0.35135135135135137, 'pur': 0.4189189189189189, 'nmi': 0.08121313859552566, 'ari': -0.003914722795854815}
Epoch: 7, time: 0.5430448055267334
第7Epoch的精度为：{'acc': 0.33783783783783783, 'pur': 0.40540540540540543, 'nmi': 0.04593652525096752, 'ari': 0.010070520820051018}
Epoch: 8, time: 0.5580670833587646
第8Epoch的精度为：{'acc': 0.3918918918918919, 'pur': 0.43243243243243246, 'nmi': 0.0845321270459335, 'ari': -0.0069269788953335645}
Epoch: 9, time: 0.5433394908905029
第9Epoch的精度为：{'acc': 0.3108108108108108, 'pur': 0.40540540540540543, 'nmi': 0.01892267841915807, 'ari': -0.025804753299190457}
Epoch: 10, time: 0.542367696762085
第10Epoch的精度为：{'acc': 0.32432432432432434, 'pur': 0.4189189189189189, 'nmi': 0.021853401062928268, 'ari': -0.01211656471342673}
Epoch: 11, time: 1.7679903507232666
第11Epoch的精度为：{'acc': 0.35135135135135137, 'pur': 0.4189189189189189, 'nmi': 0.04750364401092722, 'ari': -0.0031003085839191027}
Epoch: 12, time: 1.4067373275756836
第12Epoch的精度为：{'acc': 0.32432432432432434, 'pur': 0.4189189189189189, 'nmi': 0.070394132640088, 'ari': -0.012349578180031125}
Epoch: 13, time: 0.5535800457000732
第13Epoch的精度为：{'acc': 0.33783783783783783, 'pur': 0.4189189189189189, 'nmi': 0.062288529983975785, 'ari': -0.012485011880602992}
Epoch: 14, time: 0.5495407581329346
第14Epoch的精度为：{'acc': 0.33783783783783783, 'pur': 0.4189189189189189, 'nmi': 0.06515753287654252, 'ari': -0.013801950088464777}
Epoch: 15, time: 0.5636043548583984
第15Epoch的精度为：{'acc': 0.36486486486486486, 'pur': 0.4189189189189189, 'nmi': 0.07287634617176382, 'ari': 0.012556630455627892}
Epoch: 16, time: 0.540043830871582
第16Epoch的精度为：{'acc': 0.36486486486486486, 'pur': 0.4189189189189189, 'nmi': 0.06477622025798258, 'ari': 0.0010051973859713107}
Epoch: 17, time: 0.5485806465148926
第17Epoch的精度为：{'acc': 0.3783783783783784, 'pur': 0.44594594594594594, 'nmi': 0.09744959819021012, 'ari': 0.010846572753049193}
Epoch: 18, time: 0.9981811046600342
第18Epoch的精度为：{'acc': 0.33783783783783783, 'pur': 0.4189189189189189, 'nmi': 0.05260879744519692, 'ari': -0.006743320608805233}
Epoch: 19, time: 0.6305303573608398
第19Epoch的精度为：{'acc': 0.35135135135135137, 'pur': 0.44594594594594594, 'nmi': 0.08376352323921026, 'ari': 0.004185606913002385}
Epoch: 20, time: 0.5881421566009521
第20Epoch的精度为：{'acc': 0.3918918918918919, 'pur': 0.40540540540540543, 'nmi': 0.05373821738136853, 'ari': 0.007463323097918799}
Epoch: 21, time: 0.4900212287902832
第21Epoch的精度为：{'acc': 0.3783783783783784, 'pur': 0.4189189189189189, 'nmi': 0.05751397795363132, 'ari': -0.015299433879477329}
Epoch: 22, time: 0.5507032871246338
第22Epoch的精度为：{'acc': 0.33783783783783783, 'pur': 0.40540540540540543, 'nmi': 0.038841584083079736, 'ari': -0.022835350977912314}
Epoch: 23, time: 0.5717344284057617
第23Epoch的精度为：{'acc': 0.40540540540540543, 'pur': 0.4189189189189189, 'nmi': 0.06801877918616779, 'ari': -0.004524116269189751}
Epoch: 24, time: 0.8568615913391113
第24Epoch的精度为：{'acc': 0.3918918918918919, 'pur': 0.4189189189189189, 'nmi': 0.06918702788001599, 'ari': -0.012529704645610257}
Epoch: 25, time: 0.5354022979736328
第25Epoch的精度为：{'acc': 0.3918918918918919, 'pur': 0.4189189189189189, 'nmi': 0.060092258426852285, 'ari': 0.011832898057236052}
Epoch: 26, time: 0.5412893295288086
第26Epoch的精度为：{'acc': 0.36486486486486486, 'pur': 0.44594594594594594, 'nmi': 0.08278875730866493, 'ari': 0.027481276623329113}
Epoch: 27, time: 0.5284788608551025
第27Epoch的精度为：{'acc': 0.3918918918918919, 'pur': 0.43243243243243246, 'nmi': 0.04227458462263891, 'ari': 0.008416654013432535}
Epoch: 28, time: 0.5345854759216309
第28Epoch的精度为：{'acc': 0.3108108108108108, 'pur': 0.40540540540540543, 'nmi': 0.029590588556940113, 'ari': -0.025568584042320416}
Epoch: 29, time: 0.552302360534668
第29Epoch的精度为：{'acc': 0.36486486486486486, 'pur': 0.40540540540540543, 'nmi': 0.028847780922216796, 'ari': -0.017218463468282125}
Epoch: 30, time: 0.54184889793396
第30Epoch的精度为：{'acc': 0.36486486486486486, 'pur': 0.4189189189189189, 'nmi': 0.048829413708922645, 'ari': -0.018775876758698507}
最终精度为：{'acc': 0.3783783783783784, 'pur': 0.4189189189189189, 'nmi': 0.05851974782725837, 'ari': -0.01944279126328663}
==================================================
 
 
HandMovementDirection
Epoch: 1, time: 0.5787897109985352
第1Epoch的精度为：{'acc': 0.35135135135135137, 'pur': 0.40540540540540543, 'nmi': 0.026208981449796227, 'ari': -0.02017616408036243}
Epoch: 2, time: 0.5560104846954346
第2Epoch的精度为：{'acc': 0.33783783783783783, 'pur': 0.40540540540540543, 'nmi': 0.0283922065762823, 'ari': -0.016299300592868386}
Epoch: 3, time: 0.5557053089141846
第3Epoch的精度为：{'acc': 0.40540540540540543, 'pur': 0.4189189189189189, 'nmi': 0.057669200841029986, 'ari': 0.006461358802706949}
Epoch: 4, time: 0.5148119926452637
第4Epoch的精度为：{'acc': 0.35135135135135137, 'pur': 0.40540540540540543, 'nmi': 0.043373207220946786, 'ari': -0.009152684469667232}
Epoch: 5, time: 0.618417501449585
第5Epoch的精度为：{'acc': 0.33783783783783783, 'pur': 0.40540540540540543, 'nmi': 0.0229383936805663, 'ari': -0.011298845944216688}
Epoch: 6, time: 0.5691354274749756
第6Epoch的精度为：{'acc': 0.33783783783783783, 'pur': 0.4189189189189189, 'nmi': 0.0734163786954431, 'ari': 0.026362587715082188}
Epoch: 7, time: 0.5465781688690186
第7Epoch的精度为：{'acc': 0.33783783783783783, 'pur': 0.40540540540540543, 'nmi': 0.04416443296576287, 'ari': -0.018042775845328315}
Epoch: 8, time: 0.5826847553253174
第8Epoch的精度为：{'acc': 0.33783783783783783, 'pur': 0.4189189189189189, 'nmi': 0.06457517343287468, 'ari': -0.002118446634534963}
Epoch: 9, time: 0.5449836254119873
第9Epoch的精度为：{'acc': 0.33783783783783783, 'pur': 0.4189189189189189, 'nmi': 0.10350455663742467, 'ari': 0.020681301964349287}
Epoch: 10, time: 0.5412633419036865
第10Epoch的精度为：{'acc': 0.33783783783783783, 'pur': 0.4189189189189189, 'nmi': 0.08157446254914373, 'ari': 0.012608746749630449}
Epoch: 11, time: 0.533987283706665
第11Epoch的精度为：{'acc': 0.40540540540540543, 'pur': 0.43243243243243246, 'nmi': 0.051265894037884646, 'ari': 0.015245424409506235}
Epoch: 12, time: 0.5577504634857178
第12Epoch的精度为：{'acc': 0.2972972972972973, 'pur': 0.4189189189189189, 'nmi': 0.027927317142310913, 'ari': -0.023268540114840704}
Epoch: 13, time: 0.5375471115112305
第13Epoch的精度为：{'acc': 0.32432432432432434, 'pur': 0.40540540540540543, 'nmi': 0.04082980144899449, 'ari': -0.024410178491169308}
Epoch: 14, time: 0.5377459526062012
第14Epoch的精度为：{'acc': 0.32432432432432434, 'pur': 0.40540540540540543, 'nmi': 0.045523174930542705, 'ari': -0.035721362433013375}
Epoch: 15, time: 0.5450026988983154
第15Epoch的精度为：{'acc': 0.3108108108108108, 'pur': 0.40540540540540543, 'nmi': 0.03600972123888963, 'ari': -0.02862804285007863}
Epoch: 16, time: 0.5848720073699951
第16Epoch的精度为：{'acc': 0.36486486486486486, 'pur': 0.43243243243243246, 'nmi': 0.09913510660243689, 'ari': 0.008492203088650785}
Epoch: 17, time: 0.5618560314178467
第17Epoch的精度为：{'acc': 0.33783783783783783, 'pur': 0.40540540540540543, 'nmi': 0.06068129032480841, 'ari': -0.020458381978548136}
Epoch: 18, time: 0.5447063446044922
第18Epoch的精度为：{'acc': 0.33783783783783783, 'pur': 0.40540540540540543, 'nmi': 0.05877998695728712, 'ari': -0.01786735054235527}
Epoch: 19, time: 0.6045441627502441
第19Epoch的精度为：{'acc': 0.35135135135135137, 'pur': 0.40540540540540543, 'nmi': 0.028157114139452495, 'ari': -0.016202619823318828}
Epoch: 20, time: 0.5594420433044434
第20Epoch的精度为：{'acc': 0.35135135135135137, 'pur': 0.4189189189189189, 'nmi': 0.04446678447854907, 'ari': 0.003816461788263447}
Epoch: 21, time: 0.5425190925598145
第21Epoch的精度为：{'acc': 0.3108108108108108, 'pur': 0.40540540540540543, 'nmi': 0.02586106040181693, 'ari': -0.02646660812006013}
Epoch: 22, time: 0.5481057167053223
第22Epoch的精度为：{'acc': 0.32432432432432434, 'pur': 0.40540540540540543, 'nmi': 0.049267401969149, 'ari': -0.02638961038961039}
Epoch: 23, time: 0.5385181903839111
第23Epoch的精度为：{'acc': 0.33783783783783783, 'pur': 0.40540540540540543, 'nmi': 0.03668395486567465, 'ari': -0.01801125025492489}
Epoch: 24, time: 0.5321345329284668
第24Epoch的精度为：{'acc': 0.3783783783783784, 'pur': 0.4189189189189189, 'nmi': 0.06529940217358378, 'ari': 0.015799025435415164}
Epoch: 25, time: 0.5367624759674072
第25Epoch的精度为：{'acc': 0.3918918918918919, 'pur': 0.40540540540540543, 'nmi': 0.029739015201106327, 'ari': 0.005130152310530642}
Epoch: 26, time: 0.5384149551391602
第26Epoch的精度为：{'acc': 0.3108108108108108, 'pur': 0.40540540540540543, 'nmi': 0.025819529981176915, 'ari': -0.02265904881516013}
Epoch: 27, time: 0.5735535621643066
第27Epoch的精度为：{'acc': 0.36486486486486486, 'pur': 0.4189189189189189, 'nmi': 0.044574962523541, 'ari': -0.01797417429109078}
Epoch: 28, time: 0.6539921760559082
第28Epoch的精度为：{'acc': 0.36486486486486486, 'pur': 0.40540540540540543, 'nmi': 0.03939306526199082, 'ari': -0.013359337015486812}
Epoch: 29, time: 0.6029529571533203
第29Epoch的精度为：{'acc': 0.40540540540540543, 'pur': 0.4189189189189189, 'nmi': 0.050972685501416586, 'ari': 0.009054771153329727}
Epoch: 30, time: 0.5237491130828857
第30Epoch的精度为：{'acc': 0.33783783783783783, 'pur': 0.40540540540540543, 'nmi': 0.04226323088526542, 'ari': -0.014264947439474188}
最终精度为：{'acc': 0.33783783783783783, 'pur': 0.40540540540540543, 'nmi': 0.04226323088526543, 'ari': -0.014264947439474188}
==================================================
 
 
