Handwriting
Epoch: 1, time: 1.7724361419677734
第1Epoch的精度为：{'acc': 0.12705882352941175, 'pur': 0.13411764705882354, 'nmi': 0.1505416062276181, 'ari': 0.007152662335319277}
Epoch: 2, time: 0.5616509914398193
第2Epoch的精度为：{'acc': 0.13176470588235295, 'pur': 0.14470588235294118, 'nmi': 0.14929430501435162, 'ari': 0.008369049130024103}
Epoch: 3, time: 0.48450565338134766
第3Epoch的精度为：{'acc': 0.12941176470588237, 'pur': 0.14, 'nmi': 0.15601498494150445, 'ari': 0.009127019465192844}
Epoch: 4, time: 0.48097848892211914
第4Epoch的精度为：{'acc': 0.13529411764705881, 'pur': 0.1411764705882353, 'nmi': 0.15463836512784906, 'ari': 0.008427307091329295}
Epoch: 5, time: 0.5655581951141357
第5Epoch的精度为：{'acc': 0.12588235294117647, 'pur': 0.13176470588235295, 'nmi': 0.16149567517093413, 'ari': 0.010165750702222844}
Epoch: 6, time: 0.5770485401153564
第6Epoch的精度为：{'acc': 0.12705882352941175, 'pur': 0.13647058823529412, 'nmi': 0.1610945384827855, 'ari': 0.010723208681787886}
Epoch: 7, time: 0.4103739261627197
第7Epoch的精度为：{'acc': 0.12470588235294118, 'pur': 0.13647058823529412, 'nmi': 0.151591919270781, 'ari': 0.007337766435058878}
Epoch: 8, time: 0.4654524326324463
第8Epoch的精度为：{'acc': 0.12823529411764706, 'pur': 0.14588235294117646, 'nmi': 0.16617377127664, 'ari': 0.010924971305205039}
Epoch: 9, time: 0.4221317768096924
第9Epoch的精度为：{'acc': 0.12705882352941175, 'pur': 0.1411764705882353, 'nmi': 0.16586048975047682, 'ari': 0.0102724602909672}
Epoch: 10, time: 0.507110595703125
第10Epoch的精度为：{'acc': 0.12823529411764706, 'pur': 0.1388235294117647, 'nmi': 0.16572995257757875, 'ari': 0.010815472148122212}
Epoch: 11, time: 0.5276885032653809
第11Epoch的精度为：{'acc': 0.12823529411764706, 'pur': 0.1388235294117647, 'nmi': 0.15325455403958138, 'ari': 0.007929295924319018}
Epoch: 12, time: 0.5423839092254639
第12Epoch的精度为：{'acc': 0.12352941176470589, 'pur': 0.13058823529411764, 'nmi': 0.15101686185942464, 'ari': 0.007373661295815862}
Epoch: 13, time: 0.5664939880371094
第13Epoch的精度为：{'acc': 0.12941176470588237, 'pur': 0.1423529411764706, 'nmi': 0.16031727704291365, 'ari': 0.009220010098055335}
Epoch: 14, time: 0.5150260925292969
第14Epoch的精度为：{'acc': 0.13058823529411764, 'pur': 0.14, 'nmi': 0.15716878718876962, 'ari': 0.009056238731956651}
Epoch: 15, time: 0.5818543434143066
第15Epoch的精度为：{'acc': 0.13411764705882354, 'pur': 0.14470588235294118, 'nmi': 0.16716990594177766, 'ari': 0.012372204513353368}
Epoch: 16, time: 0.44139909744262695
第16Epoch的精度为：{'acc': 0.12941176470588237, 'pur': 0.1388235294117647, 'nmi': 0.1575062392198878, 'ari': 0.008654925465806486}
Epoch: 17, time: 0.5007226467132568
第17Epoch的精度为：{'acc': 0.12117647058823529, 'pur': 0.13176470588235295, 'nmi': 0.14612635670272367, 'ari': 0.0041516927450437335}
Epoch: 18, time: 0.540881872177124
第18Epoch的精度为：{'acc': 0.12823529411764706, 'pur': 0.14, 'nmi': 0.15885116285865747, 'ari': 0.00824655383397595}
Epoch: 19, time: 0.5557560920715332
第19Epoch的精度为：{'acc': 0.12117647058823529, 'pur': 0.13294117647058823, 'nmi': 0.14541628802426268, 'ari': 0.005494107693987887}
Epoch: 20, time: 0.47249341011047363
第20Epoch的精度为：{'acc': 0.11764705882352941, 'pur': 0.13058823529411764, 'nmi': 0.1486254977841334, 'ari': 0.004961758843937718}
Epoch: 21, time: 0.5259478092193604
第21Epoch的精度为：{'acc': 0.12470588235294118, 'pur': 0.13294117647058823, 'nmi': 0.14519558271161223, 'ari': 0.005206128575602976}
Epoch: 22, time: 0.5274753570556641
第22Epoch的精度为：{'acc': 0.10705882352941176, 'pur': 0.11529411764705882, 'nmi': 0.10531722195991386, 'ari': 0.001855076736736887}
Epoch: 23, time: 0.47753334045410156
第23Epoch的精度为：{'acc': 0.10823529411764705, 'pur': 0.11764705882352941, 'nmi': 0.12571488307148282, 'ari': -0.0005290201245126005}
Epoch: 24, time: 0.3983609676361084
第24Epoch的精度为：{'acc': 0.10941176470588235, 'pur': 0.1188235294117647, 'nmi': 0.1278962937211828, 'ari': -0.00030248255320809546}
Epoch: 25, time: 0.5161473751068115
第25Epoch的精度为：{'acc': 0.11411764705882353, 'pur': 0.12470588235294118, 'nmi': 0.12834494354284837, 'ari': 0.0020511580000603484}
Epoch: 26, time: 0.4979841709136963
第26Epoch的精度为：{'acc': 0.11058823529411765, 'pur': 0.1188235294117647, 'nmi': 0.13063746664440926, 'ari': 0.002337207351102118}
Epoch: 27, time: 0.5434877872467041
第27Epoch的精度为：{'acc': 0.10941176470588235, 'pur': 0.12, 'nmi': 0.13411063032841292, 'ari': 0.0028312265591099025}
Epoch: 28, time: 0.5865874290466309
第28Epoch的精度为：{'acc': 0.11647058823529412, 'pur': 0.12705882352941175, 'nmi': 0.14100524785014185, 'ari': 0.003892133997667267}
Epoch: 29, time: 0.5668530464172363
第29Epoch的精度为：{'acc': 0.11411764705882353, 'pur': 0.1188235294117647, 'nmi': 0.12409215339547228, 'ari': 0.001990576888944686}
Epoch: 30, time: 0.4884059429168701
第30Epoch的精度为：{'acc': 0.11294117647058824, 'pur': 0.1188235294117647, 'nmi': 0.1296498893609317, 'ari': 0.0019674364110723918}
最终精度为：{'acc': 0.11529411764705882, 'pur': 0.12470588235294118, 'nmi': 0.12646724980141202, 'ari': 0.0013909309798275688}
==================================================
 
 
