Heartbeat
Epoch: 1, time: 1.1561508178710938
第1Epoch的精度为：{'acc': 0.7121951219512195, 'pur': 0.7219512195121951, 'nmi': 0.00989811652288241, 'ari': -0.011697352225941841}
Epoch: 2, time: 1.1571667194366455
第2Epoch的精度为：{'acc': 0.5121951219512195, 'pur': 0.7219512195121951, 'nmi': 0.0012051119491307918, 'ari': -0.0034700855263374393}
Epoch: 3, time: 1.2789723873138428
第3Epoch的精度为：{'acc': 0.526829268292683, 'pur': 0.7219512195121951, 'nmi': 0.08483141598498425, 'ari': -0.06854182539686256}
Epoch: 4, time: 1.1516544818878174
第4Epoch的精度为：{'acc': 0.5024390243902439, 'pur': 0.7219512195121951, 'nmi': 0.0007457470886109848, 'ari': -0.0049708624020821076}
Epoch: 5, time: 1.253434419631958
第5Epoch的精度为：{'acc': 0.5024390243902439, 'pur': 0.7219512195121951, 'nmi': 0.05022272705263804, 'ari': -0.03854395005922638}
Epoch: 6, time: 1.2114455699920654
第6Epoch的精度为：{'acc': 0.5804878048780487, 'pur': 0.7219512195121951, 'nmi': 0.010382676009107446, 'ari': 0.01876392529975642}
Epoch: 7, time: 1.1569530963897705
第7Epoch的精度为：{'acc': 0.7121951219512195, 'pur': 0.7219512195121951, 'nmi': 0.00989811652288241, 'ari': -0.011697352225941841}
Epoch: 8, time: 1.2540483474731445
第8Epoch的精度为：{'acc': 0.5609756097560976, 'pur': 0.7219512195121951, 'nmi': 0.003986614664957756, 'ari': 0.007641843546265285}
Epoch: 9, time: 2.3829076290130615
第9Epoch的精度为：{'acc': 0.5024390243902439, 'pur': 0.7219512195121951, 'nmi': 0.017152855824968963, 'ari': -0.020313011014675756}
Epoch: 10, time: 2.1742007732391357
第10Epoch的精度为：{'acc': 0.5560975609756098, 'pur': 0.7219512195121951, 'nmi': 0.0055513095877519235, 'ari': 0.007362455988271996}
Epoch: 11, time: 1.5181951522827148
第11Epoch的精度为：{'acc': 0.5414634146341464, 'pur': 0.7219512195121951, 'nmi': 0.0005932651587456639, 'ari': -0.0004120777235041562}
Epoch: 12, time: 1.1293442249298096
第12Epoch的精度为：{'acc': 0.5073170731707317, 'pur': 0.7219512195121951, 'nmi': 0.00048230867068593147, 'ari': -0.005076610979293518}
Epoch: 13, time: 1.206756353378296
第13Epoch的精度为：{'acc': 0.5365853658536586, 'pur': 0.7219512195121951, 'nmi': 0.03332433760693473, 'ari': -0.047891157261204576}
Epoch: 14, time: 1.173781394958496
第14Epoch的精度为：{'acc': 0.5219512195121951, 'pur': 0.7219512195121951, 'nmi': 0.03938761739719078, 'ari': -0.04554855828227002}
Epoch: 15, time: 1.179231882095337
第15Epoch的精度为：{'acc': 0.5463414634146342, 'pur': 0.7219512195121951, 'nmi': 0.0008883912970283276, 'ari': 0.00079573520284311}
Epoch: 16, time: 1.1809778213500977
第16Epoch的精度为：{'acc': 0.7170731707317073, 'pur': 0.7219512195121951, 'nmi': 0.005125494392826979, 'ari': -0.005970798684973893}
Epoch: 17, time: 1.066399335861206
第17Epoch的精度为：{'acc': 0.5560975609756098, 'pur': 0.7219512195121951, 'nmi': 0.056765513097677314, 'ari': -0.003353690113727178}
Epoch: 18, time: 1.2203168869018555
第18Epoch的精度为：{'acc': 0.624390243902439, 'pur': 0.7219512195121951, 'nmi': 0.04609415394438282, 'ari': -0.06973761029554432}
Epoch: 19, time: 1.1576595306396484
第19Epoch的精度为：{'acc': 0.6634146341463415, 'pur': 0.7219512195121951, 'nmi': 0.02346210084836266, 'ari': -0.04821228279234805}
Epoch: 20, time: 1.034757375717163
第20Epoch的精度为：{'acc': 0.5121951219512195, 'pur': 0.7219512195121951, 'nmi': 0.0018762908713653454, 'ari': -0.0037294270783473737}
Epoch: 21, time: 1.2381744384765625
第21Epoch的精度为：{'acc': 0.5219512195121951, 'pur': 0.7219512195121951, 'nmi': 0.002060269401561478, 'ari': -0.0020211681941962266}
Epoch: 22, time: 1.0584115982055664
第22Epoch的精度为：{'acc': 0.5804878048780487, 'pur': 0.7219512195121951, 'nmi': 0.00875972832906395, 'ari': 0.01770903203378561}
Epoch: 23, time: 1.1959106922149658
第23Epoch的精度为：{'acc': 0.5902439024390244, 'pur': 0.7219512195121951, 'nmi': 0.010980128215741798, 'ari': 0.02323291986611538}
Epoch: 24, time: 1.2374358177185059
第24Epoch的精度为：{'acc': 0.6097560975609756, 'pur': 0.7219512195121951, 'nmi': 0.08572674947158108, 'ari': 0.04070251075541773}
Epoch: 25, time: 1.1892247200012207
第25Epoch的精度为：{'acc': 0.697560975609756, 'pur': 0.7219512195121951, 'nmi': 1.0032950095960209e-05, 'ari': -0.00202259450281593}
Epoch: 26, time: 1.2947096824645996
第26Epoch的精度为：{'acc': 0.5317073170731708, 'pur': 0.7219512195121951, 'nmi': 0.035889610065091455, 'ari': -0.013042220204307226}
Epoch: 27, time: 1.4493169784545898
第27Epoch的精度为：{'acc': 0.5658536585365853, 'pur': 0.7219512195121951, 'nmi': 0.0631016240848951, 'ari': -0.07419682909102027}
Epoch: 28, time: 1.384706974029541
第28Epoch的精度为：{'acc': 0.5024390243902439, 'pur': 0.7219512195121951, 'nmi': 0.00010267143788491102, 'ari': -0.004154690474078684}
Epoch: 29, time: 1.3905060291290283
第29Epoch的精度为：{'acc': 0.6195121951219512, 'pur': 0.7219512195121951, 'nmi': 0.026669098613469278, 'ari': 0.04802688943267797}
Epoch: 30, time: 1.157458782196045
Heartbeat
Epoch: 1, time: 1.2700064182281494
第1Epoch的精度为：{'acc': 0.5219512195121951, 'pur': 0.7219512195121951, 'nmi': 0.002522589263964293, 'ari': -0.010637385826715907}
Epoch: 2, time: 0.9482481479644775
第2Epoch的精度为：{'acc': 0.5756097560975609, 'pur': 0.7219512195121951, 'nmi': 5.504539215196537e-05, 'ari': -0.005719078679835322}
Epoch: 3, time: 0.9269461631774902
第3Epoch的精度为：{'acc': 0.5463414634146342, 'pur': 0.7219512195121951, 'nmi': 0.0026308897899748073, 'ari': -0.01511354665400423}
Epoch: 4, time: 2.7462921142578125
第4Epoch的精度为：{'acc': 0.551219512195122, 'pur': 0.7219512195121951, 'nmi': 0.0076644670733633695, 'ari': -0.026024910246332796}
Epoch: 5, time: 1.1184053421020508
第5Epoch的精度为：{'acc': 0.5804878048780487, 'pur': 0.7219512195121951, 'nmi': 0.0011976961259618616, 'ari': 0.006102859820655655}
Epoch: 6, time: 0.9892833232879639
第6Epoch的精度为：{'acc': 0.5609756097560976, 'pur': 0.7219512195121951, 'nmi': 0.003986614664957756, 'ari': 0.007641843546265285}
Epoch: 7, time: 1.2029342651367188
第7Epoch的精度为：{'acc': 0.5414634146341464, 'pur': 0.7219512195121951, 'nmi': 0.004461811565422196, 'ari': 0.002727009289307349}
Epoch: 8, time: 0.9216525554656982
第8Epoch的精度为：{'acc': 0.6, 'pur': 0.7219512195121951, 'nmi': 0.0015345862269970426, 'ari': -0.017538219224527002}
Epoch: 9, time: 0.9831831455230713
第9Epoch的精度为：{'acc': 0.6634146341463415, 'pur': 0.7219512195121951, 'nmi': 0.0503237140838692, 'ari': 0.09324403975157015}
Epoch: 10, time: 0.9150083065032959
第10Epoch的精度为：{'acc': 0.5707317073170731, 'pur': 0.7219512195121951, 'nmi': 0.04796546851150986, 'ari': 0.01117156689588227}
Epoch: 11, time: 1.171048641204834
第11Epoch的精度为：{'acc': 0.5609756097560976, 'pur': 0.7219512195121951, 'nmi': 0.05915580757542173, 'ari': -9.848556812115322e-05}
Epoch: 12, time: 1.0892064571380615
第12Epoch的精度为：{'acc': 0.6780487804878049, 'pur': 0.7219512195121951, 'nmi': 3.607547491654065e-05, 'ari': 0.0008919393953712152}
Epoch: 13, time: 1.0343670845031738
第13Epoch的精度为：{'acc': 0.5707317073170731, 'pur': 0.7219512195121951, 'nmi': 0.04345697523407153, 'ari': 0.012307305073778098}
Epoch: 14, time: 1.2363152503967285
第14Epoch的精度为：{'acc': 0.5951219512195122, 'pur': 0.7219512195121951, 'nmi': 0.014074304975211947, 'ari': 0.02749837668878243}
Epoch: 15, time: 0.9392247200012207
第15Epoch的精度为：{'acc': 0.5902439024390244, 'pur': 0.7219512195121951, 'nmi': 0.016792708211268347, 'ari': 0.02637689252476323}
Epoch: 16, time: 1.028857707977295
第16Epoch的精度为：{'acc': 0.5707317073170731, 'pur': 0.7219512195121951, 'nmi': 0.0023971136329760077, 'ari': 0.007674754484849611}
Epoch: 17, time: 1.0401403903961182
第17Epoch的精度为：{'acc': 0.7024390243902439, 'pur': 0.7219512195121951, 'nmi': 0.002848181228725848, 'ari': -0.013548909112472255}
Epoch: 18, time: 1.3401110172271729
第18Epoch的精度为：{'acc': 0.5414634146341464, 'pur': 0.7219512195121951, 'nmi': 0.024727045771909595, 'ari': -0.002081961053648445}
Epoch: 19, time: 1.7449214458465576
第19Epoch的精度为：{'acc': 0.6780487804878049, 'pur': 0.7219512195121951, 'nmi': 0.06270253496287392, 'ari': 0.11270804384968834}
Epoch: 20, time: 1.0207736492156982
第20Epoch的精度为：{'acc': 0.5414634146341464, 'pur': 0.7219512195121951, 'nmi': 0.02173561989871866, 'ari': -0.000931000277797138}
Epoch: 21, time: 1.3549466133117676
第21Epoch的精度为：{'acc': 0.6146341463414634, 'pur': 0.7219512195121951, 'nmi': 0.017791815749606317, 'ari': 0.03985030498656775}
Epoch: 22, time: 1.1486074924468994
第22Epoch的精度为：{'acc': 0.5951219512195122, 'pur': 0.7219512195121951, 'nmi': 0.0036841974335213037, 'ari': 0.015483660522393248}
Epoch: 23, time: 1.0162990093231201
第23Epoch的精度为：{'acc': 0.624390243902439, 'pur': 0.7219512195121951, 'nmi': 0.01106344839978249, 'ari': 0.037033930294006624}
Epoch: 24, time: 1.0360660552978516
第24Epoch的精度为：{'acc': 0.697560975609756, 'pur': 0.7219512195121951, 'nmi': 0.004946223773795013, 'ari': -0.018652497715466957}
Epoch: 25, time: 1.3090407848358154
第25Epoch的精度为：{'acc': 0.7024390243902439, 'pur': 0.7219512195121951, 'nmi': 0.002848181228725848, 'ari': -0.013548909112472255}
Epoch: 26, time: 0.9268534183502197
第26Epoch的精度为：{'acc': 0.697560975609756, 'pur': 0.7219512195121951, 'nmi': 0.02284924175795716, 'ari': -0.027452027536157667}
Epoch: 27, time: 0.9274532794952393
第27Epoch的精度为：{'acc': 0.526829268292683, 'pur': 0.7219512195121951, 'nmi': 0.0035177364300837638, 'ari': -0.0011025359533442585}
Epoch: 28, time: 0.9004476070404053
第28Epoch的精度为：{'acc': 0.697560975609756, 'pur': 0.7219512195121951, 'nmi': 0.02284924175795716, 'ari': -0.027452027536157667}
Epoch: 29, time: 1.1135478019714355
第29Epoch的精度为：{'acc': 0.6780487804878049, 'pur': 0.7219512195121951, 'nmi': 0.02439048084582777, 'ari': 0.07824120499572124}
Epoch: 30, time: 1.321451187133789
第30Epoch的精度为：{'acc': 0.697560975609756, 'pur': 0.7219512195121951, 'nmi': 0.02284924175795716, 'ari': -0.027452027536157667}
最终精度为：{'acc': 0.697560975609756, 'pur': 0.7219512195121951, 'nmi': 0.02284924175795716, 'ari': -0.027452027536157667}
==================================================
 
 
Heartbeat
Epoch: 1, time: 1.126077651977539
第1Epoch的精度为：{'acc': 0.7121951219512195, 'pur': 0.7219512195121951, 'nmi': 0.00989811652288241, 'ari': -0.011697352225941841}
Epoch: 2, time: 0.9422018527984619
第2Epoch的精度为：{'acc': 0.5317073170731708, 'pur': 0.7219512195121951, 'nmi': 2.432860080770439e-05, 'ari': -0.003288478176993242}
Epoch: 3, time: 0.9321296215057373
第3Epoch的精度为：{'acc': 0.5317073170731708, 'pur': 0.7219512195121951, 'nmi': 0.012048266492399349, 'ari': -0.02655349546331807}
Epoch: 4, time: 0.9362835884094238
第4Epoch的精度为：{'acc': 0.5024390243902439, 'pur': 0.7219512195121951, 'nmi': 0.041774662704945835, 'ari': -0.03688127232088999}
Epoch: 5, time: 0.893953800201416
第5Epoch的精度为：{'acc': 0.5414634146341464, 'pur': 0.7219512195121951, 'nmi': 0.014933371405350372, 'ari': -0.0331226676423647}
Epoch: 6, time: 1.0079851150512695
第6Epoch的精度为：{'acc': 0.526829268292683, 'pur': 0.7219512195121951, 'nmi': 0.0020076599112251593, 'ari': -0.010501125674172822}
Epoch: 7, time: 0.9522678852081299
第7Epoch的精度为：{'acc': 0.5073170731707317, 'pur': 0.7219512195121951, 'nmi': 0.052775759862112, 'ari': -0.04545107161587906}
Epoch: 8, time: 0.960319995880127
第8Epoch的精度为：{'acc': 0.5609756097560976, 'pur': 0.7219512195121951, 'nmi': 0.015042935260784337, 'ari': 0.010974719548928959}
Epoch: 9, time: 0.9053306579589844
第9Epoch的精度为：{'acc': 0.5365853658536586, 'pur': 0.7219512195121951, 'nmi': 0.023570571372737548, 'ari': -0.040076513555401386}
Epoch: 10, time: 1.0534377098083496
第10Epoch的精度为：{'acc': 0.5024390243902439, 'pur': 0.7219512195121951, 'nmi': 0.023497876960008424, 'ari': -0.025158076916486267}
Epoch: 11, time: 0.9019432067871094
第11Epoch的精度为：{'acc': 0.526829268292683, 'pur': 0.7219512195121951, 'nmi': 0.03179489866870468, 'ari': -0.04266426373266841}
Epoch: 12, time: 1.0230185985565186
第12Epoch的精度为：{'acc': 0.5414634146341464, 'pur': 0.7219512195121951, 'nmi': 0.0869977350469798, 'ari': -0.025086339850022885}
Epoch: 13, time: 1.0027294158935547
第13Epoch的精度为：{'acc': 0.526829268292683, 'pur': 0.7219512195121951, 'nmi': 0.07883191616817724, 'ari': -0.03392044630055621}
Epoch: 14, time: 1.0251076221466064
第14Epoch的精度为：{'acc': 0.5707317073170731, 'pur': 0.7219512195121951, 'nmi': 0.025609236372464428, 'ari': 0.015771601790603374}
Epoch: 15, time: 1.0151405334472656
第15Epoch的精度为：{'acc': 0.5707317073170731, 'pur': 0.7219512195121951, 'nmi': 0.007732033438417068, 'ari': -0.030453102809821202}
Epoch: 16, time: 1.027266502380371
第16Epoch的精度为：{'acc': 0.5170731707317073, 'pur': 0.7219512195121951, 'nmi': 0.015873753582651747, 'ari': -0.02530092689678312}
Epoch: 17, time: 0.8947968482971191
第17Epoch的精度为：{'acc': 0.5463414634146342, 'pur': 0.7219512195121951, 'nmi': 0.006749196217918412, 'ari': -0.02331793328328909}
Epoch: 18, time: 1.1272258758544922
第18Epoch的精度为：{'acc': 0.5317073170731708, 'pur': 0.7219512195121951, 'nmi': 0.02123797780454398, 'ari': -0.03609311809562049}
Epoch: 19, time: 0.9804959297180176
第19Epoch的精度为：{'acc': 0.5414634146341464, 'pur': 0.7219512195121951, 'nmi': 0.06945606905371952, 'ari': -0.01943871462178722}
Epoch: 20, time: 0.9690954685211182
第20Epoch的精度为：{'acc': 0.7121951219512195, 'pur': 0.7219512195121951, 'nmi': 0.00989811652288241, 'ari': -0.011697352225941841}
Epoch: 21, time: 0.9248812198638916
第21Epoch的精度为：{'acc': 0.5463414634146342, 'pur': 0.7219512195121951, 'nmi': 0.0005229352052755691, 'ari': -0.008395237542819579}
Epoch: 22, time: 0.9668896198272705
第22Epoch的精度为：{'acc': 0.5219512195121951, 'pur': 0.7219512195121951, 'nmi': 0.03211811976166273, 'ari': -0.017264120149466412}
Epoch: 23, time: 0.9642622470855713
第23Epoch的精度为：{'acc': 0.5121951219512195, 'pur': 0.7219512195121951, 'nmi': 0.0026904721166041896, 'ari': -0.009056900964756842}
Epoch: 24, time: 1.0089051723480225
第24Epoch的精度为：{'acc': 0.5219512195121951, 'pur': 0.7219512195121951, 'nmi': 0.0035428445494453615, 'ari': -0.012333143353150776}
Epoch: 25, time: 1.0216941833496094
第25Epoch的精度为：{'acc': 0.5073170731707317, 'pur': 0.7219512195121951, 'nmi': 0.05249818469399228, 'ari': -0.03668388391953441}
Epoch: 26, time: 0.9141757488250732
第26Epoch的精度为：{'acc': 0.5414634146341464, 'pur': 0.7219512195121951, 'nmi': 0.00010724411698940477, 'ari': -0.005625642162497975}
Epoch: 27, time: 0.9167790412902832
第27Epoch的精度为：{'acc': 0.5658536585365853, 'pur': 0.7219512195121951, 'nmi': 0.0679291818757265, 'ari': 0.001482215468081802}
Epoch: 28, time: 1.0145227909088135
第28Epoch的精度为：{'acc': 0.6146341463414634, 'pur': 0.7219512195121951, 'nmi': 5.330578080147289e-06, 'ari': -0.0021516552983500605}
Epoch: 29, time: 0.9335722923278809
第29Epoch的精度为：{'acc': 0.5365853658536586, 'pur': 0.7219512195121951, 'nmi': 0.09490402773857144, 'ari': -0.031354397082933604}
Epoch: 30, time: 1.0777168273925781
第30Epoch的精度为：{'acc': 0.5024390243902439, 'pur': 0.7219512195121951, 'nmi': 0.0658694273595286, 'ari': -0.04565012932182268}
最终精度为：{'acc': 0.5024390243902439, 'pur': 0.7219512195121951, 'nmi': 0.0658694273595286, 'ari': -0.04565012932182268}
==================================================
 
 
