InsectWingbeat
Epoch: 1, time: 64.272620677948
InsectWingbeat
Epoch: 1, time: 56.78487968444824
InsectWingbeat
Epoch: 1, time: 47.56570029258728
InsectWingbeat
Epoch: 1, time: 59.64643621444702
第1Epoch的精度为：{'acc': 0.10744, 'pur': 0.10896, 'nmi': 0.005785429870196734, 'ari': 0.00021207010880831028}
Epoch: 2, time: 61.017571210861206
第2Epoch的精度为：{'acc': 0.10932, 'pur': 0.11092, 'nmi': 0.006081309951834421, 'ari': 0.00029712643904589875}
Epoch: 3, time: 62.04062485694885
第3Epoch的精度为：{'acc': 0.10648, 'pur': 0.1082, 'nmi': 0.005232736184784557, 'ari': 0.0001605417324640766}
Epoch: 4, time: 59.79298186302185
第4Epoch的精度为：{'acc': 0.10772, 'pur': 0.11008, 'nmi': 0.005672754996168772, 'ari': 0.0002490967753946974}
Epoch: 5, time: 59.746318101882935
第5Epoch的精度为：{'acc': 0.10692, 'pur': 0.1088, 'nmi': 0.005520469122859217, 'ari': 0.00019013454278704868}
Epoch: 6, time: 62.4871883392334
第6Epoch的精度为：{'acc': 0.11168, 'pur': 0.11496, 'nmi': 0.0070330150937577525, 'ari': 0.00044227435463934533}
Epoch: 7, time: 62.580100536346436
第7Epoch的精度为：{'acc': 0.11176, 'pur': 0.11584, 'nmi': 0.0068926705790983995, 'ari': 0.0005364272868866979}
Epoch: 8, time: 60.277918338775635
第8Epoch的精度为：{'acc': 0.11156, 'pur': 0.11408, 'nmi': 0.006940686541598317, 'ari': 0.0003901317882019598}
Epoch: 9, time: 62.06003284454346
第9Epoch的精度为：{'acc': 0.11104, 'pur': 0.11476, 'nmi': 0.007004864565379723, 'ari': 0.0004889885025457734}
Epoch: 10, time: 63.550416231155396
第10Epoch的精度为：{'acc': 0.11156, 'pur': 0.11456, 'nmi': 0.006847218392349384, 'ari': 0.00046295110490505634}
Epoch: 11, time: 63.75284743309021
第11Epoch的精度为：{'acc': 0.11024, 'pur': 0.1136, 'nmi': 0.004771657518648958, 'ari': 0.000371656883847412}
Epoch: 12, time: 61.50166630744934
第12Epoch的精度为：{'acc': 0.1094, 'pur': 0.1106, 'nmi': 0.006272268648544286, 'ari': 0.00024521319810650525}
Epoch: 13, time: 63.34373354911804
第13Epoch的精度为：{'acc': 0.10872, 'pur': 0.11128, 'nmi': 0.004460604755389529, 'ari': 0.00032738531716809005}
Epoch: 14, time: 61.3065767288208
第14Epoch的精度为：{'acc': 0.10936, 'pur': 0.1108, 'nmi': 0.005835610626951398, 'ari': 0.00023957969991775612}
Epoch: 15, time: 62.41883182525635
第15Epoch的精度为：{'acc': 0.10968, 'pur': 0.1114, 'nmi': 0.006113732016083343, 'ari': 0.00025626282581469294}
Epoch: 16, time: 62.83175492286682
第16Epoch的精度为：{'acc': 0.11268, 'pur': 0.11448, 'nmi': 0.006142452628865241, 'ari': 0.00047064665608693334}
Epoch: 17, time: 62.771581411361694
第17Epoch的精度为：{'acc': 0.1072, 'pur': 0.1094, 'nmi': 0.003935606141111243, 'ari': 0.00017827077707191562}
Epoch: 18, time: 61.638611793518066
第18Epoch的精度为：{'acc': 0.10928, 'pur': 0.11052, 'nmi': 0.0038490076355402955, 'ari': 0.0002767818262770625}
Epoch: 19, time: 63.10767412185669
第19Epoch的精度为：{'acc': 0.11168, 'pur': 0.11692, 'nmi': 0.00586652582677097, 'ari': 0.0006192083141010708}
Epoch: 20, time: 61.841407775878906
第20Epoch的精度为：{'acc': 0.11064, 'pur': 0.11476, 'nmi': 0.005308443788348343, 'ari': 0.0005217888548647619}
Epoch: 21, time: 64.63764214515686
第21Epoch的精度为：{'acc': 0.10784, 'pur': 0.11052, 'nmi': 0.0041652643267510265, 'ari': 0.00022105077798421427}
Epoch: 22, time: 62.986801624298096
第22Epoch的精度为：{'acc': 0.10748, 'pur': 0.11036, 'nmi': 0.004038446172645333, 'ari': 0.00023686446773453436}
Epoch: 23, time: 62.95514893531799
第23Epoch的精度为：{'acc': 0.11928, 'pur': 0.12164, 'nmi': 0.007877843795195625, 'ari': 0.0015733349358188885}
Epoch: 24, time: 62.48630166053772
第24Epoch的精度为：{'acc': 0.1112, 'pur': 0.1152, 'nmi': 0.005208155641624242, 'ari': 0.0006081706500028384}
Epoch: 25, time: 63.1162793636322
第25Epoch的精度为：{'acc': 0.11464, 'pur': 0.1194, 'nmi': 0.0071908161673618284, 'ari': 0.0010425168869776277}
Epoch: 26, time: 63.483181953430176
第26Epoch的精度为：{'acc': 0.11444, 'pur': 0.1182, 'nmi': 0.00803593345183284, 'ari': 0.0007995652841278322}
Epoch: 27, time: 61.664493560791016
第27Epoch的精度为：{'acc': 0.10692, 'pur': 0.10868, 'nmi': 0.0052748518723449295, 'ari': 0.0002001442292768959}
Epoch: 28, time: 62.04505705833435
第28Epoch的精度为：{'acc': 0.116, 'pur': 0.12072, 'nmi': 0.007852813235499218, 'ari': 0.0012027626957777256}
Epoch: 29, time: 63.04206037521362
第29Epoch的精度为：{'acc': 0.1152, 'pur': 0.11964, 'nmi': 0.0076985295199814155, 'ari': 0.0010404717061177078}
Epoch: 30, time: 63.46458625793457
第30Epoch的精度为：{'acc': 0.10604, 'pur': 0.10792, 'nmi': 0.005168214664320989, 'ari': 0.00017635277110994042}
最终精度为：{'acc': 0.1066, 'pur': 0.10872, 'nmi': 0.005305798511418248, 'ari': 0.00021163794343990373}
==================================================
 
 
InsectWingbeat
