Libras
Epoch: 1, time: 0.7784953117370605
第1Epoch的精度为：{'acc': 0.29444444444444445, 'pur': 0.3277777777777778, 'nmi': 0.3372220972358422, 'ari': 0.0764561123792453}
Epoch: 2, time: 0.5993249416351318
第2Epoch的精度为：{'acc': 0.2611111111111111, 'pur': 0.28888888888888886, 'nmi': 0.33911450488694883, 'ari': 0.0559405701789648}
Epoch: 3, time: 0.6110563278198242
第3Epoch的精度为：{'acc': 0.2722222222222222, 'pur': 0.28888888888888886, 'nmi': 0.3350022004326402, 'ari': 0.06419697565911518}
Epoch: 4, time: 0.807330846786499
第4Epoch的精度为：{'acc': 0.25, 'pur': 0.2833333333333333, 'nmi': 0.3176093568050318, 'ari': 0.0492411766858529}
Epoch: 5, time: 0.673682451248169
第5Epoch的精度为：{'acc': 0.24444444444444444, 'pur': 0.26666666666666666, 'nmi': 0.2924243350240984, 'ari': 0.03360036110878656}
Epoch: 6, time: 0.7134935855865479
第6Epoch的精度为：{'acc': 0.24444444444444444, 'pur': 0.2777777777777778, 'nmi': 0.292068758125537, 'ari': 0.037119207684309145}
Epoch: 7, time: 0.8235290050506592
第7Epoch的精度为：{'acc': 0.26666666666666666, 'pur': 0.3, 'nmi': 0.3085961987456706, 'ari': 0.045203379918123704}
Epoch: 8, time: 0.6914303302764893
第8Epoch的精度为：{'acc': 0.25555555555555554, 'pur': 0.2777777777777778, 'nmi': 0.29576875011481546, 'ari': 0.04300335947947027}
Epoch: 9, time: 0.541938304901123
第9Epoch的精度为：{'acc': 0.2388888888888889, 'pur': 0.2722222222222222, 'nmi': 0.28719208560032294, 'ari': 0.03793130043286704}
Epoch: 10, time: 0.7778489589691162
第10Epoch的精度为：{'acc': 0.23333333333333334, 'pur': 0.26666666666666666, 'nmi': 0.283357919899924, 'ari': 0.03397585746406299}
Epoch: 11, time: 0.8236322402954102
第11Epoch的精度为：{'acc': 0.2388888888888889, 'pur': 0.2611111111111111, 'nmi': 0.2861244178712608, 'ari': 0.03425688716452684}
Epoch: 12, time: 0.645421028137207
第12Epoch的精度为：{'acc': 0.26666666666666666, 'pur': 0.28888888888888886, 'nmi': 0.31862797947891747, 'ari': 0.05490460982163701}
Epoch: 13, time: 0.686427116394043
第13Epoch的精度为：{'acc': 0.2388888888888889, 'pur': 0.25555555555555554, 'nmi': 0.27648966238518, 'ari': 0.029355513721490128}
Epoch: 14, time: 0.7619237899780273
第14Epoch的精度为：{'acc': 0.23333333333333334, 'pur': 0.25555555555555554, 'nmi': 0.2929414599145134, 'ari': 0.036846933968112276}
Epoch: 15, time: 0.8438901901245117
第15Epoch的精度为：{'acc': 0.24444444444444444, 'pur': 0.2722222222222222, 'nmi': 0.2862450227003467, 'ari': 0.04101174431576075}
Epoch: 16, time: 0.6726317405700684
第16Epoch的精度为：{'acc': 0.23333333333333334, 'pur': 0.25555555555555554, 'nmi': 0.26037289738442776, 'ari': 0.02394592200512608}
Epoch: 17, time: 0.7839229106903076
第17Epoch的精度为：{'acc': 0.22777777777777777, 'pur': 0.25, 'nmi': 0.2791293214066278, 'ari': 0.028759571431676095}
Epoch: 18, time: 0.7494502067565918
第18Epoch的精度为：{'acc': 0.2222222222222222, 'pur': 0.26666666666666666, 'nmi': 0.28989192649104323, 'ari': 0.036318650386273}
Epoch: 19, time: 0.7872211933135986
第19Epoch的精度为：{'acc': 0.2833333333333333, 'pur': 0.3055555555555556, 'nmi': 0.32769553275402974, 'ari': 0.06540258312723275}
Epoch: 20, time: 0.7762868404388428
第20Epoch的精度为：{'acc': 0.2222222222222222, 'pur': 0.2611111111111111, 'nmi': 0.29644223295099287, 'ari': 0.044417739363546024}
Epoch: 21, time: 0.9314029216766357
第21Epoch的精度为：{'acc': 0.25, 'pur': 0.2833333333333333, 'nmi': 0.34256046078599267, 'ari': 0.07598980981462694}
Epoch: 22, time: 0.743321418762207
第22Epoch的精度为：{'acc': 0.24444444444444444, 'pur': 0.2722222222222222, 'nmi': 0.3148900098761587, 'ari': 0.06399743570116351}
Epoch: 23, time: 0.6685707569122314
第23Epoch的精度为：{'acc': 0.2388888888888889, 'pur': 0.25, 'nmi': 0.29561894626002655, 'ari': 0.060239108731392585}
Epoch: 24, time: 0.9104163646697998
Libras
Epoch: 1, time: 0.5173554420471191
第1Epoch的精度为：{'acc': 0.4, 'pur': 0.4166666666666667, 'nmi': 0.4772381568394512, 'ari': 0.16778205306183389}
Epoch: 2, time: 0.489809513092041
第2Epoch的精度为：{'acc': 0.3277777777777778, 'pur': 0.36666666666666664, 'nmi': 0.3888307902577875, 'ari': 0.0973552491706775}
Epoch: 3, time: 0.45594358444213867
第3Epoch的精度为：{'acc': 0.3, 'pur': 0.3111111111111111, 'nmi': 0.3393592041035606, 'ari': 0.06492784765574347}
Epoch: 4, time: 0.4804706573486328
第4Epoch的精度为：{'acc': 0.28888888888888886, 'pur': 0.3111111111111111, 'nmi': 0.34678821394829235, 'ari': 0.07034754111086045}
Epoch: 5, time: 0.4773738384246826
第5Epoch的精度为：{'acc': 0.3055555555555556, 'pur': 0.3333333333333333, 'nmi': 0.35244780703184825, 'ari': 0.07774362221450601}
Epoch: 6, time: 0.5711491107940674
第6Epoch的精度为：{'acc': 0.2833333333333333, 'pur': 0.3055555555555556, 'nmi': 0.3393167731947897, 'ari': 0.0635962662837214}
Epoch: 7, time: 0.46845245361328125
第7Epoch的精度为：{'acc': 0.25, 'pur': 0.2722222222222222, 'nmi': 0.2996444396613608, 'ari': 0.038415813020708525}
Epoch: 8, time: 0.44849061965942383
第8Epoch的精度为：{'acc': 0.25, 'pur': 0.2777777777777778, 'nmi': 0.30926571892009763, 'ari': 0.04231454535371826}
Epoch: 9, time: 0.8198380470275879
第9Epoch的精度为：{'acc': 0.24444444444444444, 'pur': 0.26666666666666666, 'nmi': 0.30575594888843094, 'ari': 0.04520478327158054}
Epoch: 10, time: 0.4506874084472656
第10Epoch的精度为：{'acc': 0.25555555555555554, 'pur': 0.2722222222222222, 'nmi': 0.29417052658282905, 'ari': 0.04173196044407413}
Epoch: 11, time: 0.47060585021972656
第11Epoch的精度为：{'acc': 0.24444444444444444, 'pur': 0.2611111111111111, 'nmi': 0.28753026205323706, 'ari': 0.03377702187676624}
Epoch: 12, time: 0.4712522029876709
第12Epoch的精度为：{'acc': 0.26666666666666666, 'pur': 0.2722222222222222, 'nmi': 0.30499754318132843, 'ari': 0.04478990826888601}
Epoch: 13, time: 0.485994815826416
第13Epoch的精度为：{'acc': 0.26666666666666666, 'pur': 0.2722222222222222, 'nmi': 0.32509084179184294, 'ari': 0.06890839646331427}
Epoch: 14, time: 0.9352195262908936
第14Epoch的精度为：{'acc': 0.2611111111111111, 'pur': 0.2777777777777778, 'nmi': 0.32050990835393683, 'ari': 0.05996408654978996}
Epoch: 15, time: 0.47797107696533203
第15Epoch的精度为：{'acc': 0.2611111111111111, 'pur': 0.26666666666666666, 'nmi': 0.3051177444942979, 'ari': 0.04048552794236753}
Epoch: 16, time: 0.4369943141937256
第16Epoch的精度为：{'acc': 0.25, 'pur': 0.2722222222222222, 'nmi': 0.3025193018954968, 'ari': 0.041276938017340406}
Epoch: 17, time: 0.43351197242736816
第17Epoch的精度为：{'acc': 0.2833333333333333, 'pur': 0.3, 'nmi': 0.34031221568379033, 'ari': 0.07226034634249424}
Epoch: 18, time: 0.4135150909423828
第18Epoch的精度为：{'acc': 0.26666666666666666, 'pur': 0.2833333333333333, 'nmi': 0.32927736080120534, 'ari': 0.061928341547688524}
Epoch: 19, time: 0.4935300350189209
第19Epoch的精度为：{'acc': 0.3111111111111111, 'pur': 0.32222222222222224, 'nmi': 0.3570207792861183, 'ari': 0.10040154495313608}
Epoch: 20, time: 0.48124074935913086
第20Epoch的精度为：{'acc': 0.29444444444444445, 'pur': 0.3055555555555556, 'nmi': 0.37055176742958784, 'ari': 0.09152436220423571}
Epoch: 21, time: 0.4580526351928711
第21Epoch的精度为：{'acc': 0.3111111111111111, 'pur': 0.3111111111111111, 'nmi': 0.3503671105949485, 'ari': 0.08719789185851637}
Epoch: 22, time: 0.5384936332702637
第22Epoch的精度为：{'acc': 0.25, 'pur': 0.2611111111111111, 'nmi': 0.29723746846821353, 'ari': 0.05002152253566967}
Epoch: 23, time: 0.6642866134643555
第23Epoch的精度为：{'acc': 0.26666666666666666, 'pur': 0.2833333333333333, 'nmi': 0.31839097123040944, 'ari': 0.0641015115909161}
Epoch: 24, time: 0.4493439197540283
第24Epoch的精度为：{'acc': 0.26666666666666666, 'pur': 0.28888888888888886, 'nmi': 0.32529934566502694, 'ari': 0.06505580111077282}
Epoch: 25, time: 0.4769012928009033
第25Epoch的精度为：{'acc': 0.2722222222222222, 'pur': 0.2833333333333333, 'nmi': 0.3242699779529383, 'ari': 0.06461891409635483}
Epoch: 26, time: 0.4828958511352539
第26Epoch的精度为：{'acc': 0.25, 'pur': 0.2777777777777778, 'nmi': 0.3225775111704244, 'ari': 0.06581343157181571}
Epoch: 27, time: 0.5111744403839111
第27Epoch的精度为：{'acc': 0.2611111111111111, 'pur': 0.2722222222222222, 'nmi': 0.3374859266927651, 'ari': 0.07091439010444993}
Epoch: 28, time: 0.7805204391479492
第28Epoch的精度为：{'acc': 0.23333333333333334, 'pur': 0.25555555555555554, 'nmi': 0.3179840953020768, 'ari': 0.06618829399433698}
Epoch: 29, time: 0.5000154972076416
第29Epoch的精度为：{'acc': 0.25, 'pur': 0.2722222222222222, 'nmi': 0.3282524790029192, 'ari': 0.05103449049660032}
Epoch: 30, time: 0.5060906410217285
第30Epoch的精度为：{'acc': 0.2388888888888889, 'pur': 0.2777777777777778, 'nmi': 0.31834919315088783, 'ari': 0.047562916898468185}
最终精度为：{'acc': 0.2611111111111111, 'pur': 0.2833333333333333, 'nmi': 0.3209335493175425, 'ari': 0.051589652312634834}
==================================================
 
 
Libras
Epoch: 1, time: 0.45769214630126953
第1Epoch的精度为：{'acc': 0.3, 'pur': 0.32222222222222224, 'nmi': 0.3716199190242679, 'ari': 0.08641201608265184}
Epoch: 2, time: 0.4345064163208008
第2Epoch的精度为：{'acc': 0.25555555555555554, 'pur': 0.2777777777777778, 'nmi': 0.30696768856886425, 'ari': 0.05329740977144742}
Epoch: 3, time: 0.5130038261413574
第3Epoch的精度为：{'acc': 0.2611111111111111, 'pur': 0.2777777777777778, 'nmi': 0.3322874058808922, 'ari': 0.060492670633716404}
Epoch: 4, time: 0.44153785705566406
第4Epoch的精度为：{'acc': 0.2777777777777778, 'pur': 0.28888888888888886, 'nmi': 0.35491772222020823, 'ari': 0.07898670151555634}
Epoch: 5, time: 0.538116455078125
第5Epoch的精度为：{'acc': 0.26666666666666666, 'pur': 0.2833333333333333, 'nmi': 0.32013862143295974, 'ari': 0.0473613595706619}
Epoch: 6, time: 0.4445326328277588
第6Epoch的精度为：{'acc': 0.26666666666666666, 'pur': 0.26666666666666666, 'nmi': 0.3193322016861438, 'ari': 0.06293235613057623}
Epoch: 7, time: 0.44022679328918457
第7Epoch的精度为：{'acc': 0.2611111111111111, 'pur': 0.2611111111111111, 'nmi': 0.3216699579027443, 'ari': 0.05745056179180065}
Epoch: 8, time: 0.44994258880615234
第8Epoch的精度为：{'acc': 0.24444444444444444, 'pur': 0.2611111111111111, 'nmi': 0.333569562104645, 'ari': 0.07273515678839955}
Epoch: 9, time: 0.4477212429046631
第9Epoch的精度为：{'acc': 0.25, 'pur': 0.28888888888888886, 'nmi': 0.32937411041373876, 'ari': 0.07046041141832682}
Epoch: 10, time: 0.48955535888671875
第10Epoch的精度为：{'acc': 0.2722222222222222, 'pur': 0.28888888888888886, 'nmi': 0.3282555619147976, 'ari': 0.06864231202958224}
Epoch: 11, time: 0.4390876293182373
第11Epoch的精度为：{'acc': 0.2388888888888889, 'pur': 0.2388888888888889, 'nmi': 0.3272768278435496, 'ari': 0.054304438645073165}
Epoch: 12, time: 0.43838047981262207
第12Epoch的精度为：{'acc': 0.25555555555555554, 'pur': 0.2611111111111111, 'nmi': 0.31131859105945076, 'ari': 0.05705114442658232}
Epoch: 13, time: 0.4488086700439453
第13Epoch的精度为：{'acc': 0.25, 'pur': 0.26666666666666666, 'nmi': 0.30608105982864986, 'ari': 0.04675546767491884}
Epoch: 14, time: 0.43729281425476074
第14Epoch的精度为：{'acc': 0.25, 'pur': 0.25555555555555554, 'nmi': 0.2986389193186985, 'ari': 0.047130260255620025}
Epoch: 15, time: 0.4520394802093506
第15Epoch的精度为：{'acc': 0.24444444444444444, 'pur': 0.25, 'nmi': 0.31987798871510065, 'ari': 0.057819374450043995}
Epoch: 16, time: 0.4460892677307129
第16Epoch的精度为：{'acc': 0.2388888888888889, 'pur': 0.2722222222222222, 'nmi': 0.3129017445305145, 'ari': 0.05689998016862033}
Epoch: 17, time: 0.43591976165771484
第17Epoch的精度为：{'acc': 0.2388888888888889, 'pur': 0.26666666666666666, 'nmi': 0.30943029011097956, 'ari': 0.05567281855019123}
Epoch: 18, time: 0.44011998176574707
第18Epoch的精度为：{'acc': 0.2388888888888889, 'pur': 0.26666666666666666, 'nmi': 0.3017677642501121, 'ari': 0.05187146965715586}
Epoch: 19, time: 0.4380011558532715
第19Epoch的精度为：{'acc': 0.2388888888888889, 'pur': 0.26666666666666666, 'nmi': 0.31334456829792023, 'ari': 0.061196733044440815}
Epoch: 20, time: 0.43056225776672363
第20Epoch的精度为：{'acc': 0.24444444444444444, 'pur': 0.26666666666666666, 'nmi': 0.3103275490459551, 'ari': 0.05105720613987159}
Epoch: 21, time: 0.43380308151245117
第21Epoch的精度为：{'acc': 0.2722222222222222, 'pur': 0.29444444444444445, 'nmi': 0.30546535018188536, 'ari': 0.05991296263860633}
Epoch: 22, time: 0.45029735565185547
第22Epoch的精度为：{'acc': 0.25555555555555554, 'pur': 0.2777777777777778, 'nmi': 0.3083975704788985, 'ari': 0.0558801211947553}
Epoch: 23, time: 0.4869105815887451
第23Epoch的精度为：{'acc': 0.2611111111111111, 'pur': 0.2722222222222222, 'nmi': 0.3007519939752725, 'ari': 0.05651471711341755}
Epoch: 24, time: 0.443248987197876
第24Epoch的精度为：{'acc': 0.25555555555555554, 'pur': 0.2722222222222222, 'nmi': 0.3117517340226382, 'ari': 0.06813218579593983}
Epoch: 25, time: 0.43840503692626953
第25Epoch的精度为：{'acc': 0.26666666666666666, 'pur': 0.28888888888888886, 'nmi': 0.3212573825182129, 'ari': 0.06744958726181319}
Epoch: 26, time: 0.544666051864624
第26Epoch的精度为：{'acc': 0.25, 'pur': 0.25555555555555554, 'nmi': 0.32324485174887185, 'ari': 0.08022852763407709}
Epoch: 27, time: 0.43553590774536133
第27Epoch的精度为：{'acc': 0.2611111111111111, 'pur': 0.2777777777777778, 'nmi': 0.336019959079023, 'ari': 0.07940407439687718}
Epoch: 28, time: 0.43991923332214355
第28Epoch的精度为：{'acc': 0.2611111111111111, 'pur': 0.2777777777777778, 'nmi': 0.30693989895552976, 'ari': 0.04953483632517943}
Epoch: 29, time: 0.45020270347595215
第29Epoch的精度为：{'acc': 0.2388888888888889, 'pur': 0.25, 'nmi': 0.28739222243227597, 'ari': 0.04299127083453335}
Epoch: 30, time: 0.4390530586242676
第30Epoch的精度为：{'acc': 0.25555555555555554, 'pur': 0.2777777777777778, 'nmi': 0.313291533162256, 'ari': 0.07363222576240327}
最终精度为：{'acc': 0.26666666666666666, 'pur': 0.28888888888888886, 'nmi': 0.34703502113689894, 'ari': 0.0869895297829284}
==================================================
 
 
