LSST
Epoch: 1, time: 8.172879219055176
第1Epoch的精度为：{'acc': 0.33941605839416056, 'pur': 0.34630981346309814, 'nmi': 0.10444369880494893, 'ari': 0.03617126456689528}
Epoch: 2, time: 5.315431594848633
第2Epoch的精度为：{'acc': 0.3313057583130576, 'pur': 0.3402270884022709, 'nmi': 0.08138344067838399, 'ari': 0.027459906940968393}
Epoch: 3, time: 5.444821119308472
第3Epoch的精度为：{'acc': 0.32927818329278186, 'pur': 0.33738848337388483, 'nmi': 0.0831897976561902, 'ari': 0.027124846291045238}
Epoch: 4, time: 4.944401264190674
第4Epoch的精度为：{'acc': 0.3560421735604217, 'pur': 0.3629359286293593, 'nmi': 0.14164395398634094, 'ari': 0.07568940356753279}
Epoch: 5, time: 5.170898914337158
第5Epoch的精度为：{'acc': 0.34347120843471207, 'pur': 0.35117599351175993, 'nmi': 0.11630150045276845, 'ari': 0.045300581636281215}
Epoch: 6, time: 5.524806261062622
第6Epoch的精度为：{'acc': 0.35360908353609083, 'pur': 0.3613138686131387, 'nmi': 0.1313048106993575, 'ari': 0.06089797915727595}
Epoch: 7, time: 4.9234302043914795
第7Epoch的精度为：{'acc': 0.3495539334955393, 'pur': 0.3564476885644769, 'nmi': 0.12077001190704258, 'ari': 0.05866314379684526}
Epoch: 8, time: 5.133149147033691
第8Epoch的精度为：{'acc': 0.34833738848337387, 'pur': 0.35563665855636656, 'nmi': 0.11227407786580966, 'ari': 0.0629139877155325}
Epoch: 9, time: 5.016278505325317
第9Epoch的精度为：{'acc': 0.3386050283860503, 'pur': 0.3450932684509327, 'nmi': 0.10830890869362009, 'ari': 0.05857681980833922}
Epoch: 10, time: 5.245442628860474
第10Epoch的精度为：{'acc': 0.34144363341443634, 'pur': 0.3515815085158151, 'nmi': 0.10212695016401979, 'ari': 0.04970827695618172}
Epoch: 11, time: 5.490418195724487
第11Epoch的精度为：{'acc': 0.3333333333333333, 'pur': 0.3426601784266018, 'nmi': 0.096462829804944, 'ari': 0.03712429140485699}
Epoch: 12, time: 5.115761756896973
第12Epoch的精度为：{'acc': 0.33738848337388483, 'pur': 0.3467153284671533, 'nmi': 0.10583743762842589, 'ari': 0.03705551834765717}
Epoch: 13, time: 5.2440345287323
第13Epoch的精度为：{'acc': 0.3426601784266018, 'pur': 0.35077047850770476, 'nmi': 0.10595779048995922, 'ari': 0.036337932600239875}
Epoch: 14, time: 5.43646240234375
第14Epoch的精度为：{'acc': 0.33252230332522303, 'pur': 0.3402270884022709, 'nmi': 0.09346316209747571, 'ari': 0.026869507315708877}
Epoch: 15, time: 5.458913326263428
第15Epoch的精度为：{'acc': 0.3410381184103812, 'pur': 0.35077047850770476, 'nmi': 0.10813255383864002, 'ari': 0.05073302614002782}
Epoch: 16, time: 5.172550678253174
第16Epoch的精度为：{'acc': 0.33454987834549876, 'pur': 0.34387672343876724, 'nmi': 0.09609976521363496, 'ari': 0.0342191995773432}
Epoch: 17, time: 5.043593645095825
第17Epoch的精度为：{'acc': 0.3280616382806164, 'pur': 0.3357664233576642, 'nmi': 0.07622962759245684, 'ari': 0.022761673486763792}
Epoch: 18, time: 5.174317836761475
第18Epoch的精度为：{'acc': 0.340632603406326, 'pur': 0.3523925385239254, 'nmi': 0.10573871259073346, 'ari': 0.04996101009852405}
Epoch: 19, time: 5.0820536613464355
第19Epoch的精度为：{'acc': 0.3361719383617194, 'pur': 0.3471208434712084, 'nmi': 0.09456949564229057, 'ari': 0.03971186883931861}
Epoch: 20, time: 5.17526650428772
第20Epoch的精度为：{'acc': 0.3288726682887267, 'pur': 0.33901054339010545, 'nmi': 0.09157849545309492, 'ari': 0.02622948258101352}
Epoch: 21, time: 5.0996856689453125
第21Epoch的精度为：{'acc': 0.33454987834549876, 'pur': 0.34590429845904297, 'nmi': 0.10860362672152003, 'ari': 0.0375100095879603}
Epoch: 22, time: 5.54519248008728
第22Epoch的精度为：{'acc': 0.3329278183292782, 'pur': 0.34387672343876724, 'nmi': 0.09350906954167447, 'ari': 0.031083508440864355}
Epoch: 23, time: 5.425553321838379
第23Epoch的精度为：{'acc': 0.33211678832116787, 'pur': 0.34306569343065696, 'nmi': 0.10402403244740385, 'ari': 0.02971658941123334}
Epoch: 24, time: 5.411988973617554
第24Epoch的精度为：{'acc': 0.3309002433090024, 'pur': 0.3410381184103812, 'nmi': 0.09457859550386775, 'ari': 0.026610284709510917}
Epoch: 25, time: 5.1611714363098145
第25Epoch的精度为：{'acc': 0.33211678832116787, 'pur': 0.34347120843471207, 'nmi': 0.09771590440045255, 'ari': 0.027915859493416913}
Epoch: 26, time: 5.439172744750977
第26Epoch的精度为：{'acc': 0.32725060827250607, 'pur': 0.3386050283860503, 'nmi': 0.08643561326455959, 'ari': 0.02401937315628395}
Epoch: 27, time: 5.210627794265747
第27Epoch的精度为：{'acc': 0.3280616382806164, 'pur': 0.3398215733982157, 'nmi': 0.08721140589660459, 'ari': 0.026094756172834032}
Epoch: 28, time: 6.914856910705566
第28Epoch的精度为：{'acc': 0.31143552311435524, 'pur': 0.3426601784266018, 'nmi': 0.08278367415354197, 'ari': 0.04130042674270038}
Epoch: 29, time: 5.086201190948486
第29Epoch的精度为：{'acc': 0.33779399837794, 'pur': 0.34874290348742903, 'nmi': 0.0978008003252636, 'ari': 0.03180565093576081}
Epoch: 30, time: 5.363121509552002
第30Epoch的精度为：{'acc': 0.33414436334144365, 'pur': 0.3426601784266018, 'nmi': 0.10173124244961551, 'ari': 0.030750846349606484}
最终精度为：{'acc': 0.33414436334144365, 'pur': 0.3426601784266018, 'nmi': 0.10173124244961551, 'ari': 0.030750846349606484}
==================================================
 
 
