MotorImagery
Epoch: 1, time: 3.2693777084350586
第1Epoch的精度为：{'acc': 0.51, 'pur': 0.51, 'nmi': 0.018639764244343528, 'ari': 0.0}
Epoch: 2, time: 3.3319666385650635
第2Epoch的精度为：{'acc': 0.51, 'pur': 0.51, 'nmi': 0.018639764244343528, 'ari': 0.0}
Epoch: 3, time: 3.572547674179077
第3Epoch的精度为：{'acc': 0.51, 'pur': 0.51, 'nmi': 0.018639764244343528, 'ari': 0.0}
Epoch: 4, time: 3.2439374923706055
第4Epoch的精度为：{'acc': 0.51, 'pur': 0.51, 'nmi': 0.018639764244343528, 'ari': 0.0}
Epoch: 5, time: 3.2592105865478516
第5Epoch的精度为：{'acc': 0.51, 'pur': 0.51, 'nmi': 0.018639764244343528, 'ari': 0.0}
Epoch: 6, time: 3.326704978942871
第6Epoch的精度为：{'acc': 0.51, 'pur': 0.51, 'nmi': 0.001627611061739598, 'ari': -0.002236184874153835}
Epoch: 7, time: 3.3350706100463867
第7Epoch的精度为：{'acc': 0.51, 'pur': 0.51, 'nmi': 0.018639764244343528, 'ari': 0.0}
Epoch: 8, time: 3.4017484188079834
第8Epoch的精度为：{'acc': 0.51, 'pur': 0.51, 'nmi': 0.018639764244343528, 'ari': 0.0}
Epoch: 9, time: 3.554995536804199
第9Epoch的精度为：{'acc': 0.51, 'pur': 0.51, 'nmi': 0.018639764244343528, 'ari': 0.0}
Epoch: 10, time: 3.2309770584106445
第10Epoch的精度为：{'acc': 0.51, 'pur': 0.51, 'nmi': 0.018639764244343528, 'ari': 0.0}
Epoch: 11, time: 3.448554039001465
第11Epoch的精度为：{'acc': 0.51, 'pur': 0.51, 'nmi': 0.018639764244343528, 'ari': 0.0}
Epoch: 12, time: 3.2528107166290283
第12Epoch的精度为：{'acc': 0.51, 'pur': 0.51, 'nmi': 0.018639764244343528, 'ari': 0.0}
Epoch: 13, time: 3.300253391265869
第13Epoch的精度为：{'acc': 0.51, 'pur': 0.51, 'nmi': 0.018639764244343528, 'ari': 0.0}
Epoch: 14, time: 3.399651288986206
第14Epoch的精度为：{'acc': 0.51, 'pur': 0.51, 'nmi': 0.018639764244343528, 'ari': 0.0}
Epoch: 15, time: 3.3745486736297607
第15Epoch的精度为：{'acc': 0.51, 'pur': 0.51, 'nmi': 0.018639764244343528, 'ari': 0.0}
Epoch: 16, time: 3.3260064125061035
第16Epoch的精度为：{'acc': 0.52, 'pur': 0.52, 'nmi': 0.0035879859797248496, 'ari': -0.002678093197643278}
Epoch: 17, time: 3.491243600845337
第17Epoch的精度为：{'acc': 0.51, 'pur': 0.51, 'nmi': 0.018639764244343528, 'ari': 0.0}
Epoch: 18, time: 3.303367853164673
第18Epoch的精度为：{'acc': 0.52, 'pur': 0.52, 'nmi': 0.003034393124605734, 'ari': -0.0032806054503524214}
Epoch: 19, time: 3.355421304702759
第19Epoch的精度为：{'acc': 0.51, 'pur': 0.51, 'nmi': 0.018639764244343528, 'ari': 0.0}
Epoch: 20, time: 3.577078104019165
第20Epoch的精度为：{'acc': 0.5, 'pur': 0.5, 'nmi': 0.0, 'ari': -0.0036496350364963502}
Epoch: 21, time: 3.4701404571533203
第21Epoch的精度为：{'acc': 0.51, 'pur': 0.51, 'nmi': 0.018639764244343528, 'ari': 0.0}
Epoch: 22, time: 3.2505075931549072
第22Epoch的精度为：{'acc': 0.51, 'pur': 0.51, 'nmi': 0.018639764244343528, 'ari': 0.0}
Epoch: 23, time: 3.262680768966675
第23Epoch的精度为：{'acc': 0.51, 'pur': 0.51, 'nmi': 0.018639764244343528, 'ari': 0.0}
Epoch: 24, time: 3.4749667644500732
第24Epoch的精度为：{'acc': 0.51, 'pur': 0.51, 'nmi': 0.0008197391960922011, 'ari': -0.004188838693179742}
Epoch: 25, time: 3.669940233230591
第25Epoch的精度为：{'acc': 0.51, 'pur': 0.51, 'nmi': 0.018639764244343528, 'ari': 0.0}
Epoch: 26, time: 3.5625247955322266
第26Epoch的精度为：{'acc': 0.51, 'pur': 0.51, 'nmi': 0.018639764244343528, 'ari': 0.0}
Epoch: 27, time: 3.2680044174194336
第27Epoch的精度为：{'acc': 0.51, 'pur': 0.51, 'nmi': 0.018639764244343528, 'ari': 0.0}
Epoch: 28, time: 3.4475626945495605
第28Epoch的精度为：{'acc': 0.51, 'pur': 0.51, 'nmi': 0.018639764244343528, 'ari': 0.0}
Epoch: 29, time: 3.635734796524048
第29Epoch的精度为：{'acc': 0.51, 'pur': 0.51, 'nmi': 0.018639764244343528, 'ari': 0.0}
Epoch: 30, time: 3.505079746246338
第30Epoch的精度为：{'acc': 0.51, 'pur': 0.51, 'nmi': 0.001627611061739598, 'ari': -0.002236184874153835}
最终精度为：{'acc': 0.51, 'pur': 0.51, 'nmi': 0.018639764244343528, 'ari': 0.0}
==================================================
 
 
