NATOPS
Epoch: 1, time: 1.0032374858856201
第1Epoch的精度为：{'acc': 0.2833333333333333, 'pur': 0.29444444444444445, 'nmi': 0.11379165822978281, 'ari': 0.04096838666695322}
Epoch: 2, time: 0.8060383796691895
第2Epoch的精度为：{'acc': 0.2722222222222222, 'pur': 0.28888888888888886, 'nmi': 0.07850271399868025, 'ari': 0.025854378430364634}
Epoch: 3, time: 0.818488359451294
第3Epoch的精度为：{'acc': 0.2777777777777778, 'pur': 0.28888888888888886, 'nmi': 0.07014629516835731, 'ari': 0.021203993460599885}
Epoch: 4, time: 0.8737905025482178
第4Epoch的精度为：{'acc': 0.2722222222222222, 'pur': 0.28888888888888886, 'nmi': 0.12026535174287321, 'ari': 0.0249338419768361}
Epoch: 5, time: 0.8108000755310059
第5Epoch的精度为：{'acc': 0.26666666666666666, 'pur': 0.26666666666666666, 'nmi': 0.05359201059823152, 'ari': 0.006433917530565757}
Epoch: 6, time: 0.7020595073699951
第6Epoch的精度为：{'acc': 0.2611111111111111, 'pur': 0.2722222222222222, 'nmi': 0.0524303053310243, 'ari': 0.0060461558788199084}
Epoch: 7, time: 0.7920575141906738
第7Epoch的精度为：{'acc': 0.2833333333333333, 'pur': 0.2833333333333333, 'nmi': 0.062088703240661715, 'ari': 0.015616916633398138}
Epoch: 8, time: 0.9449660778045654
第8Epoch的精度为：{'acc': 0.2611111111111111, 'pur': 0.2777777777777778, 'nmi': 0.043696210962060535, 'ari': 0.005555555555555556}
Epoch: 9, time: 0.8639535903930664
第9Epoch的精度为：{'acc': 0.2833333333333333, 'pur': 0.3, 'nmi': 0.08300468783030279, 'ari': 0.02885945176381277}
Epoch: 10, time: 0.897101640701294
第10Epoch的精度为：{'acc': 0.25, 'pur': 0.26666666666666666, 'nmi': 0.07374912124939755, 'ari': 0.021059354350661294}
Epoch: 11, time: 0.7958917617797852
第11Epoch的精度为：{'acc': 0.2777777777777778, 'pur': 0.3055555555555556, 'nmi': 0.12763059265720056, 'ari': 0.0644628329951412}
Epoch: 12, time: 0.8452107906341553
第12Epoch的精度为：{'acc': 0.32222222222222224, 'pur': 0.35, 'nmi': 0.14934640753105324, 'ari': 0.07940929571191174}
Epoch: 13, time: 1.1500091552734375
第13Epoch的精度为：{'acc': 0.3111111111111111, 'pur': 0.32222222222222224, 'nmi': 0.13267650635695338, 'ari': 0.05390411215653934}
Epoch: 14, time: 1.2062575817108154
第14Epoch的精度为：{'acc': 0.3388888888888889, 'pur': 0.34444444444444444, 'nmi': 0.17675157283228796, 'ari': 0.09518157745413278}
Epoch: 15, time: 1.0345673561096191
第15Epoch的精度为：{'acc': 0.31666666666666665, 'pur': 0.32222222222222224, 'nmi': 0.1676953688421776, 'ari': 0.08856060281617759}
Epoch: 16, time: 0.8642699718475342
第16Epoch的精度为：{'acc': 0.32222222222222224, 'pur': 0.32222222222222224, 'nmi': 0.1379576363194996, 'ari': 0.06341184474314089}
Epoch: 17, time: 0.8557515144348145
第17Epoch的精度为：{'acc': 0.35, 'pur': 0.35, 'nmi': 0.17324520882201896, 'ari': 0.11363529858945187}
Epoch: 18, time: 0.9438769817352295
第18Epoch的精度为：{'acc': 0.29444444444444445, 'pur': 0.3, 'nmi': 0.12137657045366401, 'ari': 0.053606795823704895}
Epoch: 19, time: 0.9308009147644043
第19Epoch的精度为：{'acc': 0.3388888888888889, 'pur': 0.35, 'nmi': 0.20704171266442387, 'ari': 0.1268778885238599}
Epoch: 20, time: 0.9497032165527344
第20Epoch的精度为：{'acc': 0.3277777777777778, 'pur': 0.34444444444444444, 'nmi': 0.157691996902176, 'ari': 0.08050418579343323}
Epoch: 21, time: 1.011711835861206
第21Epoch的精度为：{'acc': 0.32222222222222224, 'pur': 0.3277777777777778, 'nmi': 0.16208290422703664, 'ari': 0.0850786984402024}
Epoch: 22, time: 0.8960666656494141
第22Epoch的精度为：{'acc': 0.3611111111111111, 'pur': 0.36666666666666664, 'nmi': 0.19686859688427719, 'ari': 0.12007284360669886}
Epoch: 23, time: 0.8866715431213379
第23Epoch的精度为：{'acc': 0.3333333333333333, 'pur': 0.3333333333333333, 'nmi': 0.1772231654260067, 'ari': 0.08961568314171202}
Epoch: 24, time: 0.8703372478485107
第24Epoch的精度为：{'acc': 0.32222222222222224, 'pur': 0.32222222222222224, 'nmi': 0.15260375156513914, 'ari': 0.07690431022516478}
Epoch: 25, time: 0.97127366065979
第25Epoch的精度为：{'acc': 0.34444444444444444, 'pur': 0.34444444444444444, 'nmi': 0.18859742050225003, 'ari': 0.1208672735984667}
Epoch: 26, time: 0.8295068740844727
第26Epoch的精度为：{'acc': 0.32222222222222224, 'pur': 0.32222222222222224, 'nmi': 0.12512648129978093, 'ari': 0.07633715833971744}
Epoch: 27, time: 0.8409051895141602
NATOPS
Epoch: 1, time: 0.4341771602630615
第1Epoch的精度为：{'acc': 0.23333333333333334, 'pur': 0.25, 'nmi': 0.06283552561962343, 'ari': 0.0045887452910319}
Epoch: 2, time: 0.493762731552124
第2Epoch的精度为：{'acc': 0.24444444444444444, 'pur': 0.24444444444444444, 'nmi': 0.029573446526659747, 'ari': -0.006569299427120516}
Epoch: 3, time: 0.4060792922973633
第3Epoch的精度为：{'acc': 0.2611111111111111, 'pur': 0.26666666666666666, 'nmi': 0.06473638997480918, 'ari': 0.008777352397815236}
Epoch: 4, time: 0.7292852401733398
第4Epoch的精度为：{'acc': 0.22777777777777777, 'pur': 0.23333333333333334, 'nmi': 0.034620550780006025, 'ari': -0.005667277843689025}
NATOPS
Epoch: 1, time: 0.4036085605621338
第1Epoch的精度为：{'acc': 0.25555555555555554, 'pur': 0.2611111111111111, 'nmi': 0.05519483745590766, 'ari': 0.0015887373454867252}
Epoch: 2, time: 0.45508527755737305
第2Epoch的精度为：{'acc': 0.28888888888888886, 'pur': 0.31666666666666665, 'nmi': 0.1225170491817308, 'ari': 0.04048490014324443}
Epoch: 3, time: 0.3912196159362793
第3Epoch的精度为：{'acc': 0.24444444444444444, 'pur': 0.26666666666666666, 'nmi': 0.06635145301857484, 'ari': 0.013411762644097585}
Epoch: 4, time: 0.4109995365142822
第4Epoch的精度为：{'acc': 0.3, 'pur': 0.31666666666666665, 'nmi': 0.12678116069998038, 'ari': 0.05855539971949509}
Epoch: 5, time: 0.3866701126098633
第5Epoch的精度为：{'acc': 0.2611111111111111, 'pur': 0.2722222222222222, 'nmi': 0.08629395443011577, 'ari': 0.024902403283206462}
Epoch: 6, time: 0.4740149974822998
第6Epoch的精度为：{'acc': 0.32222222222222224, 'pur': 0.34444444444444444, 'nmi': 0.19191064152046003, 'ari': 0.09236935677923784}
Epoch: 7, time: 0.39911580085754395
第7Epoch的精度为：{'acc': 0.31666666666666665, 'pur': 0.3277777777777778, 'nmi': 0.1865486257227595, 'ari': 0.08995745719938218}
Epoch: 8, time: 0.4029815196990967
第8Epoch的精度为：{'acc': 0.2722222222222222, 'pur': 0.2722222222222222, 'nmi': 0.07086487499365413, 'ari': 0.018816070828274474}
Epoch: 9, time: 0.40326571464538574
第9Epoch的精度为：{'acc': 0.3111111111111111, 'pur': 0.3388888888888889, 'nmi': 0.21208034037638773, 'ari': 0.10873502006975855}
Epoch: 10, time: 0.4003880023956299
第10Epoch的精度为：{'acc': 0.34444444444444444, 'pur': 0.37222222222222223, 'nmi': 0.21602371550090224, 'ari': 0.10940435798749833}
Epoch: 11, time: 0.40053439140319824
第11Epoch的精度为：{'acc': 0.3055555555555556, 'pur': 0.32222222222222224, 'nmi': 0.16119647060486583, 'ari': 0.07388096126790893}
Epoch: 12, time: 0.3771030902862549
第12Epoch的精度为：{'acc': 0.35, 'pur': 0.4, 'nmi': 0.28289299168557325, 'ari': 0.16672672591001086}
Epoch: 13, time: 0.41162919998168945
第13Epoch的精度为：{'acc': 0.36666666666666664, 'pur': 0.40555555555555556, 'nmi': 0.21369098118920804, 'ari': 0.13267462229668162}
Epoch: 14, time: 0.4149281978607178
第14Epoch的精度为：{'acc': 0.31666666666666665, 'pur': 0.36666666666666664, 'nmi': 0.21341271219575625, 'ari': 0.11342602355746706}
Epoch: 15, time: 0.4056723117828369
第15Epoch的精度为：{'acc': 0.28888888888888886, 'pur': 0.3, 'nmi': 0.12189446210015596, 'ari': 0.05544674050175875}
Epoch: 16, time: 0.39959025382995605
第16Epoch的精度为：{'acc': 0.3111111111111111, 'pur': 0.32222222222222224, 'nmi': 0.16015579171954833, 'ari': 0.08094564960272249}
Epoch: 17, time: 0.4141085147857666
第17Epoch的精度为：{'acc': 0.31666666666666665, 'pur': 0.32222222222222224, 'nmi': 0.1573946537781792, 'ari': 0.09619973525648688}
Epoch: 18, time: 0.40521883964538574
第18Epoch的精度为：{'acc': 0.3277777777777778, 'pur': 0.35, 'nmi': 0.17608489564939012, 'ari': 0.09901698966666857}
Epoch: 19, time: 0.46119117736816406
第19Epoch的精度为：{'acc': 0.39444444444444443, 'pur': 0.4111111111111111, 'nmi': 0.23759479804243916, 'ari': 0.15311288967579334}
Epoch: 20, time: 0.40769100189208984
第20Epoch的精度为：{'acc': 0.3611111111111111, 'pur': 0.37222222222222223, 'nmi': 0.22532757790944868, 'ari': 0.14875678795685415}
Epoch: 21, time: 0.39425086975097656
第21Epoch的精度为：{'acc': 0.31666666666666665, 'pur': 0.3333333333333333, 'nmi': 0.18259987090380433, 'ari': 0.0900230752347564}
Epoch: 22, time: 0.4116947650909424
第22Epoch的精度为：{'acc': 0.31666666666666665, 'pur': 0.35555555555555557, 'nmi': 0.1769504453955466, 'ari': 0.10231400222502444}
Epoch: 23, time: 0.3966188430786133
第23Epoch的精度为：{'acc': 0.3111111111111111, 'pur': 0.35, 'nmi': 0.18266449655154185, 'ari': 0.1223856274225093}
Epoch: 24, time: 0.3855462074279785
第24Epoch的精度为：{'acc': 0.3111111111111111, 'pur': 0.3611111111111111, 'nmi': 0.18031816613114726, 'ari': 0.10730108118425041}
Epoch: 25, time: 0.4626948833465576
第25Epoch的精度为：{'acc': 0.3, 'pur': 0.3333333333333333, 'nmi': 0.19308761423344833, 'ari': 0.11912757134299924}
Epoch: 26, time: 0.3999319076538086
第26Epoch的精度为：{'acc': 0.28888888888888886, 'pur': 0.3055555555555556, 'nmi': 0.1798129401577857, 'ari': 0.09602490490652472}
Epoch: 27, time: 0.408947229385376
第27Epoch的精度为：{'acc': 0.3333333333333333, 'pur': 0.35555555555555557, 'nmi': 0.2423197149030927, 'ari': 0.14661867571564163}
Epoch: 28, time: 0.39992833137512207
第28Epoch的精度为：{'acc': 0.31666666666666665, 'pur': 0.3388888888888889, 'nmi': 0.18767525628590614, 'ari': 0.11562725669039214}
Epoch: 29, time: 0.37427806854248047
第29Epoch的精度为：{'acc': 0.3333333333333333, 'pur': 0.35555555555555557, 'nmi': 0.1953248681005657, 'ari': 0.1129124156376135}
Epoch: 30, time: 0.5138213634490967
第30Epoch的精度为：{'acc': 0.3055555555555556, 'pur': 0.32222222222222224, 'nmi': 0.18076160810273353, 'ari': 0.10449196961976977}
最终精度为：{'acc': 0.3111111111111111, 'pur': 0.32222222222222224, 'nmi': 0.1689449866764731, 'ari': 0.10106305671413321}
==================================================
 
 
