PEMS-SF
Epoch: 1, time: 3.382361888885498
第1Epoch的精度为：{'acc': 0.41040462427745666, 'pur': 0.4277456647398844, 'nmi': 0.3275425650300387, 'ari': 0.14886376602154167}
Epoch: 2, time: 2.3058273792266846
第2Epoch的精度为：{'acc': 0.5086705202312138, 'pur': 0.5375722543352601, 'nmi': 0.49973517138102935, 'ari': 0.32409742939928055}
Epoch: 3, time: 2.6301093101501465
第3Epoch的精度为：{'acc': 0.4624277456647399, 'pur': 0.5202312138728323, 'nmi': 0.4754570999235552, 'ari': 0.26428274819355296}
Epoch: 4, time: 2.552250385284424
第4Epoch的精度为：{'acc': 0.47398843930635837, 'pur': 0.5202312138728323, 'nmi': 0.4715671161910526, 'ari': 0.2714591628305851}
Epoch: 5, time: 2.492922782897949
第5Epoch的精度为：{'acc': 0.5549132947976878, 'pur': 0.6069364161849711, 'nmi': 0.6102670462402358, 'ari': 0.38940843119500035}
Epoch: 6, time: 2.381227731704712
第6Epoch的精度为：{'acc': 0.4161849710982659, 'pur': 0.5144508670520231, 'nmi': 0.4566962995422185, 'ari': 0.21874435734130301}
Epoch: 7, time: 2.4595024585723877
第7Epoch的精度为：{'acc': 0.4624277456647399, 'pur': 0.5086705202312138, 'nmi': 0.4896470245904741, 'ari': 0.2649085008337518}
Epoch: 8, time: 2.4428200721740723
第8Epoch的精度为：{'acc': 0.42196531791907516, 'pur': 0.4913294797687861, 'nmi': 0.46591916427243013, 'ari': 0.24661161340090082}
Epoch: 9, time: 2.4821035861968994
第9Epoch的精度为：{'acc': 0.4161849710982659, 'pur': 0.5260115606936416, 'nmi': 0.49677370056773656, 'ari': 0.2687293689700501}
Epoch: 10, time: 2.286144733428955
第10Epoch的精度为：{'acc': 0.3815028901734104, 'pur': 0.5086705202312138, 'nmi': 0.4803223495606904, 'ari': 0.19830014837570561}
Epoch: 11, time: 2.9845173358917236
第11Epoch的精度为：{'acc': 0.4393063583815029, 'pur': 0.49710982658959535, 'nmi': 0.4623957598079096, 'ari': 0.2277901760235079}
Epoch: 12, time: 2.4370999336242676
第12Epoch的精度为：{'acc': 0.44508670520231214, 'pur': 0.5144508670520231, 'nmi': 0.46462240225440576, 'ari': 0.22367518953488508}
Epoch: 13, time: 2.5362138748168945
第13Epoch的精度为：{'acc': 0.3988439306358382, 'pur': 0.4797687861271676, 'nmi': 0.43472122463336005, 'ari': 0.1699001044570023}
Epoch: 14, time: 2.5613887310028076
第14Epoch的精度为：{'acc': 0.37572254335260113, 'pur': 0.47398843930635837, 'nmi': 0.4603221680944575, 'ari': 0.1855303364851789}
Epoch: 15, time: 3.2872745990753174
第15Epoch的精度为：{'acc': 0.3815028901734104, 'pur': 0.45664739884393063, 'nmi': 0.4139063076030121, 'ari': 0.17366741369659036}
Epoch: 16, time: 3.644351005554199
第16Epoch的精度为：{'acc': 0.41040462427745666, 'pur': 0.48554913294797686, 'nmi': 0.3945952098848299, 'ari': 0.17551325795257816}
Epoch: 17, time: 2.6097710132598877
第17Epoch的精度为：{'acc': 0.4161849710982659, 'pur': 0.4913294797687861, 'nmi': 0.43738774678603226, 'ari': 0.21397226572329348}
Epoch: 18, time: 2.640209674835205
第18Epoch的精度为：{'acc': 0.4277456647398844, 'pur': 0.5144508670520231, 'nmi': 0.46624160267831355, 'ari': 0.2265576512093868}
Epoch: 19, time: 2.3188652992248535
第19Epoch的精度为：{'acc': 0.3930635838150289, 'pur': 0.4797687861271676, 'nmi': 0.46653044238050684, 'ari': 0.19996135769399181}
Epoch: 20, time: 2.6749017238616943
第20Epoch的精度为：{'acc': 0.3872832369942196, 'pur': 0.47398843930635837, 'nmi': 0.41741550192685406, 'ari': 0.20087764489438523}
Epoch: 21, time: 2.6930370330810547
第21Epoch的精度为：{'acc': 0.3930635838150289, 'pur': 0.5028901734104047, 'nmi': 0.4593971593693605, 'ari': 0.22001276589637891}
Epoch: 22, time: 2.2323899269104004
第22Epoch的精度为：{'acc': 0.3699421965317919, 'pur': 0.47398843930635837, 'nmi': 0.4437579615252214, 'ari': 0.19563632007147966}
Epoch: 23, time: 2.3794188499450684
第23Epoch的精度为：{'acc': 0.3468208092485549, 'pur': 0.4393063583815029, 'nmi': 0.39278939795761014, 'ari': 0.17316214518429032}
Epoch: 24, time: 2.420438289642334
第24Epoch的精度为：{'acc': 0.3930635838150289, 'pur': 0.45664739884393063, 'nmi': 0.3692830983583758, 'ari': 0.192688353197183}
Epoch: 25, time: 2.52270245552063
第25Epoch的精度为：{'acc': 0.28901734104046245, 'pur': 0.35260115606936415, 'nmi': 0.28305842518908714, 'ari': 0.11434969737657852}
Epoch: 26, time: 2.5120458602905273
第26Epoch的精度为：{'acc': 0.37572254335260113, 'pur': 0.3872832369942196, 'nmi': 0.31985622163747734, 'ari': 0.16229091991718425}
Epoch: 27, time: 2.5780019760131836
第27Epoch的精度为：{'acc': 0.32947976878612717, 'pur': 0.4277456647398844, 'nmi': 0.3579400355744298, 'ari': 0.16188668547994542}
Epoch: 28, time: 2.3767387866973877
第28Epoch的精度为：{'acc': 0.35260115606936415, 'pur': 0.3815028901734104, 'nmi': 0.3025640706356203, 'ari': 0.14317585183973686}
Epoch: 29, time: 2.6356427669525146
第29Epoch的精度为：{'acc': 0.37572254335260113, 'pur': 0.41040462427745666, 'nmi': 0.37189997314174233, 'ari': 0.17520665264227261}
Epoch: 30, time: 2.336622476577759
第30Epoch的精度为：{'acc': 0.3352601156069364, 'pur': 0.3988439306358382, 'nmi': 0.3478884883405834, 'ari': 0.1654934186350319}
最终精度为：{'acc': 0.3468208092485549, 'pur': 0.41040462427745666, 'nmi': 0.3455742838334305, 'ari': 0.17304535781114913}
==================================================
 
 
