PenDigits
Epoch: 1, time: 10.384782791137695
第1Epoch的精度为：{'acc': 0.28130360205831906, 'pur': 0.3170383076043453, 'nmi': 0.17832804351776088, 'ari': 0.09460256558423474}
Epoch: 2, time: 10.480909585952759
第2Epoch的精度为：{'acc': 0.25614636935391655, 'pur': 0.26472269868496284, 'nmi': 0.13865064219150233, 'ari': 0.06475214236419598}
Epoch: 3, time: 10.985894680023193
第3Epoch的精度为：{'acc': 0.2833047455688965, 'pur': 0.2990280160091481, 'nmi': 0.1862869610208807, 'ari': 0.09044593717205775}
Epoch: 4, time: 10.553215742111206
第4Epoch的精度为：{'acc': 0.2850200114351058, 'pur': 0.2978845054316752, 'nmi': 0.187887583237081, 'ari': 0.09404156010138182}
Epoch: 5, time: 10.95072340965271
第5Epoch的精度为：{'acc': 0.2521440823327616, 'pur': 0.2730131503716409, 'nmi': 0.1632111271001983, 'ari': 0.079407097211498}
Epoch: 6, time: 10.681335926055908
第6Epoch的精度为：{'acc': 0.3047455688965123, 'pur': 0.33276157804459694, 'nmi': 0.23598629275536837, 'ari': 0.12346034320498302}
Epoch: 7, time: 11.2722487449646
第7Epoch的精度为：{'acc': 0.41366495140080045, 'pur': 0.4219554030874786, 'nmi': 0.3415914066328471, 'ari': 0.19418688217900235}
Epoch: 8, time: 12.20253038406372
第8Epoch的精度为：{'acc': 0.3259005145797599, 'pur': 0.3719268153230417, 'nmi': 0.2950388522157619, 'ari': 0.14734302132285693}
Epoch: 9, time: 10.942999362945557
第9Epoch的精度为：{'acc': 0.4262435677530017, 'pur': 0.4479702687249857, 'nmi': 0.40864728124575694, 'ari': 0.23322560544025134}
Epoch: 10, time: 10.616262197494507
第10Epoch的精度为：{'acc': 0.10405946255002858, 'pur': 0.10405946255002858, 'nmi': 0.0, 'ari': 0.0}
Epoch: 11, time: 11.14054012298584
第11Epoch的精度为：{'acc': 0.10405946255002858, 'pur': 0.10405946255002858, 'nmi': 0.0, 'ari': 0.0}
Epoch: 12, time: 10.834425210952759
第12Epoch的精度为：{'acc': 0.10405946255002858, 'pur': 0.10405946255002858, 'nmi': 0.0, 'ari': 0.0}
Epoch: 13, time: 10.76092267036438
第13Epoch的精度为：{'acc': 0.10405946255002858, 'pur': 0.10405946255002858, 'nmi': 0.0, 'ari': 0.0}
Epoch: 14, time: 10.623924970626831
第14Epoch的精度为：{'acc': 0.10405946255002858, 'pur': 0.10405946255002858, 'nmi': 0.0, 'ari': 0.0}
Epoch: 15, time: 10.706059694290161
第15Epoch的精度为：{'acc': 0.10405946255002858, 'pur': 0.10405946255002858, 'nmi': 0.0, 'ari': 0.0}
Epoch: 16, time: 10.46201777458191
第16Epoch的精度为：{'acc': 0.10405946255002858, 'pur': 0.10405946255002858, 'nmi': 0.0, 'ari': 0.0}
Epoch: 17, time: 10.598561525344849
第17Epoch的精度为：{'acc': 0.10405946255002858, 'pur': 0.10405946255002858, 'nmi': 0.0, 'ari': 0.0}
Epoch: 18, time: 10.353418350219727
第18Epoch的精度为：{'acc': 0.10405946255002858, 'pur': 0.10405946255002858, 'nmi': 0.0, 'ari': 0.0}
Epoch: 19, time: 12.257720947265625
第19Epoch的精度为：{'acc': 0.10405946255002858, 'pur': 0.10405946255002858, 'nmi': 0.0, 'ari': 0.0}
Epoch: 20, time: 11.157970428466797
第20Epoch的精度为：{'acc': 0.10405946255002858, 'pur': 0.10405946255002858, 'nmi': 0.0, 'ari': 0.0}
Epoch: 21, time: 11.457998991012573
第21Epoch的精度为：{'acc': 0.10405946255002858, 'pur': 0.10405946255002858, 'nmi': 0.0, 'ari': 0.0}
Epoch: 22, time: 10.928247451782227
第22Epoch的精度为：{'acc': 0.10405946255002858, 'pur': 0.10405946255002858, 'nmi': 0.0, 'ari': 0.0}
Epoch: 23, time: 10.584426641464233
第23Epoch的精度为：{'acc': 0.10405946255002858, 'pur': 0.10405946255002858, 'nmi': 0.0, 'ari': 0.0}
Epoch: 24, time: 10.978662490844727
第24Epoch的精度为：{'acc': 0.10405946255002858, 'pur': 0.10405946255002858, 'nmi': 0.0, 'ari': 0.0}
Epoch: 25, time: 10.778892755508423
第25Epoch的精度为：{'acc': 0.10405946255002858, 'pur': 0.10405946255002858, 'nmi': 0.0, 'ari': 0.0}
Epoch: 26, time: 11.586085557937622
第26Epoch的精度为：{'acc': 0.10405946255002858, 'pur': 0.10405946255002858, 'nmi': 0.0, 'ari': 0.0}
Epoch: 27, time: 11.121492862701416
第27Epoch的精度为：{'acc': 0.10405946255002858, 'pur': 0.10405946255002858, 'nmi': 0.0, 'ari': 0.0}
Epoch: 28, time: 10.78848934173584
第28Epoch的精度为：{'acc': 0.10405946255002858, 'pur': 0.10405946255002858, 'nmi': 0.0, 'ari': 0.0}
Epoch: 29, time: 12.86893367767334
第29Epoch的精度为：{'acc': 0.10405946255002858, 'pur': 0.10405946255002858, 'nmi': 0.0, 'ari': 0.0}
Epoch: 30, time: 10.988208293914795
第30Epoch的精度为：{'acc': 0.10405946255002858, 'pur': 0.10405946255002858, 'nmi': 0.0, 'ari': 0.0}
最终精度为：{'acc': 0.10405946255002858, 'pur': 0.10405946255002858, 'nmi': 0.0, 'ari': 0.0}
==================================================
 
 
