PhonemeSpectra
Epoch: 1, time: 8.475985050201416
第1Epoch的精度为：{'acc': 0.08738443185207277, 'pur': 0.09334923948702654, 'nmi': 0.11794650068679487, 'ari': 0.011274564369469843}
Epoch: 2, time: 8.447936296463013
第2Epoch的精度为：{'acc': 0.08619147032508202, 'pur': 0.09841932597673725, 'nmi': 0.13489294507724064, 'ari': 0.012454043167074635}
Epoch: 3, time: 8.298322439193726
第3Epoch的精度为：{'acc': 0.07992842230838056, 'pur': 0.09394572025052192, 'nmi': 0.12259570266022758, 'ari': 0.010003992101261296}
Epoch: 4, time: 8.644759893417358
第4Epoch的精度为：{'acc': 0.06620936474798687, 'pur': 0.07813898001789442, 'nmi': 0.0979353393711397, 'ari': 0.007112279105326256}
Epoch: 5, time: 8.639628887176514
第5Epoch的精度为：{'acc': 0.07008648971070683, 'pur': 0.08499850879809126, 'nmi': 0.12319363662964869, 'ari': 0.014423231187572442}
Epoch: 6, time: 8.574554681777954
第6Epoch的精度为：{'acc': 0.06263048016701461, 'pur': 0.07843722039964211, 'nmi': 0.09706521135986959, 'ari': 0.005750412697685629}
Epoch: 7, time: 8.202897071838379
第7Epoch的精度为：{'acc': 0.0659111243662392, 'pur': 0.07933194154488518, 'nmi': 0.10706564679927418, 'ari': 0.008965242894633895}
Epoch: 8, time: 8.697511434555054
第8Epoch的精度为：{'acc': 0.05905159558604235, 'pur': 0.07426185505517446, 'nmi': 0.09390873041905225, 'ari': 0.006410533585681978}
Epoch: 9, time: 8.505342960357666
第9Epoch的精度为：{'acc': 0.060542797494780795, 'pur': 0.07396361467342678, 'nmi': 0.09936898513130904, 'ari': 0.0055852934504457405}
Epoch: 10, time: 8.434082746505737
第10Epoch的精度为：{'acc': 0.05308678795108858, 'pur': 0.06620936474798687, 'nmi': 0.08525968910307727, 'ari': 0.004177283206874209}
Epoch: 11, time: 8.422408103942871
第11Epoch的精度为：{'acc': 0.0551744706233224, 'pur': 0.06889352818371608, 'nmi': 0.10137630998518687, 'ari': 0.007222480613690421}
Epoch: 12, time: 9.569606304168701
第12Epoch的精度为：{'acc': 0.06113927825827617, 'pur': 0.07485833581866985, 'nmi': 0.08820794814346457, 'ari': 0.007659902930438394}
Epoch: 13, time: 8.405207633972168
第13Epoch的精度为：{'acc': 0.04771846107963018, 'pur': 0.05666567253206084, 'nmi': 0.043953625108341346, 'ari': 0.003008569459723666}
Epoch: 14, time: 8.506789445877075
第14Epoch的精度为：{'acc': 0.04235013420817179, 'pur': 0.057858634059051596, 'nmi': 0.10364145359408224, 'ari': 0.0025233921698818583}
Epoch: 15, time: 8.640780687332153
第15Epoch的精度为：{'acc': 0.03996421115419028, 'pur': 0.0551744706233224, 'nmi': 0.09648789770288166, 'ari': 0.0017576023875461528}
Epoch: 16, time: 8.922988176345825
第16Epoch的精度为：{'acc': 0.05070086489710707, 'pur': 0.062332239785266925, 'nmi': 0.08434799696235476, 'ari': 0.004935127035464241}
Epoch: 17, time: 8.721637964248657
第17Epoch的精度为：{'acc': 0.059648076349537726, 'pur': 0.07366537429167909, 'nmi': 0.12643884775318726, 'ari': 0.0060611786856148925}
Epoch: 18, time: 8.258419752120972
第18Epoch的精度为：{'acc': 0.0393677303906949, 'pur': 0.049806143751864006, 'nmi': 0.07924485415818336, 'ari': 0.0009702307686974646}
Epoch: 19, time: 8.871596574783325
第19Epoch的精度为：{'acc': 0.046525499552639425, 'pur': 0.05636743215031315, 'nmi': 0.06487816391577417, 'ari': 0.0022986685856699537}
Epoch: 20, time: 8.758493661880493
第20Epoch的精度为：{'acc': 0.05845511482254697, 'pur': 0.06949000894721145, 'nmi': 0.11006422167898168, 'ari': 0.009252133760716113}
Epoch: 21, time: 8.43364953994751
第21Epoch的精度为：{'acc': 0.04354309573516254, 'pur': 0.053385028332836267, 'nmi': 0.058565600760650774, 'ari': 0.000937665831563716}
Epoch: 22, time: 8.968085765838623
第22Epoch的精度为：{'acc': 0.03877124962719952, 'pur': 0.049209662988368624, 'nmi': 0.07661339763066352, 'ari': 0.0009398463042647132}
Epoch: 23, time: 8.425353765487671
第23Epoch的精度为：{'acc': 0.04264837458991948, 'pur': 0.05487623024157471, 'nmi': 0.09224489436309077, 'ari': 0.0017105760400766997}
Epoch: 24, time: 8.499694585800171
第24Epoch的精度为：{'acc': 0.04085893229943334, 'pur': 0.0524903071875932, 'nmi': 0.08463525001697914, 'ari': 0.0012462646062451825}
Epoch: 25, time: 8.571184158325195
第25Epoch的精度为：{'acc': 0.036683566954965705, 'pur': 0.04801670146137787, 'nmi': 0.06550702631155852, 'ari': 0.0006805329543334519}
Epoch: 26, time: 10.555612325668335
第26Epoch的精度为：{'acc': 0.03698180733671339, 'pur': 0.04891142260662094, 'nmi': 0.07175620872785445, 'ari': 0.0008903557145039576}
Epoch: 27, time: 8.36759352684021
第27Epoch的精度为：{'acc': 0.04950790337011631, 'pur': 0.05905159558604235, 'nmi': 0.06905741145009314, 'ari': 0.002264231205257551}
Epoch: 28, time: 8.806936502456665
第28Epoch的精度为：{'acc': 0.035788845809722636, 'pur': 0.04503429764390098, 'nmi': 0.057910076484258485, 'ari': 0.0005187401529758621}
Epoch: 29, time: 8.56012749671936
第29Epoch的精度为：{'acc': 0.03429764390098419, 'pur': 0.04175365344467641, 'nmi': 0.04840774244082277, 'ari': 0.0002488410674160954}
Epoch: 30, time: 8.79269790649414
第30Epoch的精度为：{'acc': 0.03877124962719952, 'pur': 0.04831494184312556, 'nmi': 0.07606948902988639, 'ari': 0.0008399419712865901}
最终精度为：{'acc': 0.03877124962719952, 'pur': 0.04801670146137787, 'nmi': 0.07578888608836856, 'ari': 0.0008832953083760593}
==================================================
 
 
