RacketSports
Epoch: 1, time: 0.6841182708740234
第1Epoch的精度为：{'acc': 0.4342105263157895, 'pur': 0.4473684210526316, 'nmi': 0.15251515891597672, 'ari': 0.08474985544694258}
Epoch: 2, time: 0.6955368518829346
第2Epoch的精度为：{'acc': 0.34868421052631576, 'pur': 0.3684210526315789, 'nmi': 0.07951530901962049, 'ari': 0.03552205020654538}
Epoch: 3, time: 0.6613657474517822
第3Epoch的精度为：{'acc': 0.42105263157894735, 'pur': 0.42105263157894735, 'nmi': 0.11490657644908701, 'ari': 0.0714072615824862}
Epoch: 4, time: 0.48189544677734375
第4Epoch的精度为：{'acc': 0.3684210526315789, 'pur': 0.3815789473684211, 'nmi': 0.06759093122945206, 'ari': 0.040267249116249605}
Epoch: 5, time: 0.6637856960296631
第5Epoch的精度为：{'acc': 0.3157894736842105, 'pur': 0.3223684210526316, 'nmi': 0.058602552594409246, 'ari': 0.009192172383299464}
Epoch: 6, time: 0.6414437294006348
RacketSports
Epoch: 1, time: 0.48407530784606934
第1Epoch的精度为：{'acc': 0.375, 'pur': 0.375, 'nmi': 0.08420593363343966, 'ari': 0.034152365932775874}
Epoch: 2, time: 0.48298192024230957
第2Epoch的精度为：{'acc': 0.4276315789473684, 'pur': 0.4342105263157895, 'nmi': 0.15203982467622976, 'ari': 0.07238623543023362}
Epoch: 3, time: 0.4995691776275635
第3Epoch的精度为：{'acc': 0.40789473684210525, 'pur': 0.42105263157894735, 'nmi': 0.18007410779966643, 'ari': 0.10303241679937634}
Epoch: 4, time: 0.4744853973388672
第4Epoch的精度为：{'acc': 0.4144736842105263, 'pur': 0.4144736842105263, 'nmi': 0.16137718148096486, 'ari': 0.08633190374026872}
Epoch: 5, time: 0.5376031398773193
第5Epoch的精度为：{'acc': 0.39473684210526316, 'pur': 0.42105263157894735, 'nmi': 0.19613675514679965, 'ari': 0.10825959320745555}
Epoch: 6, time: 0.49013280868530273
第6Epoch的精度为：{'acc': 0.40131578947368424, 'pur': 0.40131578947368424, 'nmi': 0.1661827106378224, 'ari': 0.07569917171456085}
Epoch: 7, time: 0.545196533203125
第7Epoch的精度为：{'acc': 0.40131578947368424, 'pur': 0.42105263157894735, 'nmi': 0.20571486858366803, 'ari': 0.13103920978990233}
Epoch: 8, time: 0.491168737411499
第8Epoch的精度为：{'acc': 0.4276315789473684, 'pur': 0.4276315789473684, 'nmi': 0.18952222730996102, 'ari': 0.06756085688829692}
Epoch: 9, time: 0.4941554069519043
第9Epoch的精度为：{'acc': 0.42105263157894735, 'pur': 0.42105263157894735, 'nmi': 0.15459120007511346, 'ari': 0.06712932369638908}
Epoch: 10, time: 0.47638869285583496
第10Epoch的精度为：{'acc': 0.4276315789473684, 'pur': 0.4276315789473684, 'nmi': 0.14235268271088933, 'ari': 0.06050497675192788}
Epoch: 11, time: 0.5220036506652832
第11Epoch的精度为：{'acc': 0.40131578947368424, 'pur': 0.40789473684210525, 'nmi': 0.10492756073046414, 'ari': 0.047918254428943464}
Epoch: 12, time: 0.49277615547180176
第12Epoch的精度为：{'acc': 0.40131578947368424, 'pur': 0.40789473684210525, 'nmi': 0.1006280481931911, 'ari': 0.04931816367548324}
Epoch: 13, time: 0.5383522510528564
第13Epoch的精度为：{'acc': 0.34868421052631576, 'pur': 0.3618421052631579, 'nmi': 0.11804204385896874, 'ari': 0.03826593459859521}
Epoch: 14, time: 0.49124932289123535
第14Epoch的精度为：{'acc': 0.3684210526315789, 'pur': 0.3815789473684211, 'nmi': 0.1411014368750912, 'ari': 0.05477023118821081}
Epoch: 15, time: 0.4947047233581543
第15Epoch的精度为：{'acc': 0.3157894736842105, 'pur': 0.3355263157894737, 'nmi': 0.10287975437885412, 'ari': 0.017033224109017506}
Epoch: 16, time: 0.50266432762146
第16Epoch的精度为：{'acc': 0.3157894736842105, 'pur': 0.3618421052631579, 'nmi': 0.13460617305599665, 'ari': 0.032359546494549314}
Epoch: 17, time: 0.4755990505218506
第17Epoch的精度为：{'acc': 0.3223684210526316, 'pur': 0.3684210526315789, 'nmi': 0.16335135515115276, 'ari': 0.034627611241558866}
Epoch: 18, time: 0.506842851638794
第18Epoch的精度为：{'acc': 0.3355263157894737, 'pur': 0.3815789473684211, 'nmi': 0.17249857945512156, 'ari': 0.04564107527236149}
Epoch: 19, time: 0.5303280353546143
第19Epoch的精度为：{'acc': 0.3223684210526316, 'pur': 0.3684210526315789, 'nmi': 0.15004599872459662, 'ari': 0.034638599199602264}
Epoch: 20, time: 0.4933207035064697
第20Epoch的精度为：{'acc': 0.3092105263157895, 'pur': 0.35526315789473684, 'nmi': 0.13979958358677988, 'ari': 0.025371385104669332}
Epoch: 21, time: 0.500746488571167
第21Epoch的精度为：{'acc': 0.3092105263157895, 'pur': 0.35526315789473684, 'nmi': 0.13979958358677988, 'ari': 0.025371385104669332}
Epoch: 22, time: 0.5019559860229492
第22Epoch的精度为：{'acc': 0.3223684210526316, 'pur': 0.3684210526315789, 'nmi': 0.1500459987245966, 'ari': 0.034638599199602264}
Epoch: 23, time: 0.48288512229919434
第23Epoch的精度为：{'acc': 0.35526315789473684, 'pur': 0.39473684210526316, 'nmi': 0.14459673169671844, 'ari': 0.04370484053773183}
Epoch: 24, time: 0.4798290729522705
第24Epoch的精度为：{'acc': 0.32894736842105265, 'pur': 0.3684210526315789, 'nmi': 0.1470319382025346, 'ari': 0.034898730074137435}
Epoch: 25, time: 0.5337204933166504
第25Epoch的精度为：{'acc': 0.3223684210526316, 'pur': 0.3618421052631579, 'nmi': 0.1492224373148084, 'ari': 0.02989221518480942}
Epoch: 26, time: 0.5158801078796387
第26Epoch的精度为：{'acc': 0.3223684210526316, 'pur': 0.3618421052631579, 'nmi': 0.15592733019955068, 'ari': 0.0308069274221869}
Epoch: 27, time: 0.4951286315917969
第27Epoch的精度为：{'acc': 0.3223684210526316, 'pur': 0.3618421052631579, 'nmi': 0.1359502234638773, 'ari': 0.02992971079124024}
Epoch: 28, time: 0.4802827835083008
第28Epoch的精度为：{'acc': 0.3223684210526316, 'pur': 0.3618421052631579, 'nmi': 0.1492224373148084, 'ari': 0.02989221518480942}
Epoch: 29, time: 0.47449660301208496
第29Epoch的精度为：{'acc': 0.3157894736842105, 'pur': 0.35526315789473684, 'nmi': 0.13737022617854977, 'ari': 0.025305436657362193}
Epoch: 30, time: 0.4859917163848877
第30Epoch的精度为：{'acc': 0.3223684210526316, 'pur': 0.3618421052631579, 'nmi': 0.1359502234638773, 'ari': 0.02992971079124024}
最终精度为：{'acc': 0.3223684210526316, 'pur': 0.3618421052631579, 'nmi': 0.13595022346387728, 'ari': 0.02992971079124024}
==================================================
 
 
