SelfRegulationSCP1
Epoch: 1, time: 2.5826807022094727
第1Epoch的精度为：{'acc': 0.7098976109215017, 'pur': 0.7098976109215017, 'nmi': 0.22723810529234262, 'ari': 0.17418869392355382}
Epoch: 2, time: 1.5353384017944336
第2Epoch的精度为：{'acc': 0.7986348122866894, 'pur': 0.7986348122866894, 'nmi': 0.28239515807965954, 'ari': 0.3545485239284807}
Epoch: 3, time: 1.3177764415740967
第3Epoch的精度为：{'acc': 0.6313993174061433, 'pur': 0.6313993174061433, 'nmi': 0.05376847324657435, 'ari': 0.06599376429335199}
Epoch: 4, time: 1.5474343299865723
第4Epoch的精度为：{'acc': 0.6279863481228669, 'pur': 0.6279863481228669, 'nmi': 0.05217851167409828, 'ari': 0.06248885227311524}
Epoch: 5, time: 1.4894065856933594
第5Epoch的精度为：{'acc': 0.7098976109215017, 'pur': 0.7098976109215017, 'nmi': 0.15849289686159712, 'ari': 0.17370737452737614}
Epoch: 6, time: 1.3698556423187256
第6Epoch的精度为：{'acc': 0.5972696245733788, 'pur': 0.5972696245733788, 'nmi': 0.03015555011714587, 'ari': 0.03473329670378759}
Epoch: 7, time: 1.5222482681274414
第7Epoch的精度为：{'acc': 0.5870307167235495, 'pur': 0.5870307167235495, 'nmi': 0.0855702919276058, 'ari': 0.029031993024474845}
Epoch: 8, time: 1.4591140747070312
第8Epoch的精度为：{'acc': 0.5972696245733788, 'pur': 0.5972696245733788, 'nmi': 0.08988172973920319, 'ari': 0.03641660272452451}
Epoch: 9, time: 1.5043907165527344
第9Epoch的精度为：{'acc': 0.6245733788395904, 'pur': 0.6245733788395904, 'nmi': 0.12140739867505385, 'ari': 0.06042619487973543}
Epoch: 10, time: 1.6202445030212402
第10Epoch的精度为：{'acc': 0.6962457337883959, 'pur': 0.6962457337883959, 'nmi': 0.2093231248686574, 'ari': 0.15204128574174797}
Epoch: 11, time: 1.455214500427246
第11Epoch的精度为：{'acc': 0.6825938566552902, 'pur': 0.6825938566552902, 'nmi': 0.13222961238876216, 'ari': 0.13089157530327417}
Epoch: 12, time: 1.213263988494873
第12Epoch的精度为：{'acc': 0.6996587030716723, 'pur': 0.6996587030716723, 'nmi': 0.21375870712530062, 'ari': 0.15743719816928153}
Epoch: 13, time: 1.584770917892456
第13Epoch的精度为：{'acc': 0.6757679180887372, 'pur': 0.6757679180887372, 'nmi': 0.1308065349427312, 'ari': 0.12118585447479528}
Epoch: 14, time: 1.2421848773956299
第14Epoch的精度为：{'acc': 0.6621160409556314, 'pur': 0.6621160409556314, 'nmi': 0.15818215177648293, 'ari': 0.10319758964027236}
Epoch: 15, time: 1.476259469985962
第15Epoch的精度为：{'acc': 0.5870307167235495, 'pur': 0.5870307167235495, 'nmi': 0.07828601178435164, 'ari': 0.02896117797644697}
Epoch: 16, time: 1.424785852432251
第16Epoch的精度为：{'acc': 0.7064846416382252, 'pur': 0.7064846416382252, 'nmi': 0.21533962804290901, 'ari': 0.16844965822806604}
Epoch: 17, time: 1.5952115058898926
第17Epoch的精度为：{'acc': 0.7030716723549488, 'pur': 0.7030716723549488, 'nmi': 0.21969435450863792, 'ari': 0.16290598568546863}
Epoch: 18, time: 1.407057762145996
第18Epoch的精度为：{'acc': 0.6006825938566553, 'pur': 0.6006825938566553, 'nmi': 0.10164222206696269, 'ari': 0.0391570064095949}
Epoch: 19, time: 1.5240294933319092
第19Epoch的精度为：{'acc': 0.6484641638225256, 'pur': 0.6484641638225256, 'nmi': 0.15902097386987146, 'ari': 0.0864188285978768}
Epoch: 20, time: 1.4877779483795166
第20Epoch的精度为：{'acc': 0.6484641638225256, 'pur': 0.6484641638225256, 'nmi': 0.08949103888480284, 'ari': 0.08564001260392176}
Epoch: 21, time: 1.3850460052490234
第21Epoch的精度为：{'acc': 0.7133105802047781, 'pur': 0.7133105802047781, 'nmi': 0.2331819662734285, 'ari': 0.1799405797018272}
Epoch: 22, time: 1.5733463764190674
第22Epoch的精度为：{'acc': 0.7201365187713311, 'pur': 0.7201365187713311, 'nmi': 0.18377037731139265, 'ari': 0.19143936153279087}
Epoch: 23, time: 1.413963794708252
第23Epoch的精度为：{'acc': 0.590443686006826, 'pur': 0.590443686006826, 'nmi': 0.08957736836965062, 'ari': 0.03142254141471659}
Epoch: 24, time: 1.634446620941162
第24Epoch的精度为：{'acc': 0.6040955631399317, 'pur': 0.6040955631399317, 'nmi': 0.1056786912320332, 'ari': 0.041922793566098654}
Epoch: 25, time: 1.642486333847046
第25Epoch的精度为：{'acc': 0.5802047781569966, 'pur': 0.5802047781569966, 'nmi': 0.09846257746180108, 'ari': 0.024680713683280838}
Epoch: 26, time: 1.4822444915771484
第26Epoch的精度为：{'acc': 0.6791808873720137, 'pur': 0.6791808873720137, 'nmi': 0.12074064792698772, 'ari': 0.12585773743601258}
Epoch: 27, time: 1.4256062507629395
第27Epoch的精度为：{'acc': 0.7372013651877133, 'pur': 0.7372013651877133, 'nmi': 0.27617525790594166, 'ari': 0.2230111765638149}
Epoch: 28, time: 1.4411773681640625
第28Epoch的精度为：{'acc': 0.5972696245733788, 'pur': 0.5972696245733788, 'nmi': 0.08988172973920319, 'ari': 0.03641660272452451}
Epoch: 29, time: 1.4959673881530762
第29Epoch的精度为：{'acc': 0.7372013651877133, 'pur': 0.7372013651877133, 'nmi': 0.2658130636748545, 'ari': 0.22297673510857524}
Epoch: 30, time: 1.3650212287902832
第30Epoch的精度为：{'acc': 0.5733788395904437, 'pur': 0.5733788395904437, 'nmi': 0.07806434026300037, 'ari': 0.020482782752218917}
最终精度为：{'acc': 0.590443686006826, 'pur': 0.590443686006826, 'nmi': 0.082137010652642, 'ari': 0.03135251514437317}
==================================================
 
 
