SelfRegulationSCP2
Epoch: 1, time: 1.0256779193878174
第1Epoch的精度为：{'acc': 0.5944444444444444, 'pur': 0.5944444444444444, 'nmi': 0.02589668744604439, 'ari': 0.030262151295497784}
Epoch: 2, time: 1.2133331298828125
第2Epoch的精度为：{'acc': 0.5222222222222223, 'pur': 0.5222222222222223, 'nmi': 0.0014340276678512054, 'ari': -0.003606512807281827}
Epoch: 3, time: 0.9500677585601807
第3Epoch的精度为：{'acc': 0.5222222222222223, 'pur': 0.5222222222222223, 'nmi': 0.0014263129103264836, 'ari': -0.0036287872692820937}
Epoch: 4, time: 1.0482416152954102
第4Epoch的精度为：{'acc': 0.5055555555555555, 'pur': 0.5055555555555555, 'nmi': 9.089873297620551e-05, 'ari': -0.00540945030969103}
Epoch: 5, time: 1.0924632549285889
第5Epoch的精度为：{'acc': 0.5277777777777778, 'pur': 0.5277777777777778, 'nmi': 0.0022924324702629836, 'ari': -0.0023967228144294362}
Epoch: 6, time: 1.0334439277648926
第6Epoch的精度为：{'acc': 0.5611111111111111, 'pur': 0.5611111111111111, 'nmi': 0.011028189437729758, 'ari': 0.0094873436200735}
Epoch: 7, time: 1.1349678039550781
第7Epoch的精度为：{'acc': 0.5666666666666667, 'pur': 0.5666666666666667, 'nmi': 0.013604462206536808, 'ari': 0.012481589655258495}
Epoch: 8, time: 0.9628632068634033
第8Epoch的精度为：{'acc': 0.5444444444444444, 'pur': 0.5444444444444444, 'nmi': 0.00611553227353628, 'ari': 0.002604354458466232}
Epoch: 9, time: 1.2306921482086182
第9Epoch的精度为：{'acc': 0.5277777777777778, 'pur': 0.5277777777777778, 'nmi': 0.002236933586868862, 'ari': -0.002496835607650027}
Epoch: 10, time: 1.17635178565979
第10Epoch的精度为：{'acc': 0.5111111111111111, 'pur': 0.5111111111111111, 'nmi': 0.00047937307020974606, 'ari': -0.00400720520992102}
Epoch: 11, time: 1.1184954643249512
SelfRegulationSCP2
Epoch: 1, time: 1.3783183097839355
第1Epoch的精度为：{'acc': 0.5333333333333333, 'pur': 0.5333333333333333, 'nmi': 0.007566097534570553, 'ari': 0.001513512317001973}
Epoch: 2, time: 1.2761845588684082
第2Epoch的精度为：{'acc': 0.5333333333333333, 'pur': 0.5333333333333333, 'nmi': 0.0034890709292593387, 'ari': -0.000812600014976246}
Epoch: 3, time: 1.2611753940582275
第3Epoch的精度为：{'acc': 0.5222222222222223, 'pur': 0.5222222222222223, 'nmi': 0.0014291977703208558, 'ari': -0.0036204342301652914}
Epoch: 4, time: 1.3707189559936523
第4Epoch的精度为：{'acc': 0.5277777777777778, 'pur': 0.5277777777777778, 'nmi': 0.0022309062969494307, 'ari': -0.0025079604857508866}
Epoch: 5, time: 1.2991547584533691
第5Epoch的精度为：{'acc': 0.5222222222222223, 'pur': 0.5222222222222223, 'nmi': 0.001506733491844766, 'ari': -0.00340608713259054}
Epoch: 6, time: 1.3025550842285156
第6Epoch的精度为：{'acc': 0.5833333333333334, 'pur': 0.5833333333333334, 'nmi': 0.02016225134162386, 'ari': 0.022321958040211982}
Epoch: 7, time: 1.2357428073883057
第7Epoch的精度为：{'acc': 0.5333333333333333, 'pur': 0.5333333333333333, 'nmi': 0.00322792297796782, 'ari': -0.0011235674514993384}
Epoch: 8, time: 1.260887861251831
第8Epoch的精度为：{'acc': 0.5888888888888889, 'pur': 0.5888888888888889, 'nmi': 0.022919777227222125, 'ari': 0.026164516576501595}
Epoch: 9, time: 2.450594186782837
第9Epoch的精度为：{'acc': 0.5888888888888889, 'pur': 0.5888888888888889, 'nmi': 0.023318284042742825, 'ari': 0.026232054927526182}
Epoch: 10, time: 1.4426383972167969
第10Epoch的精度为：{'acc': 0.5555555555555556, 'pur': 0.5555555555555556, 'nmi': 0.009437012850195419, 'ari': 0.007020200759435389}
Epoch: 11, time: 1.3845996856689453
第11Epoch的精度为：{'acc': 0.5666666666666667, 'pur': 0.5666666666666667, 'nmi': 0.01344276804185995, 'ari': 0.01243502332780419}
Epoch: 12, time: 1.3195855617523193
第12Epoch的精度为：{'acc': 0.5611111111111111, 'pur': 0.5611111111111111, 'nmi': 0.011664573334078186, 'ari': 0.009707115523688482}
Epoch: 13, time: 1.2737758159637451
第13Epoch的精度为：{'acc': 0.5777777777777777, 'pur': 0.5777777777777777, 'nmi': 0.01757384386348002, 'ari': 0.01872638394913082}
Epoch: 14, time: 1.3235068321228027
第14Epoch的精度为：{'acc': 0.5222222222222223, 'pur': 0.5222222222222223, 'nmi': 0.0027419520738831177, 'ari': -0.0014533515671282327}
Epoch: 15, time: 1.2267897129058838
第15Epoch的精度为：{'acc': 0.5, 'pur': 0.5, 'nmi': 0.0, 'ari': -0.005606818068324946}
Epoch: 16, time: 1.3502800464630127
第16Epoch的精度为：{'acc': 0.5555555555555556, 'pur': 0.5555555555555556, 'nmi': 0.008978600652664403, 'ari': 0.006821857687004625}
Epoch: 17, time: 1.191486120223999
第17Epoch的精度为：{'acc': 0.5111111111111111, 'pur': 0.5111111111111111, 'nmi': 0.0006135878860082746, 'ari': -0.0032398664178153887}
Epoch: 18, time: 1.2973973751068115
第18Epoch的精度为：{'acc': 0.5, 'pur': 0.5, 'nmi': 1.066414531476058e-15, 'ari': -0.004144285401643863}
Epoch: 19, time: 1.3206241130828857
第19Epoch的精度为：{'acc': 0.5166666666666667, 'pur': 0.5166666666666667, 'nmi': 0.0016928038210931708, 'ari': -0.002081256170945304}
Epoch: 20, time: 1.2371463775634766
第20Epoch的精度为：{'acc': 0.5388888888888889, 'pur': 0.5388888888888889, 'nmi': 0.0056155354100775896, 'ari': 0.0014135558621339566}
Epoch: 21, time: 1.4010868072509766
第21Epoch的精度为：{'acc': 0.5722222222222222, 'pur': 0.5722222222222222, 'nmi': 0.016867585156653223, 'ari': 0.015790075740506438}
Epoch: 22, time: 1.3177807331085205
第22Epoch的精度为：{'acc': 0.5055555555555555, 'pur': 0.5055555555555555, 'nmi': 0.0001573641371574371, 'ari': -0.0035386737864709413}
Epoch: 23, time: 1.379540205001831
第23Epoch的精度为：{'acc': 0.5277777777777778, 'pur': 0.5277777777777778, 'nmi': 0.004420484642911269, 'ari': -0.00026019878910680535}
Epoch: 24, time: 1.4753282070159912
第24Epoch的精度为：{'acc': 0.5166666666666667, 'pur': 0.5166666666666667, 'nmi': 0.0012299265300851148, 'ari': -0.0029639704461675792}
Epoch: 25, time: 1.2827448844909668
第25Epoch的精度为：{'acc': 0.5055555555555555, 'pur': 0.5055555555555555, 'nmi': 0.0002169808698772375, 'ari': -0.0027334933865645204}
Epoch: 26, time: 1.7060163021087646
第26Epoch的精度为：{'acc': 0.5222222222222223, 'pur': 0.5222222222222223, 'nmi': 0.004827516363457522, 'ari': -0.00023225271307112738}
Epoch: 27, time: 1.317434310913086
第27Epoch的精度为：{'acc': 0.5111111111111111, 'pur': 0.5111111111111111, 'nmi': 0.0009849266080196595, 'ari': -0.0020938266687687912}
Epoch: 28, time: 1.4265568256378174
第28Epoch的精度为：{'acc': 0.5111111111111111, 'pur': 0.5111111111111111, 'nmi': 0.0026087746223944505, 'ari': -0.0006794641624085071}
Epoch: 29, time: 1.3892662525177002
第29Epoch的精度为：{'acc': 0.5333333333333333, 'pur': 0.5333333333333333, 'nmi': 0.004472097879229778, 'ari': 7.481483328761315e-05}
Epoch: 30, time: 1.2422764301300049
第30Epoch的精度为：{'acc': 0.5055555555555555, 'pur': 0.5055555555555555, 'nmi': 0.00025761293745780946, 'ari': -0.002372969717670535}
最终精度为：{'acc': 0.5055555555555555, 'pur': 0.5055555555555555, 'nmi': 0.00025761293745780946, 'ari': -0.002372969717670535}
==================================================
 
 
