SpokenArabicDigits
Epoch: 1, time: 15.814513444900513
第1Epoch的精度为：{'acc': 0.18190086402910413, 'pur': 0.1982719417917235, 'nmi': 0.07141776258215535, 'ari': 0.02910167459850979}
Epoch: 2, time: 15.879436731338501
第2Epoch的精度为：{'acc': 0.1582537517053206, 'pur': 0.16780354706684858, 'nmi': 0.03212890181417004, 'ari': 0.010962367352241901}
Epoch: 3, time: 15.928705215454102
第3Epoch的精度为：{'acc': 0.1605275125056844, 'pur': 0.16598453842655753, 'nmi': 0.040707846649641596, 'ari': 0.011588164692268423}
Epoch: 4, time: 15.818971633911133
第4Epoch的精度为：{'acc': 0.18144611186903137, 'pur': 0.1855388813096862, 'nmi': 0.06061917757515573, 'ari': 0.026563110518669202}
Epoch: 5, time: 17.69072723388672
第5Epoch的精度为：{'acc': 0.14870395634379263, 'pur': 0.15097771714415645, 'nmi': 0.05204398020039638, 'ari': 0.022868624220820498}
Epoch: 6, time: 16.327768564224243
第6Epoch的精度为：{'acc': 0.12460209185993633, 'pur': 0.12869486130059118, 'nmi': 0.02862916507968492, 'ari': 0.001930244490687934}
Epoch: 7, time: 15.979588508605957
第7Epoch的精度为：{'acc': 0.11687130513869941, 'pur': 0.12232833105957254, 'nmi': 0.028660058368608705, 'ari': 0.0008046498200956295}
Epoch: 8, time: 15.900334596633911
第8Epoch的精度为：{'acc': 0.1123237835379718, 'pur': 0.11323328785811733, 'nmi': 0.022649365909782504, 'ari': 0.0003398063765306005}
Epoch: 9, time: 16.220397472381592
第9Epoch的精度为：{'acc': 0.11550704865848113, 'pur': 0.11778080945884493, 'nmi': 0.02516954537225742, 'ari': 0.00041577716982302835}
Epoch: 10, time: 16.66564631462097
第10Epoch的精度为：{'acc': 0.110050022737608, 'pur': 0.11141427921782629, 'nmi': 0.01990713331258773, 'ari': 0.00016284153715198123}
Epoch: 11, time: 15.951600074768066
第11Epoch的精度为：{'acc': 0.11596180081855388, 'pur': 0.12005457025920874, 'nmi': 0.027574690690996304, 'ari': 0.0006670924453574564}
Epoch: 12, time: 16.463223457336426
第12Epoch的精度为：{'acc': 0.11596180081855388, 'pur': 0.11823556161891768, 'nmi': 0.027950175308773362, 'ari': 0.0004510568214527443}
Epoch: 13, time: 15.920542001724243
第13Epoch的精度为：{'acc': 0.110050022737608, 'pur': 0.11186903137789904, 'nmi': 0.023196061990302417, 'ari': 0.00019638075292998497}
Epoch: 14, time: 16.127774238586426
第14Epoch的精度为：{'acc': 0.110050022737608, 'pur': 0.1123237835379718, 'nmi': 0.02320449575953392, 'ari': 0.00021897222068973526}
Epoch: 15, time: 18.152782440185547
第15Epoch的精度为：{'acc': 0.1077762619372442, 'pur': 0.11050477489768076, 'nmi': 0.018659477518587816, 'ari': 8.970456781317798e-05}
Epoch: 16, time: 15.976929426193237
第16Epoch的精度为：{'acc': 0.11186903137789904, 'pur': 0.11323328785811733, 'nmi': 0.025057543124571795, 'ari': 0.00027526515138826424}
Epoch: 17, time: 15.958096504211426
第17Epoch的精度为：{'acc': 0.11186903137789904, 'pur': 0.11414279217826284, 'nmi': 0.02378631079806268, 'ari': 0.00026479702720849587}
Epoch: 18, time: 16.348759651184082
第18Epoch的精度为：{'acc': 0.11095952705775353, 'pur': 0.11550704865848113, 'nmi': 0.023173553891278946, 'ari': 0.0002795289341732913}
Epoch: 19, time: 16.21673274040222
第19Epoch的精度为：{'acc': 0.1123237835379718, 'pur': 0.11641655297862664, 'nmi': 0.025061563813867153, 'ari': 0.0003777746032504329}
Epoch: 20, time: 16.266298055648804
第20Epoch的精度为：{'acc': 0.11050477489768076, 'pur': 0.11141427921782629, 'nmi': 0.021516135662185645, 'ari': 0.00019447982329004275}
Epoch: 21, time: 15.813391208648682
第21Epoch的精度为：{'acc': 0.11414279217826284, 'pur': 0.11641655297862664, 'nmi': 0.029148559576431216, 'ari': 0.00040432816089364093}
Epoch: 22, time: 15.846076965332031
第22Epoch的精度为：{'acc': 0.1077762619372442, 'pur': 0.10959527057753524, 'nmi': 0.017659696932150547, 'ari': 0.00010530392751043093}
Epoch: 23, time: 16.180074453353882
第23Epoch的精度为：{'acc': 0.1077762619372442, 'pur': 0.11186903137789904, 'nmi': 0.02284565441582692, 'ari': 0.0001528981329735327}
Epoch: 24, time: 15.452497005462646
第24Epoch的精度为：{'acc': 0.11050477489768076, 'pur': 0.11277853569804457, 'nmi': 0.026143562764567127, 'ari': 0.0003390358551042569}
Epoch: 25, time: 18.6727557182312
第25Epoch的精度为：{'acc': 0.10868576625738972, 'pur': 0.11050477489768076, 'nmi': 0.021696383699023686, 'ari': 0.00022296629102590423}
Epoch: 26, time: 15.837650775909424
第26Epoch的精度为：{'acc': 0.10914051841746249, 'pur': 0.11186903137789904, 'nmi': 0.02014675822265159, 'ari': 0.00015647695416824584}
Epoch: 27, time: 16.649908542633057
第27Epoch的精度为：{'acc': 0.11414279217826284, 'pur': 0.11641655297862664, 'nmi': 0.026584092186740124, 'ari': 0.0004376144480014374}
Epoch: 28, time: 16.239228010177612
第28Epoch的精度为：{'acc': 0.10959527057753524, 'pur': 0.11368804001819009, 'nmi': 0.023113763239799127, 'ari': 0.00022027829646908964}
Epoch: 29, time: 15.881034135818481
第29Epoch的精度为：{'acc': 0.1123237835379718, 'pur': 0.11596180081855388, 'nmi': 0.02656747652563245, 'ari': 0.00044143949134793186}
Epoch: 30, time: 15.940228939056396
第30Epoch的精度为：{'acc': 0.12050932241928149, 'pur': 0.12278308321964529, 'nmi': 0.033190559012826845, 'ari': 0.0010694150625085493}
最终精度为：{'acc': 0.12050932241928149, 'pur': 0.12278308321964529, 'nmi': 0.03318476974327613, 'ari': 0.0010701705307429512}
==================================================
 
 
