StandWalkJump
Epoch: 1, time: 0.2062549591064453
第1Epoch的精度为：{'acc': 0.4666666666666667, 'pur': 0.4666666666666667, 'nmi': 0.22198054803148679, 'ari': -0.010498687664041995}
Epoch: 2, time: 0.2339763641357422
第2Epoch的精度为：{'acc': 0.5333333333333333, 'pur': 0.5333333333333333, 'nmi': 0.2504523464298886, 'ari': 0.0}
Epoch: 3, time: 0.2250230312347412
第3Epoch的精度为：{'acc': 0.5333333333333333, 'pur': 0.5333333333333333, 'nmi': 0.2504523464298886, 'ari': 0.0}
Epoch: 4, time: 0.22487521171569824
第4Epoch的精度为：{'acc': 0.5333333333333333, 'pur': 0.5333333333333333, 'nmi': 0.2872336107436027, 'ari': 0.03669724770642202}
Epoch: 5, time: 0.22714567184448242
第5Epoch的精度为：{'acc': 0.5333333333333333, 'pur': 0.5333333333333333, 'nmi': 0.2872336107436027, 'ari': 0.03669724770642202}
Epoch: 6, time: 0.2206113338470459
第6Epoch的精度为：{'acc': 0.6, 'pur': 0.6, 'nmi': 0.3455385846681185, 'ari': 0.19141914191419143}
Epoch: 7, time: 0.24756455421447754
第7Epoch的精度为：{'acc': 0.4666666666666667, 'pur': 0.4666666666666667, 'nmi': 0.22198054803148679, 'ari': -0.010498687664041995}
Epoch: 8, time: 0.2310473918914795
第8Epoch的精度为：{'acc': 0.4666666666666667, 'pur': 0.4666666666666667, 'nmi': 0.22198054803148679, 'ari': -0.010498687664041995}
Epoch: 9, time: 0.24942517280578613
第9Epoch的精度为：{'acc': 0.4666666666666667, 'pur': 0.4666666666666667, 'nmi': 0.22198054803148679, 'ari': -0.010498687664041995}
Epoch: 10, time: 0.2276933193206787
第10Epoch的精度为：{'acc': 0.4666666666666667, 'pur': 0.4666666666666667, 'nmi': 0.22198054803148679, 'ari': -0.010498687664041995}
Epoch: 11, time: 0.19899249076843262
第11Epoch的精度为：{'acc': 0.4666666666666667, 'pur': 0.4666666666666667, 'nmi': 0.22198054803148679, 'ari': -0.010498687664041995}
Epoch: 12, time: 0.21373796463012695
第12Epoch的精度为：{'acc': 0.4666666666666667, 'pur': 0.4666666666666667, 'nmi': 0.22198054803148679, 'ari': -0.010498687664041995}
Epoch: 13, time: 0.2229471206665039
第13Epoch的精度为：{'acc': 0.5333333333333333, 'pur': 0.5333333333333333, 'nmi': 0.2504523464298886, 'ari': 0.0}
Epoch: 14, time: 0.22511577606201172
第14Epoch的精度为：{'acc': 0.5333333333333333, 'pur': 0.5333333333333333, 'nmi': 0.2504523464298886, 'ari': 0.0}
Epoch: 15, time: 0.23578405380249023
第15Epoch的精度为：{'acc': 0.5333333333333333, 'pur': 0.5333333333333333, 'nmi': 0.2504523464298886, 'ari': 0.0}
Epoch: 16, time: 0.24163317680358887
第16Epoch的精度为：{'acc': 0.6666666666666666, 'pur': 0.6666666666666666, 'nmi': 0.4771937359485463, 'ari': 0.343042071197411}
Epoch: 17, time: 0.21996831893920898
第17Epoch的精度为：{'acc': 0.5333333333333333, 'pur': 0.5333333333333333, 'nmi': 0.2504523464298886, 'ari': 0.0}
Epoch: 18, time: 0.2416248321533203
第18Epoch的精度为：{'acc': 0.5333333333333333, 'pur': 0.5333333333333333, 'nmi': 0.2504523464298886, 'ari': 0.0}
Epoch: 19, time: 0.22334790229797363
StandWalkJump
Epoch: 1, time: 0.45330333709716797
第1Epoch的精度为：{'acc': 0.4666666666666667, 'pur': 0.4666666666666667, 'nmi': 0.03757371473080406, 'ari': -0.11003236245954692}
Epoch: 2, time: 0.43418240547180176
第2Epoch的精度为：{'acc': 0.5333333333333333, 'pur': 0.5333333333333333, 'nmi': 0.14098681289563758, 'ari': -0.03205128205128205}
Epoch: 3, time: 0.425640344619751
第3Epoch的精度为：{'acc': 0.5333333333333333, 'pur': 0.5333333333333333, 'nmi': 0.14098681289563758, 'ari': -0.03205128205128205}
Epoch: 4, time: 0.4284226894378662
第4Epoch的精度为：{'acc': 0.5333333333333333, 'pur': 0.5333333333333333, 'nmi': 0.14098681289563758, 'ari': -0.03205128205128205}
Epoch: 5, time: 0.4543304443359375
第5Epoch的精度为：{'acc': 0.5333333333333333, 'pur': 0.5333333333333333, 'nmi': 0.15062326341274587, 'ari': -0.019417475728155338}
Epoch: 6, time: 0.44391798973083496
第6Epoch的精度为：{'acc': 0.5333333333333333, 'pur': 0.5333333333333333, 'nmi': 0.15062326341274587, 'ari': -0.019417475728155338}
Epoch: 7, time: 0.42534399032592773
第7Epoch的精度为：{'acc': 0.5333333333333333, 'pur': 0.5333333333333333, 'nmi': 0.15062326341274587, 'ari': -0.019417475728155338}
Epoch: 8, time: 0.4366767406463623
第8Epoch的精度为：{'acc': 0.5333333333333333, 'pur': 0.5333333333333333, 'nmi': 0.15062326341274587, 'ari': -0.019417475728155338}
Epoch: 9, time: 0.41095829010009766
第9Epoch的精度为：{'acc': 0.5333333333333333, 'pur': 0.5333333333333333, 'nmi': 0.15062326341274587, 'ari': -0.019417475728155338}
Epoch: 10, time: 0.4364750385284424
第10Epoch的精度为：{'acc': 0.4666666666666667, 'pur': 0.4666666666666667, 'nmi': 0.1880600750090414, 'ari': -0.020833333333333332}
Epoch: 11, time: 0.42718029022216797
第11Epoch的精度为：{'acc': 0.4666666666666667, 'pur': 0.4666666666666667, 'nmi': 0.1880600750090414, 'ari': -0.020833333333333332}
Epoch: 12, time: 0.40277910232543945
第12Epoch的精度为：{'acc': 0.4666666666666667, 'pur': 0.4666666666666667, 'nmi': 0.1880600750090414, 'ari': -0.020833333333333332}
Epoch: 13, time: 0.4305107593536377
第13Epoch的精度为：{'acc': 0.4666666666666667, 'pur': 0.4666666666666667, 'nmi': 0.1880600750090414, 'ari': -0.020833333333333332}
Epoch: 14, time: 0.46965813636779785
第14Epoch的精度为：{'acc': 0.4666666666666667, 'pur': 0.4666666666666667, 'nmi': 0.1880600750090414, 'ari': -0.020833333333333332}
Epoch: 15, time: 0.4552738666534424
第15Epoch的精度为：{'acc': 0.4666666666666667, 'pur': 0.4666666666666667, 'nmi': 0.1880600750090414, 'ari': -0.020833333333333332}
Epoch: 16, time: 0.4483475685119629
第16Epoch的精度为：{'acc': 0.4, 'pur': 0.4, 'nmi': 0.022143780395635502, 'ari': -0.12179487179487179}
Epoch: 17, time: 0.5152184963226318
第17Epoch的精度为：{'acc': 0.4666666666666667, 'pur': 0.4666666666666667, 'nmi': 0.156120795351885, 'ari': -0.0392156862745098}
Epoch: 18, time: 0.40966081619262695
第18Epoch的精度为：{'acc': 0.4, 'pur': 0.4, 'nmi': 0.1474848401603381, 'ari': -0.038929440389294405}
Epoch: 19, time: 0.4248819351196289
第19Epoch的精度为：{'acc': 0.4666666666666667, 'pur': 0.4666666666666667, 'nmi': 0.06479254023131466, 'ari': -0.06472491909385113}
Epoch: 20, time: 0.4064784049987793
第20Epoch的精度为：{'acc': 0.4, 'pur': 0.4, 'nmi': 0.061789244273881355, 'ari': -0.0784313725490196}
Epoch: 21, time: 0.4586219787597656
第21Epoch的精度为：{'acc': 0.4666666666666667, 'pur': 0.4666666666666667, 'nmi': 0.10034042974498203, 'ari': -0.06060606060606061}
Epoch: 22, time: 0.4456777572631836
第22Epoch的精度为：{'acc': 0.4666666666666667, 'pur': 0.4666666666666667, 'nmi': 0.1913138414115947, 'ari': -0.009009009009009009}
Epoch: 23, time: 0.4830939769744873
第23Epoch的精度为：{'acc': 0.4666666666666667, 'pur': 0.4666666666666667, 'nmi': 0.1913138414115947, 'ari': -0.009009009009009009}
Epoch: 24, time: 0.45647478103637695
第24Epoch的精度为：{'acc': 0.4666666666666667, 'pur': 0.4666666666666667, 'nmi': 0.1913138414115947, 'ari': -0.009009009009009009}
Epoch: 25, time: 0.42726564407348633
第25Epoch的精度为：{'acc': 0.4666666666666667, 'pur': 0.4666666666666667, 'nmi': 0.1913138414115947, 'ari': -0.009009009009009009}
Epoch: 26, time: 0.4162874221801758
第26Epoch的精度为：{'acc': 0.4666666666666667, 'pur': 0.4666666666666667, 'nmi': 0.1913138414115947, 'ari': -0.009009009009009009}
Epoch: 27, time: 0.47424817085266113
第27Epoch的精度为：{'acc': 0.4666666666666667, 'pur': 0.4666666666666667, 'nmi': 0.1913138414115947, 'ari': -0.009009009009009009}
Epoch: 28, time: 0.4822804927825928
第28Epoch的精度为：{'acc': 0.4666666666666667, 'pur': 0.4666666666666667, 'nmi': 0.11800521358255328, 'ari': -0.05309734513274336}
Epoch: 29, time: 0.43775439262390137
第29Epoch的精度为：{'acc': 0.4666666666666667, 'pur': 0.4666666666666667, 'nmi': 0.11800521358255328, 'ari': -0.05309734513274336}
Epoch: 30, time: 0.46886444091796875
第30Epoch的精度为：{'acc': 0.5333333333333333, 'pur': 0.5333333333333333, 'nmi': 0.25802894006777394, 'ari': 0.05509641873278237}
最终精度为：{'acc': 0.5333333333333333, 'pur': 0.5333333333333333, 'nmi': 0.14892680296428212, 'ari': -0.005747126436781609}
==================================================
 
 
