UWaveGestureLibrary
Epoch: 1, time: 0.7609753608703613
第1Epoch的精度为：{'acc': 0.265625, 'pur': 0.29375, 'nmi': 0.13513446471982177, 'ari': 0.053364414092547253}
Epoch: 2, time: 0.8988001346588135
第2Epoch的精度为：{'acc': 0.3, 'pur': 0.309375, 'nmi': 0.16184449124445777, 'ari': 0.07501300472284511}
Epoch: 3, time: 0.7578277587890625
第3Epoch的精度为：{'acc': 0.328125, 'pur': 0.3375, 'nmi': 0.17528136373001352, 'ari': 0.07565872177804596}
Epoch: 4, time: 0.7665712833404541
第4Epoch的精度为：{'acc': 0.296875, 'pur': 0.321875, 'nmi': 0.19671226360377542, 'ari': 0.07181787145845284}
Epoch: 5, time: 0.9710519313812256
第5Epoch的精度为：{'acc': 0.309375, 'pur': 0.31875, 'nmi': 0.15744355988478662, 'ari': 0.06181910998126579}
Epoch: 6, time: 0.5842247009277344
第6Epoch的精度为：{'acc': 0.31875, 'pur': 0.328125, 'nmi': 0.17930928306580798, 'ari': 0.07453997431911874}
Epoch: 7, time: 0.8848261833190918
第7Epoch的精度为：{'acc': 0.275, 'pur': 0.2875, 'nmi': 0.16815848713011589, 'ari': 0.06789141476164591}
Epoch: 8, time: 0.733043909072876
第8Epoch的精度为：{'acc': 0.309375, 'pur': 0.334375, 'nmi': 0.17521683385444148, 'ari': 0.08054181413783225}
Epoch: 9, time: 0.8602900505065918
第9Epoch的精度为：{'acc': 0.253125, 'pur': 0.265625, 'nmi': 0.10592007064169248, 'ari': 0.03289057558507274}
Epoch: 10, time: 0.8509888648986816
第10Epoch的精度为：{'acc': 0.25625, 'pur': 0.26875, 'nmi': 0.09619004357601017, 'ari': 0.03200543786755096}
Epoch: 11, time: 0.8279039859771729
第11Epoch的精度为：{'acc': 0.240625, 'pur': 0.259375, 'nmi': 0.0930605661852752, 'ari': 0.026035023665455688}
Epoch: 12, time: 0.913407564163208
第12Epoch的精度为：{'acc': 0.2375, 'pur': 0.25, 'nmi': 0.10116450808539745, 'ari': 0.025591541002212285}
Epoch: 13, time: 0.7112762928009033
第13Epoch的精度为：{'acc': 0.25, 'pur': 0.25625, 'nmi': 0.10890817596145289, 'ari': 0.03135045539997617}
Epoch: 14, time: 0.9441049098968506
第14Epoch的精度为：{'acc': 0.259375, 'pur': 0.2625, 'nmi': 0.11307159282377369, 'ari': 0.035080631854825406}
Epoch: 15, time: 0.7188770771026611
第15Epoch的精度为：{'acc': 0.26875, 'pur': 0.28125, 'nmi': 0.11210335274053274, 'ari': 0.03285317408035625}
Epoch: 16, time: 0.8230350017547607
第16Epoch的精度为：{'acc': 0.28125, 'pur': 0.2875, 'nmi': 0.14659953709281248, 'ari': 0.05058476721963394}
Epoch: 17, time: 0.7982945442199707
第17Epoch的精度为：{'acc': 0.278125, 'pur': 0.28125, 'nmi': 0.17582710898019308, 'ari': 0.06316742764423984}
Epoch: 18, time: 0.772935152053833
第18Epoch的精度为：{'acc': 0.246875, 'pur': 0.2625, 'nmi': 0.12821044323487976, 'ari': 0.03720291319045061}
Epoch: 19, time: 0.7211527824401855
第19Epoch的精度为：{'acc': 0.30625, 'pur': 0.30625, 'nmi': 0.1753740303861603, 'ari': 0.0764189779915531}
Epoch: 20, time: 0.7448465824127197
第20Epoch的精度为：{'acc': 0.30625, 'pur': 0.321875, 'nmi': 0.1873931577273935, 'ari': 0.08105072159955036}
Epoch: 21, time: 0.7326784133911133
第21Epoch的精度为：{'acc': 0.271875, 'pur': 0.290625, 'nmi': 0.1580729152250087, 'ari': 0.05879615990784202}
Epoch: 22, time: 0.8237264156341553
第22Epoch的精度为：{'acc': 0.29375, 'pur': 0.303125, 'nmi': 0.16304555879464872, 'ari': 0.06886913573537765}
Epoch: 23, time: 0.8627541065216064
第23Epoch的精度为：{'acc': 0.271875, 'pur': 0.290625, 'nmi': 0.15730537422129234, 'ari': 0.06092780381210895}
Epoch: 24, time: 0.7066998481750488
第24Epoch的精度为：{'acc': 0.2875, 'pur': 0.3, 'nmi': 0.15529259308846602, 'ari': 0.05703998303612175}
Epoch: 25, time: 0.8891494274139404
第25Epoch的精度为：{'acc': 0.284375, 'pur': 0.29375, 'nmi': 0.1476147238354353, 'ari': 0.052397607652112106}
Epoch: 26, time: 0.8160905838012695
第26Epoch的精度为：{'acc': 0.275, 'pur': 0.284375, 'nmi': 0.15516586433194257, 'ari': 0.06324616559879208}
Epoch: 27, time: 0.9591150283813477
第27Epoch的精度为：{'acc': 0.265625, 'pur': 0.271875, 'nmi': 0.1461313816416317, 'ari': 0.06415529975621068}
Epoch: 28, time: 0.7680814266204834
第28Epoch的精度为：{'acc': 0.259375, 'pur': 0.26875, 'nmi': 0.116448061541335, 'ari': 0.041455890500869945}
Epoch: 29, time: 0.8678116798400879
第29Epoch的精度为：{'acc': 0.246875, 'pur': 0.265625, 'nmi': 0.14810456527994886, 'ari': 0.051116528072914565}
Epoch: 30, time: 0.9117579460144043
第30Epoch的精度为：{'acc': 0.265625, 'pur': 0.29375, 'nmi': 0.15484371885098702, 'ari': 0.05648050960451266}
最终精度为：{'acc': 0.265625, 'pur': 0.290625, 'nmi': 0.1630653221999334, 'ari': 0.057640238226249495}
==================================================
 
 
