Epoch: 1, time: 0.9672596454620361
第1Epoch的精度为：{'acc': 0.5333333333333333, 'pur': 0.5333333333333333, 'nmi': 0.14892680296428212, 'ari': -0.005747126436781609}
Epoch: 2, time: 1.4925537109375
第2Epoch的精度为：{'acc': 0.5333333333333333, 'pur': 0.5333333333333333, 'nmi': 0.14892680296428212, 'ari': -0.005747126436781609}
Epoch: 3, time: 0.8885049819946289
第3Epoch的精度为：{'acc': 0.5333333333333333, 'pur': 0.5333333333333333, 'nmi': 0.14892680296428212, 'ari': -0.005747126436781609}
Epoch: 4, time: 1.4117228984832764
第4Epoch的精度为：{'acc': 0.4666666666666667, 'pur': 0.4666666666666667, 'nmi': 0.1913138414115947, 'ari': -0.009009009009009009}
Epoch: 5, time: 1.0860836505889893
第5Epoch的精度为：{'acc': 0.5333333333333333, 'pur': 0.5333333333333333, 'nmi': 0.14892680296428212, 'ari': -0.005747126436781609}
Epoch: 6, time: 1.2624058723449707
第6Epoch的精度为：{'acc': 0.5333333333333333, 'pur': 0.5333333333333333, 'nmi': 0.14892680296428212, 'ari': -0.005747126436781609}
Epoch: 7, time: 1.5354902744293213
第7Epoch的精度为：{'acc': 0.4666666666666667, 'pur': 0.4666666666666667, 'nmi': 0.1131830342542753, 'ari': -0.04597701149425287}
Epoch: 8, time: 0.8987212181091309
第8Epoch的精度为：{'acc': 0.5333333333333333, 'pur': 0.5333333333333333, 'nmi': 0.18485244557265673, 'ari': 0.041666666666666664}
Epoch: 9, time: 1.6475200653076172
第9Epoch的精度为：{'acc': 0.5333333333333333, 'pur': 0.5333333333333333, 'nmi': 0.18485244557265673, 'ari': 0.041666666666666664}
Epoch: 10, time: 1.1727540493011475
第10Epoch的精度为：{'acc': 0.5333333333333333, 'pur': 0.5333333333333333, 'nmi': 0.14892680296428212, 'ari': -0.005747126436781609}
Epoch: 11, time: 1.227553129196167
第11Epoch的精度为：{'acc': 0.5333333333333333, 'pur': 0.5333333333333333, 'nmi': 0.14892680296428212, 'ari': -0.005747126436781609}
Epoch: 12, time: 2.0467448234558105
第12Epoch的精度为：{'acc': 0.5333333333333333, 'pur': 0.5333333333333333, 'nmi': 0.18485244557265673, 'ari': 0.041666666666666664}
Epoch: 13, time: 1.3422350883483887
第13Epoch的精度为：{'acc': 0.5333333333333333, 'pur': 0.5333333333333333, 'nmi': 0.14892680296428212, 'ari': -0.005747126436781609}
Epoch: 14, time: 1.2306132316589355
第14Epoch的精度为：{'acc': 0.5333333333333333, 'pur': 0.5333333333333333, 'nmi': 0.14892680296428212, 'ari': -0.005747126436781609}
Epoch: 15, time: 1.3674194812774658
第15Epoch的精度为：{'acc': 0.5333333333333333, 'pur': 0.5333333333333333, 'nmi': 0.14892680296428212, 'ari': -0.005747126436781609}
Epoch: 16, time: 1.0884642601013184
第16Epoch的精度为：{'acc': 0.5333333333333333, 'pur': 0.5333333333333333, 'nmi': 0.14892680296428212, 'ari': -0.005747126436781609}
Epoch: 17, time: 1.4709084033966064
第17Epoch的精度为：{'acc': 0.5333333333333333, 'pur': 0.5333333333333333, 'nmi': 0.14892680296428212, 'ari': -0.005747126436781609}
Epoch: 18, time: 0.979628324508667
第18Epoch的精度为：{'acc': 0.4666666666666667, 'pur': 0.4666666666666667, 'nmi': 0.1913138414115947, 'ari': -0.009009009009009009}
Epoch: 19, time: 1.5775809288024902
第19Epoch的精度为：{'acc': 0.5333333333333333, 'pur': 0.5333333333333333, 'nmi': 0.14892680296428212, 'ari': -0.005747126436781609}
Epoch: 20, time: 1.277463674545288
第20Epoch的精度为：{'acc': 0.4666666666666667, 'pur': 0.4666666666666667, 'nmi': 0.1880600750090414, 'ari': -0.020833333333333332}
Epoch: 21, time: 1.3095297813415527
第21Epoch的精度为：{'acc': 0.4666666666666667, 'pur': 0.4666666666666667, 'nmi': 0.1913138414115947, 'ari': -0.009009009009009009}
Epoch: 22, time: 1.2667763233184814
第22Epoch的精度为：{'acc': 0.5333333333333333, 'pur': 0.5333333333333333, 'nmi': 0.14892680296428212, 'ari': -0.005747126436781609}
Epoch: 23, time: 1.4956579208374023
第23Epoch的精度为：{'acc': 0.4666666666666667, 'pur': 0.4666666666666667, 'nmi': 0.1880600750090414, 'ari': -0.020833333333333332}
Epoch: 24, time: 1.842881679534912
第24Epoch的精度为：{'acc': 0.5333333333333333, 'pur': 0.5333333333333333, 'nmi': 0.14892680296428212, 'ari': -0.005747126436781609}
Epoch: 25, time: 1.052182674407959
第25Epoch的精度为：{'acc': 0.6, 'pur': 0.6, 'nmi': 0.21978499814845695, 'ari': 0.03669724770642202}
Epoch: 26, time: 1.6107685565948486
第26Epoch的精度为：{'acc': 0.3333333333333333, 'pur': 0.3333333333333333, 'nmi': 0.0, 'ari': 0.0}
Epoch: 27, time: 1.2105011940002441
第27Epoch的精度为：{'acc': 0.4666666666666667, 'pur': 0.4666666666666667, 'nmi': 0.1913138414115947, 'ari': -0.009009009009009009}
Epoch: 28, time: 1.020348310470581
第28Epoch的精度为：{'acc': 0.4666666666666667, 'pur': 0.4666666666666667, 'nmi': 0.1913138414115947, 'ari': -0.009009009009009009}
Epoch: 29, time: 1.4295737743377686
第29Epoch的精度为：{'acc': 0.3333333333333333, 'pur': 0.3333333333333333, 'nmi': 0.0, 'ari': 0.0}
Epoch: 30, time: 1.4217491149902344
第30Epoch的精度为：{'acc': 0.3333333333333333, 'pur': 0.3333333333333333, 'nmi': 0.0, 'ari': 0.0}
最终精度为：{'acc': 0.3333333333333333, 'pur': 0.3333333333333333, 'nmi': 0.0, 'ari': 0.0}
==================================================
 
 
