Epoch: 1, time: 1662.1115996837616
第1Epoch的精度为：{'acc': 0.28, 'pur': 0.3, 'nmi': 0.11729498298038388, 'ari': -0.002941059576328445}
Epoch: 2, time: 1518.3607561588287
第2Epoch的精度为：{'acc': 0.32, 'pur': 0.32, 'nmi': 0.166362945429779, 'ari': 0.01013710618436406}
Epoch: 3, time: 1683.0668773651123
第3Epoch的精度为：{'acc': 0.34, 'pur': 0.36, 'nmi': 0.17693619262669685, 'ari': 0.04363308541807528}
Epoch: 4, time: 1620.4205567836761
第4Epoch的精度为：{'acc': 0.4, 'pur': 0.4, 'nmi': 0.19142946233729885, 'ari': 0.060792813495586774}
Epoch: 5, time: 1458.760272026062
第5Epoch的精度为：{'acc': 0.3, 'pur': 0.32, 'nmi': 0.06704464716263021, 'ari': -0.03446987389070528}
Epoch: 6, time: 1499.6995823383331
第6Epoch的精度为：{'acc': 0.34, 'pur': 0.34, 'nmi': 0.11390662221550119, 'ari': 0.003318702494379617}
Epoch: 7, time: 1497.1957998275757
第7Epoch的精度为：{'acc': 0.3, 'pur': 0.32, 'nmi': 0.12227152353293529, 'ari': 0.004691091617019281}
Epoch: 8, time: 1501.3821213245392
第8Epoch的精度为：{'acc': 0.32, 'pur': 0.32, 'nmi': 0.12502836970971085, 'ari': -0.00576}
Epoch: 9, time: 1493.7565376758575
第9Epoch的精度为：{'acc': 0.42, 'pur': 0.46, 'nmi': 0.2274482212843913, 'ari': 0.07128852244733799}
Epoch: 10, time: 1500.4114084243774
第10Epoch的精度为：{'acc': 0.38, 'pur': 0.38, 'nmi': 0.15806967983817075, 'ari': 0.009305473310210642}
Epoch: 11, time: 1484.4915704727173
第11Epoch的精度为：{'acc': 0.36, 'pur': 0.38, 'nmi': 0.23149057656732924, 'ari': 0.05759590792838875}
Epoch: 12, time: 1493.6405634880066
第12Epoch的精度为：{'acc': 0.38, 'pur': 0.38, 'nmi': 0.17968679981445854, 'ari': 0.03941447266332178}
Epoch: 13, time: 1509.9553537368774
第13Epoch的精度为：{'acc': 0.4, 'pur': 0.42, 'nmi': 0.14902795835232477, 'ari': 0.026730058108821977}
Epoch: 14, time: 1488.3237628936768
第14Epoch的精度为：{'acc': 0.38, 'pur': 0.38, 'nmi': 0.13248309974163766, 'ari': 0.012806496954552554}
Epoch: 15, time: 1480.1945843696594
第15Epoch的精度为：{'acc': 0.28, 'pur': 0.28, 'nmi': 0.08601932105946404, 'ari': -0.028120268224096908}
Epoch: 16, time: 1507.0477640628815
第16Epoch的精度为：{'acc': 0.3, 'pur': 0.3, 'nmi': 0.082499015048836, 'ari': -0.029642630783482032}
Epoch: 17, time: 1502.9120857715607
第17Epoch的精度为：{'acc': 0.36, 'pur': 0.36, 'nmi': 0.16864853190727594, 'ari': 0.025800576718773713}
Epoch: 18, time: 1471.2152376174927
第18Epoch的精度为：{'acc': 0.36, 'pur': 0.36, 'nmi': 0.14087105841008313, 'ari': 0.006674303929870001}
Epoch: 19, time: 1507.9061787128448
第19Epoch的精度为：{'acc': 0.34, 'pur': 0.34, 'nmi': 0.09057752144800864, 'ari': -0.006207003569027052}
Epoch: 20, time: 1500.7939176559448
第20Epoch的精度为：{'acc': 0.34, 'pur': 0.36, 'nmi': 0.1301238144255422, 'ari': 0.011850311850311851}
Epoch: 21, time: 1480.4865684509277
第21Epoch的精度为：{'acc': 0.36, 'pur': 0.36, 'nmi': 0.09993880060875629, 'ari': -0.0007183908045977011}
Epoch: 22, time: 1508.7836408615112
第22Epoch的精度为：{'acc': 0.4, 'pur': 0.4, 'nmi': 0.21481905607962676, 'ari': 0.06801152737752161}
Epoch: 23, time: 1519.9051160812378
第23Epoch的精度为：{'acc': 0.38, 'pur': 0.4, 'nmi': 0.148681072090998, 'ari': 0.019118830154748946}
Epoch: 24, time: 1527.274095773697
第24Epoch的精度为：{'acc': 0.34, 'pur': 0.34, 'nmi': 0.07969213433795964, 'ari': -0.027114401918865366}
Epoch: 25, time: 1445.5037503242493
第25Epoch的精度为：{'acc': 0.34, 'pur': 0.36, 'nmi': 0.1580165712055339, 'ari': 0.013328890369876709}
Epoch: 26, time: 1425.1713540554047
第26Epoch的精度为：{'acc': 0.32, 'pur': 0.32, 'nmi': 0.07983557323869096, 'ari': -0.028497012409989274}
Epoch: 27, time: 1408.191192150116
第27Epoch的精度为：{'acc': 0.32, 'pur': 0.34, 'nmi': 0.10009729673824304, 'ari': -0.01452960406828914}
Epoch: 28, time: 1433.7194740772247
第28Epoch的精度为：{'acc': 0.32, 'pur': 0.32, 'nmi': 0.11422881039955549, 'ari': 0.0005011777677542224}
Epoch: 29, time: 1428.4104812145233
第29Epoch的精度为：{'acc': 0.3, 'pur': 0.3, 'nmi': 0.0870362367978988, 'ari': -0.034180994543395446}
Epoch: 30, time: 1432.316926240921
第30Epoch的精度为：{'acc': 0.3, 'pur': 0.3, 'nmi': 0.10736937409977734, 'ari': -0.016299254309115357}
最终精度为：{'acc': 0.3, 'pur': 0.3, 'nmi': 0.10736937409977733, 'ari': -0.016299254309115357}
==================================================
 
 
