Epoch: 1, time: 16.5265634059906
第1Epoch的精度为：{'acc': 0.31297709923664124, 'pur': 0.4198473282442748, 'nmi': 0.09528682540694804, 'ari': 0.033655641909636706}
Epoch: 2, time: 16.55635905265808
第2Epoch的精度为：{'acc': 0.3053435114503817, 'pur': 0.4198473282442748, 'nmi': 0.09431148075787661, 'ari': 0.007671190849062651}
Epoch: 3, time: 16.57672119140625
第3Epoch的精度为：{'acc': 0.3053435114503817, 'pur': 0.42748091603053434, 'nmi': 0.05328844525992227, 'ari': 0.010355370410787318}
Epoch: 4, time: 16.793582916259766
第4Epoch的精度为：{'acc': 0.29770992366412213, 'pur': 0.4198473282442748, 'nmi': 0.06552415025611955, 'ari': 0.008185535682922145}
Epoch: 5, time: 16.85701870918274
第5Epoch的精度为：{'acc': 0.29770992366412213, 'pur': 0.4198473282442748, 'nmi': 0.0680949496975344, 'ari': 0.013982213987035703}
Epoch: 6, time: 16.852453470230103
第6Epoch的精度为：{'acc': 0.3053435114503817, 'pur': 0.4198473282442748, 'nmi': 0.07110960688133965, 'ari': 0.010096465246361912}
Epoch: 7, time: 16.61392641067505
第7Epoch的精度为：{'acc': 0.32061068702290074, 'pur': 0.4198473282442748, 'nmi': 0.09138134888363146, 'ari': 0.018244562610545783}
Epoch: 8, time: 16.81001925468445
第8Epoch的精度为：{'acc': 0.3053435114503817, 'pur': 0.4198473282442748, 'nmi': 0.0690684139640363, 'ari': 0.01700459764975894}
Epoch: 9, time: 16.85509705543518
第9Epoch的精度为：{'acc': 0.3053435114503817, 'pur': 0.4198473282442748, 'nmi': 0.07187875069327929, 'ari': 0.01208794058673466}
Epoch: 10, time: 17.208120346069336
第10Epoch的精度为：{'acc': 0.31297709923664124, 'pur': 0.4198473282442748, 'nmi': 0.06793330612537483, 'ari': 0.014507506487761264}
Epoch: 11, time: 16.68470525741577
第11Epoch的精度为：{'acc': 0.3053435114503817, 'pur': 0.4198473282442748, 'nmi': 0.06563102703492779, 'ari': 0.010326581696786673}
Epoch: 12, time: 17.0454740524292
第12Epoch的精度为：{'acc': 0.3053435114503817, 'pur': 0.4198473282442748, 'nmi': 0.06473313207394696, 'ari': 0.01793601283791933}
Epoch: 13, time: 16.908941507339478
第13Epoch的精度为：{'acc': 0.2900763358778626, 'pur': 0.4198473282442748, 'nmi': 0.06384799344516248, 'ari': 0.006774800099133904}
Epoch: 14, time: 16.903069734573364
第14Epoch的精度为：{'acc': 0.31297709923664124, 'pur': 0.4198473282442748, 'nmi': 0.054459847395934326, 'ari': 0.01733142774408985}
Epoch: 15, time: 16.835068702697754
第15Epoch的精度为：{'acc': 0.3053435114503817, 'pur': 0.4198473282442748, 'nmi': 0.06901860124128878, 'ari': 0.01406832902915786}
Epoch: 16, time: 16.93251347541809
第16Epoch的精度为：{'acc': 0.3053435114503817, 'pur': 0.4198473282442748, 'nmi': 0.06460787669910575, 'ari': 0.009173951317697441}
Epoch: 17, time: 17.11543560028076
第17Epoch的精度为：{'acc': 0.31297709923664124, 'pur': 0.4198473282442748, 'nmi': 0.06801274482119687, 'ari': 0.01251795232858447}
Epoch: 18, time: 16.73395013809204
第18Epoch的精度为：{'acc': 0.3053435114503817, 'pur': 0.4198473282442748, 'nmi': 0.08879512059779421, 'ari': 0.012597701378548027}
Epoch: 19, time: 16.87492847442627
第19Epoch的精度为：{'acc': 0.31297709923664124, 'pur': 0.4198473282442748, 'nmi': 0.0786914920206516, 'ari': 0.015898651652096606}
Epoch: 20, time: 16.78380584716797
第20Epoch的精度为：{'acc': 0.29770992366412213, 'pur': 0.4198473282442748, 'nmi': 0.06847881737054444, 'ari': -0.0012385598791569258}
Epoch: 21, time: 16.802536487579346
第21Epoch的精度为：{'acc': 0.29770992366412213, 'pur': 0.4198473282442748, 'nmi': 0.06284112503483295, 'ari': 0.010442050171540722}
Epoch: 22, time: 17.23065686225891
第22Epoch的精度为：{'acc': 0.29770992366412213, 'pur': 0.4198473282442748, 'nmi': 0.0667987710663629, 'ari': 0.0065771340410949106}
Epoch: 23, time: 16.919060468673706
第23Epoch的精度为：{'acc': 0.3053435114503817, 'pur': 0.4198473282442748, 'nmi': 0.05996897535654186, 'ari': 0.009777694381122153}
Epoch: 24, time: 17.041118144989014
第24Epoch的精度为：{'acc': 0.32061068702290074, 'pur': 0.4198473282442748, 'nmi': 0.06852436910114444, 'ari': 0.01715210792105835}
Epoch: 25, time: 16.88440203666687
第25Epoch的精度为：{'acc': 0.32061068702290074, 'pur': 0.4198473282442748, 'nmi': 0.0665265996431847, 'ari': 0.01596359388567181}
Epoch: 26, time: 16.635151624679565
第26Epoch的精度为：{'acc': 0.31297709923664124, 'pur': 0.42748091603053434, 'nmi': 0.07804166946525791, 'ari': 0.018307716641834327}
Epoch: 27, time: 17.42990016937256
第27Epoch的精度为：{'acc': 0.31297709923664124, 'pur': 0.4198473282442748, 'nmi': 0.07344269299575666, 'ari': 0.012487750811618185}
Epoch: 28, time: 16.775638818740845
第28Epoch的精度为：{'acc': 0.2900763358778626, 'pur': 0.4198473282442748, 'nmi': 0.056356093047240104, 'ari': 0.008800840737674993}
Epoch: 29, time: 17.30353355407715
第29Epoch的精度为：{'acc': 0.31297709923664124, 'pur': 0.4198473282442748, 'nmi': 0.09041888400583221, 'ari': 0.012314543032514589}
Epoch: 30, time: 16.86941957473755
第30Epoch的精度为：{'acc': 0.3282442748091603, 'pur': 0.42748091603053434, 'nmi': 0.07842453858596349, 'ari': 0.02253076215427502}
最终精度为：{'acc': 0.3282442748091603, 'pur': 0.42748091603053434, 'nmi': 0.07842453858596349, 'ari': 0.02253076215427502}
==================================================
 
 
