Epoch: 1, time: 17799.342290639877
第1Epoch的精度为：{'acc': 0.5002837684449489, 'pur': 0.5002837684449489, 'nmi': 2.3304797850675796e-07, 'ari': -0.00028297719660770165}
Epoch: 2, time: 17879.696304559708
第2Epoch的精度为：{'acc': 0.5059591373439274, 'pur': 0.5059591373439274, 'nmi': 0.00010249917985953124, 'ari': -0.00014177730424772236}
Epoch: 3, time: 19092.56356191635
第3Epoch的精度为：{'acc': 0.5116345062429057, 'pur': 0.5116345062429057, 'nmi': 0.00039073153571074303, 'ari': 0.0002577377415973036}
Epoch: 4, time: 19065.458470582962
第4Epoch的精度为：{'acc': 0.5056753688989785, 'pur': 0.5056753688989785, 'nmi': 9.494712569912591e-05, 'ari': -0.00015062675469948463}
Epoch: 5, time: 19125.790249347687
第5Epoch的精度为：{'acc': 0.5045402951191827, 'pur': 0.5045402951191827, 'nmi': 5.948105584641632e-05, 'ari': -0.0002014490543700685}
Epoch: 6, time: 19146.207515001297
第6Epoch的精度为：{'acc': 0.5002837684449489, 'pur': 0.5002837684449489, 'nmi': 2.3244258786112667e-07, 'ari': -0.00028351948445885707}
Epoch: 7, time: 17618.820625782013
第7Epoch的精度为：{'acc': 0.5022701475595914, 'pur': 0.5022701475595914, 'nmi': 1.4872717954727044e-05, 'ari': -0.0002632728617843298}
Epoch: 8, time: 17927.926210403442
第8Epoch的精度为：{'acc': 0.5090805902383655, 'pur': 0.5090805902383655, 'nmi': 0.000331782673481988, 'ari': 0.00010808034618702114}
Epoch: 9, time: 17809.043169260025
第9Epoch的精度为：{'acc': 0.5045402951191827, 'pur': 0.5045402951191827, 'nmi': 9.407821592621681e-05, 'ari': -0.00011924990915000687}
Epoch: 10, time: 17922.084755659103
第10Epoch的精度为：{'acc': 0.5087968217934166, 'pur': 0.5087968217934166, 'nmi': 0.0003901010095540215, 'ari': 0.00012251711484880787}
Epoch: 11, time: 17869.10902929306
第11Epoch的精度为：{'acc': 0.5062429057888763, 'pur': 0.5062429057888763, 'nmi': 0.00022193451744853556, 'ari': -1.4495148147208266e-05}
Epoch: 12, time: 17902.475265026093
第12Epoch的精度为：{'acc': 0.5014188422247446, 'pur': 0.5014188422247446, 'nmi': 9.503162365172075e-06, 'ari': -0.00018856366722458522}
Epoch: 13, time: 17924.569212913513
第13Epoch的精度为：{'acc': 0.5053916004540295, 'pur': 0.5053916004540295, 'nmi': 0.00012203044235950782, 'ari': -9.855046350093724e-05}
Epoch: 14, time: 17761.289635658264
第14Epoch的精度为：{'acc': 0.5113507377979569, 'pur': 0.5113507377979569, 'nmi': 0.0005894874839982363, 'ari': 0.0003140843108895558}
Epoch: 15, time: 17931.442405700684
第15Epoch的精度为：{'acc': 0.5119182746878547, 'pur': 0.5119182746878547, 'nmi': 0.0005970162553010355, 'ari': 0.0003536092634892636}
Epoch: 16, time: 17921.177685260773
第16Epoch的精度为：{'acc': 0.5002837684449489, 'pur': 0.5002837684449489, 'nmi': 3.3473738621499135e-07, 'ari': -0.00021611124396020344}
Epoch: 17, time: 17899.92687034607
第17Epoch的精度为：{'acc': 0.5051078320090806, 'pur': 0.5051078320090806, 'nmi': 0.00012302147769128094, 'ari': -9.241600218686635e-05}
Epoch: 18, time: 18001.772160053253
第18Epoch的精度为：{'acc': 0.5002837684449489, 'pur': 0.5002837684449489, 'nmi': 3.6215002098913073e-07, 'ari': -0.00020364045309323017}
Epoch: 19, time: 17863.699469566345
第19Epoch的精度为：{'acc': 0.5042565266742338, 'pur': 0.5042565266742338, 'nmi': 7.973104186272284e-05, 'ari': -0.00013485971167201156}
Epoch: 20, time: 17963.02628517151
第20Epoch的精度为：{'acc': 0.5076617480136209, 'pur': 0.5076617480136209, 'nmi': 0.0002676235465579683, 'ari': 3.295995152263732e-05}
Epoch: 21, time: 17466.33776164055
第21Epoch的精度为：{'acc': 0.5065266742338252, 'pur': 0.5065266742338252, 'nmi': 0.00020062796347314316, 'ari': -2.655130717726399e-05}
Epoch: 22, time: 17825.067682743073
第22Epoch的精度为：{'acc': 0.5056753688989785, 'pur': 0.5056753688989785, 'nmi': 0.00014600800316007278, 'ari': -7.389549382568199e-05}
Epoch: 23, time: 18052.578956604004
第23Epoch的精度为：{'acc': 0.5059591373439274, 'pur': 0.5059591373439274, 'nmi': 0.0001645117762892672, 'ari': -5.738019893459106e-05}
Epoch: 24, time: 17959.604371786118
第24Epoch的精度为：{'acc': 0.5017026106696936, 'pur': 0.5017026106696936, 'nmi': 1.3081071039236941e-05, 'ari': -0.0001918507865345095}
Epoch: 25, time: 17743.740178346634
第25Epoch的精度为：{'acc': 0.5017026106696936, 'pur': 0.5017026106696936, 'nmi': 1.3936373573663144e-05, 'ari': -0.00018231856476242535}
Epoch: 26, time: 17937.943160533905
第26Epoch的精度为：{'acc': 0.5065266742338252, 'pur': 0.5065266742338252, 'nmi': 0.00021247409776058962, 'ari': -1.8155018952195707e-05}
Epoch: 27, time: 17877.760511159897
第27Epoch的精度为：{'acc': 0.5082292849035187, 'pur': 0.5082292849035187, 'nmi': 0.00032683815950823207, 'ari': 7.756576443735022e-05}
Epoch: 28, time: 17984.982423067093
第28Epoch的精度为：{'acc': 0.5102156640181612, 'pur': 0.5102156640181612, 'nmi': 0.00044840228322668964, 'ari': 0.00020637909366536054}
Epoch: 29, time: 17818.75079369545
第29Epoch的精度为：{'acc': 0.5093643586833144, 'pur': 0.5093643586833144, 'nmi': 0.00047659145069118956, 'ari': 0.0001741806138458355}
Epoch: 30, time: 17814.206110477448
第30Epoch的精度为：{'acc': 0.5002837684449489, 'pur': 0.5002837684449489, 'nmi': 3.77415607370737e-07, 'ari': -0.00019736456454558853}
最终精度为：{'acc': 0.5002837684449489, 'pur': 0.5002837684449489, 'nmi': 3.77415607370737e-07, 'ari': -0.00019736456454558853}
==================================================
 
 
