Epoch: 1, time: 187.9122498035431
第1Epoch的精度为：{'acc': 0.57, 'pur': 0.57, 'nmi': 0.014988701163106835, 'ari': 0.009739647584211858}
Epoch: 2, time: 187.99105620384216
第2Epoch的精度为：{'acc': 0.52, 'pur': 0.52, 'nmi': 0.001358858524457525, 'ari': -0.00839002833893305}
Epoch: 3, time: 188.27971196174622
第3Epoch的精度为：{'acc': 0.55, 'pur': 0.55, 'nmi': 0.013557985948230123, 'ari': 0.0025441078842430914}
Epoch: 4, time: 186.54934453964233
第4Epoch的精度为：{'acc': 0.51, 'pur': 0.51, 'nmi': 0.0001807255088636252, 'ari': -0.00922642984452428}
Epoch: 5, time: 187.0946056842804
第5Epoch的精度为：{'acc': 0.61, 'pur': 0.61, 'nmi': 0.03513137499443663, 'ari': 0.03882930297953489}
Epoch: 6, time: 186.15102553367615
第6Epoch的精度为：{'acc': 0.58, 'pur': 0.58, 'nmi': 0.018537300876411558, 'ari': 0.015973477260942563}
Epoch: 7, time: 187.03518414497375
第7Epoch的精度为：{'acc': 0.54, 'pur': 0.54, 'nmi': 0.004422344411713493, 'ari': -0.003541999356534335}
Epoch: 8, time: 187.86437439918518
第8Epoch的精度为：{'acc': 0.63, 'pur': 0.63, 'nmi': 0.05292009509568351, 'ari': 0.05881238795385571}
Epoch: 9, time: 186.2069013118744
第9Epoch的精度为：{'acc': 0.6, 'pur': 0.6, 'nmi': 0.031117826566579992, 'ari': 0.03106228361002704}
Epoch: 10, time: 187.92520308494568
第10Epoch的精度为：{'acc': 0.64, 'pur': 0.64, 'nmi': 0.057294126481014944, 'ari': 0.06909090909090909}
Epoch: 11, time: 186.20834231376648
第11Epoch的精度为：{'acc': 0.59, 'pur': 0.59, 'nmi': 0.023758462435602475, 'ari': 0.022913377152719128}
Epoch: 12, time: 187.06838941574097
第12Epoch的精度为：{'acc': 0.63, 'pur': 0.63, 'nmi': 0.04916053946037534, 'ari': 0.05814860689302543}
Epoch: 13, time: 187.9090449810028
第13Epoch的精度为：{'acc': 0.53, 'pur': 0.53, 'nmi': 0.0026756743468053525, 'ari': -0.006547462490945077}
Epoch: 14, time: 187.0175838470459
第14Epoch的精度为：{'acc': 0.61, 'pur': 0.61, 'nmi': 0.036551850731192895, 'ari': 0.03923582368942646}
Epoch: 15, time: 187.07947850227356
第15Epoch的精度为：{'acc': 0.57, 'pur': 0.57, 'nmi': 0.014059351101969118, 'ari': 0.009615483514529753}
Epoch: 16, time: 185.67830681800842
第16Epoch的精度为：{'acc': 0.54, 'pur': 0.54, 'nmi': 0.004788163307002909, 'ari': -0.003699283015966229}
Epoch: 17, time: 186.9944727420807
第17Epoch的精度为：{'acc': 0.52, 'pur': 0.52, 'nmi': 0.0011789847068185743, 'ari': -0.0085796864645491}
Epoch: 18, time: 186.71424055099487
第18Epoch的精度为：{'acc': 0.54, 'pur': 0.54, 'nmi': 0.005284560078732064, 'ari': -0.0034162079161817204}
Epoch: 19, time: 186.77909350395203
第19Epoch的精度为：{'acc': 0.57, 'pur': 0.57, 'nmi': 0.014653698497196445, 'ari': 0.009662048689320175}
Epoch: 20, time: 188.32136821746826
第20Epoch的精度为：{'acc': 0.64, 'pur': 0.64, 'nmi': 0.05847321988470217, 'ari': 0.06929511149803434}
Epoch: 21, time: 185.56858682632446
第21Epoch的精度为：{'acc': 0.58, 'pur': 0.58, 'nmi': 0.018770506365340296, 'ari': 0.01612763463806451}
Epoch: 22, time: 186.88618206977844
第22Epoch的精度为：{'acc': 0.51, 'pur': 0.51, 'nmi': 0.000402489641834596, 'ari': -0.009542710829125833}
Epoch: 23, time: 187.02745532989502
第23Epoch的精度为：{'acc': 0.57, 'pur': 0.57, 'nmi': 0.013988084187469727, 'ari': 0.009662048689320175}
Epoch: 24, time: 186.7675838470459
第24Epoch的精度为：{'acc': 0.61, 'pur': 0.61, 'nmi': 0.03500221994595795, 'ari': 0.03875398361154333}
Epoch: 25, time: 187.6582052707672
第25Epoch的精度为：{'acc': 0.56, 'pur': 0.56, 'nmi': 0.010922522850834362, 'ari': 0.0044444444444444444}
Epoch: 26, time: 187.99792861938477
第26Epoch的精度为：{'acc': 0.57, 'pur': 0.57, 'nmi': 0.014653698497196445, 'ari': 0.009662048689320175}
Epoch: 27, time: 186.646226644516
第27Epoch的精度为：{'acc': 0.59, 'pur': 0.59, 'nmi': 0.023350147521590453, 'ari': 0.02254584031890962}
Epoch: 28, time: 187.3911690711975
第28Epoch的精度为：{'acc': 0.61, 'pur': 0.61, 'nmi': 0.035567644370068735, 'ari': 0.03870878632438445}
Epoch: 29, time: 186.92568945884705
第29Epoch的精度为：{'acc': 0.54, 'pur': 0.54, 'nmi': 0.004788163307002909, 'ari': -0.003699283015966229}
Epoch: 30, time: 187.9875853061676
第30Epoch的精度为：{'acc': 0.57, 'pur': 0.57, 'nmi': 0.014389906084339849, 'ari': 0.009615483514529753}
最终精度为：{'acc': 0.57, 'pur': 0.57, 'nmi': 0.014389906084339849, 'ari': 0.009615483514529753}
==================================================
 
 
