Epoch: 1, time: 34.86909055709839
第1Epoch的精度为：{'acc': 0.35135135135135137, 'pur': 0.4189189189189189, 'nmi': 0.03776651938746646, 'ari': -0.009818666696993132}
Epoch: 2, time: 34.03717851638794
第2Epoch的精度为：{'acc': 0.35135135135135137, 'pur': 0.40540540540540543, 'nmi': 0.03694295542807166, 'ari': -0.0072593398458967485}
Epoch: 3, time: 34.73301148414612
第3Epoch的精度为：{'acc': 0.36486486486486486, 'pur': 0.40540540540540543, 'nmi': 0.10399485136608416, 'ari': 0.03401995591478924}
Epoch: 4, time: 35.17682147026062
第4Epoch的精度为：{'acc': 0.35135135135135137, 'pur': 0.40540540540540543, 'nmi': 0.0402213695073747, 'ari': -0.016726062964749162}
Epoch: 5, time: 33.061805725097656
第5Epoch的精度为：{'acc': 0.3918918918918919, 'pur': 0.40540540540540543, 'nmi': 0.0881366906496283, 'ari': 0.03464208715184126}
Epoch: 6, time: 34.11872863769531
第6Epoch的精度为：{'acc': 0.36486486486486486, 'pur': 0.40540540540540543, 'nmi': 0.07429582261680251, 'ari': 0.0006533436637382194}
Epoch: 7, time: 34.69131588935852
第7Epoch的精度为：{'acc': 0.36486486486486486, 'pur': 0.43243243243243246, 'nmi': 0.05732342056466127, 'ari': 0.02013963461608757}
Epoch: 8, time: 35.06300950050354
第8Epoch的精度为：{'acc': 0.40540540540540543, 'pur': 0.43243243243243246, 'nmi': 0.0933209829733828, 'ari': 0.045716913296272976}
Epoch: 9, time: 34.829269886016846
第9Epoch的精度为：{'acc': 0.3783783783783784, 'pur': 0.43243243243243246, 'nmi': 0.09068044265308507, 'ari': 0.038654811980360984}
Epoch: 10, time: 34.28065323829651
第10Epoch的精度为：{'acc': 0.36486486486486486, 'pur': 0.40540540540540543, 'nmi': 0.06400804736944776, 'ari': 0.016655003300685353}
Epoch: 11, time: 34.753379821777344
第11Epoch的精度为：{'acc': 0.3783783783783784, 'pur': 0.40540540540540543, 'nmi': 0.08575819532902403, 'ari': 0.025570708045789113}
Epoch: 12, time: 33.81179118156433
第12Epoch的精度为：{'acc': 0.36486486486486486, 'pur': 0.4189189189189189, 'nmi': 0.11792199889087261, 'ari': 0.03901597922367149}
Epoch: 13, time: 33.81408643722534
第13Epoch的精度为：{'acc': 0.4189189189189189, 'pur': 0.43243243243243246, 'nmi': 0.12532324940085834, 'ari': 0.04226268713678056}
Epoch: 14, time: 33.90857434272766
第14Epoch的精度为：{'acc': 0.43243243243243246, 'pur': 0.47297297297297297, 'nmi': 0.11892683140797516, 'ari': 0.07885980994953502}
Epoch: 15, time: 34.09657287597656
第15Epoch的精度为：{'acc': 0.4189189189189189, 'pur': 0.47297297297297297, 'nmi': 0.1430433587991628, 'ari': 0.0768796984450897}
Epoch: 16, time: 33.80862307548523
第16Epoch的精度为：{'acc': 0.33783783783783783, 'pur': 0.4189189189189189, 'nmi': 0.10138079958915046, 'ari': 0.0246354921769087}
Epoch: 17, time: 34.04034662246704
第17Epoch的精度为：{'acc': 0.44594594594594594, 'pur': 0.47297297297297297, 'nmi': 0.1178870339729472, 'ari': 0.07226113435246352}
Epoch: 18, time: 33.90566301345825
第18Epoch的精度为：{'acc': 0.4594594594594595, 'pur': 0.4864864864864865, 'nmi': 0.13978075196887305, 'ari': 0.1274454717270266}
Epoch: 19, time: 34.79886436462402
第19Epoch的精度为：{'acc': 0.3918918918918919, 'pur': 0.43243243243243246, 'nmi': 0.11642927220618864, 'ari': 0.04966952692853789}
Epoch: 20, time: 34.68824338912964
第20Epoch的精度为：{'acc': 0.3918918918918919, 'pur': 0.44594594594594594, 'nmi': 0.09287187940654303, 'ari': 0.03889298352172559}
Epoch: 21, time: 33.7280158996582
第21Epoch的精度为：{'acc': 0.44594594594594594, 'pur': 0.47297297297297297, 'nmi': 0.11828888174568462, 'ari': 0.08393971363559914}
Epoch: 22, time: 33.87195658683777
第22Epoch的精度为：{'acc': 0.43243243243243246, 'pur': 0.44594594594594594, 'nmi': 0.12494179958446695, 'ari': 0.07983451284754545}
Epoch: 23, time: 37.69029426574707
第23Epoch的精度为：{'acc': 0.4189189189189189, 'pur': 0.4594594594594595, 'nmi': 0.0990019640657708, 'ari': 0.06606066952517027}
Epoch: 24, time: 34.40635681152344
第24Epoch的精度为：{'acc': 0.44594594594594594, 'pur': 0.47297297297297297, 'nmi': 0.12662767678832032, 'ari': 0.10334212247121895}
Epoch: 25, time: 36.608694553375244
第25Epoch的精度为：{'acc': 0.43243243243243246, 'pur': 0.4594594594594595, 'nmi': 0.1343220404680775, 'ari': 0.0814583422725569}
Epoch: 26, time: 37.61584544181824
第26Epoch的精度为：{'acc': 0.36486486486486486, 'pur': 0.43243243243243246, 'nmi': 0.08543095039869154, 'ari': 0.027446575316893533}
Epoch: 27, time: 37.43792700767517
第27Epoch的精度为：{'acc': 0.4189189189189189, 'pur': 0.4594594594594595, 'nmi': 0.12536936398313037, 'ari': 0.07571147058708802}
Epoch: 28, time: 34.23414921760559
第28Epoch的精度为：{'acc': 0.3918918918918919, 'pur': 0.43243243243243246, 'nmi': 0.13267880264667534, 'ari': 0.055724858201122995}
Epoch: 29, time: 35.20574879646301
第29Epoch的精度为：{'acc': 0.4189189189189189, 'pur': 0.4594594594594595, 'nmi': 0.10849174681493916, 'ari': 0.06363435226275048}
Epoch: 30, time: 35.59261441230774
第30Epoch的精度为：{'acc': 0.4189189189189189, 'pur': 0.4594594594594595, 'nmi': 0.12114530441397205, 'ari': 0.10540122737040049}
最终精度为：{'acc': 0.40540540540540543, 'pur': 0.47297297297297297, 'nmi': 0.12232361921025703, 'ari': 0.10648466980653419}
==================================================
 
 
