Epoch: 1, time: 265.38651394844055
第1Epoch的精度为：{'acc': 0.7121951219512195, 'pur': 0.7219512195121951, 'nmi': 0.00989811652288241, 'ari': -0.011697352225941841}
Epoch: 2, time: 264.510128736496
第2Epoch的精度为：{'acc': 0.7170731707317073, 'pur': 0.7219512195121951, 'nmi': 0.0003267050561463346, 'ari': 0.0031598972842154295}
Epoch: 3, time: 264.92420077323914
第3Epoch的精度为：{'acc': 0.7170731707317073, 'pur': 0.7219512195121951, 'nmi': 0.0003267050561463346, 'ari': 0.0031598972842154295}
Epoch: 4, time: 260.813839673996
第4Epoch的精度为：{'acc': 0.7170731707317073, 'pur': 0.7219512195121951, 'nmi': 0.005125494392826979, 'ari': -0.005970798684973893}
Epoch: 5, time: 262.0982220172882
第5Epoch的精度为：{'acc': 0.7170731707317073, 'pur': 0.7219512195121951, 'nmi': 0.005125494392826979, 'ari': -0.005970798684973893}
Epoch: 6, time: 261.36951994895935
第6Epoch的精度为：{'acc': 0.7170731707317073, 'pur': 0.7219512195121951, 'nmi': 0.005125494392826979, 'ari': -0.005970798684973893}
Epoch: 7, time: 265.90258860588074
第7Epoch的精度为：{'acc': 0.7170731707317073, 'pur': 0.7219512195121951, 'nmi': 0.005125494392826979, 'ari': -0.005970798684973893}
Epoch: 8, time: 266.9559395313263
第8Epoch的精度为：{'acc': 0.7170731707317073, 'pur': 0.7219512195121951, 'nmi': 0.005125494392826979, 'ari': -0.005970798684973893}
Epoch: 9, time: 264.9518451690674
第9Epoch的精度为：{'acc': 0.7121951219512195, 'pur': 0.7219512195121951, 'nmi': 0.0006124063889964855, 'ari': 0.006066677698675318}
Epoch: 10, time: 265.5862190723419
第10Epoch的精度为：{'acc': 0.7170731707317073, 'pur': 0.7219512195121951, 'nmi': 0.005125494392826979, 'ari': -0.005970798684973893}
Epoch: 11, time: 264.9527428150177
第11Epoch的精度为：{'acc': 0.7121951219512195, 'pur': 0.7219512195121951, 'nmi': 0.00011594240300697378, 'ari': -0.0026465109928500985}
Epoch: 12, time: 265.20720887184143
第12Epoch的精度为：{'acc': 0.7170731707317073, 'pur': 0.7219512195121951, 'nmi': 0.005125494392826979, 'ari': -0.005970798684973893}
Epoch: 13, time: 265.60650849342346
第13Epoch的精度为：{'acc': 0.7121951219512195, 'pur': 0.7219512195121951, 'nmi': 0.00011594240300697378, 'ari': -0.0026465109928500985}
Epoch: 14, time: 260.95197796821594
第14Epoch的精度为：{'acc': 0.7219512195121951, 'pur': 0.7219512195121951, 'nmi': 0.0, 'ari': 0.0}
Epoch: 15, time: 264.4836025238037
第15Epoch的精度为：{'acc': 0.7219512195121951, 'pur': 0.7219512195121951, 'nmi': 0.0, 'ari': 0.0}
Epoch: 16, time: 262.4645938873291
第16Epoch的精度为：{'acc': 0.7219512195121951, 'pur': 0.7219512195121951, 'nmi': 0.0, 'ari': 0.0}
Epoch: 17, time: 264.45502066612244
第17Epoch的精度为：{'acc': 0.7219512195121951, 'pur': 0.7219512195121951, 'nmi': 0.0, 'ari': 0.0}
Epoch: 18, time: 266.886310338974
第18Epoch的精度为：{'acc': 0.7219512195121951, 'pur': 0.7219512195121951, 'nmi': 0.0, 'ari': 0.0}
Epoch: 19, time: 263.54406929016113
第19Epoch的精度为：{'acc': 0.7219512195121951, 'pur': 0.7219512195121951, 'nmi': 0.0, 'ari': 0.0}
Epoch: 20, time: 264.0895245075226
第20Epoch的精度为：{'acc': 0.7219512195121951, 'pur': 0.7219512195121951, 'nmi': 0.0, 'ari': 0.0}
Epoch: 21, time: 263.438720703125
第21Epoch的精度为：{'acc': 0.7219512195121951, 'pur': 0.7219512195121951, 'nmi': 0.0, 'ari': 0.0}
Epoch: 22, time: 267.00121545791626
第22Epoch的精度为：{'acc': 0.7219512195121951, 'pur': 0.7219512195121951, 'nmi': 0.0, 'ari': 0.0}
Epoch: 23, time: 265.12551379203796
第23Epoch的精度为：{'acc': 0.7219512195121951, 'pur': 0.7219512195121951, 'nmi': 0.0, 'ari': 0.0}
Epoch: 24, time: 265.23115134239197
第24Epoch的精度为：{'acc': 0.7219512195121951, 'pur': 0.7219512195121951, 'nmi': 0.0, 'ari': 0.0}
Epoch: 25, time: 264.47005009651184
第25Epoch的精度为：{'acc': 0.7219512195121951, 'pur': 0.7219512195121951, 'nmi': 0.0, 'ari': 0.0}
Epoch: 26, time: 266.76342010498047
第26Epoch的精度为：{'acc': 0.7219512195121951, 'pur': 0.7219512195121951, 'nmi': 0.0, 'ari': 0.0}
Epoch: 27, time: 267.20263051986694
第27Epoch的精度为：{'acc': 0.7219512195121951, 'pur': 0.7219512195121951, 'nmi': 0.0, 'ari': 0.0}
Epoch: 28, time: 262.89960503578186
第28Epoch的精度为：{'acc': 0.7219512195121951, 'pur': 0.7219512195121951, 'nmi': 0.0, 'ari': 0.0}
Epoch: 29, time: 262.78747844696045
第29Epoch的精度为：{'acc': 0.7219512195121951, 'pur': 0.7219512195121951, 'nmi': 0.0, 'ari': 0.0}
Epoch: 30, time: 259.13613510131836
第30Epoch的精度为：{'acc': 0.7219512195121951, 'pur': 0.7219512195121951, 'nmi': 0.0, 'ari': 0.0}
最终精度为：{'acc': 0.7219512195121951, 'pur': 0.7219512195121951, 'nmi': 0.0, 'ari': 0.0}
==================================================
 
 
