Libras
Epoch: 1, time: 7.931774854660034
第1Epoch的精度为：{'acc': 0.3277777777777778, 'pur': 0.34444444444444444, 'nmi': 0.41168658472315417, 'ari': 0.11385887506978036}
Epoch: 2, time: 8.111440181732178
第2Epoch的精度为：{'acc': 0.3111111111111111, 'pur': 0.3388888888888889, 'nmi': 0.39641174436788884, 'ari': 0.09808117062396467}
Epoch: 3, time: 7.922991991043091
第3Epoch的精度为：{'acc': 0.3277777777777778, 'pur': 0.35, 'nmi': 0.41751013483200444, 'ari': 0.11911481267849355}
Epoch: 4, time: 7.953284740447998
第4Epoch的精度为：{'acc': 0.3333333333333333, 'pur': 0.35, 'nmi': 0.41030219473955865, 'ari': 0.11170565124034904}
Epoch: 5, time: 7.916814565658569
第5Epoch的精度为：{'acc': 0.3388888888888889, 'pur': 0.35555555555555557, 'nmi': 0.3975716698362015, 'ari': 0.1084022808586762}
Epoch: 6, time: 7.998395919799805
第6Epoch的精度为：{'acc': 0.35555555555555557, 'pur': 0.37222222222222223, 'nmi': 0.42291550875091444, 'ari': 0.1284242431227023}
Epoch: 7, time: 8.050778865814209
第7Epoch的精度为：{'acc': 0.35, 'pur': 0.36666666666666664, 'nmi': 0.4249049077629658, 'ari': 0.12465775951854086}
Epoch: 8, time: 8.159187078475952
第8Epoch的精度为：{'acc': 0.3111111111111111, 'pur': 0.3333333333333333, 'nmi': 0.406071205195275, 'ari': 0.10254893540782113}
Epoch: 9, time: 7.954940319061279
第9Epoch的精度为：{'acc': 0.3111111111111111, 'pur': 0.3388888888888889, 'nmi': 0.39616690895937434, 'ari': 0.09815738353005328}
Epoch: 10, time: 8.15330457687378
第10Epoch的精度为：{'acc': 0.3277777777777778, 'pur': 0.34444444444444444, 'nmi': 0.4072991981401097, 'ari': 0.10479620149612474}
Epoch: 11, time: 8.523215055465698
第11Epoch的精度为：{'acc': 0.3277777777777778, 'pur': 0.35, 'nmi': 0.40479503926339166, 'ari': 0.11227138356050699}
Epoch: 12, time: 8.220775365829468
第12Epoch的精度为：{'acc': 0.3111111111111111, 'pur': 0.3333333333333333, 'nmi': 0.4061733905139082, 'ari': 0.10752883789945251}
Epoch: 13, time: 7.860601902008057
第13Epoch的精度为：{'acc': 0.3111111111111111, 'pur': 0.3277777777777778, 'nmi': 0.40325267779952056, 'ari': 0.10642849865860698}
Epoch: 14, time: 7.837756872177124
第14Epoch的精度为：{'acc': 0.35, 'pur': 0.3611111111111111, 'nmi': 0.407125974656355, 'ari': 0.11225151442574495}
Epoch: 15, time: 7.89041543006897
第15Epoch的精度为：{'acc': 0.3277777777777778, 'pur': 0.34444444444444444, 'nmi': 0.4188904853667858, 'ari': 0.12542128549410414}
Epoch: 16, time: 7.9421117305755615
第16Epoch的精度为：{'acc': 0.31666666666666665, 'pur': 0.3277777777777778, 'nmi': 0.39814361892230765, 'ari': 0.09892009244344842}
Epoch: 17, time: 7.926371335983276
第17Epoch的精度为：{'acc': 0.3333333333333333, 'pur': 0.34444444444444444, 'nmi': 0.4037934980537851, 'ari': 0.11016023412992809}
Epoch: 18, time: 8.00300145149231
第18Epoch的精度为：{'acc': 0.3277777777777778, 'pur': 0.34444444444444444, 'nmi': 0.4019100316336524, 'ari': 0.11189374711413186}
Epoch: 19, time: 8.038508415222168
第19Epoch的精度为：{'acc': 0.35, 'pur': 0.36666666666666664, 'nmi': 0.40839059134602723, 'ari': 0.11810973712415439}
Epoch: 20, time: 8.195038557052612
第20Epoch的精度为：{'acc': 0.32222222222222224, 'pur': 0.34444444444444444, 'nmi': 0.39811906619946374, 'ari': 0.10422161707466603}
Epoch: 21, time: 7.991943836212158
第21Epoch的精度为：{'acc': 0.3333333333333333, 'pur': 0.35555555555555557, 'nmi': 0.4048528493574581, 'ari': 0.111397037157602}
Epoch: 22, time: 7.878072261810303
第22Epoch的精度为：{'acc': 0.3333333333333333, 'pur': 0.3388888888888889, 'nmi': 0.3958203052140642, 'ari': 0.09965419679346117}
Epoch: 23, time: 7.914582252502441
第23Epoch的精度为：{'acc': 0.3388888888888889, 'pur': 0.35, 'nmi': 0.4150354450196539, 'ari': 0.11550565869024625}
Epoch: 24, time: 7.977098226547241
第24Epoch的精度为：{'acc': 0.3333333333333333, 'pur': 0.3388888888888889, 'nmi': 0.4037564997020226, 'ari': 0.1091814979340624}
Epoch: 25, time: 7.889176845550537
第25Epoch的精度为：{'acc': 0.3388888888888889, 'pur': 0.34444444444444444, 'nmi': 0.4082741215897679, 'ari': 0.11193687859889617}
Epoch: 26, time: 7.961710453033447
第26Epoch的精度为：{'acc': 0.3388888888888889, 'pur': 0.37222222222222223, 'nmi': 0.40986889551576217, 'ari': 0.11661961940483588}
Epoch: 27, time: 7.880887508392334
第27Epoch的精度为：{'acc': 0.3333333333333333, 'pur': 0.36666666666666664, 'nmi': 0.4183077247337187, 'ari': 0.11786118297996259}
Epoch: 28, time: 8.410663366317749
第28Epoch的精度为：{'acc': 0.31666666666666665, 'pur': 0.3333333333333333, 'nmi': 0.4128457973758047, 'ari': 0.10940663537640347}
Epoch: 29, time: 7.897095441818237
第29Epoch的精度为：{'acc': 0.34444444444444444, 'pur': 0.3611111111111111, 'nmi': 0.4177258806062045, 'ari': 0.1229495409398455}
Epoch: 30, time: 8.497247695922852
第30Epoch的精度为：{'acc': 0.3388888888888889, 'pur': 0.35, 'nmi': 0.4150945813469934, 'ari': 0.11886107177120929}
最终精度为：{'acc': 0.3333333333333333, 'pur': 0.35555555555555557, 'nmi': 0.42585286989594323, 'ari': 0.12232493998672046}
==================================================
 
 
