MotorImagery
Epoch: 1, time: 388.8016529083252
第1Epoch的精度为：{'acc': 0.56, 'pur': 0.56, 'nmi': 0.04179008005434942, 'ari': 0.010802919708029197}
Epoch: 2, time: 390.72576451301575
第2Epoch的精度为：{'acc': 0.57, 'pur': 0.57, 'nmi': 0.06765860012600816, 'ari': 0.016344996169141524}
Epoch: 3, time: 386.7806463241577
第3Epoch的精度为：{'acc': 0.53, 'pur': 0.53, 'nmi': 0.022678988259758403, 'ari': 0.001684040076915292}
Epoch: 4, time: 388.51787996292114
第4Epoch的精度为：{'acc': 0.56, 'pur': 0.56, 'nmi': 0.028007354617241177, 'ari': 0.009581966414395687}
Epoch: 5, time: 388.4635989665985
第5Epoch的精度为：{'acc': 0.54, 'pur': 0.54, 'nmi': 0.014537436020838625, 'ari': 0.0021424745581146223}
Epoch: 6, time: 384.5629336833954
第6Epoch的精度为：{'acc': 0.52, 'pur': 0.52, 'nmi': 0.0026330702759332037, 'ari': -0.0038512163018573587}
Epoch: 7, time: 384.28203558921814
第7Epoch的精度为：{'acc': 0.5, 'pur': 0.5, 'nmi': 8.632474883146733e-16, 'ari': -0.008212347851591143}
Epoch: 8, time: 373.67766857147217
第8Epoch的精度为：{'acc': 0.51, 'pur': 0.51, 'nmi': 0.0006170924598333076, 'ari': -0.005331404491870828}
Epoch: 9, time: 373.84452986717224
第9Epoch的精度为：{'acc': 0.52, 'pur': 0.52, 'nmi': 0.0026330702759332037, 'ari': -0.0038512163018573587}
Epoch: 10, time: 376.0622103214264
第10Epoch的精度为：{'acc': 0.52, 'pur': 0.52, 'nmi': 0.0026330702759332037, 'ari': -0.0038512163018573587}
Epoch: 11, time: 374.3635358810425
第11Epoch的精度为：{'acc': 0.51, 'pur': 0.51, 'nmi': 0.0004995065373178008, 'ari': -0.006345564816283696}
Epoch: 12, time: 375.0522680282593
第12Epoch的精度为：{'acc': 0.51, 'pur': 0.51, 'nmi': 0.0005511577327418267, 'ari': -0.005854586702769951}
Epoch: 13, time: 373.0788104534149
第13Epoch的精度为：{'acc': 0.51, 'pur': 0.51, 'nmi': 0.0003750066465825753, 'ari': -0.00798562587342783}
Epoch: 14, time: 372.0878736972809
第14Epoch的精度为：{'acc': 0.51, 'pur': 0.51, 'nmi': 0.0005511577327418267, 'ari': -0.005854586702769951}
Epoch: 15, time: 375.0715961456299
第15Epoch的精度为：{'acc': 0.51, 'pur': 0.51, 'nmi': 0.0004995065373178008, 'ari': -0.006345564816283696}
Epoch: 16, time: 374.2204418182373
第16Epoch的精度为：{'acc': 0.51, 'pur': 0.51, 'nmi': 0.0005511577327418267, 'ari': -0.005854586702769951}
Epoch: 17, time: 374.06684255599976
第17Epoch的精度为：{'acc': 0.53, 'pur': 0.53, 'nmi': 0.005575571161242394, 'ari': -0.0021130566583634374}
Epoch: 18, time: 373.99183416366577
第18Epoch的精度为：{'acc': 0.56, 'pur': 0.56, 'nmi': 0.01164450506997332, 'ari': 0.0051387461459403904}
Epoch: 19, time: 376.72016644477844
第19Epoch的精度为：{'acc': 0.56, 'pur': 0.56, 'nmi': 0.04179008005434942, 'ari': 0.010802919708029197}
Epoch: 20, time: 373.60673666000366
第20Epoch的精度为：{'acc': 0.52, 'pur': 0.52, 'nmi': 0.0023311085277851825, 'ari': -0.004389815627743635}
Epoch: 21, time: 371.62845635414124
第21Epoch的精度为：{'acc': 0.52, 'pur': 0.52, 'nmi': 0.0023311085277851825, 'ari': -0.004389815627743635}
Epoch: 22, time: 375.62338376045227
第22Epoch的精度为：{'acc': 0.57, 'pur': 0.57, 'nmi': 0.05164468122144338, 'ari': 0.01570657266520905}
Epoch: 23, time: 372.8114116191864
第23Epoch的精度为：{'acc': 0.51, 'pur': 0.51, 'nmi': 0.0005511577327418267, 'ari': -0.005854586702769951}
Epoch: 24, time: 374.2504494190216
第24Epoch的精度为：{'acc': 0.5, 'pur': 0.5, 'nmi': 0.0, 'ari': -0.0065067100447336315}
Epoch: 25, time: 375.00982308387756
第25Epoch的精度为：{'acc': 0.53, 'pur': 0.53, 'nmi': 0.005575571161242394, 'ari': -0.0021130566583634374}
Epoch: 26, time: 374.1610355377197
第26Epoch的精度为：{'acc': 0.53, 'pur': 0.53, 'nmi': 0.007429650779959116, 'ari': -0.0009741485332976146}
Epoch: 27, time: 372.49291706085205
第27Epoch的精度为：{'acc': 0.56, 'pur': 0.56, 'nmi': 0.04179008005434942, 'ari': 0.010802919708029197}
Epoch: 28, time: 375.19819712638855
第28Epoch的精度为：{'acc': 0.53, 'pur': 0.53, 'nmi': 0.006362555582158176, 'ari': -0.001559549192811453}
Epoch: 29, time: 375.12246799468994
第29Epoch的精度为：{'acc': 0.53, 'pur': 0.53, 'nmi': 0.006362555582158176, 'ari': -0.001559549192811453}
Epoch: 30, time: 375.299302816391
第30Epoch的精度为：{'acc': 0.54, 'pur': 0.54, 'nmi': 0.010603957528852358, 'ari': 0.0009749914688246478}
最终精度为：{'acc': 0.52, 'pur': 0.52, 'nmi': 0.0023311085277851825, 'ari': -0.004389815627743635}
==================================================
 
 
