NATOPS
Epoch: 1, time: 92.8912706375122
第1Epoch的精度为：{'acc': 0.25, 'pur': 0.2722222222222222, 'nmi': 0.10612049019426552, 'ari': 0.03848703333855332}
Epoch: 2, time: 90.81079840660095
第2Epoch的精度为：{'acc': 0.26666666666666666, 'pur': 0.28888888888888886, 'nmi': 0.09158377426866976, 'ari': 0.026020665581019498}
Epoch: 3, time: 92.63107347488403
第3Epoch的精度为：{'acc': 0.2777777777777778, 'pur': 0.3111111111111111, 'nmi': 0.1246790054181661, 'ari': 0.04388132321644084}
Epoch: 4, time: 91.41204762458801
第4Epoch的精度为：{'acc': 0.2611111111111111, 'pur': 0.29444444444444445, 'nmi': 0.11263044034792676, 'ari': 0.027546199432767173}
Epoch: 5, time: 92.39588570594788
第5Epoch的精度为：{'acc': 0.26666666666666666, 'pur': 0.28888888888888886, 'nmi': 0.09105386985871985, 'ari': 0.032062658955455604}
Epoch: 6, time: 92.46948266029358
第6Epoch的精度为：{'acc': 0.32222222222222224, 'pur': 0.35555555555555557, 'nmi': 0.17700815075465814, 'ari': 0.09404646677332151}
Epoch: 7, time: 92.65259265899658
第7Epoch的精度为：{'acc': 0.23333333333333334, 'pur': 0.2388888888888889, 'nmi': 0.04527048875677686, 'ari': -0.002888682978343096}
Epoch: 8, time: 90.98850417137146
第8Epoch的精度为：{'acc': 0.2833333333333333, 'pur': 0.3055555555555556, 'nmi': 0.09619215474215481, 'ari': 0.040976208366865115}
Epoch: 9, time: 89.68360567092896
第9Epoch的精度为：{'acc': 0.26666666666666666, 'pur': 0.28888888888888886, 'nmi': 0.0693218692374731, 'ari': 0.018364804155552437}
Epoch: 10, time: 91.0354266166687
第10Epoch的精度为：{'acc': 0.2388888888888889, 'pur': 0.25555555555555554, 'nmi': 0.05535057139421309, 'ari': -0.0008762931978764222}
Epoch: 11, time: 92.60706377029419
第11Epoch的精度为：{'acc': 0.2722222222222222, 'pur': 0.28888888888888886, 'nmi': 0.09880326200209483, 'ari': 0.02908355274571914}
Epoch: 12, time: 92.63494300842285
第12Epoch的精度为：{'acc': 0.22777777777777777, 'pur': 0.22777777777777777, 'nmi': 0.027312158302369344, 'ari': -0.009934588985084036}
Epoch: 13, time: 92.72806978225708
第13Epoch的精度为：{'acc': 0.2611111111111111, 'pur': 0.29444444444444445, 'nmi': 0.08870046508602902, 'ari': 0.02052514518578874}
Epoch: 14, time: 91.16963195800781
第14Epoch的精度为：{'acc': 0.2777777777777778, 'pur': 0.2777777777777778, 'nmi': 0.06124399222012858, 'ari': 0.008382317551162397}
Epoch: 15, time: 91.97454833984375
第15Epoch的精度为：{'acc': 0.28888888888888886, 'pur': 0.3055555555555556, 'nmi': 0.095367021851661, 'ari': 0.028111631696883275}
Epoch: 16, time: 91.94225811958313
第16Epoch的精度为：{'acc': 0.2833333333333333, 'pur': 0.2833333333333333, 'nmi': 0.06355077668880367, 'ari': 0.009768188834020128}
Epoch: 17, time: 92.09337067604065
第17Epoch的精度为：{'acc': 0.21666666666666667, 'pur': 0.2222222222222222, 'nmi': 0.02426877260184368, 'ari': -0.01374252592489904}
Epoch: 18, time: 92.59798431396484
第18Epoch的精度为：{'acc': 0.2222222222222222, 'pur': 0.2388888888888889, 'nmi': 0.039634249817888254, 'ari': -0.008813829889465347}
Epoch: 19, time: 92.34012961387634
第19Epoch的精度为：{'acc': 0.28888888888888886, 'pur': 0.31666666666666665, 'nmi': 0.11903124796183408, 'ari': 0.03936205990043436}
Epoch: 20, time: 89.89909315109253
第20Epoch的精度为：{'acc': 0.3055555555555556, 'pur': 0.3388888888888889, 'nmi': 0.1461226578143765, 'ari': 0.04843868503869836}
Epoch: 21, time: 90.84122490882874
第21Epoch的精度为：{'acc': 0.22777777777777777, 'pur': 0.24444444444444444, 'nmi': 0.043237940749483984, 'ari': -0.004379036855417619}
Epoch: 22, time: 90.5612313747406
第22Epoch的精度为：{'acc': 0.25, 'pur': 0.2611111111111111, 'nmi': 0.05399938474977274, 'ari': -0.0019537587096322404}
Epoch: 23, time: 90.89105343818665
第23Epoch的精度为：{'acc': 0.25, 'pur': 0.2722222222222222, 'nmi': 0.0657049512025766, 'ari': -0.000131975202314572}
Epoch: 24, time: 89.89608097076416
第24Epoch的精度为：{'acc': 0.3055555555555556, 'pur': 0.3111111111111111, 'nmi': 0.11121059536037095, 'ari': 0.04833767163440786}
Epoch: 25, time: 91.63409662246704
第25Epoch的精度为：{'acc': 0.2388888888888889, 'pur': 0.25, 'nmi': 0.03704530919425164, 'ari': -0.006324522490554915}
Epoch: 26, time: 92.02637648582458
第26Epoch的精度为：{'acc': 0.25555555555555554, 'pur': 0.2777777777777778, 'nmi': 0.06015964669088964, 'ari': 0.002030542056815546}
Epoch: 27, time: 92.37297415733337
第27Epoch的精度为：{'acc': 0.26666666666666666, 'pur': 0.29444444444444445, 'nmi': 0.06732130741879942, 'ari': 0.006203527454863568}
Epoch: 28, time: 91.0312888622284
第28Epoch的精度为：{'acc': 0.25, 'pur': 0.25555555555555554, 'nmi': 0.0324294165316695, 'ari': -0.004258923473645244}
Epoch: 29, time: 92.84340047836304
第29Epoch的精度为：{'acc': 0.28888888888888886, 'pur': 0.3111111111111111, 'nmi': 0.12673857854859097, 'ari': 0.048511403265854035}
Epoch: 30, time: 91.22357964515686
第30Epoch的精度为：{'acc': 0.21666666666666667, 'pur': 0.22777777777777777, 'nmi': 0.03051634182645879, 'ari': -0.007859429147645479}
最终精度为：{'acc': 0.2111111111111111, 'pur': 0.2222222222222222, 'nmi': 0.02626899671621582, 'ari': -0.009577089865977816}
==================================================
 
 
