PEMS-SF
Epoch: 1, time: 5450.60013461113
第1Epoch的精度为：{'acc': 0.3583815028901734, 'pur': 0.3583815028901734, 'nmi': 0.2657576019007787, 'ari': 0.11743123580002952}
Epoch: 2, time: 5492.814071416855
第2Epoch的精度为：{'acc': 0.3815028901734104, 'pur': 0.43352601156069365, 'nmi': 0.32758403508666106, 'ari': 0.15628231577169022}
Epoch: 3, time: 5455.227843284607
第3Epoch的精度为：{'acc': 0.4046242774566474, 'pur': 0.41040462427745666, 'nmi': 0.2857801358395438, 'ari': 0.16157298304487983}
Epoch: 4, time: 5453.994678497314
第4Epoch的精度为：{'acc': 0.3468208092485549, 'pur': 0.3988439306358382, 'nmi': 0.3007747362655465, 'ari': 0.13212457474294054}
Epoch: 5, time: 5442.577894687653
第5Epoch的精度为：{'acc': 0.3930635838150289, 'pur': 0.3988439306358382, 'nmi': 0.28105790322641727, 'ari': 0.1304580543931614}
Epoch: 6, time: 5440.398029327393
第6Epoch的精度为：{'acc': 0.36416184971098264, 'pur': 0.3930635838150289, 'nmi': 0.2593683437037517, 'ari': 0.1327980731980502}
Epoch: 7, time: 5357.781977176666
第7Epoch的精度为：{'acc': 0.3699421965317919, 'pur': 0.4277456647398844, 'nmi': 0.296925886191167, 'ari': 0.15589816196464404}
Epoch: 8, time: 5415.210169792175
第8Epoch的精度为：{'acc': 0.37572254335260113, 'pur': 0.42196531791907516, 'nmi': 0.32727812907626264, 'ari': 0.15718096921508135}
Epoch: 9, time: 5470.185292959213
第9Epoch的精度为：{'acc': 0.3352601156069364, 'pur': 0.3815028901734104, 'nmi': 0.2637600786822462, 'ari': 0.11501190300692897}
Epoch: 10, time: 5342.537144899368
第10Epoch的精度为：{'acc': 0.30057803468208094, 'pur': 0.3468208092485549, 'nmi': 0.24239839232901492, 'ari': 0.09515793257643711}
Epoch: 11, time: 5457.387131214142
第11Epoch的精度为：{'acc': 0.34104046242774566, 'pur': 0.3930635838150289, 'nmi': 0.2859738698867097, 'ari': 0.13027094915225038}
Epoch: 12, time: 5455.1976499557495
第12Epoch的精度为：{'acc': 0.3468208092485549, 'pur': 0.4161849710982659, 'nmi': 0.3071550827998483, 'ari': 0.1497934557660558}
Epoch: 13, time: 5452.26803278923
第13Epoch的精度为：{'acc': 0.36416184971098264, 'pur': 0.3988439306358382, 'nmi': 0.27909839986079304, 'ari': 0.13406237280296246}
Epoch: 14, time: 5457.219287157059
第14Epoch的精度为：{'acc': 0.3815028901734104, 'pur': 0.41040462427745666, 'nmi': 0.3328535300704846, 'ari': 0.1783324584358199}
Epoch: 15, time: 5446.511003255844
第15Epoch的精度为：{'acc': 0.3583815028901734, 'pur': 0.3930635838150289, 'nmi': 0.3044589526277414, 'ari': 0.14757772674149292}
Epoch: 16, time: 5438.954850912094
第16Epoch的精度为：{'acc': 0.3930635838150289, 'pur': 0.42196531791907516, 'nmi': 0.2905004521612423, 'ari': 0.14653544450774114}
Epoch: 17, time: 5456.09588766098
第17Epoch的精度为：{'acc': 0.36416184971098264, 'pur': 0.41040462427745666, 'nmi': 0.2987968270011452, 'ari': 0.14427303304934957}
Epoch: 18, time: 5456.510396003723
第18Epoch的精度为：{'acc': 0.3988439306358382, 'pur': 0.4508670520231214, 'nmi': 0.30538466453460505, 'ari': 0.15738392834766998}
Epoch: 19, time: 5431.96307349205
第19Epoch的精度为：{'acc': 0.36416184971098264, 'pur': 0.41040462427745666, 'nmi': 0.3008835000519326, 'ari': 0.15372633994407786}
Epoch: 20, time: 5439.1823008060455
第20Epoch的精度为：{'acc': 0.3352601156069364, 'pur': 0.37572254335260113, 'nmi': 0.2493170279810504, 'ari': 0.1046951857885151}
Epoch: 21, time: 5441.987825870514
第21Epoch的精度为：{'acc': 0.36416184971098264, 'pur': 0.41040462427745666, 'nmi': 0.30239770006658623, 'ari': 0.157300280861741}
Epoch: 22, time: 5474.742812633514
第22Epoch的精度为：{'acc': 0.3468208092485549, 'pur': 0.3872832369942196, 'nmi': 0.30278376650010236, 'ari': 0.13387945180077881}
Epoch: 23, time: 5392.115881204605
第23Epoch的精度为：{'acc': 0.3930635838150289, 'pur': 0.44508670520231214, 'nmi': 0.32512848569999253, 'ari': 0.16486779255224351}
Epoch: 24, time: 5384.548987865448
第24Epoch的精度为：{'acc': 0.4161849710982659, 'pur': 0.45664739884393063, 'nmi': 0.3284422439074944, 'ari': 0.17918803164066513}
Epoch: 25, time: 5592.455188989639
第25Epoch的精度为：{'acc': 0.3988439306358382, 'pur': 0.43352601156069365, 'nmi': 0.28270828160545275, 'ari': 0.14717891104110525}
Epoch: 26, time: 5497.865665197372
第26Epoch的精度为：{'acc': 0.34104046242774566, 'pur': 0.3930635838150289, 'nmi': 0.3135849704816721, 'ari': 0.13715174136999683}
Epoch: 27, time: 5498.507235527039
第27Epoch的精度为：{'acc': 0.37572254335260113, 'pur': 0.4046242774566474, 'nmi': 0.3180322174960193, 'ari': 0.1740383320330541}
Epoch: 28, time: 5438.397547245026
第28Epoch的精度为：{'acc': 0.3699421965317919, 'pur': 0.37572254335260113, 'nmi': 0.26309986742229435, 'ari': 0.1242167205243502}
Epoch: 29, time: 5438.59782242775
第29Epoch的精度为：{'acc': 0.34104046242774566, 'pur': 0.4046242774566474, 'nmi': 0.3086363477709159, 'ari': 0.1467923142438615}
Epoch: 30, time: 5395.817231893539
第30Epoch的精度为：{'acc': 0.36416184971098264, 'pur': 0.3988439306358382, 'nmi': 0.2926253343353418, 'ari': 0.1557544208442746}
最终精度为：{'acc': 0.36416184971098264, 'pur': 0.3988439306358382, 'nmi': 0.2926253343353418, 'ari': 0.1557544208442746}
==================================================
 
 
