PhonemeSpectra
Epoch: 1, time: 794.0235307216644
第1Epoch的精度为：{'acc': 0.07456009543692216, 'pur': 0.081419624217119, 'nmi': 0.0971081079867309, 'ari': 0.0072646187217549054}
Epoch: 2, time: 780.3855950832367
第2Epoch的精度为：{'acc': 0.07963018192663286, 'pur': 0.08440202803459589, 'nmi': 0.10185268463631508, 'ari': 0.008036970510972456}
Epoch: 3, time: 780.561460018158
第3Epoch的精度为：{'acc': 0.07694601849090367, 'pur': 0.08380554727110051, 'nmi': 0.1029458532518275, 'ari': 0.008903254983422594}
Epoch: 4, time: 772.7679703235626
第4Epoch的精度为：{'acc': 0.07933194154488518, 'pur': 0.08440202803459589, 'nmi': 0.10283987144868446, 'ari': 0.008986673053409468}
Epoch: 5, time: 770.4755272865295
第5Epoch的精度为：{'acc': 0.07933194154488518, 'pur': 0.08440202803459589, 'nmi': 0.10259107268890369, 'ari': 0.008422888914357109}
Epoch: 6, time: 777.3905377388
第6Epoch的精度为：{'acc': 0.07843722039964211, 'pur': 0.08291082612585744, 'nmi': 0.10718624961772251, 'ari': 0.009293036543732359}
Epoch: 7, time: 782.703608751297
第7Epoch的精度为：{'acc': 0.07813898001789442, 'pur': 0.08529674917983895, 'nmi': 0.10178370858435938, 'ari': 0.008013764608717555}
Epoch: 8, time: 771.7609877586365
第8Epoch的精度为：{'acc': 0.07933194154488518, 'pur': 0.08499850879809126, 'nmi': 0.10338167846295382, 'ari': 0.009090384018922763}
Epoch: 9, time: 777.5375657081604
第9Epoch的精度为：{'acc': 0.07903370116313749, 'pur': 0.08410378765284819, 'nmi': 0.100995219384944, 'ari': 0.009000489156763141}
Epoch: 10, time: 775.1182730197906
第10Epoch的精度为：{'acc': 0.081419624217119, 'pur': 0.0867879510885774, 'nmi': 0.10828795958615285, 'ari': 0.009921487868064453}
Epoch: 11, time: 778.1330981254578
第11Epoch的精度为：{'acc': 0.07843722039964211, 'pur': 0.08350730688935282, 'nmi': 0.10130980396989554, 'ari': 0.007849042926545058}
Epoch: 12, time: 778.9060616493225
第12Epoch的精度为：{'acc': 0.07843722039964211, 'pur': 0.08529674917983895, 'nmi': 0.10410423293821235, 'ari': 0.008717082097155748}
Epoch: 13, time: 781.822169303894
第13Epoch的精度为：{'acc': 0.08022666269012824, 'pur': 0.08499850879809126, 'nmi': 0.1024771039665328, 'ari': 0.008052143539551698}
Epoch: 14, time: 779.3232316970825
第14Epoch的精度为：{'acc': 0.07903370116313749, 'pur': 0.08499850879809126, 'nmi': 0.10020475806182841, 'ari': 0.00780332418693543}
Epoch: 15, time: 780.5399880409241
第15Epoch的精度为：{'acc': 0.0787354607813898, 'pur': 0.08470026841634358, 'nmi': 0.10275726556523031, 'ari': 0.008061026511599456}
Epoch: 16, time: 777.375002861023
第16Epoch的精度为：{'acc': 0.07903370116313749, 'pur': 0.08619147032508202, 'nmi': 0.10351823037591065, 'ari': 0.00957307256049627}
Epoch: 17, time: 776.1177659034729
第17Epoch的精度为：{'acc': 0.08052490307187593, 'pur': 0.0867879510885774, 'nmi': 0.10106261984207829, 'ari': 0.007436739984926956}
Epoch: 18, time: 782.492406129837
第18Epoch的精度为：{'acc': 0.07813898001789442, 'pur': 0.08440202803459589, 'nmi': 0.1006845869373249, 'ari': 0.008528235168868128}
Epoch: 19, time: 783.5107619762421
第19Epoch的精度为：{'acc': 0.07843722039964211, 'pur': 0.08410378765284819, 'nmi': 0.10163936221527953, 'ari': 0.007649733786627784}
Epoch: 20, time: 781.8907685279846
第20Epoch的精度为：{'acc': 0.0787354607813898, 'pur': 0.08380554727110051, 'nmi': 0.10497194084020268, 'ari': 0.008901187666188646}
Epoch: 21, time: 779.5185914039612
第21Epoch的精度为：{'acc': 0.07933194154488518, 'pur': 0.08470026841634358, 'nmi': 0.10159487886452885, 'ari': 0.008996781913175633}
Epoch: 22, time: 782.521479845047
第22Epoch的精度为：{'acc': 0.07992842230838056, 'pur': 0.08619147032508202, 'nmi': 0.1033637533517026, 'ari': 0.00875368966054452}
Epoch: 23, time: 774.1168818473816
第23Epoch的精度为：{'acc': 0.08022666269012824, 'pur': 0.08529674917983895, 'nmi': 0.10425519910614248, 'ari': 0.009514093351191008}
Epoch: 24, time: 781.0698349475861
第24Epoch的精度为：{'acc': 0.07724425887265135, 'pur': 0.08350730688935282, 'nmi': 0.1008756640820315, 'ari': 0.00857510501078262}
Epoch: 25, time: 769.642098903656
第25Epoch的精度为：{'acc': 0.08022666269012824, 'pur': 0.08499850879809126, 'nmi': 0.10510861963988467, 'ari': 0.009226710238283283}
Epoch: 26, time: 784.8834865093231
第26Epoch的精度为：{'acc': 0.07933194154488518, 'pur': 0.08499850879809126, 'nmi': 0.10328830981864422, 'ari': 0.00896430616379954}
Epoch: 27, time: 775.8049974441528
第27Epoch的精度为：{'acc': 0.07784073963614674, 'pur': 0.08380554727110051, 'nmi': 0.10150755855404014, 'ari': 0.007334505686110683}
Epoch: 28, time: 776.216835975647
第28Epoch的精度为：{'acc': 0.0811213838353713, 'pur': 0.08529674917983895, 'nmi': 0.11001943365436463, 'ari': 0.009687477751593844}
Epoch: 29, time: 777.4438552856445
第29Epoch的精度为：{'acc': 0.0787354607813898, 'pur': 0.08559498956158663, 'nmi': 0.10133824975246698, 'ari': 0.007520333491167233}
Epoch: 30, time: 786.1266386508942
第30Epoch的精度为：{'acc': 0.0787354607813898, 'pur': 0.08410378765284819, 'nmi': 0.10071816745497658, 'ari': 0.008617756568983071}
最终精度为：{'acc': 0.07933194154488518, 'pur': 0.08559498956158663, 'nmi': 0.10152822512207427, 'ari': 0.008715381467951245}
==================================================
 
 
