SelfRegulationSCP1
Epoch: 1, time: 50.091105699539185
第1Epoch的精度为：{'acc': 0.7440273037542662, 'pur': 0.7440273037542662, 'nmi': 0.1805621615442319, 'ari': 0.23558826457928034}
Epoch: 2, time: 34.9900107383728
第2Epoch的精度为：{'acc': 0.7474402730375427, 'pur': 0.7474402730375427, 'nmi': 0.2004982392328277, 'ari': 0.24243191016570792}
Epoch: 3, time: 34.50054931640625
第3Epoch的精度为：{'acc': 0.7508532423208191, 'pur': 0.7508532423208191, 'nmi': 0.209977646150679, 'ari': 0.24928056279947303}
Epoch: 4, time: 34.99747633934021
第4Epoch的精度为：{'acc': 0.7440273037542662, 'pur': 0.7440273037542662, 'nmi': 0.20577149962821173, 'ari': 0.23577947287280746}
Epoch: 5, time: 37.075669050216675
第5Epoch的精度为：{'acc': 0.7474402730375427, 'pur': 0.7474402730375427, 'nmi': 0.18617744025908786, 'ari': 0.24232287441156}
Epoch: 6, time: 34.4900119304657
第6Epoch的精度为：{'acc': 0.7508532423208191, 'pur': 0.7508532423208191, 'nmi': 0.21257874806735874, 'ari': 0.24929756952354698}
Epoch: 7, time: 34.85891032218933
第7Epoch的精度为：{'acc': 0.7474402730375427, 'pur': 0.7474402730375427, 'nmi': 0.21360669101382765, 'ari': 0.24252013120578578}
Epoch: 8, time: 34.07924747467041
第8Epoch的精度为：{'acc': 0.7474402730375427, 'pur': 0.7474402730375427, 'nmi': 0.21360669101382765, 'ari': 0.24252013120578578}
Epoch: 9, time: 34.94658708572388
第9Epoch的精度为：{'acc': 0.7474402730375427, 'pur': 0.7474402730375427, 'nmi': 0.2077291192101544, 'ari': 0.24248194489423783}
Epoch: 10, time: 33.904454946517944
第10Epoch的精度为：{'acc': 0.7440273037542662, 'pur': 0.7440273037542662, 'nmi': 0.20577149962821173, 'ari': 0.23577947287280746}
Epoch: 11, time: 35.0518102645874
第11Epoch的精度为：{'acc': 0.7474402730375427, 'pur': 0.7474402730375427, 'nmi': 0.18682129969443104, 'ari': 0.2423279521611173}
Epoch: 12, time: 35.31241703033447
第12Epoch的精度为：{'acc': 0.7474402730375427, 'pur': 0.7474402730375427, 'nmi': 0.21360669101382765, 'ari': 0.24252013120578578}
Epoch: 13, time: 34.771196603775024
第13Epoch的精度为：{'acc': 0.7440273037542662, 'pur': 0.7440273037542662, 'nmi': 0.20882663887158617, 'ari': 0.2357997099881794}
Epoch: 14, time: 35.09204053878784
第14Epoch的精度为：{'acc': 0.7474402730375427, 'pur': 0.7474402730375427, 'nmi': 0.2105520026922626, 'ari': 0.24250055515992436}
Epoch: 15, time: 37.805665493011475
第15Epoch的精度为：{'acc': 0.7406143344709898, 'pur': 0.7406143344709898, 'nmi': 0.1982286531344948, 'ari': 0.22913236799317982}
Epoch: 16, time: 34.823294162750244
第16Epoch的精度为：{'acc': 0.7440273037542662, 'pur': 0.7440273037542662, 'nmi': 0.20577149962821173, 'ari': 0.23577947287280746}
Epoch: 17, time: 34.93748188018799
第17Epoch的精度为：{'acc': 0.7406143344709898, 'pur': 0.7406143344709898, 'nmi': 0.2010544248061093, 'ari': 0.22915228951288527}
Epoch: 18, time: 34.69177007675171
第18Epoch的精度为：{'acc': 0.757679180887372, 'pur': 0.757679180887372, 'nmi': 0.22528871456233426, 'ari': 0.26322716630324705}
Epoch: 19, time: 37.86508250236511
第19Epoch的精度为：{'acc': 0.7440273037542662, 'pur': 0.7440273037542662, 'nmi': 0.20577149962821173, 'ari': 0.23577947287280746}
Epoch: 20, time: 34.852160930633545
第20Epoch的精度为：{'acc': 0.7542662116040956, 'pur': 0.7542662116040956, 'nmi': 0.22030908249185285, 'ari': 0.25622440498316135}
Epoch: 21, time: 35.027658224105835
第21Epoch的精度为：{'acc': 0.7440273037542662, 'pur': 0.7440273037542662, 'nmi': 0.20577149962821173, 'ari': 0.23577947287280746}
Epoch: 22, time: 34.9458487033844
第22Epoch的精度为：{'acc': 0.7474402730375427, 'pur': 0.7474402730375427, 'nmi': 0.2077291192101544, 'ari': 0.24248194489423783}
Epoch: 23, time: 34.92046523094177
第23Epoch的精度为：{'acc': 0.7474402730375427, 'pur': 0.7474402730375427, 'nmi': 0.2105520026922626, 'ari': 0.24250055515992436}
Epoch: 24, time: 34.97727036476135
第24Epoch的精度为：{'acc': 0.7440273037542662, 'pur': 0.7440273037542662, 'nmi': 0.20577149962821173, 'ari': 0.23577947287280746}
Epoch: 25, time: 34.81535744667053
第25Epoch的精度为：{'acc': 0.7440273037542662, 'pur': 0.7440273037542662, 'nmi': 0.20577149962821173, 'ari': 0.23577947287280746}
Epoch: 26, time: 34.91936135292053
第26Epoch的精度为：{'acc': 0.7440273037542662, 'pur': 0.7440273037542662, 'nmi': 0.20577149962821173, 'ari': 0.23577947287280746}
Epoch: 27, time: 35.031015396118164
第27Epoch的精度为：{'acc': 0.7440273037542662, 'pur': 0.7440273037542662, 'nmi': 0.20882663887158617, 'ari': 0.2357997099881794}
Epoch: 28, time: 34.88663125038147
第28Epoch的精度为：{'acc': 0.7440273037542662, 'pur': 0.7440273037542662, 'nmi': 0.18112745552377252, 'ari': 0.23559289958503363}
Epoch: 29, time: 34.61492848396301
第29Epoch的精度为：{'acc': 0.7440273037542662, 'pur': 0.7440273037542662, 'nmi': 0.20577149962821173, 'ari': 0.23577947287280746}
Epoch: 30, time: 34.550883293151855
第30Epoch的精度为：{'acc': 0.7440273037542662, 'pur': 0.7440273037542662, 'nmi': 0.20577149962821173, 'ari': 0.23577947287280746}
最终精度为：{'acc': 0.7440273037542662, 'pur': 0.7440273037542662, 'nmi': 0.20577149962821173, 'ari': 0.23577947287280746}
==================================================
 
 
