SelfRegulationSCP2
Epoch: 1, time: 30.624408721923828
第1Epoch的精度为：{'acc': 0.5222222222222223, 'pur': 0.5222222222222223, 'nmi': 0.0014263129103264836, 'ari': -0.0036287872692820937}
Epoch: 2, time: 29.724360704421997
第2Epoch的精度为：{'acc': 0.5111111111111111, 'pur': 0.5111111111111111, 'nmi': 0.0003562503221439516, 'ari': -0.005121376057705645}
Epoch: 3, time: 30.46834135055542
第3Epoch的精度为：{'acc': 0.5222222222222223, 'pur': 0.5222222222222223, 'nmi': 0.0014263129103264836, 'ari': -0.0036287872692820937}
Epoch: 4, time: 30.649871110916138
第4Epoch的精度为：{'acc': 0.5166666666666667, 'pur': 0.5166666666666667, 'nmi': 0.0008017805110726711, 'ari': -0.0044999275212043825}
Epoch: 5, time: 30.63618803024292
第5Epoch的精度为：{'acc': 0.5166666666666667, 'pur': 0.5166666666666667, 'nmi': 0.0008017805110726711, 'ari': -0.0044999275212043825}
Epoch: 6, time: 30.38321614265442
第6Epoch的精度为：{'acc': 0.5166666666666667, 'pur': 0.5166666666666667, 'nmi': 0.0008017805110726711, 'ari': -0.0044999275212043825}
Epoch: 7, time: 30.446671724319458
第7Epoch的精度为：{'acc': 0.5166666666666667, 'pur': 0.5166666666666667, 'nmi': 0.0008017805110726711, 'ari': -0.0044999275212043825}
Epoch: 8, time: 30.6340434551239
第8Epoch的精度为：{'acc': 0.5222222222222223, 'pur': 0.5222222222222223, 'nmi': 0.0014263129103264836, 'ari': -0.0036287872692820937}
Epoch: 9, time: 30.459315538406372
第9Epoch的精度为：{'acc': 0.5166666666666667, 'pur': 0.5166666666666667, 'nmi': 0.0008017805110726711, 'ari': -0.0044999275212043825}
Epoch: 10, time: 30.69335961341858
第10Epoch的精度为：{'acc': 0.5166666666666667, 'pur': 0.5166666666666667, 'nmi': 0.0008017805110726711, 'ari': -0.0044999275212043825}
Epoch: 11, time: 30.0631000995636
第11Epoch的精度为：{'acc': 0.5222222222222223, 'pur': 0.5222222222222223, 'nmi': 0.0014263129103264836, 'ari': -0.0036287872692820937}
Epoch: 12, time: 30.384785652160645
第12Epoch的精度为：{'acc': 0.5222222222222223, 'pur': 0.5222222222222223, 'nmi': 0.0014263129103264836, 'ari': -0.0036287872692820937}
Epoch: 13, time: 31.091376781463623
第13Epoch的精度为：{'acc': 0.5222222222222223, 'pur': 0.5222222222222223, 'nmi': 0.0014263129103264836, 'ari': -0.0036287872692820937}
Epoch: 14, time: 31.026443004608154
第14Epoch的精度为：{'acc': 0.5166666666666667, 'pur': 0.5166666666666667, 'nmi': 0.0008017805110726711, 'ari': -0.0044999275212043825}
Epoch: 15, time: 30.200032472610474
第15Epoch的精度为：{'acc': 0.5166666666666667, 'pur': 0.5166666666666667, 'nmi': 0.0008017805110726711, 'ari': -0.0044999275212043825}
Epoch: 16, time: 30.812780141830444
第16Epoch的精度为：{'acc': 0.5222222222222223, 'pur': 0.5222222222222223, 'nmi': 0.0014340276678512054, 'ari': -0.003606512807281827}
Epoch: 17, time: 30.391457080841064
第17Epoch的精度为：{'acc': 0.5222222222222223, 'pur': 0.5222222222222223, 'nmi': 0.0014263129103264836, 'ari': -0.0036287872692820937}
Epoch: 18, time: 30.63954520225525
第18Epoch的精度为：{'acc': 0.5222222222222223, 'pur': 0.5222222222222223, 'nmi': 0.0014253534596492898, 'ari': -0.00363157164655292}
Epoch: 19, time: 30.581607818603516
第19Epoch的精度为：{'acc': 0.5166666666666667, 'pur': 0.5166666666666667, 'nmi': 0.0008017805110726711, 'ari': -0.0044999275212043825}
Epoch: 20, time: 30.409180164337158
第20Epoch的精度为：{'acc': 0.5277777777777778, 'pur': 0.5277777777777778, 'nmi': 0.0022279028623301304, 'ari': -0.0025135230173928304}
Epoch: 21, time: 30.827423572540283
第21Epoch的精度为：{'acc': 0.5166666666666667, 'pur': 0.5166666666666667, 'nmi': 0.0008017805110726711, 'ari': -0.0044999275212043825}
Epoch: 22, time: 30.47282361984253
第22Epoch的精度为：{'acc': 0.5222222222222223, 'pur': 0.5222222222222223, 'nmi': 0.0014263129103264836, 'ari': -0.0036287872692820937}
Epoch: 23, time: 30.354076147079468
第23Epoch的精度为：{'acc': 0.5166666666666667, 'pur': 0.5166666666666667, 'nmi': 0.0008017805110726711, 'ari': -0.0044999275212043825}
Epoch: 24, time: 30.519049406051636
第24Epoch的精度为：{'acc': 0.5166666666666667, 'pur': 0.5166666666666667, 'nmi': 0.0008017805110726711, 'ari': -0.0044999275212043825}
Epoch: 25, time: 30.756691455841064
第25Epoch的精度为：{'acc': 0.5222222222222223, 'pur': 0.5222222222222223, 'nmi': 0.0014263129103264836, 'ari': -0.0036287872692820937}
Epoch: 26, time: 30.601547479629517
第26Epoch的精度为：{'acc': 0.5222222222222223, 'pur': 0.5222222222222223, 'nmi': 0.0014263129103264836, 'ari': -0.0036287872692820937}
Epoch: 27, time: 30.57646346092224
第27Epoch的精度为：{'acc': 0.5166666666666667, 'pur': 0.5166666666666667, 'nmi': 0.0008017805110726711, 'ari': -0.0044999275212043825}
Epoch: 28, time: 30.24509859085083
第28Epoch的精度为：{'acc': 0.5222222222222223, 'pur': 0.5222222222222223, 'nmi': 0.0014263129103264836, 'ari': -0.0036287872692820937}
Epoch: 29, time: 30.764309883117676
第29Epoch的精度为：{'acc': 0.5277777777777778, 'pur': 0.5277777777777778, 'nmi': 0.0022279028623301304, 'ari': -0.0025135230173928304}
Epoch: 30, time: 31.142148971557617
第30Epoch的精度为：{'acc': 0.5166666666666667, 'pur': 0.5166666666666667, 'nmi': 0.0008017805110726711, 'ari': -0.0044999275212043825}
最终精度为：{'acc': 0.5166666666666667, 'pur': 0.5166666666666667, 'nmi': 0.0008017805110726711, 'ari': -0.0044999275212043825}
==================================================
 
 
