SpokenArabicDigits
Epoch: 1, time: 1867.930675983429
第1Epoch的精度为：{'acc': 0.18144611186903137, 'pur': 0.19508867667121418, 'nmi': 0.06091307350181318, 'ari': 0.02246630313989631}
Epoch: 2, time: 1871.4444575309753
第2Epoch的精度为：{'acc': 0.16916780354706684, 'pur': 0.18417462482946795, 'nmi': 0.06393160468324616, 'ari': 0.01816416146523882}
Epoch: 3, time: 1871.4124314785004
第3Epoch的精度为：{'acc': 0.17689859026830376, 'pur': 0.18053660754888587, 'nmi': 0.059234134649703736, 'ari': 0.01621895523115277}
Epoch: 4, time: 1827.3022894859314
第4Epoch的精度为：{'acc': 0.18417462482946795, 'pur': 0.19645293315143247, 'nmi': 0.07036049569563531, 'ari': 0.023622676437441155}
Epoch: 5, time: 1863.0992712974548
第5Epoch的精度为：{'acc': 0.1778080945884493, 'pur': 0.18417462482946795, 'nmi': 0.06314729608044148, 'ari': 0.017648394150792845}
Epoch: 6, time: 1855.7877159118652
第6Epoch的精度为：{'acc': 0.17735334242837653, 'pur': 0.19236016371077763, 'nmi': 0.06713062711971005, 'ari': 0.020845497358990866}
Epoch: 7, time: 1857.3071253299713
第7Epoch的精度为：{'acc': 0.18144611186903137, 'pur': 0.19417917235106866, 'nmi': 0.07759178885776755, 'ari': 0.023977779610943866}
Epoch: 8, time: 1871.8688368797302
第8Epoch的精度为：{'acc': 0.17644383810823103, 'pur': 0.18417462482946795, 'nmi': 0.06217593870287303, 'ari': 0.01993041824361496}
Epoch: 9, time: 1860.402536392212
第9Epoch的精度为：{'acc': 0.1741700773078672, 'pur': 0.17962710322874034, 'nmi': 0.05901499941998149, 'ari': 0.0176134359573991}
Epoch: 10, time: 1859.8164491653442
第10Epoch的精度为：{'acc': 0.16689404274670305, 'pur': 0.17689859026830376, 'nmi': 0.05723730460979484, 'ari': 0.016373743386339182}
Epoch: 11, time: 1845.7381329536438
第11Epoch的精度为：{'acc': 0.18417462482946795, 'pur': 0.19008640291041382, 'nmi': 0.0672302167246566, 'ari': 0.021893686670993638}
Epoch: 12, time: 1859.4726967811584
第12Epoch的精度为：{'acc': 0.18872214643019555, 'pur': 0.19326966803092316, 'nmi': 0.07460628836654937, 'ari': 0.026233775153711426}
Epoch: 13, time: 1861.26345038414
第13Epoch的精度为：{'acc': 0.1869031377899045, 'pur': 0.19463392451114142, 'nmi': 0.06791755647945262, 'ari': 0.02095611196614398}
Epoch: 14, time: 1861.9152173995972
第14Epoch的精度为：{'acc': 0.1846293769895407, 'pur': 0.19008640291041382, 'nmi': 0.06059156746855435, 'ari': 0.019926052413343463}
Epoch: 15, time: 1861.4784331321716
第15Epoch的精度为：{'acc': 0.18417462482946795, 'pur': 0.18963165075034105, 'nmi': 0.057983677131379925, 'ari': 0.019543140451442145}
Epoch: 16, time: 1867.7964220046997
第16Epoch的精度为：{'acc': 0.17371532514779445, 'pur': 0.18644838562983174, 'nmi': 0.056417147448256814, 'ari': 0.019226870259332035}
Epoch: 17, time: 1860.852723121643
第17Epoch的精度为：{'acc': 0.17507958162801274, 'pur': 0.1882673942701228, 'nmi': 0.06792081244672124, 'ari': 0.02150997797171018}
Epoch: 18, time: 1865.2272946834564
第18Epoch的精度为：{'acc': 0.18281036834924966, 'pur': 0.19054115507048658, 'nmi': 0.06548122199880105, 'ari': 0.020259047516021356}
Epoch: 19, time: 1851.2208087444305
第19Epoch的精度为：{'acc': 0.17735334242837653, 'pur': 0.18917689859026832, 'nmi': 0.06115561952719784, 'ari': 0.0212257457754842}
Epoch: 20, time: 1859.6554493904114
第20Epoch的精度为：{'acc': 0.17189631650750342, 'pur': 0.18053660754888587, 'nmi': 0.06471849389995285, 'ari': 0.01852684612206198}
Epoch: 21, time: 1860.751148223877
第21Epoch的精度为：{'acc': 0.1869031377899045, 'pur': 0.19417917235106866, 'nmi': 0.07136294175240243, 'ari': 0.02413815884350669}
Epoch: 22, time: 1866.669400215149
第22Epoch的精度为：{'acc': 0.18644838562983174, 'pur': 0.19190541155070487, 'nmi': 0.06755094585771224, 'ari': 0.020726704334226912}
Epoch: 23, time: 1853.8048794269562
第23Epoch的精度为：{'acc': 0.1869031377899045, 'pur': 0.1914506593906321, 'nmi': 0.06849103214303742, 'ari': 0.026441649518373713}
Epoch: 24, time: 1846.5208492279053
第24Epoch的精度为：{'acc': 0.17735334242837653, 'pur': 0.18326512050932242, 'nmi': 0.06329844781629843, 'ari': 0.0213093370339272}
Epoch: 25, time: 1862.1975758075714
第25Epoch的精度为：{'acc': 0.18963165075034105, 'pur': 0.1928149158708504, 'nmi': 0.07108943143496263, 'ari': 0.02570301439977322}
Epoch: 26, time: 1856.1422064304352
第26Epoch的精度为：{'acc': 0.1846293769895407, 'pur': 0.19463392451114142, 'nmi': 0.06757564938032108, 'ari': 0.024929155743285664}
Epoch: 27, time: 1863.7641985416412
第27Epoch的精度为：{'acc': 0.18417462482946795, 'pur': 0.18644838562983174, 'nmi': 0.06737003729346606, 'ari': 0.026832061848191074}
Epoch: 28, time: 1862.962652206421
第28Epoch的精度为：{'acc': 0.1800818553888131, 'pur': 0.197362437471578, 'nmi': 0.07522149117729521, 'ari': 0.028036490336385254}
Epoch: 29, time: 1863.3220098018646
第29Epoch的精度为：{'acc': 0.1755343337880855, 'pur': 0.18508412914961347, 'nmi': 0.06829880593019723, 'ari': 0.022511878135956037}
Epoch: 30, time: 1850.086426973343
第30Epoch的精度为：{'acc': 0.19008640291041382, 'pur': 0.19508867667121418, 'nmi': 0.07605314697631418, 'ari': 0.03003679819451526}
最终精度为：{'acc': 0.19554342883128695, 'pur': 0.20054570259208732, 'nmi': 0.0775296041700103, 'ari': 0.032051650941213324}
==================================================
 
 
