StandWalkJump
Epoch: 1, time: 1.2778096199035645
第1Epoch的精度为：{'acc': 0.4666666666666667, 'pur': 0.4666666666666667, 'nmi': 0.1913138414115947, 'ari': -0.009009009009009009}
Epoch: 2, time: 1.2637522220611572
第2Epoch的精度为：{'acc': 0.4666666666666667, 'pur': 0.4666666666666667, 'nmi': 0.1913138414115947, 'ari': -0.009009009009009009}
Epoch: 3, time: 1.254040002822876
第3Epoch的精度为：{'acc': 0.4666666666666667, 'pur': 0.4666666666666667, 'nmi': 0.1913138414115947, 'ari': -0.009009009009009009}
Epoch: 4, time: 1.2830331325531006
第4Epoch的精度为：{'acc': 0.4666666666666667, 'pur': 0.4666666666666667, 'nmi': 0.1880600750090414, 'ari': -0.020833333333333332}
Epoch: 5, time: 1.2768490314483643
第5Epoch的精度为：{'acc': 0.4666666666666667, 'pur': 0.5333333333333333, 'nmi': 0.24362639358557867, 'ari': 0.034482758620689655}
Epoch: 6, time: 1.3003573417663574
第6Epoch的精度为：{'acc': 0.4666666666666667, 'pur': 0.4666666666666667, 'nmi': 0.17924263746140867, 'ari': 0.0}
Epoch: 7, time: 1.319559097290039
第7Epoch的精度为：{'acc': 0.4666666666666667, 'pur': 0.4666666666666667, 'nmi': 0.1913138414115947, 'ari': -0.009009009009009009}
Epoch: 8, time: 1.2803971767425537
第8Epoch的精度为：{'acc': 0.4666666666666667, 'pur': 0.4666666666666667, 'nmi': 0.16700010178922264, 'ari': -0.004866180048661801}
Epoch: 9, time: 1.2707738876342773
第9Epoch的精度为：{'acc': 0.4666666666666667, 'pur': 0.4666666666666667, 'nmi': 0.16700010178922264, 'ari': -0.004866180048661801}
Epoch: 10, time: 1.2773964405059814
第10Epoch的精度为：{'acc': 0.4666666666666667, 'pur': 0.5333333333333333, 'nmi': 0.22726476973174956, 'ari': 0.01282051282051282}
Epoch: 11, time: 1.2958593368530273
第11Epoch的精度为：{'acc': 0.4666666666666667, 'pur': 0.4666666666666667, 'nmi': 0.16700010178922264, 'ari': -0.004866180048661801}
Epoch: 12, time: 1.2887670993804932
第12Epoch的精度为：{'acc': 0.5333333333333333, 'pur': 0.5333333333333333, 'nmi': 0.20648492740007757, 'ari': 0.015625}
Epoch: 13, time: 1.3099417686462402
第13Epoch的精度为：{'acc': 0.5333333333333333, 'pur': 0.5333333333333333, 'nmi': 0.14892680296428212, 'ari': -0.005747126436781609}
Epoch: 14, time: 1.2779245376586914
第14Epoch的精度为：{'acc': 0.5333333333333333, 'pur': 0.5333333333333333, 'nmi': 0.14892680296428212, 'ari': -0.005747126436781609}
Epoch: 15, time: 1.2832915782928467
第15Epoch的精度为：{'acc': 0.5333333333333333, 'pur': 0.5333333333333333, 'nmi': 0.20648492740007757, 'ari': 0.015625}
Epoch: 16, time: 1.2827956676483154
第16Epoch的精度为：{'acc': 0.4, 'pur': 0.4, 'nmi': 0.08697125015190449, 'ari': -0.057291666666666664}
Epoch: 17, time: 1.2805135250091553
第17Epoch的精度为：{'acc': 0.4, 'pur': 0.4666666666666667, 'nmi': 0.12416174544427401, 'ari': -0.02203856749311295}
Epoch: 18, time: 1.3255224227905273
第18Epoch的精度为：{'acc': 0.4, 'pur': 0.4666666666666667, 'nmi': 0.12416174544427401, 'ari': -0.02203856749311295}
Epoch: 19, time: 1.3466382026672363
第19Epoch的精度为：{'acc': 0.4, 'pur': 0.4666666666666667, 'nmi': 0.06988473907684147, 'ari': -0.06472491909385113}
Epoch: 20, time: 1.2740731239318848
第20Epoch的精度为：{'acc': 0.5333333333333333, 'pur': 0.5333333333333333, 'nmi': 0.187398380710656, 'ari': 0.02}
Epoch: 21, time: 1.315737009048462
第21Epoch的精度为：{'acc': 0.4666666666666667, 'pur': 0.4666666666666667, 'nmi': 0.0872739317234157, 'ari': -0.03205128205128205}
Epoch: 22, time: 1.2978558540344238
第22Epoch的精度为：{'acc': 0.4666666666666667, 'pur': 0.4666666666666667, 'nmi': 0.14430919826293814, 'ari': -0.039603960396039604}
Epoch: 23, time: 1.349461317062378
第23Epoch的精度为：{'acc': 0.5333333333333333, 'pur': 0.5333333333333333, 'nmi': 0.14892680296428212, 'ari': -0.005747126436781609}
Epoch: 24, time: 1.2874722480773926
第24Epoch的精度为：{'acc': 0.6, 'pur': 0.6, 'nmi': 0.23418622273514889, 'ari': 0.11209439528023599}
Epoch: 25, time: 1.3541791439056396
第25Epoch的精度为：{'acc': 0.5333333333333333, 'pur': 0.5333333333333333, 'nmi': 0.17647243622602457, 'ari': 0.025889967637540454}
Epoch: 26, time: 1.3205246925354004
第26Epoch的精度为：{'acc': 0.6, 'pur': 0.6, 'nmi': 0.2906079702811033, 'ari': 0.14953271028037382}
Epoch: 27, time: 1.2703166007995605
第27Epoch的精度为：{'acc': 0.6, 'pur': 0.6, 'nmi': 0.2925114788911551, 'ari': 0.14953271028037382}
Epoch: 28, time: 1.301245927810669
第28Epoch的精度为：{'acc': 0.5333333333333333, 'pur': 0.5333333333333333, 'nmi': 0.23906034895809478, 'ari': 0.05509641873278237}
Epoch: 29, time: 1.3734378814697266
第29Epoch的精度为：{'acc': 0.4666666666666667, 'pur': 0.4666666666666667, 'nmi': 0.1131830342542753, 'ari': -0.04597701149425287}
Epoch: 30, time: 1.2917263507843018
第30Epoch的精度为：{'acc': 0.5333333333333333, 'pur': 0.5333333333333333, 'nmi': 0.14087657452708077, 'ari': -0.011799410029498525}
最终精度为：{'acc': 0.4666666666666667, 'pur': 0.4666666666666667, 'nmi': 0.1323699026925647, 'ari': -0.024922118380062305}
==================================================
 
 
