UWaveGestureLibrary
Epoch: 1, time: 8.44597864151001
第1Epoch的精度为：{'acc': 0.38125, 'pur': 0.409375, 'nmi': 0.3215909799231689, 'ari': 0.1801286834973455}
Epoch: 2, time: 8.179361581802368
第2Epoch的精度为：{'acc': 0.378125, 'pur': 0.403125, 'nmi': 0.333698522175543, 'ari': 0.18495518669921743}
Epoch: 3, time: 8.324812412261963
第3Epoch的精度为：{'acc': 0.384375, 'pur': 0.415625, 'nmi': 0.3146584718277765, 'ari': 0.1751236070182826}
Epoch: 4, time: 8.069030046463013
第4Epoch的精度为：{'acc': 0.403125, 'pur': 0.440625, 'nmi': 0.34906552908830213, 'ari': 0.20479154598921795}
Epoch: 5, time: 8.189861297607422
第5Epoch的精度为：{'acc': 0.390625, 'pur': 0.428125, 'nmi': 0.33605551127005906, 'ari': 0.1927728955640936}
Epoch: 6, time: 8.757052421569824
第6Epoch的精度为：{'acc': 0.415625, 'pur': 0.4375, 'nmi': 0.33226347743469786, 'ari': 0.19473423004401166}
Epoch: 7, time: 8.1730637550354
第7Epoch的精度为：{'acc': 0.409375, 'pur': 0.425, 'nmi': 0.328753375394464, 'ari': 0.18708301824378987}
Epoch: 8, time: 8.29907512664795
第8Epoch的精度为：{'acc': 0.375, 'pur': 0.421875, 'nmi': 0.3305024981876265, 'ari': 0.1791174211873818}
Epoch: 9, time: 8.044861555099487
第9Epoch的精度为：{'acc': 0.39375, 'pur': 0.41875, 'nmi': 0.3423795100117543, 'ari': 0.19483831038217547}
Epoch: 10, time: 8.673136949539185
第10Epoch的精度为：{'acc': 0.403125, 'pur': 0.434375, 'nmi': 0.34997740170021885, 'ari': 0.20296038797909946}
Epoch: 11, time: 8.366013288497925
第11Epoch的精度为：{'acc': 0.403125, 'pur': 0.428125, 'nmi': 0.33070055175508817, 'ari': 0.1947355952859744}
Epoch: 12, time: 8.094408750534058
第12Epoch的精度为：{'acc': 0.371875, 'pur': 0.421875, 'nmi': 0.33542687442545566, 'ari': 0.18539454647513184}
Epoch: 13, time: 8.710283756256104
第13Epoch的精度为：{'acc': 0.39375, 'pur': 0.425, 'nmi': 0.34105995465073274, 'ari': 0.19409928333087098}
Epoch: 14, time: 8.128744840621948
第14Epoch的精度为：{'acc': 0.396875, 'pur': 0.43125, 'nmi': 0.33626022480576484, 'ari': 0.19279944358249665}
Epoch: 15, time: 8.154932975769043
第15Epoch的精度为：{'acc': 0.40625, 'pur': 0.425, 'nmi': 0.32534663339031056, 'ari': 0.18820716870527746}
Epoch: 16, time: 8.741928815841675
第16Epoch的精度为：{'acc': 0.390625, 'pur': 0.421875, 'nmi': 0.3230890623633923, 'ari': 0.1784186885436012}
Epoch: 17, time: 8.150548696517944
第17Epoch的精度为：{'acc': 0.396875, 'pur': 0.43125, 'nmi': 0.3313209740409242, 'ari': 0.19401908238762092}
Epoch: 18, time: 8.364883184432983
第18Epoch的精度为：{'acc': 0.390625, 'pur': 0.434375, 'nmi': 0.34274963259771607, 'ari': 0.1930534439222808}
Epoch: 19, time: 8.45674991607666
第19Epoch的精度为：{'acc': 0.4, 'pur': 0.43125, 'nmi': 0.3397530802131713, 'ari': 0.19966138151960588}
Epoch: 20, time: 8.119729042053223
第20Epoch的精度为：{'acc': 0.4, 'pur': 0.428125, 'nmi': 0.3465175487519523, 'ari': 0.2035388429853758}
Epoch: 21, time: 8.13838243484497
第21Epoch的精度为：{'acc': 0.38125, 'pur': 0.421875, 'nmi': 0.3327133427804368, 'ari': 0.18012400981177784}
Epoch: 22, time: 8.184104681015015
第22Epoch的精度为：{'acc': 0.39375, 'pur': 0.41875, 'nmi': 0.3348161292879598, 'ari': 0.18939959475311932}
Epoch: 23, time: 8.343843936920166
第23Epoch的精度为：{'acc': 0.390625, 'pur': 0.41875, 'nmi': 0.32928241653687523, 'ari': 0.18737839770700035}
Epoch: 24, time: 8.18729019165039
第24Epoch的精度为：{'acc': 0.4, 'pur': 0.428125, 'nmi': 0.34686641296139775, 'ari': 0.1997372960914916}
Epoch: 25, time: 8.172015190124512
第25Epoch的精度为：{'acc': 0.4, 'pur': 0.421875, 'nmi': 0.3468195746835549, 'ari': 0.1999128473362661}
Epoch: 26, time: 8.2574622631073
第26Epoch的精度为：{'acc': 0.40625, 'pur': 0.434375, 'nmi': 0.33456168978556716, 'ari': 0.1975742715619681}
Epoch: 27, time: 8.315515518188477
第27Epoch的精度为：{'acc': 0.384375, 'pur': 0.425, 'nmi': 0.3336686103301681, 'ari': 0.18174750506006582}
Epoch: 28, time: 8.16896104812622
第28Epoch的精度为：{'acc': 0.384375, 'pur': 0.415625, 'nmi': 0.32070203762110194, 'ari': 0.17836579176180345}
Epoch: 29, time: 8.155023097991943
第29Epoch的精度为：{'acc': 0.378125, 'pur': 0.421875, 'nmi': 0.33425029121602307, 'ari': 0.17979784684651973}
Epoch: 30, time: 8.151399374008179
第30Epoch的精度为：{'acc': 0.403125, 'pur': 0.434375, 'nmi': 0.33948829668484387, 'ari': 0.19423294226442267}
最终精度为：{'acc': 0.4, 'pur': 0.434375, 'nmi': 0.33782204243336456, 'ari': 0.19294316453237725}
==================================================
 
 
