Epoch: 1, time: 1.2332139015197754
第1Epoch的精度为：{'acc': 0.4666666666666667, 'pur': 0.4666666666666667, 'nmi': 0.1131830342542753, 'ari': -0.04597701149425287}
Epoch: 2, time: 1.3084626197814941
第2Epoch的精度为：{'acc': 0.4666666666666667, 'pur': 0.4666666666666667, 'nmi': 0.09390162086324003, 'ari': -0.06853582554517133}
Epoch: 3, time: 1.434192180633545
第3Epoch的精度为：{'acc': 0.5333333333333333, 'pur': 0.5333333333333333, 'nmi': 0.27407150854867496, 'ari': 0.029197080291970802}
Epoch: 4, time: 1.3372905254364014
第4Epoch的精度为：{'acc': 0.4666666666666667, 'pur': 0.4666666666666667, 'nmi': 0.1913138414115947, 'ari': -0.009009009009009009}
Epoch: 5, time: 1.3554043769836426
第5Epoch的精度为：{'acc': 0.4666666666666667, 'pur': 0.4666666666666667, 'nmi': 0.1913138414115947, 'ari': -0.009009009009009009}
Epoch: 6, time: 1.443223237991333
第6Epoch的精度为：{'acc': 0.5333333333333333, 'pur': 0.5333333333333333, 'nmi': 0.27407150854867496, 'ari': 0.029197080291970802}
Epoch: 7, time: 1.298166275024414
第7Epoch的精度为：{'acc': 0.4, 'pur': 0.4, 'nmi': 0.061789244273881355, 'ari': -0.0784313725490196}
Epoch: 8, time: 1.3987987041473389
第8Epoch的精度为：{'acc': 0.4666666666666667, 'pur': 0.4666666666666667, 'nmi': 0.1913138414115947, 'ari': -0.009009009009009009}
Epoch: 9, time: 1.2988028526306152
第9Epoch的精度为：{'acc': 0.4, 'pur': 0.4, 'nmi': 0.061789244273881355, 'ari': -0.0784313725490196}
Epoch: 10, time: 1.4372801780700684
第10Epoch的精度为：{'acc': 0.4, 'pur': 0.4, 'nmi': 0.061789244273881355, 'ari': -0.0784313725490196}
Epoch: 11, time: 1.2980000972747803
第11Epoch的精度为：{'acc': 0.4666666666666667, 'pur': 0.4666666666666667, 'nmi': 0.10034042974498203, 'ari': -0.06060606060606061}
Epoch: 12, time: 1.3144268989562988
第12Epoch的精度为：{'acc': 0.4666666666666667, 'pur': 0.4666666666666667, 'nmi': 0.1913138414115947, 'ari': -0.009009009009009009}
Epoch: 13, time: 1.3499176502227783
第13Epoch的精度为：{'acc': 0.4666666666666667, 'pur': 0.4666666666666667, 'nmi': 0.1913138414115947, 'ari': -0.009009009009009009}
Epoch: 14, time: 1.7810683250427246
第14Epoch的精度为：{'acc': 0.4666666666666667, 'pur': 0.4666666666666667, 'nmi': 0.1913138414115947, 'ari': -0.009009009009009009}
Epoch: 15, time: 1.0872619152069092
第15Epoch的精度为：{'acc': 0.4, 'pur': 0.4, 'nmi': 0.061789244273881355, 'ari': -0.0784313725490196}
Epoch: 16, time: 1.1108055114746094
第16Epoch的精度为：{'acc': 0.4666666666666667, 'pur': 0.4666666666666667, 'nmi': 0.1913138414115947, 'ari': -0.009009009009009009}
Epoch: 17, time: 1.1300594806671143
第17Epoch的精度为：{'acc': 0.4, 'pur': 0.4, 'nmi': 0.061789244273881355, 'ari': -0.0784313725490196}
Epoch: 18, time: 1.132580041885376
第18Epoch的精度为：{'acc': 0.4, 'pur': 0.4, 'nmi': 0.061789244273881355, 'ari': -0.0784313725490196}
Epoch: 19, time: 1.2043299674987793
第19Epoch的精度为：{'acc': 0.4666666666666667, 'pur': 0.4666666666666667, 'nmi': 0.10034042974498203, 'ari': -0.06060606060606061}
Epoch: 20, time: 1.1179332733154297
第20Epoch的精度为：{'acc': 0.4666666666666667, 'pur': 0.4666666666666667, 'nmi': 0.1913138414115947, 'ari': -0.009009009009009009}
Epoch: 21, time: 1.1792144775390625
第21Epoch的精度为：{'acc': 0.4666666666666667, 'pur': 0.4666666666666667, 'nmi': 0.10034042974498203, 'ari': -0.06060606060606061}
Epoch: 22, time: 1.0718882083892822
第22Epoch的精度为：{'acc': 0.4666666666666667, 'pur': 0.4666666666666667, 'nmi': 0.10034042974498203, 'ari': -0.06060606060606061}
Epoch: 23, time: 1.2223217487335205
第23Epoch的精度为：{'acc': 0.4, 'pur': 0.4, 'nmi': 0.061789244273881355, 'ari': -0.0784313725490196}
Epoch: 24, time: 1.071960210800171
第24Epoch的精度为：{'acc': 0.4666666666666667, 'pur': 0.4666666666666667, 'nmi': 0.10034042974498203, 'ari': -0.06060606060606061}
Epoch: 25, time: 1.0723304748535156
第25Epoch的精度为：{'acc': 0.4666666666666667, 'pur': 0.4666666666666667, 'nmi': 0.10034042974498203, 'ari': -0.06060606060606061}
Epoch: 26, time: 1.0589323043823242
第26Epoch的精度为：{'acc': 0.4666666666666667, 'pur': 0.4666666666666667, 'nmi': 0.10034042974498203, 'ari': -0.06060606060606061}
Epoch: 27, time: 1.080406665802002
第27Epoch的精度为：{'acc': 0.4, 'pur': 0.4, 'nmi': 0.061789244273881355, 'ari': -0.0784313725490196}
Epoch: 28, time: 1.1323661804199219
第28Epoch的精度为：{'acc': 0.4666666666666667, 'pur': 0.4666666666666667, 'nmi': 0.1913138414115947, 'ari': -0.009009009009009009}
Epoch: 29, time: 1.129673719406128
第29Epoch的精度为：{'acc': 0.4, 'pur': 0.4, 'nmi': 0.061789244273881355, 'ari': -0.0784313725490196}
Epoch: 30, time: 1.1128089427947998
第30Epoch的精度为：{'acc': 0.4666666666666667, 'pur': 0.4666666666666667, 'nmi': 0.1913138414115947, 'ari': -0.009009009009009009}
最终精度为：{'acc': 0.4, 'pur': 0.4, 'nmi': 0.061789244273881355, 'ari': -0.0784313725490196}
==================================================
 
 
