Epoch: 1, time: 3.9913763999938965
第1Epoch的精度为：{'acc': 0.32, 'pur': 0.34, 'nmi': 0.15510258123769835, 'ari': 0.025001615091414173}
Epoch: 2, time: 4.00774073600769
第2Epoch的精度为：{'acc': 0.34, 'pur': 0.36, 'nmi': 0.14763554892000832, 'ari': 0.01170185703383363}
Epoch: 3, time: 3.9501750469207764
第3Epoch的精度为：{'acc': 0.3, 'pur': 0.32, 'nmi': 0.11659011986061359, 'ari': -0.005784016364534105}
Epoch: 4, time: 4.0063557624816895
第4Epoch的精度为：{'acc': 0.32, 'pur': 0.34, 'nmi': 0.11112254612285644, 'ari': -0.0009416877942774357}
Epoch: 5, time: 3.994349241256714
第5Epoch的精度为：{'acc': 0.32, 'pur': 0.34, 'nmi': 0.11268195225768428, 'ari': 0.0012833094285498604}
Epoch: 6, time: 4.012960195541382
第6Epoch的精度为：{'acc': 0.32, 'pur': 0.36, 'nmi': 0.13165262611953607, 'ari': 0.018465089440276975}
Epoch: 7, time: 4.037348747253418
第7Epoch的精度为：{'acc': 0.28, 'pur': 0.3, 'nmi': 0.11037675513846514, 'ari': -0.013138057290544906}
Epoch: 8, time: 4.015909433364868
第8Epoch的精度为：{'acc': 0.3, 'pur': 0.32, 'nmi': 0.11755622134496083, 'ari': -0.0074161098465379246}
Epoch: 9, time: 3.981660842895508
第9Epoch的精度为：{'acc': 0.3, 'pur': 0.32, 'nmi': 0.11659011986061359, 'ari': -0.005784016364534105}
Epoch: 10, time: 3.967550039291382
第10Epoch的精度为：{'acc': 0.28, 'pur': 0.3, 'nmi': 0.1018085242257457, 'ari': -0.013228186212159756}
Epoch: 11, time: 3.923872232437134
第11Epoch的精度为：{'acc': 0.34, 'pur': 0.38, 'nmi': 0.135784342434209, 'ari': 0.02549517931340514}
Epoch: 12, time: 4.065008640289307
第12Epoch的精度为：{'acc': 0.34, 'pur': 0.38, 'nmi': 0.13578434243420898, 'ari': 0.02549517931340514}
Epoch: 13, time: 4.057162523269653
第13Epoch的精度为：{'acc': 0.3, 'pur': 0.32, 'nmi': 0.11755622134496083, 'ari': -0.0074161098465379246}
Epoch: 14, time: 4.004348278045654
第14Epoch的精度为：{'acc': 0.34, 'pur': 0.38, 'nmi': 0.13578434243420898, 'ari': 0.02549517931340514}
Epoch: 15, time: 4.020291328430176
第15Epoch的精度为：{'acc': 0.34, 'pur': 0.38, 'nmi': 0.13578434243420898, 'ari': 0.02549517931340514}
Epoch: 16, time: 4.166132688522339
第16Epoch的精度为：{'acc': 0.32, 'pur': 0.34, 'nmi': 0.12858729125596233, 'ari': 0.003215915040011966}
Epoch: 17, time: 4.002177715301514
第17Epoch的精度为：{'acc': 0.32, 'pur': 0.34, 'nmi': 0.12858729125596233, 'ari': 0.003215915040011966}
Epoch: 18, time: 4.049746990203857
第18Epoch的精度为：{'acc': 0.32, 'pur': 0.34, 'nmi': 0.12858729125596233, 'ari': 0.003215915040011966}
Epoch: 19, time: 4.075249671936035
第19Epoch的精度为：{'acc': 0.32, 'pur': 0.34, 'nmi': 0.12858729125596233, 'ari': 0.003215915040011966}
Epoch: 20, time: 4.046241760253906
第20Epoch的精度为：{'acc': 0.34, 'pur': 0.36, 'nmi': 0.14479080310321968, 'ari': 0.020298008210430287}
Epoch: 21, time: 4.027252912521362
第21Epoch的精度为：{'acc': 0.34, 'pur': 0.36, 'nmi': 0.12984750668069622, 'ari': 0.019209343424641746}
Epoch: 22, time: 4.035714626312256
第22Epoch的精度为：{'acc': 0.34, 'pur': 0.36, 'nmi': 0.12984750668069622, 'ari': 0.019209343424641746}
Epoch: 23, time: 4.031467437744141
第23Epoch的精度为：{'acc': 0.34, 'pur': 0.36, 'nmi': 0.12984750668069622, 'ari': 0.019209343424641746}
Epoch: 24, time: 4.018155336380005
第24Epoch的精度为：{'acc': 0.34, 'pur': 0.36, 'nmi': 0.12984750668069622, 'ari': 0.019209343424641746}
Epoch: 25, time: 4.044713973999023
第25Epoch的精度为：{'acc': 0.34, 'pur': 0.36, 'nmi': 0.12984750668069622, 'ari': 0.019209343424641746}
Epoch: 26, time: 4.082869291305542
第26Epoch的精度为：{'acc': 0.34, 'pur': 0.36, 'nmi': 0.12984750668069622, 'ari': 0.019209343424641746}
Epoch: 27, time: 4.091635704040527
第27Epoch的精度为：{'acc': 0.34, 'pur': 0.36, 'nmi': 0.12984750668069622, 'ari': 0.019209343424641746}
Epoch: 28, time: 4.063355207443237
第28Epoch的精度为：{'acc': 0.32, 'pur': 0.32, 'nmi': 0.11848209895000551, 'ari': 0.011015821381043915}
Epoch: 29, time: 4.05852198600769
第29Epoch的精度为：{'acc': 0.32, 'pur': 0.34, 'nmi': 0.11268195225768428, 'ari': 0.0012833094285498604}
Epoch: 30, time: 4.2228569984436035
第30Epoch的精度为：{'acc': 0.34, 'pur': 0.36, 'nmi': 0.12984750668069622, 'ari': 0.019209343424641746}
最终精度为：{'acc': 0.32, 'pur': 0.34, 'nmi': 0.11268195225768428, 'ari': 0.0012833094285498604}
==================================================
 
 
