Epilepsy
Epoch: 1, time: 9.037898063659668
第1Epoch的精度为：{'acc': 0.5072463768115942, 'pur': 0.5579710144927537, 'nmi': 0.387254065409799, 'ari': 0.23660101886171062}
Epoch: 2, time: 10.251972675323486
第2Epoch的精度为：{'acc': 0.5942028985507246, 'pur': 0.644927536231884, 'nmi': 0.5084254089796253, 'ari': 0.3199600647813154}
Epoch: 3, time: 8.064373970031738
第3Epoch的精度为：{'acc': 0.6376811594202898, 'pur': 0.644927536231884, 'nmi': 0.44484473273126574, 'ari': 0.34053384592340064}
Epoch: 4, time: 7.918136358261108
第4Epoch的精度为：{'acc': 0.4855072463768116, 'pur': 0.5942028985507246, 'nmi': 0.346416948695921, 'ari': 0.2183505116163344}
Epoch: 5, time: 9.318061590194702
第5Epoch的精度为：{'acc': 0.5072463768115942, 'pur': 0.5579710144927537, 'nmi': 0.2574792609605374, 'ari': 0.18408485821013357}
Epoch: 6, time: 10.318748235702515
第6Epoch的精度为：{'acc': 0.5072463768115942, 'pur': 0.5579710144927537, 'nmi': 0.2574792609605374, 'ari': 0.18408485821013357}
Epoch: 7, time: 7.773185729980469
第7Epoch的精度为：{'acc': 0.5072463768115942, 'pur': 0.5579710144927537, 'nmi': 0.25934121326714105, 'ari': 0.183682146958593}
Epoch: 8, time: 7.891714811325073
第8Epoch的精度为：{'acc': 0.5072463768115942, 'pur': 0.5579710144927537, 'nmi': 0.2656410180026649, 'ari': 0.18646873527786462}
Epoch: 9, time: 9.872095584869385
第9Epoch的精度为：{'acc': 0.5072463768115942, 'pur': 0.5579710144927537, 'nmi': 0.2574792609605374, 'ari': 0.18408485821013357}
Epoch: 10, time: 8.173723936080933
第10Epoch的精度为：{'acc': 0.5579710144927537, 'pur': 0.5579710144927537, 'nmi': 0.35897930570335795, 'ari': 0.2387653085876032}
Epoch: 11, time: 7.94285249710083
第11Epoch的精度为：{'acc': 0.5144927536231884, 'pur': 0.5652173913043478, 'nmi': 0.27991988227395254, 'ari': 0.19324141085541946}
Epoch: 12, time: 8.075148105621338
第12Epoch的精度为：{'acc': 0.5652173913043478, 'pur': 0.5652173913043478, 'nmi': 0.3686138252651847, 'ari': 0.24851323094633748}
Epoch: 13, time: 8.043122053146362
第13Epoch的精度为：{'acc': 0.5652173913043478, 'pur': 0.5652173913043478, 'nmi': 0.3770550359022341, 'ari': 0.2536803778439681}
Epoch: 14, time: 10.167786598205566
第14Epoch的精度为：{'acc': 0.5652173913043478, 'pur': 0.5652173913043478, 'nmi': 0.36861382526518466, 'ari': 0.24851323094633748}
Epoch: 15, time: 7.731146574020386
第15Epoch的精度为：{'acc': 0.5652173913043478, 'pur': 0.5652173913043478, 'nmi': 0.37705503590223405, 'ari': 0.2536803778439681}
Epoch: 16, time: 8.825453519821167
第16Epoch的精度为：{'acc': 0.5652173913043478, 'pur': 0.5652173913043478, 'nmi': 0.3770550359022341, 'ari': 0.2536803778439681}
Epoch: 17, time: 8.040003061294556
第17Epoch的精度为：{'acc': 0.5362318840579711, 'pur': 0.5362318840579711, 'nmi': 0.30729900457162274, 'ari': 0.21717013216555603}
Epoch: 18, time: 10.485413551330566
第18Epoch的精度为：{'acc': 0.5652173913043478, 'pur': 0.5652173913043478, 'nmi': 0.3624884457477365, 'ari': 0.2515115104262334}
Epoch: 19, time: 10.271270513534546
第19Epoch的精度为：{'acc': 0.4855072463768116, 'pur': 0.4927536231884058, 'nmi': 0.2244357867297523, 'ari': 0.15580872624108555}
Epoch: 20, time: 8.013954639434814
第20Epoch的精度为：{'acc': 0.572463768115942, 'pur': 0.572463768115942, 'nmi': 0.3250218681931228, 'ari': 0.23852008370822864}
Epoch: 21, time: 8.077627182006836
第21Epoch的精度为：{'acc': 0.463768115942029, 'pur': 0.4782608695652174, 'nmi': 0.19175681895773322, 'ari': 0.1262669723680626}
Epoch: 22, time: 7.875012636184692
第22Epoch的精度为：{'acc': 0.5217391304347826, 'pur': 0.5217391304347826, 'nmi': 0.26725535581557636, 'ari': 0.18682747287279128}
Epoch: 23, time: 8.077705383300781
第23Epoch的精度为：{'acc': 0.5217391304347826, 'pur': 0.5217391304347826, 'nmi': 0.2711554876472094, 'ari': 0.18938623862697554}
Epoch: 24, time: 8.20093035697937
第24Epoch的精度为：{'acc': 0.5144927536231884, 'pur': 0.5144927536231884, 'nmi': 0.25072807752497345, 'ari': 0.17374774311969898}
Epoch: 25, time: 7.75633430480957
第25Epoch的精度为：{'acc': 0.5579710144927537, 'pur': 0.5797101449275363, 'nmi': 0.31574409456599495, 'ari': 0.240075842568682}
Epoch: 26, time: 7.928216934204102
第26Epoch的精度为：{'acc': 0.5434782608695652, 'pur': 0.5434782608695652, 'nmi': 0.2740432451252545, 'ari': 0.1982493134419153}
Epoch: 27, time: 7.834174156188965
第27Epoch的精度为：{'acc': 0.5652173913043478, 'pur': 0.5652173913043478, 'nmi': 0.30052898320600285, 'ari': 0.22672660256598345}
Epoch: 28, time: 8.395540475845337
第28Epoch的精度为：{'acc': 0.5652173913043478, 'pur': 0.5869565217391305, 'nmi': 0.3253694907483891, 'ari': 0.25244383805449094}
Epoch: 29, time: 8.330061674118042
第29Epoch的精度为：{'acc': 0.5507246376811594, 'pur': 0.5507246376811594, 'nmi': 0.28841382768267104, 'ari': 0.2119343515625991}
Epoch: 30, time: 8.900296211242676
第30Epoch的精度为：{'acc': 0.5507246376811594, 'pur': 0.5507246376811594, 'nmi': 0.28323846381029294, 'ari': 0.2091348139353579}
最终精度为：{'acc': 0.5579710144927537, 'pur': 0.5579710144927537, 'nmi': 0.28656441691505175, 'ari': 0.2136730609988648}
==================================================
 
 
