ERing
Epoch: 1, time: 2.239558458328247
第1Epoch的精度为：{'acc': 0.7444444444444445, 'pur': 0.7518518518518519, 'nmi': 0.7130022374010911, 'ari': 0.6041827695362839}
Epoch: 2, time: 2.536102533340454
第2Epoch的精度为：{'acc': 0.725925925925926, 'pur': 0.7333333333333333, 'nmi': 0.6609125991316801, 'ari': 0.5747865577757698}
Epoch: 3, time: 2.3057994842529297
第3Epoch的精度为：{'acc': 0.7555555555555555, 'pur': 0.7666666666666667, 'nmi': 0.6940913701093863, 'ari': 0.6150976868858028}
Epoch: 4, time: 2.325345993041992
第4Epoch的精度为：{'acc': 0.725925925925926, 'pur': 0.725925925925926, 'nmi': 0.6850312434136631, 'ari': 0.5916790636580778}
Epoch: 5, time: 2.6188104152679443
第5Epoch的精度为：{'acc': 0.8481481481481481, 'pur': 0.8481481481481481, 'nmi': 0.7442113754778099, 'ari': 0.6803187948493121}
Epoch: 6, time: 2.3873486518859863
第6Epoch的精度为：{'acc': 0.8814814814814815, 'pur': 0.8814814814814815, 'nmi': 0.7915753155029587, 'ari': 0.7509280400392214}
Epoch: 7, time: 2.844362735748291
第7Epoch的精度为：{'acc': 0.8740740740740741, 'pur': 0.8740740740740741, 'nmi': 0.7850226779351694, 'ari': 0.7373343070835909}
Epoch: 8, time: 2.1680779457092285
第8Epoch的精度为：{'acc': 0.8444444444444444, 'pur': 0.8444444444444444, 'nmi': 0.7445612130076994, 'ari': 0.6820899622591416}
Epoch: 9, time: 2.2049434185028076
第9Epoch的精度为：{'acc': 0.8518518518518519, 'pur': 0.8518518518518519, 'nmi': 0.7566316083008564, 'ari': 0.7001169831766527}
Epoch: 10, time: 2.654188871383667
第10Epoch的精度为：{'acc': 0.8481481481481481, 'pur': 0.8481481481481481, 'nmi': 0.746791702890848, 'ari': 0.6866700373469414}
Epoch: 11, time: 2.195981740951538
第11Epoch的精度为：{'acc': 0.8518518518518519, 'pur': 0.8518518518518519, 'nmi': 0.7582486356658272, 'ari': 0.7024061042341738}
Epoch: 12, time: 2.607111692428589
第12Epoch的精度为：{'acc': 0.8703703703703703, 'pur': 0.8703703703703703, 'nmi': 0.775359041256064, 'ari': 0.7322712159302865}
Epoch: 13, time: 2.1791770458221436
第13Epoch的精度为：{'acc': 0.8703703703703703, 'pur': 0.8703703703703703, 'nmi': 0.7794367871350583, 'ari': 0.7361078367676124}
Epoch: 14, time: 2.356621265411377
第14Epoch的精度为：{'acc': 0.8592592592592593, 'pur': 0.8592592592592593, 'nmi': 0.7675072848011572, 'ari': 0.7175333816958}
Epoch: 15, time: 2.2219791412353516
第15Epoch的精度为：{'acc': 0.8629629629629629, 'pur': 0.8629629629629629, 'nmi': 0.7717730071109856, 'ari': 0.7235543848981265}
Epoch: 16, time: 3.0509464740753174
第16Epoch的精度为：{'acc': 0.7222222222222222, 'pur': 0.7444444444444445, 'nmi': 0.7126427719953492, 'ari': 0.5643417948808225}
Epoch: 17, time: 2.784938335418701
第17Epoch的精度为：{'acc': 0.8444444444444444, 'pur': 0.8444444444444444, 'nmi': 0.7454903424004223, 'ari': 0.6923036426202361}
Epoch: 18, time: 2.836780309677124
第18Epoch的精度为：{'acc': 0.8481481481481481, 'pur': 0.8481481481481481, 'nmi': 0.7616910449794533, 'ari': 0.7012947873975599}
Epoch: 19, time: 2.859919309616089
第19Epoch的精度为：{'acc': 0.8444444444444444, 'pur': 0.8444444444444444, 'nmi': 0.7433010586139598, 'ari': 0.6921805719193583}
Epoch: 20, time: 2.73758864402771
第20Epoch的精度为：{'acc': 0.8518518518518519, 'pur': 0.8518518518518519, 'nmi': 0.753095387943135, 'ari': 0.7055759750873934}
Epoch: 21, time: 2.782545328140259
第21Epoch的精度为：{'acc': 0.8555555555555555, 'pur': 0.8555555555555555, 'nmi': 0.7690633787129786, 'ari': 0.7129093234022816}
Epoch: 22, time: 2.5960354804992676
第22Epoch的精度为：{'acc': 0.7037037037037037, 'pur': 0.725925925925926, 'nmi': 0.6759282121987449, 'ari': 0.5420639486667356}
Epoch: 23, time: 2.6115634441375732
第23Epoch的精度为：{'acc': 0.8592592592592593, 'pur': 0.8592592592592593, 'nmi': 0.7650405334742337, 'ari': 0.7145710420661961}
Epoch: 24, time: 2.217494249343872
第24Epoch的精度为：{'acc': 0.8407407407407408, 'pur': 0.8407407407407408, 'nmi': 0.7455701678342379, 'ari': 0.6840596248275195}
Epoch: 25, time: 3.0009124279022217
第25Epoch的精度为：{'acc': 0.8629629629629629, 'pur': 0.8629629629629629, 'nmi': 0.7772048990110308, 'ari': 0.7206896589773477}
Epoch: 26, time: 2.2981622219085693
第26Epoch的精度为：{'acc': 0.8407407407407408, 'pur': 0.8407407407407408, 'nmi': 0.7480658088412846, 'ari': 0.6851178984260279}
Epoch: 27, time: 2.577867269515991
第27Epoch的精度为：{'acc': 0.8481481481481481, 'pur': 0.8481481481481481, 'nmi': 0.7560769515503214, 'ari': 0.6923183135515718}
Epoch: 28, time: 2.591986894607544
第28Epoch的精度为：{'acc': 0.837037037037037, 'pur': 0.837037037037037, 'nmi': 0.7522380105662416, 'ari': 0.6810948891771886}
Epoch: 29, time: 2.7752158641815186
第29Epoch的精度为：{'acc': 0.8222222222222222, 'pur': 0.8222222222222222, 'nmi': 0.7210595099250667, 'ari': 0.6537171202446559}
Epoch: 30, time: 2.3909027576446533
第30Epoch的精度为：{'acc': 0.8333333333333334, 'pur': 0.8333333333333334, 'nmi': 0.7357282318397035, 'ari': 0.672156234593808}
最终精度为：{'acc': 0.8333333333333334, 'pur': 0.8333333333333334, 'nmi': 0.7310903003970616, 'ari': 0.6691424836985255}
==================================================
 
 
