EthanolConcentration
Epoch: 1, time: 22.590716123580933
第1Epoch的精度为：{'acc': 0.29277566539923955, 'pur': 0.29277566539923955, 'nmi': 0.005864394875069585, 'ari': -0.005642983067109381}
Epoch: 2, time: 22.73444128036499
第2Epoch的精度为：{'acc': 0.2889733840304182, 'pur': 0.2889733840304182, 'nmi': 0.011086810671563665, 'ari': -0.004049392632140775}
Epoch: 3, time: 22.615782976150513
第3Epoch的精度为：{'acc': 0.29277566539923955, 'pur': 0.29277566539923955, 'nmi': 0.016657828124527617, 'ari': -0.0020089964052708094}
Epoch: 4, time: 23.091853857040405
第4Epoch的精度为：{'acc': 0.2813688212927757, 'pur': 0.29277566539923955, 'nmi': 0.011201074608504485, 'ari': -0.0034835019011448787}
Epoch: 5, time: 22.281039476394653
第5Epoch的精度为：{'acc': 0.29277566539923955, 'pur': 0.29277566539923955, 'nmi': 0.008438921642600395, 'ari': -0.0037000974734236317}
Epoch: 6, time: 23.06816291809082
第6Epoch的精度为：{'acc': 0.30038022813688214, 'pur': 0.30038022813688214, 'nmi': 0.011499567579880868, 'ari': -0.0013482898486235784}
Epoch: 7, time: 21.988975286483765
第7Epoch的精度为：{'acc': 0.2889733840304182, 'pur': 0.2889733840304182, 'nmi': 0.006268646671396426, 'ari': -0.005583074214358068}
Epoch: 8, time: 28.253023862838745
第8Epoch的精度为：{'acc': 0.2889733840304182, 'pur': 0.2889733840304182, 'nmi': 0.005241996568348336, 'ari': -0.0055139620693652495}
Epoch: 9, time: 26.538201570510864
第9Epoch的精度为：{'acc': 0.28517110266159695, 'pur': 0.28517110266159695, 'nmi': 0.005773268844322198, 'ari': -0.0053387328286769965}
Epoch: 10, time: 22.66268515586853
第10Epoch的精度为：{'acc': 0.2889733840304182, 'pur': 0.2889733840304182, 'nmi': 0.00788721623919136, 'ari': -0.004128654443553418}
Epoch: 11, time: 22.55130887031555
第11Epoch的精度为：{'acc': 0.2737642585551331, 'pur': 0.27756653992395436, 'nmi': 0.0048309766565858515, 'ari': -0.0064714308187817215}
Epoch: 12, time: 21.278685569763184
第12Epoch的精度为：{'acc': 0.27756653992395436, 'pur': 0.27756653992395436, 'nmi': 0.004365798701525895, 'ari': -0.006910522181911149}
Epoch: 13, time: 26.541123151779175
第13Epoch的精度为：{'acc': 0.27756653992395436, 'pur': 0.2813688212927757, 'nmi': 0.005128077670798044, 'ari': -0.005853106641752816}
Epoch: 14, time: 24.491049766540527
第14Epoch的精度为：{'acc': 0.2737642585551331, 'pur': 0.2737642585551331, 'nmi': 0.003976448778760105, 'ari': -0.007016611877910296}
Epoch: 15, time: 26.33427405357361
第15Epoch的精度为：{'acc': 0.27756653992395436, 'pur': 0.2813688212927757, 'nmi': 0.005326181754980011, 'ari': -0.0074606198873797295}
Epoch: 16, time: 26.752320766448975
第16Epoch的精度为：{'acc': 0.28517110266159695, 'pur': 0.28517110266159695, 'nmi': 0.004575937167672837, 'ari': -0.0062794933574152004}
Epoch: 17, time: 22.853397846221924
第17Epoch的精度为：{'acc': 0.28517110266159695, 'pur': 0.2889733840304182, 'nmi': 0.005877813083067623, 'ari': -0.005386300685891131}
Epoch: 18, time: 23.302240133285522
第18Epoch的精度为：{'acc': 0.27756653992395436, 'pur': 0.2813688212927757, 'nmi': 0.006232880888192076, 'ari': -0.00513235810770211}
Epoch: 19, time: 23.420631408691406
第19Epoch的精度为：{'acc': 0.27756653992395436, 'pur': 0.2813688212927757, 'nmi': 0.004966739741692788, 'ari': -0.0074832962138084635}
Epoch: 20, time: 22.568397045135498
第20Epoch的精度为：{'acc': 0.30038022813688214, 'pur': 0.3041825095057034, 'nmi': 0.009409757179111099, 'ari': -0.0018788656949134544}
Epoch: 21, time: 23.263675928115845
第21Epoch的精度为：{'acc': 0.28517110266159695, 'pur': 0.28517110266159695, 'nmi': 0.0053293649758549885, 'ari': -0.005844924241354477}
Epoch: 22, time: 22.83344864845276
第22Epoch的精度为：{'acc': 0.2965779467680608, 'pur': 0.2965779467680608, 'nmi': 0.007415489953464508, 'ari': -0.003918457147365435}
Epoch: 23, time: 23.189568042755127
第23Epoch的精度为：{'acc': 0.29277566539923955, 'pur': 0.29277566539923955, 'nmi': 0.006810084550719377, 'ari': -0.005521226081322168}
Epoch: 24, time: 28.381893157958984
第24Epoch的精度为：{'acc': 0.2813688212927757, 'pur': 0.2813688212927757, 'nmi': 0.0045887802883201965, 'ari': -0.007174736276502554}
Epoch: 25, time: 23.63932991027832
第25Epoch的精度为：{'acc': 0.30798479087452474, 'pur': 0.311787072243346, 'nmi': 0.010938020734170576, 'ari': -0.00010079217046419835}
Epoch: 26, time: 22.795623302459717
第26Epoch的精度为：{'acc': 0.2965779467680608, 'pur': 0.2965779467680608, 'nmi': 0.007910941150449364, 'ari': -0.0044639294864471865}
Epoch: 27, time: 22.667690992355347
第27Epoch的精度为：{'acc': 0.2737642585551331, 'pur': 0.27756653992395436, 'nmi': 0.0035469679983744767, 'ari': -0.007615730282632583}
Epoch: 28, time: 23.382362604141235
第28Epoch的精度为：{'acc': 0.28517110266159695, 'pur': 0.28517110266159695, 'nmi': 0.006145482139773846, 'ari': -0.005954396316102031}
Epoch: 29, time: 23.180738925933838
第29Epoch的精度为：{'acc': 0.2889733840304182, 'pur': 0.29277566539923955, 'nmi': 0.0075559440239316815, 'ari': -0.004672161420253712}
Epoch: 30, time: 23.087628602981567
第30Epoch的精度为：{'acc': 0.30038022813688214, 'pur': 0.3041825095057034, 'nmi': 0.0116412050473303, 'ari': -0.0004124864302319762}
最终精度为：{'acc': 0.28517110266159695, 'pur': 0.29277566539923955, 'nmi': 0.008054017700591441, 'ari': -0.0038546143791607372}
==================================================
 
 
