FaceDetection
Epoch: 1, time: 312.7455675601959
第1Epoch的精度为：{'acc': 0.5002837684449489, 'pur': 0.5002837684449489, 'nmi': 0.0005655306719979902, 'ari': 0.0}
Epoch: 2, time: 313.1037948131561
第2Epoch的精度为：{'acc': 0.5002837684449489, 'pur': 0.5002837684449489, 'nmi': 0.0005655306719979902, 'ari': 0.0}
Epoch: 3, time: 315.4779953956604
第3Epoch的精度为：{'acc': 0.514755959137344, 'pur': 0.514755959137344, 'nmi': 0.0007659212624505375, 'ari': 0.0006258858117417592}
Epoch: 4, time: 312.2989091873169
第4Epoch的精度为：{'acc': 0.5, 'pur': 0.5, 'nmi': 0.0, 'ari': -1.2872970159848459e-06}
Epoch: 5, time: 355.44527983665466
第5Epoch的精度为：{'acc': 0.5124858115777525, 'pur': 0.5124858115777525, 'nmi': 0.0005564357146701721, 'ari': 0.0003811124870247829}
Epoch: 6, time: 304.9659163951874
第6Epoch的精度为：{'acc': 0.5102156640181612, 'pur': 0.5102156640181612, 'nmi': 0.00037874563070947075, 'ari': 0.00017792160761129187}
Epoch: 7, time: 332.84106063842773
第7Epoch的精度为：{'acc': 0.5079455164585698, 'pur': 0.5079455164585698, 'nmi': 0.00022500018965996836, 'ari': 9.719977205226843e-06}
Epoch: 8, time: 335.872150182724
第8Epoch的精度为：{'acc': 0.5156072644721907, 'pur': 0.5156072644721907, 'nmi': 0.0007733269572737803, 'ari': 0.0007099476474626387}
Epoch: 9, time: 312.040167093277
第9Epoch的精度为：{'acc': 0.5099318955732123, 'pur': 0.5099318955732123, 'nmi': 0.00028477689433644993, 'ari': 0.00011085222487851846}
Epoch: 10, time: 313.03644466400146
第10Epoch的精度为：{'acc': 0.5087968217934166, 'pur': 0.5087968217934166, 'nmi': 0.00022329720618562173, 'ari': 2.5696881980439057e-05}
Epoch: 11, time: 319.3281590938568
第11Epoch的精度为：{'acc': 0.5116345062429057, 'pur': 0.5116345062429057, 'nmi': 0.0003906451963849951, 'ari': 0.00025769166107221704}
Epoch: 12, time: 309.0633387565613
第12Epoch的精度为：{'acc': 0.5116345062429057, 'pur': 0.5116345062429057, 'nmi': 0.0003909536980200161, 'ari': 0.0002578562343565919}
Epoch: 13, time: 318.058470249176
第13Epoch的精度为：{'acc': 0.5127695800227015, 'pur': 0.5127695800227015, 'nmi': 0.00047089616152845955, 'ari': 0.00036865797919471044}
Epoch: 14, time: 334.54044818878174
第14Epoch的精度为：{'acc': 0.5156072644721907, 'pur': 0.5156072644721907, 'nmi': 0.0007031199467131832, 'ari': 0.0006907422229629325}
Epoch: 15, time: 321.0482783317566
第15Epoch的精度为：{'acc': 0.5141884222474461, 'pur': 0.5141884222474461, 'nmi': 0.0005811394534573738, 'ari': 0.0005216160128880912}
Epoch: 16, time: 318.5916938781738
第16Epoch的精度为：{'acc': 0.5141884222474461, 'pur': 0.5141884222474461, 'nmi': 0.0005812006303397981, 'ari': 0.0005216379502018705}
Epoch: 17, time: 317.1045196056366
第17Epoch的精度为：{'acc': 0.5164585698070374, 'pur': 0.5164585698070374, 'nmi': 0.0007817706616407142, 'ari': 0.0007999219917496511}
Epoch: 18, time: 343.9219174385071
第18Epoch的精度为：{'acc': 0.5, 'pur': 0.5, 'nmi': 0.0, 'ari': -1.2872970159848459e-06}
Epoch: 19, time: 313.9016978740692
第19Epoch的精度为：{'acc': 0.5002837684449489, 'pur': 0.5002837684449489, 'nmi': 0.00013786055535073506, 'ari': -6.436483010273298e-07}
Epoch: 20, time: 314.99767088890076
第20Epoch的精度为：{'acc': 0.5127695800227015, 'pur': 0.5127695800227015, 'nmi': 0.0004705493460553126, 'ari': 0.0003685043944832106}
Epoch: 21, time: 316.59338212013245
第21Epoch的精度为：{'acc': 0.514755959137344, 'pur': 0.514755959137344, 'nmi': 0.000628352349439728, 'ari': 0.0005872713898021392}
Epoch: 22, time: 357.8111970424652
第22Epoch的精度为：{'acc': 0.514472190692395, 'pur': 0.514472190692395, 'nmi': 0.000604775938126062, 'ari': 0.0005542106280472901}
Epoch: 23, time: 319.44518852233887
第23Epoch的精度为：{'acc': 0.5153234960272418, 'pur': 0.5153234960272418, 'nmi': 0.0006785561361822115, 'ari': 0.0006558618231076356}
Epoch: 24, time: 317.38942551612854
第24Epoch的精度为：{'acc': 0.5167423382519863, 'pur': 0.5167423382519863, 'nmi': 0.0008101796122402218, 'ari': 0.000837930405440509}
Epoch: 25, time: 329.8622853755951
第25Epoch的精度为：{'acc': 0.5164585698070374, 'pur': 0.5164585698070374, 'nmi': 0.0007825393033273001, 'ari': 0.0008001266829752246}
Epoch: 26, time: 311.77011799812317
第26Epoch的精度为：{'acc': 0.5158910329171397, 'pur': 0.5158910329171397, 'nmi': 0.0007295553445295281, 'ari': 0.0007266853872441996}
Epoch: 27, time: 304.7612359523773
第27Epoch的精度为：{'acc': 0.5190124858115778, 'pur': 0.5190124858115778, 'nmi': 0.001044951936543869, 'ari': 0.001162719316466492}
Epoch: 28, time: 319.06429719924927
第28Epoch的精度为：{'acc': 0.5184449489216799, 'pur': 0.5184449489216799, 'nmi': 0.0009833801945993371, 'ari': 0.0010776393726177752}
Epoch: 29, time: 363.0713748931885
第29Epoch的精度为：{'acc': 0.5164585698070374, 'pur': 0.5164585698070374, 'nmi': 0.0007845340543529213, 'ari': 0.0008006563211321554}
Epoch: 30, time: 332.444833278656
第30Epoch的精度为：{'acc': 0.5170261066969353, 'pur': 0.5170261066969353, 'nmi': 0.0008382034386571897, 'ari': 0.000876350903995417}
最终精度为：{'acc': 0.5167423382519863, 'pur': 0.5167423382519863, 'nmi': 0.000810837372927841, 'ari': 0.0008380992692312625}
==================================================
 
 
