FingerMovements
Epoch: 1, time: 17.393797397613525
第1Epoch的精度为：{'acc': 0.55, 'pur': 0.55, 'nmi': 0.0071948352999280174, 'ari': 0.0006695238892290345}
Epoch: 2, time: 17.023650884628296
第2Epoch的精度为：{'acc': 0.53, 'pur': 0.53, 'nmi': 0.0026091321833309348, 'ari': -0.004296570904415469}
Epoch: 3, time: 17.849925756454468
第3Epoch的精度为：{'acc': 0.51, 'pur': 0.51, 'nmi': 0.00010156521774011172, 'ari': -0.007128191675667279}
Epoch: 4, time: 17.091052293777466
第4Epoch的精度为：{'acc': 0.52, 'pur': 0.52, 'nmi': 0.0009431489821764947, 'ari': -0.006497362783352323}
Epoch: 5, time: 17.188393354415894
第5Epoch的精度为：{'acc': 0.52, 'pur': 0.52, 'nmi': 0.0009364940575443217, 'ari': -0.006843819415481006}
Epoch: 6, time: 16.239562511444092
第6Epoch的精度为：{'acc': 0.55, 'pur': 0.55, 'nmi': 0.00733057163117324, 'ari': 0.0009042321293051945}
Epoch: 7, time: 17.926618337631226
第7Epoch的精度为：{'acc': 0.55, 'pur': 0.55, 'nmi': 0.00733057163117324, 'ari': 0.0009042321293051945}
Epoch: 8, time: 18.095801830291748
第8Epoch的精度为：{'acc': 0.55, 'pur': 0.55, 'nmi': 0.00733057163117324, 'ari': 0.0009042321293051945}
Epoch: 9, time: 17.63628911972046
第9Epoch的精度为：{'acc': 0.56, 'pur': 0.56, 'nmi': 0.01033888968353937, 'ari': 0.00481875687528364}
Epoch: 10, time: 17.70540690422058
第10Epoch的精度为：{'acc': 0.55, 'pur': 0.55, 'nmi': 0.0071948352999280174, 'ari': 0.0006695238892290345}
Epoch: 11, time: 20.649611234664917
第11Epoch的精度为：{'acc': 0.55, 'pur': 0.55, 'nmi': 0.007040261229523559, 'ari': 0.0002937612455476811}
Epoch: 12, time: 21.7674822807312
第12Epoch的精度为：{'acc': 0.56, 'pur': 0.56, 'nmi': 0.010247744120716778, 'ari': 0.0046628275742867315}
Epoch: 13, time: 16.379571676254272
第13Epoch的精度为：{'acc': 0.56, 'pur': 0.56, 'nmi': 0.010247744120716778, 'ari': 0.0046628275742867315}
Epoch: 14, time: 16.854634761810303
第14Epoch的精度为：{'acc': 0.55, 'pur': 0.55, 'nmi': 0.007040261229523559, 'ari': 0.0002937612455476811}
Epoch: 15, time: 16.9118070602417
第15Epoch的精度为：{'acc': 0.55, 'pur': 0.55, 'nmi': 0.007040261229523559, 'ari': 0.0002937612455476811}
Epoch: 16, time: 18.081264972686768
第16Epoch的精度为：{'acc': 0.55, 'pur': 0.55, 'nmi': 0.007040261229523559, 'ari': 0.0002937612455476811}
Epoch: 17, time: 16.550809621810913
第17Epoch的精度为：{'acc': 0.56, 'pur': 0.56, 'nmi': 0.010247744120716778, 'ari': 0.0046628275742867315}
Epoch: 18, time: 21.99386215209961
第18Epoch的精度为：{'acc': 0.55, 'pur': 0.55, 'nmi': 0.007040261229523559, 'ari': 0.0002937612455476811}
Epoch: 19, time: 17.630733728408813
第19Epoch的精度为：{'acc': 0.55, 'pur': 0.55, 'nmi': 0.007040261229523559, 'ari': 0.0002937612455476811}
Epoch: 20, time: 22.199382305145264
第20Epoch的精度为：{'acc': 0.55, 'pur': 0.55, 'nmi': 0.007040261229523559, 'ari': 0.0002937612455476811}
Epoch: 21, time: 17.74888825416565
第21Epoch的精度为：{'acc': 0.55, 'pur': 0.55, 'nmi': 0.007040261229523559, 'ari': 0.0002937612455476811}
Epoch: 22, time: 17.69768714904785
第22Epoch的精度为：{'acc': 0.55, 'pur': 0.55, 'nmi': 0.007040261229523559, 'ari': 0.0002937612455476811}
Epoch: 23, time: 18.06181001663208
第23Epoch的精度为：{'acc': 0.55, 'pur': 0.55, 'nmi': 0.007040261229523559, 'ari': 0.0002937612455476811}
Epoch: 24, time: 17.699862718582153
第24Epoch的精度为：{'acc': 0.55, 'pur': 0.55, 'nmi': 0.007040261229523559, 'ari': 0.0002937612455476811}
Epoch: 25, time: 22.900139570236206
第25Epoch的精度为：{'acc': 0.55, 'pur': 0.55, 'nmi': 0.007040261229523559, 'ari': 0.0002937612455476811}
Epoch: 26, time: 17.80844736099243
第26Epoch的精度为：{'acc': 0.55, 'pur': 0.55, 'nmi': 0.007040261229523559, 'ari': 0.0002937612455476811}
Epoch: 27, time: 17.556763172149658
第27Epoch的精度为：{'acc': 0.55, 'pur': 0.55, 'nmi': 0.007040261229523559, 'ari': 0.0002937612455476811}
Epoch: 28, time: 17.93223237991333
第28Epoch的精度为：{'acc': 0.55, 'pur': 0.55, 'nmi': 0.007040261229523559, 'ari': 0.0002937612455476811}
Epoch: 29, time: 17.999846696853638
第29Epoch的精度为：{'acc': 0.55, 'pur': 0.55, 'nmi': 0.007040261229523559, 'ari': 0.0002937612455476811}
Epoch: 30, time: 18.060659885406494
第30Epoch的精度为：{'acc': 0.56, 'pur': 0.56, 'nmi': 0.010247744120716778, 'ari': 0.0046628275742867315}
最终精度为：{'acc': 0.55, 'pur': 0.55, 'nmi': 0.007040261229523559, 'ari': 0.0002937612455476811}
==================================================
 
 
