Handwriting
Epoch: 1, time: 8.083460569381714
第1Epoch的精度为：{'acc': 0.19294117647058823, 'pur': 0.21058823529411766, 'nmi': 0.26685444374843337, 'ari': 0.053769732506359365}
Epoch: 2, time: 9.376071691513062
第2Epoch的精度为：{'acc': 0.20941176470588235, 'pur': 0.23647058823529413, 'nmi': 0.3061902632389584, 'ari': 0.06924860938515447}
Epoch: 3, time: 9.455651998519897
第3Epoch的精度为：{'acc': 0.2235294117647059, 'pur': 0.2447058823529412, 'nmi': 0.33476851768997135, 'ari': 0.0853906219796185}
Epoch: 4, time: 9.496381282806396
第4Epoch的精度为：{'acc': 0.24705882352941178, 'pur': 0.26705882352941174, 'nmi': 0.3706884699968979, 'ari': 0.10172244091213706}
Epoch: 5, time: 9.096079111099243
第5Epoch的精度为：{'acc': 0.2388235294117647, 'pur': 0.26, 'nmi': 0.35465403385752114, 'ari': 0.09779495650289129}
Epoch: 6, time: 8.381680727005005
第6Epoch的精度为：{'acc': 0.2635294117647059, 'pur': 0.29411764705882354, 'nmi': 0.39487420999795414, 'ari': 0.11996287561547693}
Epoch: 7, time: 10.491002321243286
第7Epoch的精度为：{'acc': 0.27647058823529413, 'pur': 0.31529411764705884, 'nmi': 0.411172912578816, 'ari': 0.12587017913378423}
Epoch: 8, time: 9.58378791809082
第8Epoch的精度为：{'acc': 0.2776470588235294, 'pur': 0.3070588235294118, 'nmi': 0.42063009660902395, 'ari': 0.13035434938130122}
Epoch: 9, time: 9.097215175628662
第9Epoch的精度为：{'acc': 0.2847058823529412, 'pur': 0.3164705882352941, 'nmi': 0.4357345856700229, 'ari': 0.13925980784109263}
Epoch: 10, time: 8.037943601608276
第10Epoch的精度为：{'acc': 0.31058823529411766, 'pur': 0.3352941176470588, 'nmi': 0.44553780682718913, 'ari': 0.1479305229891508}
Epoch: 11, time: 10.421080827713013
第11Epoch的精度为：{'acc': 0.29764705882352943, 'pur': 0.33176470588235296, 'nmi': 0.46473278791676703, 'ari': 0.15921006227037843}
Epoch: 12, time: 8.269434452056885
第12Epoch的精度为：{'acc': 0.2988235294117647, 'pur': 0.33294117647058824, 'nmi': 0.46154718044446835, 'ari': 0.1571640739308537}
Epoch: 13, time: 8.60938286781311
第13Epoch的精度为：{'acc': 0.3235294117647059, 'pur': 0.3447058823529412, 'nmi': 0.48552018108301903, 'ari': 0.17174735694178078}
Epoch: 14, time: 9.478101253509521
第14Epoch的精度为：{'acc': 0.3270588235294118, 'pur': 0.35294117647058826, 'nmi': 0.4780373200386594, 'ari': 0.17021074373092016}
Epoch: 15, time: 9.240600109100342
第15Epoch的精度为：{'acc': 0.32588235294117646, 'pur': 0.35764705882352943, 'nmi': 0.4781199087119553, 'ari': 0.17368127272872702}
Epoch: 16, time: 11.141396522521973
第16Epoch的精度为：{'acc': 0.31058823529411766, 'pur': 0.3517647058823529, 'nmi': 0.4775493189978633, 'ari': 0.17106946922760102}
Epoch: 17, time: 8.706905364990234
第17Epoch的精度为：{'acc': 0.30823529411764705, 'pur': 0.3458823529411765, 'nmi': 0.4845954824826563, 'ari': 0.16729579300001746}
Epoch: 18, time: 11.083753108978271
第18Epoch的精度为：{'acc': 0.33294117647058824, 'pur': 0.3564705882352941, 'nmi': 0.49670259801332084, 'ari': 0.1832018345705394}
Epoch: 19, time: 11.47797441482544
第19Epoch的精度为：{'acc': 0.3176470588235294, 'pur': 0.3458823529411765, 'nmi': 0.4808737164694311, 'ari': 0.17381029975917234}
Epoch: 20, time: 9.593231678009033
第20Epoch的精度为：{'acc': 0.31882352941176473, 'pur': 0.35411764705882354, 'nmi': 0.4943190431233756, 'ari': 0.17791198258111107}
Epoch: 21, time: 8.296236991882324
第21Epoch的精度为：{'acc': 0.30823529411764705, 'pur': 0.35411764705882354, 'nmi': 0.48768718359438035, 'ari': 0.17977711055177842}
Epoch: 22, time: 8.41161847114563
第22Epoch的精度为：{'acc': 0.31529411764705884, 'pur': 0.3552941176470588, 'nmi': 0.4976562232405061, 'ari': 0.1792476679405068}
Epoch: 23, time: 9.302917718887329
第23Epoch的精度为：{'acc': 0.2988235294117647, 'pur': 0.3411764705882353, 'nmi': 0.478115489410198, 'ari': 0.16645445071334788}
Epoch: 24, time: 11.955225467681885
第24Epoch的精度为：{'acc': 0.30941176470588233, 'pur': 0.34352941176470586, 'nmi': 0.4872825323748243, 'ari': 0.17416633802123505}
Epoch: 25, time: 9.11618971824646
第25Epoch的精度为：{'acc': 0.31176470588235294, 'pur': 0.34352941176470586, 'nmi': 0.4842575304677932, 'ari': 0.1662629185792702}
Epoch: 26, time: 8.11334753036499
第26Epoch的精度为：{'acc': 0.34352941176470586, 'pur': 0.36941176470588233, 'nmi': 0.5042049429456057, 'ari': 0.18728992113172716}
Epoch: 27, time: 8.124178171157837
第27Epoch的精度为：{'acc': 0.3164705882352941, 'pur': 0.34823529411764703, 'nmi': 0.4887076199822214, 'ari': 0.1750024807182338}
Epoch: 28, time: 9.168887853622437
第28Epoch的精度为：{'acc': 0.30823529411764705, 'pur': 0.3458823529411765, 'nmi': 0.5008260444703715, 'ari': 0.18203041319422922}
Epoch: 29, time: 9.412530183792114
第29Epoch的精度为：{'acc': 0.3058823529411765, 'pur': 0.33647058823529413, 'nmi': 0.4791480719260141, 'ari': 0.16897227983601426}
Epoch: 30, time: 8.475468158721924
第30Epoch的精度为：{'acc': 0.32, 'pur': 0.3623529411764706, 'nmi': 0.49035102652943074, 'ari': 0.17354558120057811}
最终精度为：{'acc': 0.32823529411764707, 'pur': 0.34705882352941175, 'nmi': 0.49085774645836733, 'ari': 0.17792789040655288}
==================================================
 
 
