HandMovementDirection
Epoch: 1, time: 10.084431409835815
第1Epoch的精度为：{'acc': 0.3783783783783784, 'pur': 0.4594594594594595, 'nmi': 0.06595315501154311, 'ari': 0.014616820945825702}
Epoch: 2, time: 12.058071851730347
第2Epoch的精度为：{'acc': 0.3783783783783784, 'pur': 0.44594594594594594, 'nmi': 0.0642867293160483, 'ari': 0.009681028955077511}
Epoch: 3, time: 9.012710571289062
第3Epoch的精度为：{'acc': 0.3918918918918919, 'pur': 0.44594594594594594, 'nmi': 0.06474392231346672, 'ari': 0.019592773669194003}
Epoch: 4, time: 9.757155895233154
第4Epoch的精度为：{'acc': 0.43243243243243246, 'pur': 0.5, 'nmi': 0.09585917665548965, 'ari': 0.07544680715338639}
Epoch: 5, time: 12.495279788970947
第5Epoch的精度为：{'acc': 0.35135135135135137, 'pur': 0.44594594594594594, 'nmi': 0.04767489436168192, 'ari': 0.0042479429786517735}
Epoch: 6, time: 11.412843227386475
第6Epoch的精度为：{'acc': 0.32432432432432434, 'pur': 0.40540540540540543, 'nmi': 0.038670814772275554, 'ari': -0.02605002085272434}
Epoch: 7, time: 9.414368629455566
第7Epoch的精度为：{'acc': 0.33783783783783783, 'pur': 0.43243243243243246, 'nmi': 0.03894723218090261, 'ari': -0.0019260036683574173}
Epoch: 8, time: 8.975600957870483
第8Epoch的精度为：{'acc': 0.36486486486486486, 'pur': 0.44594594594594594, 'nmi': 0.06803955920134774, 'ari': 0.0029921430938111763}
Epoch: 9, time: 8.917351484298706
第9Epoch的精度为：{'acc': 0.35135135135135137, 'pur': 0.4189189189189189, 'nmi': 0.03089921814443244, 'ari': -0.006463332027609691}
Epoch: 10, time: 10.307199001312256
第10Epoch的精度为：{'acc': 0.3918918918918919, 'pur': 0.43243243243243246, 'nmi': 0.045225934285791906, 'ari': 0.015358917735894664}
Epoch: 11, time: 9.902498006820679
第11Epoch的精度为：{'acc': 0.32432432432432434, 'pur': 0.4189189189189189, 'nmi': 0.03224261052601134, 'ari': -0.005325392962464569}
Epoch: 12, time: 9.25518798828125
第12Epoch的精度为：{'acc': 0.33783783783783783, 'pur': 0.40540540540540543, 'nmi': 0.02384709625812488, 'ari': -0.010618623152035338}
Epoch: 13, time: 10.553528547286987
第13Epoch的精度为：{'acc': 0.33783783783783783, 'pur': 0.44594594594594594, 'nmi': 0.03946681445155891, 'ari': -0.001200388210655361}
Epoch: 14, time: 9.368803977966309
第14Epoch的精度为：{'acc': 0.3918918918918919, 'pur': 0.4189189189189189, 'nmi': 0.0417070983466903, 'ari': 0.022126182095647342}
Epoch: 15, time: 8.863988399505615
第15Epoch的精度为：{'acc': 0.33783783783783783, 'pur': 0.43243243243243246, 'nmi': 0.050933319347167286, 'ari': -0.014676141894733123}
Epoch: 16, time: 9.96639633178711
第16Epoch的精度为：{'acc': 0.33783783783783783, 'pur': 0.43243243243243246, 'nmi': 0.07270482329932942, 'ari': 0.004635703726460363}
Epoch: 17, time: 9.008020162582397
第17Epoch的精度为：{'acc': 0.35135135135135137, 'pur': 0.43243243243243246, 'nmi': 0.049147373933308924, 'ari': -0.0005041257817701569}
Epoch: 18, time: 9.350298643112183
第18Epoch的精度为：{'acc': 0.3783783783783784, 'pur': 0.4594594594594595, 'nmi': 0.07698436868917542, 'ari': 0.02027719471001397}
Epoch: 19, time: 9.089137077331543
第19Epoch的精度为：{'acc': 0.32432432432432434, 'pur': 0.43243243243243246, 'nmi': 0.03489250940100357, 'ari': -0.005593170545895512}
Epoch: 20, time: 9.088090896606445
第20Epoch的精度为：{'acc': 0.36486486486486486, 'pur': 0.44594594594594594, 'nmi': 0.06512925229850736, 'ari': 0.02160646263329659}
Epoch: 21, time: 10.49568510055542
第21Epoch的精度为：{'acc': 0.33783783783783783, 'pur': 0.40540540540540543, 'nmi': 0.03148272258904795, 'ari': -0.010266763212283671}
Epoch: 22, time: 9.343585014343262
第22Epoch的精度为：{'acc': 0.3918918918918919, 'pur': 0.4189189189189189, 'nmi': 0.07264230684448059, 'ari': 0.02810297640033293}
Epoch: 23, time: 11.400264501571655
第23Epoch的精度为：{'acc': 0.36486486486486486, 'pur': 0.4594594594594595, 'nmi': 0.09992959075221029, 'ari': 0.03994471483413407}
Epoch: 24, time: 12.661280155181885
第24Epoch的精度为：{'acc': 0.33783783783783783, 'pur': 0.4189189189189189, 'nmi': 0.026518529657024614, 'ari': -0.010876698382594795}
Epoch: 25, time: 11.873162746429443
第25Epoch的精度为：{'acc': 0.3918918918918919, 'pur': 0.4189189189189189, 'nmi': 0.030653508100923457, 'ari': 0.025912689669209586}
Epoch: 26, time: 11.680232524871826
第26Epoch的精度为：{'acc': 0.35135135135135137, 'pur': 0.4189189189189189, 'nmi': 0.09523854535542729, 'ari': 0.014183312266351064}
Epoch: 27, time: 11.469937324523926
第27Epoch的精度为：{'acc': 0.3918918918918919, 'pur': 0.43243243243243246, 'nmi': 0.06502542516392137, 'ari': 0.026147704154657354}
Epoch: 28, time: 12.47787594795227
第28Epoch的精度为：{'acc': 0.4189189189189189, 'pur': 0.4864864864864865, 'nmi': 0.09406570560779752, 'ari': 0.08210713706837959}
Epoch: 29, time: 10.105867147445679
第29Epoch的精度为：{'acc': 0.3918918918918919, 'pur': 0.4189189189189189, 'nmi': 0.03325023984541925, 'ari': 0.012846719096986581}
Epoch: 30, time: 8.887850046157837
第30Epoch的精度为：{'acc': 0.3918918918918919, 'pur': 0.4594594594594595, 'nmi': 0.09596125845033487, 'ari': 0.03487432657356162}
最终精度为：{'acc': 0.43243243243243246, 'pur': 0.4594594594594595, 'nmi': 0.08672466281758627, 'ari': 0.06364770915905565}
==================================================
 
 
