Heartbeat
Epoch: 1, time: 12.058336019515991
第1Epoch的精度为：{'acc': 0.7170731707317073, 'pur': 0.7219512195121951, 'nmi': 0.005125494392826979, 'ari': -0.005970798684973893}
Epoch: 2, time: 12.320088386535645
第2Epoch的精度为：{'acc': 0.7170731707317073, 'pur': 0.7219512195121951, 'nmi': 0.005125494392826979, 'ari': -0.005970798684973893}
Epoch: 3, time: 12.68452787399292
第3Epoch的精度为：{'acc': 0.7170731707317073, 'pur': 0.7219512195121951, 'nmi': 0.005125494392826979, 'ari': -0.005970798684973893}
Epoch: 4, time: 14.473164558410645
第4Epoch的精度为：{'acc': 0.7170731707317073, 'pur': 0.7219512195121951, 'nmi': 0.005125494392826979, 'ari': -0.005970798684973893}
Epoch: 5, time: 11.946922779083252
第5Epoch的精度为：{'acc': 0.7170731707317073, 'pur': 0.7219512195121951, 'nmi': 0.005125494392826979, 'ari': -0.005970798684973893}
Epoch: 6, time: 12.211672067642212
第6Epoch的精度为：{'acc': 0.7170731707317073, 'pur': 0.7219512195121951, 'nmi': 0.005125494392826979, 'ari': -0.005970798684973893}
Epoch: 7, time: 12.165329694747925
第7Epoch的精度为：{'acc': 0.7170731707317073, 'pur': 0.7219512195121951, 'nmi': 0.005125494392826979, 'ari': -0.005970798684973893}
Epoch: 8, time: 12.196349859237671
第8Epoch的精度为：{'acc': 0.7170731707317073, 'pur': 0.7219512195121951, 'nmi': 0.005125494392826979, 'ari': -0.005970798684973893}
Epoch: 9, time: 12.30606746673584
第9Epoch的精度为：{'acc': 0.7170731707317073, 'pur': 0.7219512195121951, 'nmi': 0.005125494392826979, 'ari': -0.005970798684973893}
Epoch: 10, time: 12.528892040252686
第10Epoch的精度为：{'acc': 0.7170731707317073, 'pur': 0.7219512195121951, 'nmi': 0.005125494392826979, 'ari': -0.005970798684973893}
Epoch: 11, time: 12.408402442932129
第11Epoch的精度为：{'acc': 0.7170731707317073, 'pur': 0.7219512195121951, 'nmi': 0.005125494392826979, 'ari': -0.005970798684973893}
Epoch: 12, time: 12.22870659828186
第12Epoch的精度为：{'acc': 0.7170731707317073, 'pur': 0.7219512195121951, 'nmi': 0.005125494392826979, 'ari': -0.005970798684973893}
Epoch: 13, time: 15.57594347000122
第13Epoch的精度为：{'acc': 0.7170731707317073, 'pur': 0.7219512195121951, 'nmi': 0.005125494392826979, 'ari': -0.005970798684973893}
Epoch: 14, time: 11.442904949188232
第14Epoch的精度为：{'acc': 0.7170731707317073, 'pur': 0.7219512195121951, 'nmi': 0.005125494392826979, 'ari': -0.005970798684973893}
Epoch: 15, time: 11.493494272232056
第15Epoch的精度为：{'acc': 0.7170731707317073, 'pur': 0.7219512195121951, 'nmi': 0.005125494392826979, 'ari': -0.005970798684973893}
Epoch: 16, time: 11.992884159088135
第16Epoch的精度为：{'acc': 0.7170731707317073, 'pur': 0.7219512195121951, 'nmi': 0.005125494392826979, 'ari': -0.005970798684973893}
Epoch: 17, time: 12.149311542510986
第17Epoch的精度为：{'acc': 0.7170731707317073, 'pur': 0.7219512195121951, 'nmi': 0.005125494392826979, 'ari': -0.005970798684973893}
Epoch: 18, time: 11.536086082458496
第18Epoch的精度为：{'acc': 0.7170731707317073, 'pur': 0.7219512195121951, 'nmi': 0.005125494392826979, 'ari': -0.005970798684973893}
Epoch: 19, time: 12.570135354995728
第19Epoch的精度为：{'acc': 0.7170731707317073, 'pur': 0.7219512195121951, 'nmi': 0.005125494392826979, 'ari': -0.005970798684973893}
Epoch: 20, time: 12.630040407180786
第20Epoch的精度为：{'acc': 0.7170731707317073, 'pur': 0.7219512195121951, 'nmi': 0.005125494392826979, 'ari': -0.005970798684973893}
Epoch: 21, time: 12.949663639068604
第21Epoch的精度为：{'acc': 0.7170731707317073, 'pur': 0.7219512195121951, 'nmi': 0.005125494392826979, 'ari': -0.005970798684973893}
Epoch: 22, time: 12.667401552200317
第22Epoch的精度为：{'acc': 0.7170731707317073, 'pur': 0.7219512195121951, 'nmi': 0.005125494392826979, 'ari': -0.005970798684973893}
Epoch: 23, time: 12.445178985595703
第23Epoch的精度为：{'acc': 0.7170731707317073, 'pur': 0.7219512195121951, 'nmi': 0.005125494392826979, 'ari': -0.005970798684973893}
Epoch: 24, time: 12.650935649871826
第24Epoch的精度为：{'acc': 0.7170731707317073, 'pur': 0.7219512195121951, 'nmi': 0.005125494392826979, 'ari': -0.005970798684973893}
Epoch: 25, time: 15.980704545974731
第25Epoch的精度为：{'acc': 0.7170731707317073, 'pur': 0.7219512195121951, 'nmi': 0.005125494392826979, 'ari': -0.005970798684973893}
Epoch: 26, time: 11.737546682357788
第26Epoch的精度为：{'acc': 0.7170731707317073, 'pur': 0.7219512195121951, 'nmi': 0.005125494392826979, 'ari': -0.005970798684973893}
Epoch: 27, time: 11.696744203567505
第27Epoch的精度为：{'acc': 0.7170731707317073, 'pur': 0.7219512195121951, 'nmi': 0.005125494392826979, 'ari': -0.005970798684973893}
Epoch: 28, time: 11.517406463623047
第28Epoch的精度为：{'acc': 0.7170731707317073, 'pur': 0.7219512195121951, 'nmi': 0.005125494392826979, 'ari': -0.005970798684973893}
Epoch: 29, time: 11.827213048934937
第29Epoch的精度为：{'acc': 0.7121951219512195, 'pur': 0.7219512195121951, 'nmi': 0.00989811652288241, 'ari': -0.011697352225941841}
Epoch: 30, time: 11.359504699707031
第30Epoch的精度为：{'acc': 0.7170731707317073, 'pur': 0.7219512195121951, 'nmi': 0.005125494392826979, 'ari': -0.005970798684973893}
最终精度为：{'acc': 0.7170731707317073, 'pur': 0.7219512195121951, 'nmi': 0.005125494392826979, 'ari': -0.005970798684973893}
==================================================
 
 
