InsectWingbeat
Epoch: 1, time: 1318.7568209171295
第1Epoch的精度为：{'acc': 0.15808, 'pur': 0.16036, 'nmi': 0.03336202673851027, 'ari': 0.01476185466876637}
Epoch: 2, time: 1331.2178201675415
第2Epoch的精度为：{'acc': 0.15464, 'pur': 0.15604, 'nmi': 0.028857113608098527, 'ari': 0.011215168114654225}
Epoch: 3, time: 1395.789871454239
第3Epoch的精度为：{'acc': 0.14656, 'pur': 0.149, 'nmi': 0.023734007194746956, 'ari': 0.008500769717712606}
Epoch: 4, time: 1303.1474161148071
第4Epoch的精度为：{'acc': 0.14588, 'pur': 0.14892, 'nmi': 0.023513617546249175, 'ari': 0.00846908409415033}
Epoch: 5, time: 1350.8239350318909
第5Epoch的精度为：{'acc': 0.1428, 'pur': 0.14484, 'nmi': 0.021423487098549347, 'ari': 0.007304605842002683}
Epoch: 6, time: 1348.8167023658752
第6Epoch的精度为：{'acc': 0.14096, 'pur': 0.14188, 'nmi': 0.01770364445769091, 'ari': 0.006566090527623789}
Epoch: 7, time: 1317.2626287937164
第7Epoch的精度为：{'acc': 0.1386, 'pur': 0.14124, 'nmi': 0.01574995263189631, 'ari': 0.0053794168246366165}
Epoch: 8, time: 1209.0209169387817
第8Epoch的精度为：{'acc': 0.13752, 'pur': 0.13888, 'nmi': 0.014440449148429242, 'ari': 0.004775111944874835}
Epoch: 9, time: 1288.0355384349823
第9Epoch的精度为：{'acc': 0.13684, 'pur': 0.14008, 'nmi': 0.014688457372123985, 'ari': 0.004615776229506546}
Epoch: 10, time: 1196.0064735412598
第10Epoch的精度为：{'acc': 0.13848, 'pur': 0.141, 'nmi': 0.014483624697947306, 'ari': 0.004806544935671727}
Epoch: 11, time: 1214.0476195812225
第11Epoch的精度为：{'acc': 0.14076, 'pur': 0.14324, 'nmi': 0.014907823679754292, 'ari': 0.005228371944593494}
Epoch: 12, time: 1235.1632497310638
第12Epoch的精度为：{'acc': 0.14132, 'pur': 0.145, 'nmi': 0.015457790946089307, 'ari': 0.005484559840585586}
Epoch: 13, time: 1206.7687351703644
第13Epoch的精度为：{'acc': 0.1386, 'pur': 0.1458, 'nmi': 0.015911937476082605, 'ari': 0.006541737968657148}
Epoch: 14, time: 1225.5357110500336
第14Epoch的精度为：{'acc': 0.13876, 'pur': 0.1444, 'nmi': 0.015605254477440983, 'ari': 0.006650438654355299}
Epoch: 15, time: 1223.2382481098175
第15Epoch的精度为：{'acc': 0.13768, 'pur': 0.14364, 'nmi': 0.01524229086025498, 'ari': 0.006590811920848263}
Epoch: 16, time: 1212.7031245231628
第16Epoch的精度为：{'acc': 0.13764, 'pur': 0.14308, 'nmi': 0.015257627249806522, 'ari': 0.00669407627689076}
Epoch: 17, time: 1415.150651216507
第17Epoch的精度为：{'acc': 0.13756, 'pur': 0.14204, 'nmi': 0.014864828301211499, 'ari': 0.006497782874392089}
Epoch: 18, time: 1272.4510304927826
第18Epoch的精度为：{'acc': 0.1388, 'pur': 0.14204, 'nmi': 0.015091186837695857, 'ari': 0.006604938522888503}
Epoch: 19, time: 1291.8962121009827
第19Epoch的精度为：{'acc': 0.13904, 'pur': 0.14076, 'nmi': 0.014768319535515191, 'ari': 0.006484566305818791}
Epoch: 20, time: 1355.1584932804108
第20Epoch的精度为：{'acc': 0.13968, 'pur': 0.14084, 'nmi': 0.014614035746747448, 'ari': 0.006518428359867923}
Epoch: 21, time: 1256.329133272171
第21Epoch的精度为：{'acc': 0.14044, 'pur': 0.14292, 'nmi': 0.014837629466345623, 'ari': 0.006975275392628063}
Epoch: 22, time: 1321.0991206169128
第22Epoch的精度为：{'acc': 0.14204, 'pur': 0.14484, 'nmi': 0.01471823498424786, 'ari': 0.0070218844210799165}
Epoch: 23, time: 1243.8453388214111
第23Epoch的精度为：{'acc': 0.14288, 'pur': 0.14492, 'nmi': 0.014337160154294471, 'ari': 0.00709280374981355}
Epoch: 24, time: 1371.3935146331787
第24Epoch的精度为：{'acc': 0.14232, 'pur': 0.1434, 'nmi': 0.013121785784870084, 'ari': 0.006989832906361363}
Epoch: 25, time: 1284.0480525493622
第25Epoch的精度为：{'acc': 0.14208, 'pur': 0.14208, 'nmi': 0.012097636723282023, 'ari': 0.006194646240219593}
Epoch: 26, time: 1216.5856249332428
第26Epoch的精度为：{'acc': 0.14036, 'pur': 0.144, 'nmi': 0.013548453961439994, 'ari': 0.006763600875331619}
Epoch: 27, time: 1229.15984582901
第27Epoch的精度为：{'acc': 0.14244, 'pur': 0.14464, 'nmi': 0.014704377411395358, 'ari': 0.007262838133538281}
Epoch: 28, time: 1416.2128171920776
第28Epoch的精度为：{'acc': 0.14144, 'pur': 0.14604, 'nmi': 0.01444921496719557, 'ari': 0.007144324748173948}
Epoch: 29, time: 1224.762196302414
第29Epoch的精度为：{'acc': 0.14024, 'pur': 0.14452, 'nmi': 0.014438571260618874, 'ari': 0.007188928078201095}
Epoch: 30, time: 1415.504151582718
第30Epoch的精度为：{'acc': 0.14116, 'pur': 0.14596, 'nmi': 0.014698174300664566, 'ari': 0.007220018014734117}
最终精度为：{'acc': 0.14092, 'pur': 0.14616, 'nmi': 0.014721783954417174, 'ari': 0.007212611993522288}
==================================================
 
 
