Libras
Epoch: 1, time: 13.569485425949097
第1Epoch的精度为：{'acc': 0.37222222222222223, 'pur': 0.40555555555555556, 'nmi': 0.5009302696180261, 'ari': 0.19258325852657637}
Epoch: 2, time: 10.88766098022461
第2Epoch的精度为：{'acc': 0.40555555555555556, 'pur': 0.4388888888888889, 'nmi': 0.5161135584924409, 'ari': 0.206794682422452}
Epoch: 3, time: 10.086819171905518
第3Epoch的精度为：{'acc': 0.40555555555555556, 'pur': 0.4388888888888889, 'nmi': 0.5337024488996763, 'ari': 0.22171765939250146}
Epoch: 4, time: 9.964588642120361
第4Epoch的精度为：{'acc': 0.3888888888888889, 'pur': 0.4222222222222222, 'nmi': 0.5355333122137725, 'ari': 0.21511576640970487}
Epoch: 5, time: 11.728221654891968
第5Epoch的精度为：{'acc': 0.38333333333333336, 'pur': 0.4166666666666667, 'nmi': 0.5273632891743883, 'ari': 0.21964141513345992}
Epoch: 6, time: 12.494632482528687
第6Epoch的精度为：{'acc': 0.4666666666666667, 'pur': 0.4888888888888889, 'nmi': 0.5821811665687435, 'ari': 0.283024831478108}
Epoch: 7, time: 10.04478144645691
第7Epoch的精度为：{'acc': 0.40555555555555556, 'pur': 0.4222222222222222, 'nmi': 0.5534483260793704, 'ari': 0.24064637788881088}
Epoch: 8, time: 12.539034366607666
第8Epoch的精度为：{'acc': 0.43333333333333335, 'pur': 0.46111111111111114, 'nmi': 0.5522598711325737, 'ari': 0.24807102574880877}
Epoch: 9, time: 9.958964824676514
第9Epoch的精度为：{'acc': 0.42777777777777776, 'pur': 0.45555555555555555, 'nmi': 0.5679740748164136, 'ari': 0.2579138719101824}
Epoch: 10, time: 10.009308099746704
第10Epoch的精度为：{'acc': 0.45, 'pur': 0.4666666666666667, 'nmi': 0.5582926207841505, 'ari': 0.2418626657394001}
Epoch: 11, time: 11.652274131774902
第11Epoch的精度为：{'acc': 0.43333333333333335, 'pur': 0.4722222222222222, 'nmi': 0.5776969761197277, 'ari': 0.27516676730416467}
Epoch: 12, time: 9.63204026222229
第12Epoch的精度为：{'acc': 0.4777777777777778, 'pur': 0.5, 'nmi': 0.6140927477965429, 'ari': 0.3076268023279926}
Epoch: 13, time: 10.023200511932373
第13Epoch的精度为：{'acc': 0.45555555555555555, 'pur': 0.49444444444444446, 'nmi': 0.5935529451892324, 'ari': 0.2819346615683907}
Epoch: 14, time: 11.348453521728516
第14Epoch的精度为：{'acc': 0.4388888888888889, 'pur': 0.46111111111111114, 'nmi': 0.5740555488454816, 'ari': 0.25953482856085996}
Epoch: 15, time: 12.508441925048828
第15Epoch的精度为：{'acc': 0.4666666666666667, 'pur': 0.49444444444444446, 'nmi': 0.5958177996629432, 'ari': 0.28826839874987487}
Epoch: 16, time: 12.761537790298462
第16Epoch的精度为：{'acc': 0.46111111111111114, 'pur': 0.4888888888888889, 'nmi': 0.6162878767128294, 'ari': 0.311268876517357}
Epoch: 17, time: 9.769704341888428
第17Epoch的精度为：{'acc': 0.46111111111111114, 'pur': 0.48333333333333334, 'nmi': 0.6160380737818383, 'ari': 0.3056397987942324}
Epoch: 18, time: 9.829361915588379
第18Epoch的精度为：{'acc': 0.4388888888888889, 'pur': 0.4722222222222222, 'nmi': 0.5980089257033154, 'ari': 0.29657086279267597}
Epoch: 19, time: 13.827183246612549
第19Epoch的精度为：{'acc': 0.45555555555555555, 'pur': 0.49444444444444446, 'nmi': 0.6247794762615422, 'ari': 0.30338924083917895}
Epoch: 20, time: 12.620928049087524
第20Epoch的精度为：{'acc': 0.4722222222222222, 'pur': 0.5222222222222223, 'nmi': 0.631184726116962, 'ari': 0.3315176616603216}
Epoch: 21, time: 9.82072901725769
第21Epoch的精度为：{'acc': 0.4388888888888889, 'pur': 0.5, 'nmi': 0.631989050043835, 'ari': 0.3193484411772483}
Epoch: 22, time: 13.538295030593872
第22Epoch的精度为：{'acc': 0.45555555555555555, 'pur': 0.49444444444444446, 'nmi': 0.6186655513048487, 'ari': 0.3131899196934849}
Epoch: 23, time: 9.837411165237427
第23Epoch的精度为：{'acc': 0.46111111111111114, 'pur': 0.49444444444444446, 'nmi': 0.6089332058204066, 'ari': 0.2938712826045224}
Epoch: 24, time: 10.026059627532959
第24Epoch的精度为：{'acc': 0.4444444444444444, 'pur': 0.4888888888888889, 'nmi': 0.5905864607738387, 'ari': 0.2878980321503108}
Epoch: 25, time: 14.794896841049194
第25Epoch的精度为：{'acc': 0.4388888888888889, 'pur': 0.4722222222222222, 'nmi': 0.6095083443941852, 'ari': 0.2937122148651166}
Epoch: 26, time: 10.004812955856323
第26Epoch的精度为：{'acc': 0.45555555555555555, 'pur': 0.48333333333333334, 'nmi': 0.616633024501917, 'ari': 0.30293641593794907}
Epoch: 27, time: 9.830902338027954
第27Epoch的精度为：{'acc': 0.45555555555555555, 'pur': 0.48333333333333334, 'nmi': 0.6176888946532637, 'ari': 0.3029545210960666}
Epoch: 28, time: 11.40626835823059
第28Epoch的精度为：{'acc': 0.4777777777777778, 'pur': 0.5111111111111111, 'nmi': 0.6322910584504978, 'ari': 0.32916513946543696}
Epoch: 29, time: 9.618958473205566
第29Epoch的精度为：{'acc': 0.45555555555555555, 'pur': 0.49444444444444446, 'nmi': 0.6344978004815334, 'ari': 0.3182849909426221}
Epoch: 30, time: 9.998322486877441
第30Epoch的精度为：{'acc': 0.45, 'pur': 0.4722222222222222, 'nmi': 0.6084257540234967, 'ari': 0.2870394131862022}
最终精度为：{'acc': 0.4722222222222222, 'pur': 0.5222222222222223, 'nmi': 0.6352872347983012, 'ari': 0.3285159659944373}
==================================================
 
 
