LSST
Epoch: 1, time: 129.31518936157227
第1Epoch的精度为：{'acc': 0.34874290348742903, 'pur': 0.3596918085969181, 'nmi': 0.12521053685346106, 'ari': 0.04727442570326008}
Epoch: 2, time: 130.91542387008667
第2Epoch的精度为：{'acc': 0.3386050283860503, 'pur': 0.34630981346309814, 'nmi': 0.11075520300537098, 'ari': 0.033335492193592116}
Epoch: 3, time: 129.557719707489
第3Epoch的精度为：{'acc': 0.3499594484995945, 'pur': 0.3584752635847526, 'nmi': 0.12505158939744881, 'ari': 0.04463252563227613}
Epoch: 4, time: 123.88906216621399
第4Epoch的精度为：{'acc': 0.34874290348742903, 'pur': 0.3572587185725872, 'nmi': 0.12363949337368955, 'ari': 0.04218302725500357}
Epoch: 5, time: 142.70750999450684
第5Epoch的精度为：{'acc': 0.3426601784266018, 'pur': 0.35077047850770476, 'nmi': 0.11670121012286529, 'ari': 0.037424992637640514}
Epoch: 6, time: 149.50428748130798
第6Epoch的精度为：{'acc': 0.34144363341443634, 'pur': 0.3495539334955393, 'nmi': 0.1118359991717759, 'ari': 0.03551758560194425}
Epoch: 7, time: 148.07779240608215
第7Epoch的精度为：{'acc': 0.3422546634225466, 'pur': 0.35036496350364965, 'nmi': 0.1158956609871302, 'ari': 0.037088604072851646}
Epoch: 8, time: 132.25238704681396
第8Epoch的精度为：{'acc': 0.3410381184103812, 'pur': 0.3499594484995945, 'nmi': 0.11121917954148697, 'ari': 0.03655266280112537}
Epoch: 9, time: 130.03625202178955
第9Epoch的精度为：{'acc': 0.34306569343065696, 'pur': 0.3515815085158151, 'nmi': 0.11650731645189817, 'ari': 0.037574630972528264}
Epoch: 10, time: 128.80805349349976
第10Epoch的精度为：{'acc': 0.34306569343065696, 'pur': 0.3515815085158151, 'nmi': 0.11327275868293397, 'ari': 0.037271600684024485}
Epoch: 11, time: 128.95785450935364
第11Epoch的精度为：{'acc': 0.34144363341443634, 'pur': 0.35077047850770476, 'nmi': 0.1119910269387834, 'ari': 0.038624685992007725}
Epoch: 12, time: 126.70284581184387
第12Epoch的精度为：{'acc': 0.34347120843471207, 'pur': 0.3515815085158151, 'nmi': 0.11374504398448124, 'ari': 0.037579003543695665}
Epoch: 13, time: 156.71265482902527
第13Epoch的精度为：{'acc': 0.33657745336577455, 'pur': 0.34549878345498786, 'nmi': 0.10524070643181416, 'ari': 0.03159796637019381}
Epoch: 14, time: 130.25572443008423
第14Epoch的精度为：{'acc': 0.33657745336577455, 'pur': 0.3467153284671533, 'nmi': 0.10549263996903777, 'ari': 0.03424826762597935}
Epoch: 15, time: 133.08141374588013
第15Epoch的精度为：{'acc': 0.3450932684509327, 'pur': 0.35563665855636656, 'nmi': 0.12801623981230908, 'ari': 0.042133045572029744}
Epoch: 16, time: 127.31560802459717
第16Epoch的精度为：{'acc': 0.3467153284671533, 'pur': 0.3588807785888078, 'nmi': 0.13599576831992077, 'ari': 0.04466855410383086}
Epoch: 17, time: 132.65660309791565
第17Epoch的精度为：{'acc': 0.35360908353609083, 'pur': 0.36496350364963503, 'nmi': 0.1400238641071727, 'ari': 0.048832322785854525}
Epoch: 18, time: 127.66571879386902
第18Epoch的精度为：{'acc': 0.3515815085158151, 'pur': 0.3629359286293593, 'nmi': 0.13915653505721207, 'ari': 0.048542546524243946}
Epoch: 19, time: 127.8868670463562
第19Epoch的精度为：{'acc': 0.35563665855636656, 'pur': 0.36658556366585565, 'nmi': 0.14395814735285378, 'ari': 0.051823906932599195}
Epoch: 20, time: 125.44056272506714
第20Epoch的精度为：{'acc': 0.3548256285482563, 'pur': 0.3661800486618005, 'nmi': 0.14316411715113833, 'ari': 0.05223659151302143}
Epoch: 21, time: 138.77999806404114
第21Epoch的精度为：{'acc': 0.35279805352798055, 'pur': 0.3653690186536902, 'nmi': 0.14271373907503657, 'ari': 0.05827325442867185}
Epoch: 22, time: 133.765070438385
第22Epoch的精度为：{'acc': 0.3584752635847526, 'pur': 0.36496350364963503, 'nmi': 0.1407675143941181, 'ari': 0.05334965212409136}
Epoch: 23, time: 128.66750478744507
第23Epoch的精度为：{'acc': 0.35685320356853206, 'pur': 0.36496350364963503, 'nmi': 0.1455539454323271, 'ari': 0.06826519495293976}
Epoch: 24, time: 134.3851125240326
第24Epoch的精度为：{'acc': 0.3572587185725872, 'pur': 0.36699107866991076, 'nmi': 0.15115375542382375, 'ari': 0.0727079196899491}
Epoch: 25, time: 151.27745532989502
第25Epoch的精度为：{'acc': 0.3596918085969181, 'pur': 0.3682076236820762, 'nmi': 0.1538125888061114, 'ari': 0.07712740237954599}
Epoch: 26, time: 127.20699572563171
第26Epoch的精度为：{'acc': 0.34874290348742903, 'pur': 0.36415247364152475, 'nmi': 0.14962488798880552, 'ari': 0.07722150489279062}
Epoch: 27, time: 125.57641863822937
第27Epoch的精度为：{'acc': 0.3499594484995945, 'pur': 0.36496350364963503, 'nmi': 0.15185215358507306, 'ari': 0.07855833823071191}
Epoch: 28, time: 129.66989493370056
第28Epoch的精度为：{'acc': 0.3450932684509327, 'pur': 0.36699107866991076, 'nmi': 0.14396857487075618, 'ari': 0.07562904468172743}
Epoch: 29, time: 133.64579224586487
第29Epoch的精度为：{'acc': 0.3491484184914842, 'pur': 0.36739659367396593, 'nmi': 0.15527189983668485, 'ari': 0.07897289589334153}
Epoch: 30, time: 154.26540207862854
第30Epoch的精度为：{'acc': 0.3515815085158151, 'pur': 0.3722627737226277, 'nmi': 0.1581649599933711, 'ari': 0.07752784111977}
最终精度为：{'acc': 0.32725060827250607, 'pur': 0.3678021086780211, 'nmi': 0.14712451842028437, 'ari': 0.0775270279601251}
==================================================
 
 
