MotorImagery
Epoch: 1, time: 32.324862003326416
第1Epoch的精度为：{'acc': 0.51, 'pur': 0.51, 'nmi': 0.018639764244343528, 'ari': 0.0}
Epoch: 2, time: 33.16862607002258
第2Epoch的精度为：{'acc': 0.51, 'pur': 0.51, 'nmi': 0.018639764244343528, 'ari': 0.0}
Epoch: 3, time: 32.66867995262146
第3Epoch的精度为：{'acc': 0.51, 'pur': 0.51, 'nmi': 0.018639764244343528, 'ari': 0.0}
Epoch: 4, time: 31.23577332496643
第4Epoch的精度为：{'acc': 0.51, 'pur': 0.51, 'nmi': 0.018639764244343528, 'ari': 0.0}
Epoch: 5, time: 32.32935309410095
第5Epoch的精度为：{'acc': 0.51, 'pur': 0.51, 'nmi': 0.018639764244343528, 'ari': 0.0}
Epoch: 6, time: 30.730997323989868
第6Epoch的精度为：{'acc': 0.51, 'pur': 0.51, 'nmi': 0.018639764244343528, 'ari': 0.0}
Epoch: 7, time: 31.386580228805542
第7Epoch的精度为：{'acc': 0.51, 'pur': 0.51, 'nmi': 0.018639764244343528, 'ari': 0.0}
Epoch: 8, time: 31.29686999320984
第8Epoch的精度为：{'acc': 0.51, 'pur': 0.51, 'nmi': 0.018639764244343528, 'ari': 0.0}
Epoch: 9, time: 30.593756437301636
第9Epoch的精度为：{'acc': 0.51, 'pur': 0.51, 'nmi': 0.018639764244343528, 'ari': 0.0}
Epoch: 10, time: 36.16804122924805
第10Epoch的精度为：{'acc': 0.5, 'pur': 0.5, 'nmi': 1.9305819518931786e-15, 'ari': -0.002283992613470697}
Epoch: 11, time: 34.71950101852417
第11Epoch的精度为：{'acc': 0.51, 'pur': 0.51, 'nmi': 0.002376254062259117, 'ari': -0.0015221131464426677}
Epoch: 12, time: 35.528828859329224
第12Epoch的精度为：{'acc': 0.5, 'pur': 0.5, 'nmi': 1.9305819518931786e-15, 'ari': -0.002283992613470697}
Epoch: 13, time: 34.83186936378479
第13Epoch的精度为：{'acc': 0.51, 'pur': 0.51, 'nmi': 0.018639764244343528, 'ari': 0.0}
Epoch: 14, time: 34.76829171180725
第14Epoch的精度为：{'acc': 0.51, 'pur': 0.51, 'nmi': 0.018639764244343528, 'ari': 0.0}
Epoch: 15, time: 32.32426142692566
第15Epoch的精度为：{'acc': 0.51, 'pur': 0.51, 'nmi': 0.018639764244343528, 'ari': 0.0}
Epoch: 16, time: 27.63560724258423
第16Epoch的精度为：{'acc': 0.51, 'pur': 0.51, 'nmi': 0.018639764244343528, 'ari': 0.0}
Epoch: 17, time: 34.27189040184021
第17Epoch的精度为：{'acc': 0.51, 'pur': 0.51, 'nmi': 0.018639764244343528, 'ari': 0.0}
Epoch: 18, time: 29.57616639137268
第18Epoch的精度为：{'acc': 0.51, 'pur': 0.51, 'nmi': 0.018639764244343528, 'ari': 0.0}
Epoch: 19, time: 32.67230749130249
第19Epoch的精度为：{'acc': 0.51, 'pur': 0.51, 'nmi': 0.018639764244343528, 'ari': 0.0}
Epoch: 20, time: 34.93807530403137
第20Epoch的精度为：{'acc': 0.51, 'pur': 0.51, 'nmi': 0.018639764244343528, 'ari': 0.0}
Epoch: 21, time: 30.621535062789917
第21Epoch的精度为：{'acc': 0.5, 'pur': 0.5, 'nmi': 1.9305819518931786e-15, 'ari': -0.002283992613470697}
Epoch: 22, time: 30.332529067993164
第22Epoch的精度为：{'acc': 0.51, 'pur': 0.51, 'nmi': 0.018639764244343528, 'ari': 0.0}
Epoch: 23, time: 37.22346568107605
第23Epoch的精度为：{'acc': 0.51, 'pur': 0.51, 'nmi': 0.018639764244343528, 'ari': 0.0}
Epoch: 24, time: 31.738592624664307
第24Epoch的精度为：{'acc': 0.51, 'pur': 0.51, 'nmi': 0.018639764244343528, 'ari': 0.0}
Epoch: 25, time: 29.16430163383484
第25Epoch的精度为：{'acc': 0.51, 'pur': 0.51, 'nmi': 0.018639764244343528, 'ari': 0.0}
Epoch: 26, time: 32.3226797580719
第26Epoch的精度为：{'acc': 0.51, 'pur': 0.51, 'nmi': 0.018639764244343528, 'ari': 0.0}
Epoch: 27, time: 33.117568492889404
第27Epoch的精度为：{'acc': 0.51, 'pur': 0.51, 'nmi': 0.018639764244343528, 'ari': 0.0}
Epoch: 28, time: 31.448710441589355
第28Epoch的精度为：{'acc': 0.51, 'pur': 0.51, 'nmi': 0.018639764244343528, 'ari': 0.0}
Epoch: 29, time: 29.289053440093994
第29Epoch的精度为：{'acc': 0.51, 'pur': 0.51, 'nmi': 0.018639764244343528, 'ari': 0.0}
Epoch: 30, time: 30.483482837677002
第30Epoch的精度为：{'acc': 0.51, 'pur': 0.51, 'nmi': 0.018639764244343528, 'ari': 0.0}
最终精度为：{'acc': 0.51, 'pur': 0.51, 'nmi': 0.018639764244343528, 'ari': 0.0}
==================================================
 
 
