NATOPS
Epoch: 1, time: 9.818099737167358
第1Epoch的精度为：{'acc': 0.5055555555555555, 'pur': 0.5222222222222223, 'nmi': 0.5881501638684563, 'ari': 0.3874660233287182}
Epoch: 2, time: 12.78805685043335
第2Epoch的精度为：{'acc': 0.4722222222222222, 'pur': 0.5166666666666667, 'nmi': 0.5803166015498846, 'ari': 0.37520451556205653}
Epoch: 3, time: 12.466751098632812
第3Epoch的精度为：{'acc': 0.4722222222222222, 'pur': 0.5222222222222223, 'nmi': 0.5795645242006582, 'ari': 0.37342326766674405}
Epoch: 4, time: 12.60794997215271
第4Epoch的精度为：{'acc': 0.4666666666666667, 'pur': 0.5166666666666667, 'nmi': 0.579412549434279, 'ari': 0.3734158272360008}
Epoch: 5, time: 9.842001676559448
第5Epoch的精度为：{'acc': 0.4722222222222222, 'pur': 0.5166666666666667, 'nmi': 0.5803166015498845, 'ari': 0.37520451556205653}
Epoch: 6, time: 11.114055395126343
第6Epoch的精度为：{'acc': 0.49444444444444446, 'pur': 0.55, 'nmi': 0.5975114534862512, 'ari': 0.3935396452461289}
Epoch: 7, time: 9.917458534240723
第7Epoch的精度为：{'acc': 0.46111111111111114, 'pur': 0.5055555555555555, 'nmi': 0.5659559935635025, 'ari': 0.36210538259966124}
Epoch: 8, time: 12.51818037033081
第8Epoch的精度为：{'acc': 0.4722222222222222, 'pur': 0.5222222222222223, 'nmi': 0.5809759074893087, 'ari': 0.3759830892729354}
Epoch: 9, time: 15.281033277511597
第9Epoch的精度为：{'acc': 0.5, 'pur': 0.5166666666666667, 'nmi': 0.5738759874025319, 'ari': 0.37464399207232896}
Epoch: 10, time: 12.586564779281616
第10Epoch的精度为：{'acc': 0.46111111111111114, 'pur': 0.5, 'nmi': 0.5299797088585065, 'ari': 0.3391727903761256}
Epoch: 11, time: 14.740265607833862
第11Epoch的精度为：{'acc': 0.5222222222222223, 'pur': 0.5222222222222223, 'nmi': 0.5560478870164368, 'ari': 0.3844151287714421}
Epoch: 12, time: 9.862319469451904
第12Epoch的精度为：{'acc': 0.5166666666666667, 'pur': 0.5166666666666667, 'nmi': 0.5474494011476039, 'ari': 0.37166287471560366}
Epoch: 13, time: 14.60484004020691
第13Epoch的精度为：{'acc': 0.5277777777777778, 'pur': 0.5277777777777778, 'nmi': 0.5488178679433854, 'ari': 0.37383186910937205}
Epoch: 14, time: 11.837520122528076
第14Epoch的精度为：{'acc': 0.48333333333333334, 'pur': 0.5277777777777778, 'nmi': 0.552332097762258, 'ari': 0.35119290028172917}
Epoch: 15, time: 15.131617307662964
第15Epoch的精度为：{'acc': 0.5222222222222223, 'pur': 0.5222222222222223, 'nmi': 0.5476650185237091, 'ari': 0.37198163640022447}
Epoch: 16, time: 11.018512964248657
第16Epoch的精度为：{'acc': 0.5111111111111111, 'pur': 0.5111111111111111, 'nmi': 0.553063565117343, 'ari': 0.3752943204768238}
Epoch: 17, time: 9.97474718093872
第17Epoch的精度为：{'acc': 0.5055555555555555, 'pur': 0.5111111111111111, 'nmi': 0.5183388866901429, 'ari': 0.36279362354742595}
Epoch: 18, time: 12.500761032104492
第18Epoch的精度为：{'acc': 0.5111111111111111, 'pur': 0.5111111111111111, 'nmi': 0.5517401779964353, 'ari': 0.37443900486597265}
Epoch: 19, time: 11.516643762588501
第19Epoch的精度为：{'acc': 0.5166666666666667, 'pur': 0.5166666666666667, 'nmi': 0.5366506329676485, 'ari': 0.3657822754732129}
Epoch: 20, time: 9.743724822998047
第20Epoch的精度为：{'acc': 0.5166666666666667, 'pur': 0.5166666666666667, 'nmi': 0.545040380160006, 'ari': 0.37952012694695947}
Epoch: 21, time: 10.687259197235107
第21Epoch的精度为：{'acc': 0.5166666666666667, 'pur': 0.5166666666666667, 'nmi': 0.5323624731022909, 'ari': 0.36540740412935835}
Epoch: 22, time: 9.873679876327515
第22Epoch的精度为：{'acc': 0.4722222222222222, 'pur': 0.4888888888888889, 'nmi': 0.5063805622878295, 'ari': 0.31599559266447613}
Epoch: 23, time: 9.842130422592163
第23Epoch的精度为：{'acc': 0.5111111111111111, 'pur': 0.5111111111111111, 'nmi': 0.5341308473554365, 'ari': 0.3585260200860328}
Epoch: 24, time: 9.79422903060913
第24Epoch的精度为：{'acc': 0.5055555555555555, 'pur': 0.5111111111111111, 'nmi': 0.518338886690143, 'ari': 0.36279362354742595}
Epoch: 25, time: 11.47809386253357
第25Epoch的精度为：{'acc': 0.49444444444444446, 'pur': 0.49444444444444446, 'nmi': 0.5175190606891511, 'ari': 0.34191095417153683}
Epoch: 26, time: 9.834477663040161
第26Epoch的精度为：{'acc': 0.5166666666666667, 'pur': 0.5166666666666667, 'nmi': 0.532362473102291, 'ari': 0.36540740412935835}
Epoch: 27, time: 9.981818914413452
第27Epoch的精度为：{'acc': 0.5111111111111111, 'pur': 0.5111111111111111, 'nmi': 0.532448191916479, 'ari': 0.36509480838951497}
Epoch: 28, time: 9.934555292129517
第28Epoch的精度为：{'acc': 0.5111111111111111, 'pur': 0.5111111111111111, 'nmi': 0.5327409936781052, 'ari': 0.3658474822124864}
Epoch: 29, time: 11.322108030319214
第29Epoch的精度为：{'acc': 0.49444444444444446, 'pur': 0.49444444444444446, 'nmi': 0.5120350746941287, 'ari': 0.3341286785742852}
Epoch: 30, time: 9.808492660522461
第30Epoch的精度为：{'acc': 0.4888888888888889, 'pur': 0.4888888888888889, 'nmi': 0.4961351593620591, 'ari': 0.32054644005466393}
最终精度为：{'acc': 0.48333333333333334, 'pur': 0.48333333333333334, 'nmi': 0.508415175465149, 'ari': 0.3263583074725383}
==================================================
 
 
