PEMS-SF
Epoch: 1, time: 20.69529962539673
第1Epoch的精度为：{'acc': 0.36416184971098264, 'pur': 0.3699421965317919, 'nmi': 0.33398058211804765, 'ari': 0.17519299224607995}
Epoch: 2, time: 15.07803201675415
第2Epoch的精度为：{'acc': 0.34104046242774566, 'pur': 0.3583815028901734, 'nmi': 0.32601296343965463, 'ari': 0.1604842234429083}
Epoch: 3, time: 16.459271907806396
第3Epoch的精度为：{'acc': 0.3583815028901734, 'pur': 0.3930635838150289, 'nmi': 0.34096658886169595, 'ari': 0.17971504890441456}
Epoch: 4, time: 14.937480926513672
第4Epoch的精度为：{'acc': 0.3236994219653179, 'pur': 0.3583815028901734, 'nmi': 0.3284419060137445, 'ari': 0.1333976565530141}
Epoch: 5, time: 14.845363855361938
第5Epoch的精度为：{'acc': 0.30057803468208094, 'pur': 0.35260115606936415, 'nmi': 0.3271255509440579, 'ari': 0.13904673373666313}
Epoch: 6, time: 18.92838430404663
第6Epoch的精度为：{'acc': 0.3236994219653179, 'pur': 0.35260115606936415, 'nmi': 0.3080449613877368, 'ari': 0.15455319419800925}
Epoch: 7, time: 14.965540647506714
第7Epoch的精度为：{'acc': 0.28901734104046245, 'pur': 0.34104046242774566, 'nmi': 0.3089990703197008, 'ari': 0.1124818427437285}
Epoch: 8, time: 15.090259075164795
第8Epoch的精度为：{'acc': 0.3063583815028902, 'pur': 0.34104046242774566, 'nmi': 0.325936821552896, 'ari': 0.12927806479860943}
Epoch: 9, time: 21.03240966796875
第9Epoch的精度为：{'acc': 0.3063583815028902, 'pur': 0.3468208092485549, 'nmi': 0.3256150502337245, 'ari': 0.12921602544223948}
Epoch: 10, time: 14.905696630477905
第10Epoch的精度为：{'acc': 0.3179190751445087, 'pur': 0.3352601156069364, 'nmi': 0.27299222024498637, 'ari': 0.11331347171799301}
Epoch: 11, time: 17.16469097137451
第11Epoch的精度为：{'acc': 0.3063583815028902, 'pur': 0.3468208092485549, 'nmi': 0.31643191934067416, 'ari': 0.12652065022283143}
Epoch: 12, time: 15.293557405471802
第12Epoch的精度为：{'acc': 0.3063583815028902, 'pur': 0.3468208092485549, 'nmi': 0.32580819084688467, 'ari': 0.1294085453009899}
Epoch: 13, time: 17.61901330947876
第13Epoch的精度为：{'acc': 0.3063583815028902, 'pur': 0.3468208092485549, 'nmi': 0.3263870419756252, 'ari': 0.12973158729810555}
Epoch: 14, time: 14.820987701416016
第14Epoch的精度为：{'acc': 0.30057803468208094, 'pur': 0.34104046242774566, 'nmi': 0.29527317921231516, 'ari': 0.11464360846466225}
Epoch: 15, time: 17.27282452583313
第15Epoch的精度为：{'acc': 0.3063583815028902, 'pur': 0.3468208092485549, 'nmi': 0.3263870419756251, 'ari': 0.12973158729810555}
Epoch: 16, time: 14.878567457199097
第16Epoch的精度为：{'acc': 0.30057803468208094, 'pur': 0.34104046242774566, 'nmi': 0.30468431629929305, 'ari': 0.11749746435615907}
Epoch: 17, time: 17.31065034866333
第17Epoch的精度为：{'acc': 0.30057803468208094, 'pur': 0.31213872832369943, 'nmi': 0.24301799111061806, 'ari': 0.09166808856519001}
Epoch: 18, time: 14.894798755645752
第18Epoch的精度为：{'acc': 0.28901734104046245, 'pur': 0.3179190751445087, 'nmi': 0.27107997730951033, 'ari': 0.09083573772818242}
Epoch: 19, time: 23.277278423309326
第19Epoch的精度为：{'acc': 0.3063583815028902, 'pur': 0.3468208092485549, 'nmi': 0.3263870419756251, 'ari': 0.12973158729810555}
Epoch: 20, time: 14.868578672409058
第20Epoch的精度为：{'acc': 0.28901734104046245, 'pur': 0.3179190751445087, 'nmi': 0.259028359972436, 'ari': 0.08636160079953085}
Epoch: 21, time: 16.09827208518982
第21Epoch的精度为：{'acc': 0.28901734104046245, 'pur': 0.3179190751445087, 'nmi': 0.2710799773095104, 'ari': 0.09083573772818242}
Epoch: 22, time: 15.0562002658844
第22Epoch的精度为：{'acc': 0.28901734104046245, 'pur': 0.30057803468208094, 'nmi': 0.2082605080242349, 'ari': 0.06609641963614508}
Epoch: 23, time: 14.856398344039917
第23Epoch的精度为：{'acc': 0.30057803468208094, 'pur': 0.31213872832369943, 'nmi': 0.2321646427491535, 'ari': 0.08756469248565442}
Epoch: 24, time: 14.62047815322876
第24Epoch的精度为：{'acc': 0.28901734104046245, 'pur': 0.2947976878612717, 'nmi': 0.20381010262670063, 'ari': 0.06168761013282286}
Epoch: 25, time: 19.4829044342041
第25Epoch的精度为：{'acc': 0.28901734104046245, 'pur': 0.2947976878612717, 'nmi': 0.20381010262670066, 'ari': 0.06168761013282286}
Epoch: 26, time: 16.74522304534912
第26Epoch的精度为：{'acc': 0.28901734104046245, 'pur': 0.2947976878612717, 'nmi': 0.21570061835441423, 'ari': 0.06634660010044298}
Epoch: 27, time: 15.034961938858032
第27Epoch的精度为：{'acc': 0.28901734104046245, 'pur': 0.2947976878612717, 'nmi': 0.21601976524960487, 'ari': 0.06687569860304551}
Epoch: 28, time: 15.028501033782959
第28Epoch的精度为：{'acc': 0.28901734104046245, 'pur': 0.2947976878612717, 'nmi': 0.20457073781304588, 'ari': 0.06222983052569612}
Epoch: 29, time: 20.38525938987732
第29Epoch的精度为：{'acc': 0.28901734104046245, 'pur': 0.2947976878612717, 'nmi': 0.2093476524816496, 'ari': 0.06536508745481252}
Epoch: 30, time: 15.041660070419312
第30Epoch的精度为：{'acc': 0.28901734104046245, 'pur': 0.2947976878612717, 'nmi': 0.1979473415392312, 'ari': 0.06161679455842124}
最终精度为：{'acc': 0.30057803468208094, 'pur': 0.3063583815028902, 'nmi': 0.22059807353939315, 'ari': 0.07143423001203845}
==================================================
 
 
