PenDigits
Epoch: 1, time: 380.1849138736725
第1Epoch的精度为：{'acc': 0.7735849056603774, 'pur': 0.7947398513436249, 'nmi': 0.7818457356375307, 'ari': 0.678845469002094}
Epoch: 2, time: 394.5928566455841
第2Epoch的精度为：{'acc': 0.7169811320754716, 'pur': 0.7361349342481418, 'nmi': 0.7454085798323976, 'ari': 0.6297947065171322}
Epoch: 3, time: 382.579594373703
第3Epoch的精度为：{'acc': 0.7392795883361921, 'pur': 0.7578616352201258, 'nmi': 0.7572957154447134, 'ari': 0.6458479432632179}
Epoch: 4, time: 409.0024254322052
第4Epoch的精度为：{'acc': 0.8176100628930818, 'pur': 0.8176100628930818, 'nmi': 0.7831262024205277, 'ari': 0.6969606845473935}
Epoch: 5, time: 391.65946650505066
第5Epoch的精度为：{'acc': 0.7753001715265866, 'pur': 0.7938822184105203, 'nmi': 0.7853860703059424, 'ari': 0.6878837687654226}
Epoch: 6, time: 382.30281019210815
第6Epoch的精度为：{'acc': 0.8307604345340195, 'pur': 0.8307604345340195, 'nmi': 0.7955339241726703, 'ari': 0.7155862696634157}
Epoch: 7, time: 400.0716142654419
第7Epoch的精度为：{'acc': 0.8290451686678102, 'pur': 0.8290451686678102, 'nmi': 0.7922311867318468, 'ari': 0.7113805545086849}
Epoch: 8, time: 383.5708632469177
第8Epoch的精度为：{'acc': 0.8299028016009148, 'pur': 0.8299028016009148, 'nmi': 0.7929246538280759, 'ari': 0.7126816539161451}
Epoch: 9, time: 426.4031662940979
第9Epoch的精度为：{'acc': 0.8313321898227558, 'pur': 0.8313321898227558, 'nmi': 0.7947687509748076, 'ari': 0.7147308723377702}
Epoch: 10, time: 399.2165093421936
第10Epoch的精度为：{'acc': 0.834190966266438, 'pur': 0.834190966266438, 'nmi': 0.7980789576777078, 'ari': 0.7191350608771597}
Epoch: 11, time: 386.2907073497772
第11Epoch的精度为：{'acc': 0.8361921097770154, 'pur': 0.8361921097770154, 'nmi': 0.8024590153933073, 'ari': 0.7232823828784627}
Epoch: 12, time: 400.4239811897278
第12Epoch的精度为：{'acc': 0.8359062321326473, 'pur': 0.8359062321326473, 'nmi': 0.8018695189805635, 'ari': 0.7225672035712978}
Epoch: 13, time: 425.5146691799164
第13Epoch的精度为：{'acc': 0.835620354488279, 'pur': 0.835620354488279, 'nmi': 0.8008244611842699, 'ari': 0.7215768649324575}
Epoch: 14, time: 396.8559584617615
第14Epoch的精度为：{'acc': 0.8359062321326473, 'pur': 0.8359062321326473, 'nmi': 0.8000701619587527, 'ari': 0.7217560714399045}
Epoch: 15, time: 387.06313610076904
第15Epoch的精度为：{'acc': 0.835620354488279, 'pur': 0.835620354488279, 'nmi': 0.8006778788777659, 'ari': 0.721277801627008}
Epoch: 16, time: 390.17530059814453
第16Epoch的精度为：{'acc': 0.8361921097770154, 'pur': 0.8361921097770154, 'nmi': 0.802080695462382, 'ari': 0.7221496701831251}
Epoch: 17, time: 385.7230291366577
第17Epoch的精度为：{'acc': 0.8359062321326473, 'pur': 0.8359062321326473, 'nmi': 0.8017516985839767, 'ari': 0.7218574887589658}
Epoch: 18, time: 401.0556433200836
第18Epoch的精度为：{'acc': 0.8361921097770154, 'pur': 0.8361921097770154, 'nmi': 0.8023319156348612, 'ari': 0.7225076603746925}
Epoch: 19, time: 394.0467278957367
第19Epoch的精度为：{'acc': 0.8379073756432247, 'pur': 0.8379073756432247, 'nmi': 0.8060926861496854, 'ari': 0.7257091734991038}
Epoch: 20, time: 388.3726623058319
第20Epoch的精度为：{'acc': 0.8370497427101201, 'pur': 0.8370497427101201, 'nmi': 0.8056839508971217, 'ari': 0.7244828939012722}
Epoch: 21, time: 398.28603744506836
第21Epoch的精度为：{'acc': 0.8370497427101201, 'pur': 0.8370497427101201, 'nmi': 0.8063991083531665, 'ari': 0.7247290070995687}
Epoch: 22, time: 418.0706105232239
第22Epoch的精度为：{'acc': 0.8376214979988564, 'pur': 0.8376214979988564, 'nmi': 0.8069225989783915, 'ari': 0.7256663290605071}
Epoch: 23, time: 400.57057332992554
第23Epoch的精度为：{'acc': 0.8370497427101201, 'pur': 0.8370497427101201, 'nmi': 0.8059767089642872, 'ari': 0.7247803263909939}
Epoch: 24, time: 380.28502106666565
第24Epoch的精度为：{'acc': 0.8367638650657518, 'pur': 0.8367638650657518, 'nmi': 0.805531161809433, 'ari': 0.724122856068697}
Epoch: 25, time: 398.5523099899292
第25Epoch的精度为：{'acc': 0.8370497427101201, 'pur': 0.8370497427101201, 'nmi': 0.8061177120976933, 'ari': 0.7246057147041454}
Epoch: 26, time: 388.5123403072357
第26Epoch的精度为：{'acc': 0.8364779874213837, 'pur': 0.8364779874213837, 'nmi': 0.804554360862744, 'ari': 0.7231400807642716}
Epoch: 27, time: 386.5896179676056
第27Epoch的精度为：{'acc': 0.8502001143510578, 'pur': 0.8502001143510578, 'nmi': 0.813972595262473, 'ari': 0.738549900174962}
Epoch: 28, time: 410.4934096336365
第28Epoch的精度为：{'acc': 0.8361921097770154, 'pur': 0.8361921097770154, 'nmi': 0.8049667247180963, 'ari': 0.7229527425110829}
Epoch: 29, time: 385.4478340148926
第29Epoch的精度为：{'acc': 0.8484848484848485, 'pur': 0.8484848484848485, 'nmi': 0.8123141996804788, 'ari': 0.737041528925985}
Epoch: 30, time: 410.2246153354645
第30Epoch的精度为：{'acc': 0.8361921097770154, 'pur': 0.8361921097770154, 'nmi': 0.8048597254490211, 'ari': 0.7232288584017017}
最终精度为：{'acc': 0.8353344768439108, 'pur': 0.8353344768439108, 'nmi': 0.8004176144883096, 'ari': 0.7157820333263145}
==================================================
 
 
