PhonemeSpectra
Epoch: 1, time: 190.00830936431885
第1Epoch的精度为：{'acc': 0.11243662391887861, 'pur': 0.12227855651655234, 'nmi': 0.17192369933135868, 'ari': 0.026932034421300963}
Epoch: 2, time: 184.86809372901917
第2Epoch的精度为：{'acc': 0.11392782582761705, 'pur': 0.12287503728004771, 'nmi': 0.1714756137090254, 'ari': 0.02605967604566728}
Epoch: 3, time: 177.00533080101013
第3Epoch的精度为：{'acc': 0.11780495079033701, 'pur': 0.12794512376975842, 'nmi': 0.17861301925603176, 'ari': 0.028871146984317853}
Epoch: 4, time: 176.0414798259735
第4Epoch的精度为：{'acc': 0.11691022964509394, 'pur': 0.13033104682373994, 'nmi': 0.19656129113255774, 'ari': 0.03174232441086008}
Epoch: 5, time: 177.7374873161316
第5Epoch的精度为：{'acc': 0.12376975842529078, 'pur': 0.13659409484044138, 'nmi': 0.19460078211994047, 'ari': 0.03248262823787553}
Epoch: 6, time: 183.08852434158325
第6Epoch的精度为：{'acc': 0.1306292872054876, 'pur': 0.1392782582761706, 'nmi': 0.20186610939765098, 'ari': 0.03483380072357354}
Epoch: 7, time: 180.35092449188232
第7Epoch的精度为：{'acc': 0.1258574410975246, 'pur': 0.13868177751267521, 'nmi': 0.20594405896330725, 'ari': 0.034267991484705475}
Epoch: 8, time: 177.01762199401855
第8Epoch的精度为：{'acc': 0.1258574410975246, 'pur': 0.1410677005666567, 'nmi': 0.20747973192665822, 'ari': 0.03463271443762805}
Epoch: 9, time: 178.51427292823792
第9Epoch的精度为：{'acc': 0.13569937369519833, 'pur': 0.14583954667461974, 'nmi': 0.21148813001446584, 'ari': 0.036807620787238655}
Epoch: 10, time: 191.86989617347717
第10Epoch的精度为：{'acc': 0.1282433641515061, 'pur': 0.1440501043841336, 'nmi': 0.21381567507108237, 'ari': 0.03741061082890841}
Epoch: 11, time: 179.90789556503296
第11Epoch的精度为：{'acc': 0.1306292872054876, 'pur': 0.14345362362063824, 'nmi': 0.21532271219136864, 'ari': 0.03718020649092738}
Epoch: 12, time: 180.19034218788147
第12Epoch的精度为：{'acc': 0.12436623918878616, 'pur': 0.13808529674917983, 'nmi': 0.21310407517566396, 'ari': 0.035937860552346025}
Epoch: 13, time: 180.12102150917053
第13Epoch的精度为：{'acc': 0.13480465254995527, 'pur': 0.1497166716373397, 'nmi': 0.21937916830157328, 'ari': 0.03917919578014282}
Epoch: 14, time: 178.66196751594543
第14Epoch的精度为：{'acc': 0.13420817178645988, 'pur': 0.15031315240083507, 'nmi': 0.2205607602387478, 'ari': 0.040126304443581604}
Epoch: 15, time: 179.44617795944214
第15Epoch的精度为：{'acc': 0.13808529674917983, 'pur': 0.15299731583656426, 'nmi': 0.22650737000926865, 'ari': 0.04090392513431571}
Epoch: 16, time: 174.34569311141968
第16Epoch的精度为：{'acc': 0.13510289293170294, 'pur': 0.15090963316433045, 'nmi': 0.22463432654236232, 'ari': 0.04183754860598887}
Epoch: 17, time: 215.63096594810486
第17Epoch的精度为：{'acc': 0.13689233522218908, 'pur': 0.15120787354607815, 'nmi': 0.22369398223328613, 'ari': 0.03997787554216605}
Epoch: 18, time: 187.40043663978577
第18Epoch的精度为：{'acc': 0.14285714285714285, 'pur': 0.15776916194452728, 'nmi': 0.2259591475081422, 'ari': 0.04207029227302109}
Epoch: 19, time: 198.1300082206726
第19Epoch的精度为：{'acc': 0.1419624217118998, 'pur': 0.1547867581270504, 'nmi': 0.23251248535349137, 'ari': 0.04290763546925927}
Epoch: 20, time: 180.43709206581116
第20Epoch的精度为：{'acc': 0.1422606620936475, 'pur': 0.15896212347151803, 'nmi': 0.2322139966011985, 'ari': 0.044643191060200094}
Epoch: 21, time: 180.46595740318298
第21Epoch的精度为：{'acc': 0.14673426781986282, 'pur': 0.16075156576200417, 'nmi': 0.2335824125539974, 'ari': 0.04453046203287727}
Epoch: 22, time: 178.81875109672546
第22Epoch的精度为：{'acc': 0.14345362362063824, 'pur': 0.15627796003578884, 'nmi': 0.23177519093426113, 'ari': 0.04337421228299947}
Epoch: 23, time: 181.21463704109192
第23Epoch的精度为：{'acc': 0.15031315240083507, 'pur': 0.1655234118699672, 'nmi': 0.24109668621882713, 'ari': 0.04755377125783315}
Epoch: 24, time: 176.13692212104797
第24Epoch的精度为：{'acc': 0.14255890247539516, 'pur': 0.1598568446167611, 'nmi': 0.23609034609591234, 'ari': 0.0437684204059632}
Epoch: 25, time: 172.1886534690857
第25Epoch的精度为：{'acc': 0.13599761407694602, 'pur': 0.15090963316433045, 'nmi': 0.23462919305439398, 'ari': 0.04340218356467284}
Epoch: 26, time: 179.896990776062
第26Epoch的精度为：{'acc': 0.14673426781986282, 'pur': 0.16075156576200417, 'nmi': 0.2384771385666995, 'ari': 0.045784892296118915}
Epoch: 27, time: 177.7023663520813
第27Epoch的精度为：{'acc': 0.1440501043841336, 'pur': 0.15657620041753653, 'nmi': 0.23244209717840367, 'ari': 0.04323545506725201}
Epoch: 28, time: 177.2684829235077
第28Epoch的精度为：{'acc': 0.14255890247539516, 'pur': 0.15627796003578884, 'nmi': 0.23696492381685194, 'ari': 0.04480780471270875}
Epoch: 29, time: 199.7219934463501
第29Epoch的精度为：{'acc': 0.14375186400238593, 'pur': 0.15687444079928423, 'nmi': 0.2327053873554821, 'ari': 0.04373147948860053}
Epoch: 30, time: 188.0256609916687
第30Epoch的精度为：{'acc': 0.1497166716373397, 'pur': 0.16343572919773336, 'nmi': 0.2414995565869421, 'ari': 0.04615856218188486}
最终精度为：{'acc': 0.14017297942141366, 'pur': 0.15299731583656426, 'nmi': 0.23366047005759147, 'ari': 0.04385276843822593}
==================================================
 
 
