RacketSports
Epoch: 1, time: 8.588241815567017
第1Epoch的精度为：{'acc': 0.40789473684210525, 'pur': 0.4276315789473684, 'nmi': 0.14538126137743818, 'ari': 0.08273257426207797}
Epoch: 2, time: 11.762199640274048
第2Epoch的精度为：{'acc': 0.40131578947368424, 'pur': 0.4276315789473684, 'nmi': 0.16526907067383675, 'ari': 0.09249517442755667}
Epoch: 3, time: 8.445095539093018
第3Epoch的精度为：{'acc': 0.4407894736842105, 'pur': 0.4934210526315789, 'nmi': 0.24796222124295852, 'ari': 0.18322850109454575}
Epoch: 4, time: 8.424568891525269
第4Epoch的精度为：{'acc': 0.5, 'pur': 0.5328947368421053, 'nmi': 0.34555131638217296, 'ari': 0.2559856031028686}
Epoch: 5, time: 11.253508806228638
第5Epoch的精度为：{'acc': 0.5328947368421053, 'pur': 0.5328947368421053, 'nmi': 0.36592926814271853, 'ari': 0.2845444845566443}
Epoch: 6, time: 8.44633412361145
第6Epoch的精度为：{'acc': 0.5394736842105263, 'pur': 0.5394736842105263, 'nmi': 0.40054495258301975, 'ari': 0.3058219720047738}
Epoch: 7, time: 8.377471923828125
第7Epoch的精度为：{'acc': 0.5328947368421053, 'pur': 0.5328947368421053, 'nmi': 0.37255049585622435, 'ari': 0.28768082794133576}
Epoch: 8, time: 8.387373685836792
第8Epoch的精度为：{'acc': 0.46710526315789475, 'pur': 0.48026315789473684, 'nmi': 0.3042697982542459, 'ari': 0.22150624085608586}
Epoch: 9, time: 12.274330615997314
第9Epoch的精度为：{'acc': 0.506578947368421, 'pur': 0.5394736842105263, 'nmi': 0.3808240917828163, 'ari': 0.2756915803827313}
Epoch: 10, time: 8.43847131729126
第10Epoch的精度为：{'acc': 0.5460526315789473, 'pur': 0.5460526315789473, 'nmi': 0.3883082712647377, 'ari': 0.30595445056742004}
Epoch: 11, time: 10.795740604400635
第11Epoch的精度为：{'acc': 0.5131578947368421, 'pur': 0.5526315789473685, 'nmi': 0.4646353414895866, 'ari': 0.3619731772528433}
Epoch: 12, time: 9.847046613693237
第12Epoch的精度为：{'acc': 0.5460526315789473, 'pur': 0.5460526315789473, 'nmi': 0.3883082712647377, 'ari': 0.30595445056742004}
Epoch: 13, time: 8.406306982040405
第13Epoch的精度为：{'acc': 0.5263157894736842, 'pur': 0.5592105263157895, 'nmi': 0.492027004929435, 'ari': 0.3815863141814441}
Epoch: 14, time: 12.441089630126953
第14Epoch的精度为：{'acc': 0.5460526315789473, 'pur': 0.5460526315789473, 'nmi': 0.43401359316971805, 'ari': 0.33517201318946416}
Epoch: 15, time: 10.327646970748901
第15Epoch的精度为：{'acc': 0.5197368421052632, 'pur': 0.5394736842105263, 'nmi': 0.4557190102072747, 'ari': 0.35956665396096055}
Epoch: 16, time: 10.709065675735474
第16Epoch的精度为：{'acc': 0.5197368421052632, 'pur': 0.5526315789473685, 'nmi': 0.48878033663312204, 'ari': 0.3768136287623669}
Epoch: 17, time: 10.765280485153198
第17Epoch的精度为：{'acc': 0.5197368421052632, 'pur': 0.5592105263157895, 'nmi': 0.4883376685461507, 'ari': 0.37670164922647525}
Epoch: 18, time: 10.174416542053223
第18Epoch的精度为：{'acc': 0.5394736842105263, 'pur': 0.5394736842105263, 'nmi': 0.4300879672571716, 'ari': 0.32962282145569566}
Epoch: 19, time: 8.393993377685547
第19Epoch的精度为：{'acc': 0.5197368421052632, 'pur': 0.5526315789473685, 'nmi': 0.5105498480324205, 'ari': 0.38736417351765506}
Epoch: 20, time: 8.443439245223999
第20Epoch的精度为：{'acc': 0.5131578947368421, 'pur': 0.5526315789473685, 'nmi': 0.4908855297515081, 'ari': 0.37937963186143026}
Epoch: 21, time: 10.469467163085938
第21Epoch的精度为：{'acc': 0.7697368421052632, 'pur': 0.7697368421052632, 'nmi': 0.7262389065163593, 'ari': 0.6070082786855359}
Epoch: 22, time: 10.694598913192749
第22Epoch的精度为：{'acc': 0.5460526315789473, 'pur': 0.5460526315789473, 'nmi': 0.43610195913463157, 'ari': 0.3324034471703818}
Epoch: 23, time: 8.394952297210693
第23Epoch的精度为：{'acc': 0.5197368421052632, 'pur': 0.5526315789473685, 'nmi': 0.5273400129024288, 'ari': 0.39930236247604634}
Epoch: 24, time: 11.421961069107056
第24Epoch的精度为：{'acc': 0.4934210526315789, 'pur': 0.5526315789473685, 'nmi': 0.5162572919885889, 'ari': 0.38306829754022426}
Epoch: 25, time: 8.38543152809143
第25Epoch的精度为：{'acc': 0.4934210526315789, 'pur': 0.5526315789473685, 'nmi': 0.49461152959715665, 'ari': 0.37173288877969046}
Epoch: 26, time: 8.328756093978882
第26Epoch的精度为：{'acc': 0.6513157894736842, 'pur': 0.6513157894736842, 'nmi': 0.5887789591170379, 'ari': 0.4245602154123223}
Epoch: 27, time: 13.623844385147095
第27Epoch的精度为：{'acc': 0.5197368421052632, 'pur': 0.5526315789473685, 'nmi': 0.5273400129024287, 'ari': 0.39930236247604634}
Epoch: 28, time: 10.79051661491394
第28Epoch的精度为：{'acc': 0.7763157894736842, 'pur': 0.7763157894736842, 'nmi': 0.7431781886086128, 'ari': 0.6208110103744863}
Epoch: 29, time: 10.772255659103394
第29Epoch的精度为：{'acc': 0.7763157894736842, 'pur': 0.7763157894736842, 'nmi': 0.7431781886086128, 'ari': 0.6208110103744863}
Epoch: 30, time: 8.082134008407593
第30Epoch的精度为：{'acc': 0.7763157894736842, 'pur': 0.7763157894736842, 'nmi': 0.7501022440089012, 'ari': 0.6268188199958112}
最终精度为：{'acc': 0.7763157894736842, 'pur': 0.7763157894736842, 'nmi': 0.7431781886086128, 'ari': 0.6208110103744863}
==================================================
 
 
