SelfRegulationSCP2
Epoch: 1, time: 19.715332508087158
第1Epoch的精度为：{'acc': 0.6055555555555555, 'pur': 0.6055555555555555, 'nmi': 0.039650268627769915, 'ari': 0.039925455111238635}
Epoch: 2, time: 13.01434326171875
第2Epoch的精度为：{'acc': 0.5833333333333334, 'pur': 0.5833333333333334, 'nmi': 0.02016225134162386, 'ari': 0.022321958040211982}
Epoch: 3, time: 13.896848678588867
第3Epoch的精度为：{'acc': 0.5833333333333334, 'pur': 0.5833333333333334, 'nmi': 0.02016225134162386, 'ari': 0.022321958040211982}
Epoch: 4, time: 13.050185441970825
第4Epoch的精度为：{'acc': 0.5833333333333334, 'pur': 0.5833333333333334, 'nmi': 0.02016225134162386, 'ari': 0.022321958040211982}
Epoch: 5, time: 13.533208131790161
第5Epoch的精度为：{'acc': 0.5722222222222222, 'pur': 0.5722222222222222, 'nmi': 0.015167600663527276, 'ari': 0.015380507343124166}
Epoch: 6, time: 14.115938901901245
第6Epoch的精度为：{'acc': 0.5666666666666667, 'pur': 0.5666666666666667, 'nmi': 0.012862225627813821, 'ari': 0.01225967540574282}
Epoch: 7, time: 13.837195873260498
第7Epoch的精度为：{'acc': 0.5722222222222222, 'pur': 0.5722222222222222, 'nmi': 0.015105684946757295, 'ari': 0.01536411751691114}
Epoch: 8, time: 12.82634449005127
第8Epoch的精度为：{'acc': 0.5222222222222223, 'pur': 0.5222222222222223, 'nmi': 0.001506733491844766, 'ari': -0.00340608713259054}
Epoch: 9, time: 17.00066065788269
第9Epoch的精度为：{'acc': 0.5666666666666667, 'pur': 0.5666666666666667, 'nmi': 0.012862225627813821, 'ari': 0.01225967540574282}
Epoch: 10, time: 13.688114881515503
第10Epoch的精度为：{'acc': 0.5555555555555556, 'pur': 0.5555555555555556, 'nmi': 0.00892998582090268, 'ari': 0.006799814676613464}
Epoch: 11, time: 17.38541078567505
第11Epoch的精度为：{'acc': 0.5555555555555556, 'pur': 0.5555555555555556, 'nmi': 0.00892998582090268, 'ari': 0.006799814676613464}
Epoch: 12, time: 13.094955921173096
第12Epoch的精度为：{'acc': 0.5444444444444444, 'pur': 0.5444444444444444, 'nmi': 0.00572251438692151, 'ari': 0.0023387172843136713}
Epoch: 13, time: 17.169962406158447
第13Epoch的精度为：{'acc': 0.5777777777777777, 'pur': 0.5777777777777777, 'nmi': 0.01771897794411096, 'ari': 0.01875905078426259}
Epoch: 14, time: 12.76940631866455
第14Epoch的精度为：{'acc': 0.5611111111111111, 'pur': 0.5611111111111111, 'nmi': 0.01080450692178463, 'ari': 0.009404904005476484}
Epoch: 15, time: 13.51311993598938
第15Epoch的精度为：{'acc': 0.5611111111111111, 'pur': 0.5611111111111111, 'nmi': 0.01080450692178463, 'ari': 0.009404904005476484}
Epoch: 16, time: 19.23355221748352
第16Epoch的精度为：{'acc': 0.5666666666666667, 'pur': 0.5666666666666667, 'nmi': 0.012941278956244398, 'ari': 0.0122843374697261}
Epoch: 17, time: 13.388803243637085
第17Epoch的精度为：{'acc': 0.5666666666666667, 'pur': 0.5666666666666667, 'nmi': 0.012941278956244398, 'ari': 0.0122843374697261}
Epoch: 18, time: 14.86252737045288
第18Epoch的精度为：{'acc': 0.5666666666666667, 'pur': 0.5666666666666667, 'nmi': 0.012941278956244398, 'ari': 0.0122843374697261}
Epoch: 19, time: 13.402784585952759
第19Epoch的精度为：{'acc': 0.5666666666666667, 'pur': 0.5666666666666667, 'nmi': 0.012941278956244398, 'ari': 0.0122843374697261}
Epoch: 20, time: 13.1858389377594
第20Epoch的精度为：{'acc': 0.5666666666666667, 'pur': 0.5666666666666667, 'nmi': 0.012941278956244398, 'ari': 0.0122843374697261}
Epoch: 21, time: 14.951124906539917
第21Epoch的精度为：{'acc': 0.5722222222222222, 'pur': 0.5722222222222222, 'nmi': 0.015229947179078935, 'ari': 0.01539689662371025}
Epoch: 22, time: 13.207866430282593
第22Epoch的精度为：{'acc': 0.5722222222222222, 'pur': 0.5722222222222222, 'nmi': 0.015229947179078935, 'ari': 0.01539689662371025}
Epoch: 23, time: 13.066259145736694
第23Epoch的精度为：{'acc': 0.5722222222222222, 'pur': 0.5722222222222222, 'nmi': 0.015229947179078935, 'ari': 0.01539689662371025}
Epoch: 24, time: 15.13442873954773
第24Epoch的精度为：{'acc': 0.5722222222222222, 'pur': 0.5722222222222222, 'nmi': 0.015229947179078935, 'ari': 0.01539689662371025}
Epoch: 25, time: 13.490638494491577
第25Epoch的精度为：{'acc': 0.5722222222222222, 'pur': 0.5722222222222222, 'nmi': 0.015229947179078935, 'ari': 0.01539689662371025}
Epoch: 26, time: 13.53248381614685
第26Epoch的精度为：{'acc': 0.5722222222222222, 'pur': 0.5722222222222222, 'nmi': 0.015229947179078935, 'ari': 0.01539689662371025}
Epoch: 27, time: 13.192423343658447
第27Epoch的精度为：{'acc': 0.5666666666666667, 'pur': 0.5666666666666667, 'nmi': 0.012941278956244398, 'ari': 0.0122843374697261}
Epoch: 28, time: 16.63013005256653
第28Epoch的精度为：{'acc': 0.5722222222222222, 'pur': 0.5722222222222222, 'nmi': 0.015229947179078935, 'ari': 0.01539689662371025}
Epoch: 29, time: 13.505029201507568
第29Epoch的精度为：{'acc': 0.5722222222222222, 'pur': 0.5722222222222222, 'nmi': 0.015229947179078935, 'ari': 0.01539689662371025}
Epoch: 30, time: 13.736563205718994
第30Epoch的精度为：{'acc': 0.5722222222222222, 'pur': 0.5722222222222222, 'nmi': 0.015229947179078935, 'ari': 0.01539689662371025}
最终精度为：{'acc': 0.5722222222222222, 'pur': 0.5722222222222222, 'nmi': 0.015229947179078935, 'ari': 0.01539689662371025}
==================================================
 
 
