SelfRegulationSCP1
Epoch: 1, time: 16.759280920028687
第1Epoch的精度为：{'acc': 0.7030716723549488, 'pur': 0.7030716723549488, 'nmi': 0.1651059466201324, 'ari': 0.16258827184139024}
Epoch: 2, time: 19.23943018913269
第2Epoch的精度为：{'acc': 0.8054607508532423, 'pur': 0.8054607508532423, 'nmi': 0.3055116766190799, 'ari': 0.37113649120534103}
Epoch: 3, time: 16.997533321380615
第3Epoch的精度为：{'acc': 0.8156996587030717, 'pur': 0.8156996587030717, 'nmi': 0.3159964529071307, 'ari': 0.3966189222024683}
Epoch: 4, time: 19.471323490142822
第4Epoch的精度为：{'acc': 0.8327645051194539, 'pur': 0.8327645051194539, 'nmi': 0.35020759500760024, 'ari': 0.44101956929675634}
Epoch: 5, time: 17.03203535079956
第5Epoch的精度为：{'acc': 0.8532423208191127, 'pur': 0.8532423208191127, 'nmi': 0.40036312252759026, 'ari': 0.4974027221552571}
Epoch: 6, time: 16.80707883834839
第6Epoch的精度为：{'acc': 0.856655290102389, 'pur': 0.856655290102389, 'nmi': 0.4132784499408386, 'ari': 0.507134473138498}
Epoch: 7, time: 19.39017105102539
第7Epoch的精度为：{'acc': 0.8532423208191127, 'pur': 0.8532423208191127, 'nmi': 0.40538219084092425, 'ari': 0.4974118645744576}
Epoch: 8, time: 16.462165117263794
第8Epoch的精度为：{'acc': 0.8532423208191127, 'pur': 0.8532423208191127, 'nmi': 0.40036312252759026, 'ari': 0.4974027221552571}
Epoch: 9, time: 23.355940580368042
第9Epoch的精度为：{'acc': 0.8498293515358362, 'pur': 0.8498293515358362, 'nmi': 0.39117581223732545, 'ari': 0.4877705748935604}
Epoch: 10, time: 17.085609436035156
第10Epoch的精度为：{'acc': 0.8498293515358362, 'pur': 0.8498293515358362, 'nmi': 0.39117581223732545, 'ari': 0.4877705748935604}
Epoch: 11, time: 18.247090339660645
第11Epoch的精度为：{'acc': 0.8498293515358362, 'pur': 0.8498293515358362, 'nmi': 0.39117581223732545, 'ari': 0.4877705748935604}
Epoch: 12, time: 16.563289403915405
第12Epoch的精度为：{'acc': 0.8532423208191127, 'pur': 0.8532423208191127, 'nmi': 0.40036312252759026, 'ari': 0.4974027221552571}
Epoch: 13, time: 22.66279697418213
第13Epoch的精度为：{'acc': 0.856655290102389, 'pur': 0.856655290102389, 'nmi': 0.4086151156858174, 'ari': 0.5071264513077687}
Epoch: 14, time: 17.015904188156128
第14Epoch的精度为：{'acc': 0.856655290102389, 'pur': 0.856655290102389, 'nmi': 0.4086151156858174, 'ari': 0.5071264513077687}
Epoch: 15, time: 16.774106740951538
第15Epoch的精度为：{'acc': 0.863481228668942, 'pur': 0.863481228668942, 'nmi': 0.42569460006459536, 'ari': 0.5268549953438023}
Epoch: 16, time: 21.792112112045288
第16Epoch的精度为：{'acc': 0.8668941979522184, 'pur': 0.8668941979522184, 'nmi': 0.4353037304663131, 'ari': 0.5368608267788153}
Epoch: 17, time: 16.82600474357605
第17Epoch的精度为：{'acc': 0.863481228668942, 'pur': 0.863481228668942, 'nmi': 0.42661211539369825, 'ari': 0.526856354319353}
Epoch: 18, time: 18.51618003845215
第18Epoch的精度为：{'acc': 0.863481228668942, 'pur': 0.863481228668942, 'nmi': 0.42661211539369825, 'ari': 0.526856354319353}
Epoch: 19, time: 17.895198583602905
第19Epoch的精度为：{'acc': 0.8464163822525598, 'pur': 0.8464163822525598, 'nmi': 0.387827846193722, 'ari': 0.47824338685125084}
Epoch: 20, time: 16.852726221084595
第20Epoch的精度为：{'acc': 0.8464163822525598, 'pur': 0.8464163822525598, 'nmi': 0.387827846193722, 'ari': 0.47824338685125084}
Epoch: 21, time: 19.98548674583435
第21Epoch的精度为：{'acc': 0.8464163822525598, 'pur': 0.8464163822525598, 'nmi': 0.387827846193722, 'ari': 0.47824338685125084}
Epoch: 22, time: 16.74348545074463
第22Epoch的精度为：{'acc': 0.863481228668942, 'pur': 0.863481228668942, 'nmi': 0.4279006650425058, 'ari': 0.5268583172702554}
Epoch: 23, time: 18.9394109249115
第23Epoch的精度为：{'acc': 0.863481228668942, 'pur': 0.863481228668942, 'nmi': 0.4279006650425058, 'ari': 0.5268583172702554}
Epoch: 24, time: 18.479265451431274
第24Epoch的精度为：{'acc': 0.8430034129692833, 'pur': 0.8430034129692833, 'nmi': 0.3802931858473471, 'ari': 0.46880160891361633}
Epoch: 25, time: 16.706421375274658
第25Epoch的精度为：{'acc': 0.8430034129692833, 'pur': 0.8430034129692833, 'nmi': 0.3802931858473471, 'ari': 0.46880160891361633}
Epoch: 26, time: 16.55783176422119
第26Epoch的精度为：{'acc': 0.8395904436860068, 'pur': 0.8395904436860068, 'nmi': 0.37290352152715034, 'ari': 0.4594535858131829}
Epoch: 27, time: 20.091639280319214
第27Epoch的精度为：{'acc': 0.863481228668942, 'pur': 0.863481228668942, 'nmi': 0.4279006650425058, 'ari': 0.5268583172702554}
Epoch: 28, time: 17.10964274406433
第28Epoch的精度为：{'acc': 0.8395904436860068, 'pur': 0.8395904436860068, 'nmi': 0.37290352152715045, 'ari': 0.4594535858131829}
Epoch: 29, time: 17.043787956237793
第29Epoch的精度为：{'acc': 0.863481228668942, 'pur': 0.863481228668942, 'nmi': 0.4279006650425058, 'ari': 0.5268583172702554}
Epoch: 30, time: 16.871482372283936
第30Epoch的精度为：{'acc': 0.8395904436860068, 'pur': 0.8395904436860068, 'nmi': 0.37290352152715034, 'ari': 0.4594535858131829}
最终精度为：{'acc': 0.8395904436860068, 'pur': 0.8395904436860068, 'nmi': 0.37290352152715034, 'ari': 0.4594535858131829}
==================================================
 
 
