SpokenArabicDigits
Epoch: 1, time: 344.5173909664154
第1Epoch的精度为：{'acc': 0.4297407912687585, 'pur': 0.49113233287858116, 'nmi': 0.4089300504290015, 'ari': 0.25725766379016235}
Epoch: 2, time: 389.6617269515991
第2Epoch的精度为：{'acc': 0.38699408822191905, 'pur': 0.440200090950432, 'nmi': 0.3565770345687716, 'ari': 0.21215520971938473}
Epoch: 3, time: 375.9710988998413
第3Epoch的精度为：{'acc': 0.3442473851750796, 'pur': 0.39290586630286495, 'nmi': 0.29624467839961505, 'ari': 0.17040157996748667}
Epoch: 4, time: 372.0993354320526
第4Epoch的精度为：{'acc': 0.3360618462937699, 'pur': 0.3856298317417008, 'nmi': 0.287850802554982, 'ari': 0.16344036584341878}
Epoch: 5, time: 376.5952501296997
第5Epoch的精度为：{'acc': 0.3483401546157344, 'pur': 0.3874488403819918, 'nmi': 0.28448545399838554, 'ari': 0.16498737448257528}
Epoch: 6, time: 351.7480044364929
第6Epoch的精度为：{'acc': 0.3597089586175534, 'pur': 0.4106412005457026, 'nmi': 0.3025625626976588, 'ari': 0.1792060469515607}
Epoch: 7, time: 351.4750084877014
第7Epoch的精度为：{'acc': 0.39608913142337426, 'pur': 0.42701227830832195, 'nmi': 0.3236401035024971, 'ari': 0.1976449150946221}
Epoch: 8, time: 382.22183322906494
第8Epoch的精度为：{'acc': 0.34106412005457026, 'pur': 0.38017280582082763, 'nmi': 0.2826567554813507, 'ari': 0.16383280962563215}
Epoch: 9, time: 349.65888261795044
第9Epoch的精度为：{'acc': 0.3556161891768986, 'pur': 0.3910868576625739, 'nmi': 0.30829235120269277, 'ari': 0.17998422840634562}
Epoch: 10, time: 346.7820472717285
第10Epoch的精度为：{'acc': 0.3442473851750796, 'pur': 0.3824465666211915, 'nmi': 0.29149839713207026, 'ari': 0.1670559668823164}
Epoch: 11, time: 372.26580333709717
第11Epoch的精度为：{'acc': 0.3451568894952251, 'pur': 0.37517053206002726, 'nmi': 0.2759321288061282, 'ari': 0.15915826238406997}
Epoch: 12, time: 352.7810220718384
第12Epoch的精度为：{'acc': 0.330150068212824, 'pur': 0.3829013187812642, 'nmi': 0.2706790630195082, 'ari': 0.15422967134740337}
Epoch: 13, time: 366.0903584957123
第13Epoch的精度为：{'acc': 0.3601637107776262, 'pur': 0.38926784902228284, 'nmi': 0.30055877303927, 'ari': 0.17937941819431993}
Epoch: 14, time: 350.7418854236603
第14Epoch的精度为：{'acc': 0.35743519781718963, 'pur': 0.4051841746248295, 'nmi': 0.29881743364903085, 'ari': 0.17780775567127}
Epoch: 15, time: 353.0577051639557
第15Epoch的精度为：{'acc': 0.3224192814915871, 'pur': 0.3683492496589359, 'nmi': 0.26369354531054745, 'ari': 0.1450874734068463}
Epoch: 16, time: 351.56056213378906
第16Epoch的精度为：{'acc': 0.31105047748976805, 'pur': 0.3556161891768986, 'nmi': 0.25742136860481013, 'ari': 0.14001721833951394}
Epoch: 17, time: 353.1163709163666
第17Epoch的精度为：{'acc': 0.3442473851750796, 'pur': 0.38699408822191905, 'nmi': 0.2906991202761579, 'ari': 0.16494990783722302}
Epoch: 18, time: 378.85649371147156
第18Epoch的精度为：{'acc': 0.3246930422919509, 'pur': 0.3633469758981355, 'nmi': 0.25293981034848106, 'ari': 0.13955655414714208}
Epoch: 19, time: 355.35514974594116
第19Epoch的精度为：{'acc': 0.33560709413369716, 'pur': 0.3829013187812642, 'nmi': 0.2947239193291131, 'ari': 0.16726542889619025}
Epoch: 20, time: 353.5239591598511
第20Epoch的精度为：{'acc': 0.33742610277398816, 'pur': 0.37198726693951795, 'nmi': 0.26531331473233255, 'ari': 0.1516814610051867}
Epoch: 21, time: 350.25105357170105
第21Epoch的精度为：{'acc': 0.3119599818099136, 'pur': 0.351068667576171, 'nmi': 0.24879794718936665, 'ari': 0.13454471359733156}
Epoch: 22, time: 355.6402893066406
第22Epoch的精度为：{'acc': 0.330150068212824, 'pur': 0.3651659845384266, 'nmi': 0.24303390767741898, 'ari': 0.13742687159047043}
Epoch: 23, time: 389.3266592025757
第23Epoch的精度为：{'acc': 0.3101409731696226, 'pur': 0.3392451114142792, 'nmi': 0.24067564830940355, 'ari': 0.1284937792274741}
Epoch: 24, time: 378.55502367019653
第24Epoch的精度为：{'acc': 0.3242382901318781, 'pur': 0.35516143701682584, 'nmi': 0.2476832186791172, 'ari': 0.13888070676386768}
Epoch: 25, time: 341.9450957775116
第25Epoch的精度为：{'acc': 0.3224192814915871, 'pur': 0.36380172805820826, 'nmi': 0.2520065233821853, 'ari': 0.13974648824361136}
Epoch: 26, time: 348.82428097724915
第26Epoch的精度为：{'acc': 0.32514779445202363, 'pur': 0.3619827194179172, 'nmi': 0.24685242845372346, 'ari': 0.13986198490493765}
Epoch: 27, time: 371.5984888076782
第27Epoch的精度为：{'acc': 0.3246930422919509, 'pur': 0.34606639381537063, 'nmi': 0.23703683537276457, 'ari': 0.13664515689134782}
Epoch: 28, time: 354.9811472892761
第28Epoch的精度为：{'acc': 0.3051386994088222, 'pur': 0.33424283765347884, 'nmi': 0.2280524727468967, 'ari': 0.11953490125437256}
Epoch: 29, time: 374.8759343624115
第29Epoch的精度为：{'acc': 0.3051386994088222, 'pur': 0.32378353797180537, 'nmi': 0.21359137987624008, 'ari': 0.11429054957614482}
Epoch: 30, time: 385.2042307853699
第30Epoch的精度为：{'acc': 0.339699863574352, 'pur': 0.3542519326966803, 'nmi': 0.2498090093769214, 'ari': 0.1414831369513324}
最终精度为：{'acc': 0.32969531605275126, 'pur': 0.3497044110959527, 'nmi': 0.2278922962836519, 'ari': 0.12650661433259722}
==================================================
 
 
