StandWalkJump
Epoch: 1, time: 1.6633999347686768
第1Epoch的精度为：{'acc': 0.4, 'pur': 0.4666666666666667, 'nmi': 0.21258643271272062, 'ari': 0.02252252252252252}
Epoch: 2, time: 1.3400073051452637
第2Epoch的精度为：{'acc': 0.4, 'pur': 0.4666666666666667, 'nmi': 0.21258643271272062, 'ari': 0.02252252252252252}
Epoch: 3, time: 1.5205657482147217
第3Epoch的精度为：{'acc': 0.4, 'pur': 0.4666666666666667, 'nmi': 0.21258643271272062, 'ari': 0.02252252252252252}
Epoch: 4, time: 1.2429945468902588
第4Epoch的精度为：{'acc': 0.4, 'pur': 0.4666666666666667, 'nmi': 0.21258643271272062, 'ari': 0.02252252252252252}
Epoch: 5, time: 1.5844900608062744
第5Epoch的精度为：{'acc': 0.4, 'pur': 0.4666666666666667, 'nmi': 0.21258643271272062, 'ari': 0.02252252252252252}
Epoch: 6, time: 1.510082483291626
第6Epoch的精度为：{'acc': 0.4, 'pur': 0.4666666666666667, 'nmi': 0.21258643271272062, 'ari': 0.02252252252252252}
Epoch: 7, time: 1.5402357578277588
第7Epoch的精度为：{'acc': 0.4, 'pur': 0.4666666666666667, 'nmi': 0.21258643271272062, 'ari': 0.02252252252252252}
Epoch: 8, time: 1.5147504806518555
第8Epoch的精度为：{'acc': 0.4, 'pur': 0.4666666666666667, 'nmi': 0.21258643271272062, 'ari': 0.02252252252252252}
Epoch: 9, time: 1.4637947082519531
第9Epoch的精度为：{'acc': 0.4, 'pur': 0.4666666666666667, 'nmi': 0.21258643271272062, 'ari': 0.02252252252252252}
Epoch: 10, time: 1.3318142890930176
第10Epoch的精度为：{'acc': 0.4, 'pur': 0.4666666666666667, 'nmi': 0.21258643271272062, 'ari': 0.02252252252252252}
Epoch: 11, time: 1.6180267333984375
第11Epoch的精度为：{'acc': 0.4, 'pur': 0.4666666666666667, 'nmi': 0.21258643271272062, 'ari': 0.02252252252252252}
Epoch: 12, time: 1.3716881275177002
第12Epoch的精度为：{'acc': 0.4, 'pur': 0.4666666666666667, 'nmi': 0.21258643271272062, 'ari': 0.02252252252252252}
Epoch: 13, time: 1.334029197692871
第13Epoch的精度为：{'acc': 0.4, 'pur': 0.4666666666666667, 'nmi': 0.21258643271272062, 'ari': 0.02252252252252252}
Epoch: 14, time: 1.1523213386535645
第14Epoch的精度为：{'acc': 0.4, 'pur': 0.4666666666666667, 'nmi': 0.21258643271272062, 'ari': 0.02252252252252252}
Epoch: 15, time: 1.589514970779419
第15Epoch的精度为：{'acc': 0.4, 'pur': 0.4666666666666667, 'nmi': 0.21258643271272062, 'ari': 0.02252252252252252}
Epoch: 16, time: 1.366990566253662
第16Epoch的精度为：{'acc': 0.4, 'pur': 0.4666666666666667, 'nmi': 0.21258643271272062, 'ari': 0.02252252252252252}
Epoch: 17, time: 1.4755573272705078
第17Epoch的精度为：{'acc': 0.4, 'pur': 0.4666666666666667, 'nmi': 0.21258643271272062, 'ari': 0.02252252252252252}
Epoch: 18, time: 1.467442274093628
第18Epoch的精度为：{'acc': 0.4, 'pur': 0.4666666666666667, 'nmi': 0.21258643271272062, 'ari': 0.02252252252252252}
Epoch: 19, time: 1.2669775485992432
第19Epoch的精度为：{'acc': 0.4, 'pur': 0.4666666666666667, 'nmi': 0.21258643271272062, 'ari': 0.02252252252252252}
Epoch: 20, time: 1.5769402980804443
第20Epoch的精度为：{'acc': 0.4, 'pur': 0.4666666666666667, 'nmi': 0.21258643271272062, 'ari': 0.02252252252252252}
Epoch: 21, time: 1.207423210144043
第21Epoch的精度为：{'acc': 0.4, 'pur': 0.4666666666666667, 'nmi': 0.21258643271272062, 'ari': 0.02252252252252252}
Epoch: 22, time: 1.328592300415039
第22Epoch的精度为：{'acc': 0.4, 'pur': 0.4666666666666667, 'nmi': 0.21258643271272062, 'ari': 0.02252252252252252}
Epoch: 23, time: 1.6996943950653076
第23Epoch的精度为：{'acc': 0.4, 'pur': 0.4666666666666667, 'nmi': 0.21258643271272062, 'ari': 0.02252252252252252}
Epoch: 24, time: 1.5544171333312988
第24Epoch的精度为：{'acc': 0.4, 'pur': 0.4666666666666667, 'nmi': 0.21258643271272062, 'ari': 0.02252252252252252}
Epoch: 25, time: 1.3645265102386475
第25Epoch的精度为：{'acc': 0.4, 'pur': 0.4666666666666667, 'nmi': 0.21258643271272062, 'ari': 0.02252252252252252}
Epoch: 26, time: 1.6189239025115967
第26Epoch的精度为：{'acc': 0.4, 'pur': 0.4666666666666667, 'nmi': 0.21258643271272062, 'ari': 0.02252252252252252}
Epoch: 27, time: 1.4077441692352295
第27Epoch的精度为：{'acc': 0.4, 'pur': 0.4666666666666667, 'nmi': 0.21258643271272062, 'ari': 0.02252252252252252}
Epoch: 28, time: 1.5184502601623535
第28Epoch的精度为：{'acc': 0.4, 'pur': 0.4666666666666667, 'nmi': 0.21258643271272062, 'ari': 0.02252252252252252}
Epoch: 29, time: 1.6264615058898926
第29Epoch的精度为：{'acc': 0.4, 'pur': 0.4666666666666667, 'nmi': 0.21258643271272062, 'ari': 0.02252252252252252}
Epoch: 30, time: 1.5230681896209717
第30Epoch的精度为：{'acc': 0.4, 'pur': 0.4666666666666667, 'nmi': 0.21258643271272062, 'ari': 0.02252252252252252}
最终精度为：{'acc': 0.4, 'pur': 0.4666666666666667, 'nmi': 0.21258643271272062, 'ari': 0.02252252252252252}
==================================================
 
 
