UWaveGestureLibrary
Epoch: 1, time: 8.666002035140991
第1Epoch的精度为：{'acc': 0.453125, 'pur': 0.459375, 'nmi': 0.3078153663872677, 'ari': 0.2052844431751931}
Epoch: 2, time: 8.665605068206787
第2Epoch的精度为：{'acc': 0.459375, 'pur': 0.46875, 'nmi': 0.33829214081307235, 'ari': 0.2308201719345762}
Epoch: 3, time: 9.204063653945923
第3Epoch的精度为：{'acc': 0.559375, 'pur': 0.56875, 'nmi': 0.4328486227521285, 'ari': 0.3240873577759758}
Epoch: 4, time: 8.83276104927063
第4Epoch的精度为：{'acc': 0.603125, 'pur': 0.6125, 'nmi': 0.4731142594160387, 'ari': 0.36473907230807456}
Epoch: 5, time: 8.876338005065918
第5Epoch的精度为：{'acc': 0.60625, 'pur': 0.6375, 'nmi': 0.5361596830822621, 'ari': 0.425692589946953}
Epoch: 6, time: 9.203956127166748
第6Epoch的精度为：{'acc': 0.725, 'pur': 0.725, 'nmi': 0.6260529340845032, 'ari': 0.5339993154398602}
Epoch: 7, time: 8.896744012832642
第7Epoch的精度为：{'acc': 0.684375, 'pur': 0.684375, 'nmi': 0.5631988900215487, 'ari': 0.4645894986700488}
Epoch: 8, time: 8.893320560455322
第8Epoch的精度为：{'acc': 0.665625, 'pur': 0.665625, 'nmi': 0.5342519952596718, 'ari': 0.4413776294636821}
Epoch: 9, time: 8.59269380569458
第9Epoch的精度为：{'acc': 0.63125, 'pur': 0.65, 'nmi': 0.5611240598280468, 'ari': 0.4352277370050609}
Epoch: 10, time: 8.843388557434082
第10Epoch的精度为：{'acc': 0.66875, 'pur': 0.66875, 'nmi': 0.5510966822010877, 'ari': 0.44369802760795596}
Epoch: 11, time: 9.059788703918457
第11Epoch的精度为：{'acc': 0.6625, 'pur': 0.6625, 'nmi': 0.5473968856224607, 'ari': 0.44316492438243416}
Epoch: 12, time: 8.877691268920898
第12Epoch的精度为：{'acc': 0.671875, 'pur': 0.671875, 'nmi': 0.5606400293058732, 'ari': 0.45536491215332436}
Epoch: 13, time: 8.448374509811401
第13Epoch的精度为：{'acc': 0.5875, 'pur': 0.628125, 'nmi': 0.5293320783897234, 'ari': 0.3999317064574454}
Epoch: 14, time: 9.051518678665161
第14Epoch的精度为：{'acc': 0.603125, 'pur': 0.6375, 'nmi': 0.5353492371353343, 'ari': 0.42144606568643794}
Epoch: 15, time: 8.839329719543457
第15Epoch的精度为：{'acc': 0.678125, 'pur': 0.678125, 'nmi': 0.5414255775226939, 'ari': 0.45715950505749775}
Epoch: 16, time: 9.309481382369995
第16Epoch的精度为：{'acc': 0.596875, 'pur': 0.634375, 'nmi': 0.5334904663796249, 'ari': 0.4201094904330613}
Epoch: 17, time: 8.862931489944458
第17Epoch的精度为：{'acc': 0.7, 'pur': 0.7, 'nmi': 0.5771810615557332, 'ari': 0.47657516391761445}
Epoch: 18, time: 9.018166303634644
第18Epoch的精度为：{'acc': 0.696875, 'pur': 0.696875, 'nmi': 0.6006175564151471, 'ari': 0.4963341888471129}
Epoch: 19, time: 9.126896858215332
第19Epoch的精度为：{'acc': 0.596875, 'pur': 0.621875, 'nmi': 0.5423335758977901, 'ari': 0.4148451460964035}
Epoch: 20, time: 9.41334342956543
第20Epoch的精度为：{'acc': 0.60625, 'pur': 0.634375, 'nmi': 0.5414519670410264, 'ari': 0.4224889782134234}
Epoch: 21, time: 8.830403089523315
第21Epoch的精度为：{'acc': 0.59375, 'pur': 0.625, 'nmi': 0.5235776414925893, 'ari': 0.40852769328673}
Epoch: 22, time: 9.119857788085938
第22Epoch的精度为：{'acc': 0.640625, 'pur': 0.640625, 'nmi': 0.5290916685977145, 'ari': 0.423764746631568}
Epoch: 23, time: 8.905897855758667
第23Epoch的精度为：{'acc': 0.58125, 'pur': 0.615625, 'nmi': 0.5261928959225477, 'ari': 0.4036110976412317}
Epoch: 24, time: 8.513852834701538
第24Epoch的精度为：{'acc': 0.5875, 'pur': 0.590625, 'nmi': 0.5168810202041538, 'ari': 0.40752926897733777}
Epoch: 25, time: 11.015549659729004
第25Epoch的精度为：{'acc': 0.584375, 'pur': 0.5875, 'nmi': 0.5062587937381504, 'ari': 0.39553076316476793}
Epoch: 26, time: 10.745575904846191
第26Epoch的精度为：{'acc': 0.5875, 'pur': 0.590625, 'nmi': 0.5023614383580165, 'ari': 0.3921511559702318}
Epoch: 27, time: 8.693053483963013
第27Epoch的精度为：{'acc': 0.6125, 'pur': 0.61875, 'nmi': 0.5389769008379626, 'ari': 0.42766968466159955}
Epoch: 28, time: 9.021461963653564
第28Epoch的精度为：{'acc': 0.634375, 'pur': 0.634375, 'nmi': 0.5120676776494671, 'ari': 0.4125674383750607}
Epoch: 29, time: 9.088319301605225
第29Epoch的精度为：{'acc': 0.525, 'pur': 0.55625, 'nmi': 0.48835652429233006, 'ari': 0.34654531499693564}
Epoch: 30, time: 10.92904257774353
第30Epoch的精度为：{'acc': 0.6125, 'pur': 0.615625, 'nmi': 0.5273773526511889, 'ari': 0.4212513175849587}
最终精度为：{'acc': 0.59375, 'pur': 0.596875, 'nmi': 0.5285874802527007, 'ari': 0.40882260426391603}
==================================================
 
 
