Epoch: 1, time: 2.7875545024871826
第1Epoch的精度为：{'acc': 0.3, 'pur': 0.3, 'nmi': 0.13301298480194373, 'ari': -0.010441138084051161}
Epoch: 2, time: 1.9496221542358398
第2Epoch的精度为：{'acc': 0.3, 'pur': 0.32, 'nmi': 0.16309561965646702, 'ari': -0.004045941007569825}
Epoch: 3, time: 2.3650197982788086
第3Epoch的精度为：{'acc': 0.26, 'pur': 0.26, 'nmi': 0.11689509147763892, 'ari': -0.011707710940654016}
Epoch: 4, time: 2.360550880432129
第4Epoch的精度为：{'acc': 0.26, 'pur': 0.28, 'nmi': 0.0933552555450951, 'ari': -0.013609145345672292}
Epoch: 5, time: 1.9086260795593262
第5Epoch的精度为：{'acc': 0.28, 'pur': 0.3, 'nmi': 0.10183840172005483, 'ari': -0.013970419440527335}
Epoch: 6, time: 1.940502643585205
第6Epoch的精度为：{'acc': 0.3, 'pur': 0.32, 'nmi': 0.11350077499249682, 'ari': -0.004892433483010522}
Epoch: 7, time: 2.48789119720459
第7Epoch的精度为：{'acc': 0.28, 'pur': 0.3, 'nmi': 0.10183840172005483, 'ari': -0.013970419440527335}
Epoch: 8, time: 2.72107195854187
第8Epoch的精度为：{'acc': 0.28, 'pur': 0.28, 'nmi': 0.09070628586045891, 'ari': -0.017184271800085266}
Epoch: 9, time: 1.830625057220459
第9Epoch的精度为：{'acc': 0.26, 'pur': 0.26, 'nmi': 0.09117832618868368, 'ari': -0.01529648363702846}
Epoch: 10, time: 1.913438081741333
第10Epoch的精度为：{'acc': 0.28, 'pur': 0.3, 'nmi': 0.1038343474688299, 'ari': -0.005777710202219857}
Epoch: 11, time: 2.214554786682129
第11Epoch的精度为：{'acc': 0.3, 'pur': 0.32, 'nmi': 0.12306405637470282, 'ari': 0.008140422284406004}
Epoch: 12, time: 2.559741497039795
第12Epoch的精度为：{'acc': 0.28, 'pur': 0.3, 'nmi': 0.10348610979716608, 'ari': -0.010827642333958458}
Epoch: 13, time: 2.010411262512207
第13Epoch的精度为：{'acc': 0.28, 'pur': 0.3, 'nmi': 0.10058035773366811, 'ari': -0.012349514563106796}
Epoch: 14, time: 1.796891450881958
第14Epoch的精度为：{'acc': 0.32, 'pur': 0.36, 'nmi': 0.19327996091534147, 'ari': 0.0746180963572268}
Epoch: 15, time: 2.458662509918213
第15Epoch的精度为：{'acc': 0.34, 'pur': 0.36, 'nmi': 0.15821286481401936, 'ari': 0.03667667667667668}
Epoch: 16, time: 2.543138265609741
第16Epoch的精度为：{'acc': 0.26, 'pur': 0.3, 'nmi': 0.0982237002911212, 'ari': -0.010720094632559515}
Epoch: 17, time: 1.9818990230560303
第17Epoch的精度为：{'acc': 0.28, 'pur': 0.3, 'nmi': 0.09085418434984348, 'ari': -0.009917867658453433}
Epoch: 18, time: 1.8668577671051025
第18Epoch的精度为：{'acc': 0.3, 'pur': 0.32, 'nmi': 0.10085797911256957, 'ari': 0.001169271543828195}
Epoch: 19, time: 2.158785820007324
第19Epoch的精度为：{'acc': 0.3, 'pur': 0.32, 'nmi': 0.09385698331917422, 'ari': -0.006121183945451728}
Epoch: 20, time: 2.741116523742676
第20Epoch的精度为：{'acc': 0.3, 'pur': 0.34, 'nmi': 0.11799592417714388, 'ari': 0.00015666000861630047}
Epoch: 21, time: 2.3851048946380615
第21Epoch的精度为：{'acc': 0.3, 'pur': 0.34, 'nmi': 0.1313910100431796, 'ari': 0.02039983680130559}
Epoch: 22, time: 2.035737991333008
第22Epoch的精度为：{'acc': 0.3, 'pur': 0.34, 'nmi': 0.13202745498026747, 'ari': 0.02457698491692826}
Epoch: 23, time: 2.059295892715454
第23Epoch的精度为：{'acc': 0.3, 'pur': 0.34, 'nmi': 0.13202745498026747, 'ari': 0.02457698491692826}
Epoch: 24, time: 2.3002490997314453
第24Epoch的精度为：{'acc': 0.3, 'pur': 0.34, 'nmi': 0.13765895694912286, 'ari': 0.025506432056779535}
Epoch: 25, time: 2.325917959213257
第25Epoch的精度为：{'acc': 0.3, 'pur': 0.34, 'nmi': 0.12139792467229381, 'ari': 0.012847802949673102}
Epoch: 26, time: 1.9340691566467285
第26Epoch的精度为：{'acc': 0.32, 'pur': 0.34, 'nmi': 0.12518237983517572, 'ari': 0.017073730954750784}
Epoch: 27, time: 1.9782960414886475
第27Epoch的精度为：{'acc': 0.3, 'pur': 0.32, 'nmi': 0.12306405637470282, 'ari': 0.008140422284406004}
Epoch: 28, time: 2.6729111671447754
第28Epoch的精度为：{'acc': 0.3, 'pur': 0.34, 'nmi': 0.12937077870925695, 'ari': 0.015112037519541427}
Epoch: 29, time: 2.2647881507873535
第29Epoch的精度为：{'acc': 0.26, 'pur': 0.26, 'nmi': 0.12979086807275436, 'ari': -0.0051468586840868035}
Epoch: 30, time: 1.9225578308105469
第30Epoch的精度为：{'acc': 0.26, 'pur': 0.26, 'nmi': 0.12979086807275436, 'ari': -0.0051468586840868035}
最终精度为：{'acc': 0.26, 'pur': 0.26, 'nmi': 0.12979086807275436, 'ari': -0.0051468586840868035}
==================================================
 
 
