Epoch: 1, time: 4.328720569610596
第1Epoch的精度为：{'acc': 0.3041825095057034, 'pur': 0.30798479087452474, 'nmi': 0.024970266898653743, 'ari': 0.003277857072664024}
Epoch: 2, time: 4.5137434005737305
第2Epoch的精度为：{'acc': 0.3231939163498099, 'pur': 0.3231939163498099, 'nmi': 0.018361945212302794, 'ari': 0.004776434363894831}
Epoch: 3, time: 4.534022569656372
第3Epoch的精度为：{'acc': 0.3041825095057034, 'pur': 0.30798479087452474, 'nmi': 0.01411726779780392, 'ari': -0.0012866363488021444}
Epoch: 4, time: 4.4652628898620605
第4Epoch的精度为：{'acc': 0.3155893536121673, 'pur': 0.3155893536121673, 'nmi': 0.029313573848528753, 'ari': 0.002970164804269672}
Epoch: 5, time: 4.572222709655762
第5Epoch的精度为：{'acc': 0.311787072243346, 'pur': 0.3193916349809886, 'nmi': 0.019284989315416442, 'ari': 0.003599691593990461}
Epoch: 6, time: 4.515880346298218
第6Epoch的精度为：{'acc': 0.3155893536121673, 'pur': 0.3155893536121673, 'nmi': 0.022551997804637017, 'ari': 0.0037254547437024603}
Epoch: 7, time: 4.758953094482422
第7Epoch的精度为：{'acc': 0.3155893536121673, 'pur': 0.3155893536121673, 'nmi': 0.022551997804637017, 'ari': 0.0037254547437024603}
Epoch: 8, time: 4.1878721714019775
第8Epoch的精度为：{'acc': 0.311787072243346, 'pur': 0.311787072243346, 'nmi': 0.023151608709490634, 'ari': 0.00018036969147376976}
Epoch: 9, time: 4.5610551834106445
第9Epoch的精度为：{'acc': 0.3155893536121673, 'pur': 0.3155893536121673, 'nmi': 0.025669730727067207, 'ari': 0.002659164163159545}
Epoch: 10, time: 4.929001569747925
第10Epoch的精度为：{'acc': 0.3155893536121673, 'pur': 0.3155893536121673, 'nmi': 0.025669730727067207, 'ari': 0.002659164163159545}
Epoch: 11, time: 3.793898344039917
第11Epoch的精度为：{'acc': 0.29277566539923955, 'pur': 0.29277566539923955, 'nmi': 0.021308033417439115, 'ari': -0.0016623486619728458}
Epoch: 12, time: 4.614650726318359
第12Epoch的精度为：{'acc': 0.2965779467680608, 'pur': 0.30038022813688214, 'nmi': 0.015993747614044256, 'ari': 0.0002629659375363777}
Epoch: 13, time: 5.046528339385986
第13Epoch的精度为：{'acc': 0.2965779467680608, 'pur': 0.30038022813688214, 'nmi': 0.015420764357130093, 'ari': -0.0004996637094809224}
Epoch: 14, time: 4.560879707336426
第14Epoch的精度为：{'acc': 0.2889733840304182, 'pur': 0.2965779467680608, 'nmi': 0.013179000879849858, 'ari': -0.0029257541937877914}
Epoch: 15, time: 4.540689706802368
第15Epoch的精度为：{'acc': 0.2889733840304182, 'pur': 0.2965779467680608, 'nmi': 0.021198073951218692, 'ari': -0.0018751203202205474}
Epoch: 16, time: 4.926362752914429
第16Epoch的精度为：{'acc': 0.29277566539923955, 'pur': 0.30038022813688214, 'nmi': 0.022868112372998285, 'ari': -0.001505419870493025}
Epoch: 17, time: 4.49782919883728
第17Epoch的精度为：{'acc': 0.2965779467680608, 'pur': 0.30038022813688214, 'nmi': 0.02124055234946099, 'ari': -0.002164211175880726}
Epoch: 18, time: 4.534844875335693
第18Epoch的精度为：{'acc': 0.2965779467680608, 'pur': 0.3041825095057034, 'nmi': 0.022978411932308606, 'ari': -0.0011713885840132661}
Epoch: 19, time: 5.153934001922607
第19Epoch的精度为：{'acc': 0.2965779467680608, 'pur': 0.30038022813688214, 'nmi': 0.02349615791893387, 'ari': 0.0006528959115160049}
Epoch: 20, time: 4.438236236572266
第20Epoch的精度为：{'acc': 0.30038022813688214, 'pur': 0.30798479087452474, 'nmi': 0.02528671093817767, 'ari': 0.00042667828179767113}
Epoch: 21, time: 3.927290439605713
第21Epoch的精度为：{'acc': 0.30038022813688214, 'pur': 0.3041825095057034, 'nmi': 0.02253594298319553, 'ari': -0.0005981033001164175}
Epoch: 22, time: 4.83251166343689
第22Epoch的精度为：{'acc': 0.2965779467680608, 'pur': 0.30038022813688214, 'nmi': 0.023709723656800807, 'ari': 0.0008405545448010042}
Epoch: 23, time: 4.409945964813232
第23Epoch的精度为：{'acc': 0.2889733840304182, 'pur': 0.29277566539923955, 'nmi': 0.020551383253000096, 'ari': -0.002533683122364393}
Epoch: 24, time: 4.460035562515259
第24Epoch的精度为：{'acc': 0.2965779467680608, 'pur': 0.30038022813688214, 'nmi': 0.02103626229803027, 'ari': -0.0020606670866385687}
Epoch: 25, time: 4.509153366088867
第25Epoch的精度为：{'acc': 0.3155893536121673, 'pur': 0.3155893536121673, 'nmi': 0.023970276551034213, 'ari': 0.00046440561497497013}
Epoch: 26, time: 4.447495222091675
第26Epoch的精度为：{'acc': 0.30038022813688214, 'pur': 0.3041825095057034, 'nmi': 0.02355247782779866, 'ari': -0.0006596383439223626}
Epoch: 27, time: 4.610144853591919
第27Epoch的精度为：{'acc': 0.2965779467680608, 'pur': 0.30038022813688214, 'nmi': 0.021980237276626777, 'ari': -0.001177652566310502}
Epoch: 28, time: 4.4163384437561035
第28Epoch的精度为：{'acc': 0.28517110266159695, 'pur': 0.29277566539923955, 'nmi': 0.02104794386487157, 'ari': -0.002095289266323712}
Epoch: 29, time: 4.262955904006958
第29Epoch的精度为：{'acc': 0.2965779467680608, 'pur': 0.3041825095057034, 'nmi': 0.024981792202005755, 'ari': 0.00011612933122625595}
Epoch: 30, time: 4.551042556762695
第30Epoch的精度为：{'acc': 0.2965779467680608, 'pur': 0.30038022813688214, 'nmi': 0.022157213510591498, 'ari': -0.0008612471848920897}
最终精度为：{'acc': 0.2965779467680608, 'pur': 0.30038022813688214, 'nmi': 0.022157213510591498, 'ari': -0.0008612471848920897}
==================================================
 
 
