Epoch: 1, time: 7.043259143829346
第1Epoch的精度为：{'acc': 0.5139046538024972, 'pur': 0.5139046538024972, 'nmi': 0.0005880102005490965, 'ari': 0.0005004015749873739}
Epoch: 2, time: 6.913767099380493
第2Epoch的精度为：{'acc': 0.5019863791146425, 'pur': 0.5019863791146425, 'nmi': 1.1569418484248372e-05, 'ari': -0.0002648051091564719}
Epoch: 3, time: 8.001664638519287
第3Epoch的精度为：{'acc': 0.5, 'pur': 0.5, 'nmi': 6.443176042008209e-16, 'ari': -0.00027950201408691674}
Epoch: 4, time: 6.841123580932617
第4Epoch的精度为：{'acc': 0.5056753688989785, 'pur': 0.5056753688989785, 'nmi': 9.396620460220166e-05, 'ari': -0.00015277036951249538}
Epoch: 5, time: 7.347052097320557
第5Epoch的精度为：{'acc': 0.503405221339387, 'pur': 0.503405221339387, 'nmi': 3.399436879627557e-05, 'ari': -0.0002342320533976768}
Epoch: 6, time: 7.22793173789978
第6Epoch的精度为：{'acc': 0.5079455164585698, 'pur': 0.5079455164585698, 'nmi': 0.00018374230450797445, 'ari': -2.954042359332253e-05}
Epoch: 7, time: 6.932482957839966
第7Epoch的精度为：{'acc': 0.5079455164585698, 'pur': 0.5079455164585698, 'nmi': 0.00018255786904485167, 'ari': -3.088482453935114e-05}
Epoch: 8, time: 8.232388973236084
第8Epoch的精度为：{'acc': 0.5130533484676504, 'pur': 0.5130533484676504, 'nmi': 0.0004955939735791719, 'ari': 0.00039946503178508243}
Epoch: 9, time: 7.1224284172058105
第9Epoch的精度为：{'acc': 0.5141884222474461, 'pur': 0.5141884222474461, 'nmi': 0.0005859686809112541, 'ari': 0.000523335895366581}
Epoch: 10, time: 7.49363112449646
第10Epoch的精度为：{'acc': 0.5130533484676504, 'pur': 0.5130533484676504, 'nmi': 0.0004934486686896919, 'ari': 0.0003985640299132951}
Epoch: 11, time: 7.073912858963013
第11Epoch的精度为：{'acc': 0.5187287173666288, 'pur': 0.5187287173666288, 'nmi': 0.0010471297658431456, 'ari': 0.0011264868916017027}
Epoch: 12, time: 6.780502080917358
第12Epoch的精度为：{'acc': 0.5130533484676504, 'pur': 0.5130533484676504, 'nmi': 0.0004917394657880248, 'ari': 0.00039784147204383096}
Epoch: 13, time: 8.416514158248901
第13Epoch的精度为：{'acc': 0.5141884222474461, 'pur': 0.5141884222474461, 'nmi': 0.0005831978472800451, 'ari': 0.000522352009239562}
Epoch: 14, time: 6.976231575012207
第14Epoch的精度为：{'acc': 0.5204313280363224, 'pur': 0.5204313280363224, 'nmi': 0.001207116408986691, 'ari': 0.0013866989868243195}
Epoch: 15, time: 7.417256832122803
第15Epoch的精度为：{'acc': 0.5175936435868331, 'pur': 0.5175936435868331, 'nmi': 0.0009044917195438104, 'ari': 0.0009571458433900028}
Epoch: 16, time: 6.882459402084351
第16Epoch的精度为：{'acc': 0.5170261066969353, 'pur': 0.5170261066969353, 'nmi': 0.0008366084477259151, 'ari': 0.0008759543449980412}
Epoch: 17, time: 7.143922567367554
第17Epoch的精度为：{'acc': 0.5192962542565267, 'pur': 0.5192962542565267, 'nmi': 0.0010782896626486543, 'ari': 0.0012065823663549135}
Epoch: 18, time: 7.354239463806152
第18Epoch的精度为：{'acc': 0.5173098751418842, 'pur': 0.5173098751418842, 'nmi': 0.000871277175786359, 'ari': 0.0009165058112895299}
Epoch: 19, time: 7.104139089584351
第19Epoch的精度为：{'acc': 0.5156072644721907, 'pur': 0.5156072644721907, 'nmi': 0.0007048851711702235, 'ari': 0.000691264242433572}
Epoch: 20, time: 7.6798553466796875
第20Epoch的精度为：{'acc': 0.5136208853575482, 'pur': 0.5136208853575482, 'nmi': 0.0005439767375357437, 'ari': 0.0004616951301215176}
Epoch: 21, time: 6.80768084526062
第21Epoch的精度为：{'acc': 0.5178774120317821, 'pur': 0.5178774120317821, 'nmi': 0.0009373320577437534, 'ari': 0.0009981738095198429}
Epoch: 22, time: 7.305882930755615
第22Epoch的精度为：{'acc': 0.5113507377979569, 'pur': 0.5113507377979569, 'nmi': 0.0003723324145872097, 'ari': 0.00023188131104685087}
Epoch: 23, time: 7.541874885559082
第23Epoch的精度为：{'acc': 0.5150397275822929, 'pur': 0.5150397275822929, 'nmi': 0.0006573989740470905, 'ari': 0.0006225750596452433}
Epoch: 24, time: 7.30809211730957
第24Epoch的精度为：{'acc': 0.5204313280363224, 'pur': 0.5204313280363224, 'nmi': 0.0012184702771143908, 'ari': 0.0013886391196448365}
Epoch: 25, time: 6.726677417755127
第25Epoch的精度为：{'acc': 0.5116345062429057, 'pur': 0.5116345062429057, 'nmi': 0.00039137666494827274, 'ari': 0.0002580815168091303}
Epoch: 26, time: 7.930120944976807
第26Epoch的精度为：{'acc': 0.5150397275822929, 'pur': 0.5150397275822929, 'nmi': 0.0006568293301512824, 'ari': 0.0006223951920589453}
Epoch: 27, time: 7.934279680252075
第27Epoch的精度为：{'acc': 0.5173098751418842, 'pur': 0.5173098751418842, 'nmi': 0.0008716860093988171, 'ari': 0.0009166030281358021}
Epoch: 28, time: 6.819838762283325
第28Epoch的精度为：{'acc': 0.5164585698070374, 'pur': 0.5164585698070374, 'nmi': 0.0007873999107684603, 'ari': 0.0008014133116156583}
Epoch: 29, time: 7.330106019973755
第29Epoch的精度为：{'acc': 0.5156072644721907, 'pur': 0.5156072644721907, 'nmi': 0.0007035272179658842, 'ari': 0.0006908628577630053}
Epoch: 30, time: 7.7163848876953125
第30Epoch的精度为：{'acc': 0.5227014755959137, 'pur': 0.5227014755959137, 'nmi': 0.0014996734119920275, 'ari': 0.001779772199468517}
最终精度为：{'acc': 0.5178774120317821, 'pur': 0.5178774120317821, 'nmi': 0.0009268511095089776, 'ari': 0.000995848103340655}
==================================================
 
 
