Epoch: 1, time: 1.3709235191345215
第1Epoch的精度为：{'acc': 0.56, 'pur': 0.56, 'nmi': 0.01033888968353937, 'ari': 0.00481875687528364}
Epoch: 2, time: 1.4398972988128662
第2Epoch的精度为：{'acc': 0.58, 'pur': 0.58, 'nmi': 0.018537300876411558, 'ari': 0.015973477260942563}
Epoch: 3, time: 1.2854809761047363
第3Epoch的精度为：{'acc': 0.5, 'pur': 0.51, 'nmi': 1.0444204413283458e-06, 'ari': -0.010164334758420117}
Epoch: 4, time: 1.4361865520477295
第4Epoch的精度为：{'acc': 0.53, 'pur': 0.53, 'nmi': 0.0023843057460525524, 'ari': -0.005995612942260896}
Epoch: 5, time: 1.8424303531646729
第5Epoch的精度为：{'acc': 0.5, 'pur': 0.51, 'nmi': 2.9267153003003967e-06, 'ari': -0.010101010101010102}
Epoch: 6, time: 1.3306496143341064
第6Epoch的精度为：{'acc': 0.58, 'pur': 0.58, 'nmi': 0.0312931094656458, 'ari': 0.018065887353878853}
Epoch: 7, time: 1.4467658996582031
第7Epoch的精度为：{'acc': 0.52, 'pur': 0.52, 'nmi': 0.0009481048611374235, 'ari': -0.007695225045571881}
Epoch: 8, time: 1.483006477355957
第8Epoch的精度为：{'acc': 0.52, 'pur': 0.52, 'nmi': 0.0009481048611374235, 'ari': -0.007695225045571881}
Epoch: 9, time: 1.311976432800293
第9Epoch的精度为：{'acc': 0.51, 'pur': 0.51, 'nmi': 0.00016717237418133567, 'ari': -0.009020953454875412}
Epoch: 10, time: 1.329336404800415
第10Epoch的精度为：{'acc': 0.58, 'pur': 0.58, 'nmi': 0.0312931094656458, 'ari': 0.018065887353878853}
Epoch: 11, time: 1.5932106971740723
第11Epoch的精度为：{'acc': 0.52, 'pur': 0.52, 'nmi': 0.0009481048611374235, 'ari': -0.007695225045571881}
Epoch: 12, time: 1.5581212043762207
第12Epoch的精度为：{'acc': 0.52, 'pur': 0.52, 'nmi': 0.0009481048611374235, 'ari': -0.007695225045571881}
Epoch: 13, time: 1.4020020961761475
第13Epoch的精度为：{'acc': 0.52, 'pur': 0.52, 'nmi': 0.0009481048611374235, 'ari': -0.007695225045571881}
Epoch: 14, time: 1.3598074913024902
第14Epoch的精度为：{'acc': 0.52, 'pur': 0.52, 'nmi': 0.0009481048611374235, 'ari': -0.007695225045571881}
Epoch: 15, time: 1.3507649898529053
第15Epoch的精度为：{'acc': 0.5, 'pur': 0.51, 'nmi': 2.146111122403437e-05, 'ari': -0.00953144525255907}
Epoch: 16, time: 1.353731632232666
第16Epoch的精度为：{'acc': 0.54, 'pur': 0.54, 'nmi': 0.00450783984826619, 'ari': -0.003699283015966229}
Epoch: 17, time: 1.3571321964263916
第17Epoch的精度为：{'acc': 0.52, 'pur': 0.52, 'nmi': 0.0009481048611374235, 'ari': -0.007695225045571881}
Epoch: 18, time: 1.6972312927246094
第18Epoch的精度为：{'acc': 0.52, 'pur': 0.52, 'nmi': 0.0009481048611374235, 'ari': -0.007695225045571881}
Epoch: 19, time: 1.3570494651794434
第19Epoch的精度为：{'acc': 0.51, 'pur': 0.51, 'nmi': 0.00016717237418133567, 'ari': -0.009020953454875412}
Epoch: 20, time: 1.3388149738311768
第20Epoch的精度为：{'acc': 0.51, 'pur': 0.51, 'nmi': 0.00016717237418133567, 'ari': -0.009020953454875412}
Epoch: 21, time: 1.147709608078003
第21Epoch的精度为：{'acc': 0.52, 'pur': 0.52, 'nmi': 0.0009481048611374235, 'ari': -0.007695225045571881}
Epoch: 22, time: 1.1471586227416992
第22Epoch的精度为：{'acc': 0.52, 'pur': 0.52, 'nmi': 0.000961155109591549, 'ari': -0.007916194940154976}
Epoch: 23, time: 1.3421258926391602
第23Epoch的精度为：{'acc': 0.53, 'pur': 0.53, 'nmi': 0.0023843057460525524, 'ari': -0.005995612942260896}
Epoch: 24, time: 1.632523536682129
第24Epoch的精度为：{'acc': 0.51, 'pur': 0.51, 'nmi': 0.00016717237418133567, 'ari': -0.009020953454875412}
Epoch: 25, time: 1.351698875427246
第25Epoch的精度为：{'acc': 0.51, 'pur': 0.51, 'nmi': 0.00016717237418133567, 'ari': -0.009020953454875412}
Epoch: 26, time: 1.3735625743865967
第26Epoch的精度为：{'acc': 0.51, 'pur': 0.51, 'nmi': 0.00016717237418133567, 'ari': -0.009020953454875412}
Epoch: 27, time: 1.3488659858703613
第27Epoch的精度为：{'acc': 0.51, 'pur': 0.51, 'nmi': 0.00016717237418133567, 'ari': -0.009020953454875412}
Epoch: 28, time: 1.5847985744476318
第28Epoch的精度为：{'acc': 0.5, 'pur': 0.51, 'nmi': 2.146111122403437e-05, 'ari': -0.00953144525255907}
Epoch: 29, time: 1.4648411273956299
第29Epoch的精度为：{'acc': 0.51, 'pur': 0.51, 'nmi': 0.00016717237418133567, 'ari': -0.009020953454875412}
Epoch: 30, time: 1.175180196762085
第30Epoch的精度为：{'acc': 0.51, 'pur': 0.51, 'nmi': 0.00016717237418133567, 'ari': -0.009020953454875412}
最终精度为：{'acc': 0.51, 'pur': 0.51, 'nmi': 0.00016717237418133567, 'ari': -0.009020953454875412}
==================================================
 
 
