Epoch: 1, time: 1.5290536880493164
第1Epoch的精度为：{'acc': 0.5, 'pur': 0.5405405405405406, 'nmi': 0.13986912685508865, 'ari': 0.09847121315582483}
Epoch: 2, time: 1.4046454429626465
第2Epoch的精度为：{'acc': 0.36486486486486486, 'pur': 0.44594594594594594, 'nmi': 0.06330130024579898, 'ari': 0.0030870472290393004}
Epoch: 3, time: 1.4212431907653809
第3Epoch的精度为：{'acc': 0.3918918918918919, 'pur': 0.47297297297297297, 'nmi': 0.1205239554916094, 'ari': 0.04123219750323833}
Epoch: 4, time: 1.3761234283447266
第4Epoch的精度为：{'acc': 0.3783783783783784, 'pur': 0.44594594594594594, 'nmi': 0.07349742237659208, 'ari': 0.033100198497410076}
Epoch: 5, time: 1.4048409461975098
第5Epoch的精度为：{'acc': 0.44594594594594594, 'pur': 0.47297297297297297, 'nmi': 0.13793472624494385, 'ari': 0.04508182614758701}
Epoch: 6, time: 1.8826744556427002
第6Epoch的精度为：{'acc': 0.40540540540540543, 'pur': 0.4594594594594595, 'nmi': 0.10178931606869913, 'ari': 0.028932322123717113}
Epoch: 7, time: 1.2627980709075928
第7Epoch的精度为：{'acc': 0.4189189189189189, 'pur': 0.4189189189189189, 'nmi': 0.07274162274873024, 'ari': 0.024569919085187842}
Epoch: 8, time: 1.415785551071167
第8Epoch的精度为：{'acc': 0.43243243243243246, 'pur': 0.44594594594594594, 'nmi': 0.08417481638308144, 'ari': 0.041665634158813976}
Epoch: 9, time: 1.3795061111450195
第9Epoch的精度为：{'acc': 0.3783783783783784, 'pur': 0.43243243243243246, 'nmi': 0.07495398118390721, 'ari': 0.0032806797346304896}
Epoch: 10, time: 1.3857581615447998
第10Epoch的精度为：{'acc': 0.35135135135135137, 'pur': 0.4189189189189189, 'nmi': 0.05302999325338165, 'ari': 0.001003813818810932}
Epoch: 11, time: 1.4481995105743408
第11Epoch的精度为：{'acc': 0.3783783783783784, 'pur': 0.44594594594594594, 'nmi': 0.07925203882067511, 'ari': 0.0046394291193273905}
Epoch: 12, time: 1.7086970806121826
第12Epoch的精度为：{'acc': 0.36486486486486486, 'pur': 0.44594594594594594, 'nmi': 0.05447664290370395, 'ari': 0.012920942528001415}
Epoch: 13, time: 1.3885300159454346
第13Epoch的精度为：{'acc': 0.3918918918918919, 'pur': 0.40540540540540543, 'nmi': 0.024346153449518154, 'ari': 0.010799028733152633}
Epoch: 14, time: 1.3277740478515625
第14Epoch的精度为：{'acc': 0.35135135135135137, 'pur': 0.40540540540540543, 'nmi': 0.018129901757525983, 'ari': -0.0004493480177370755}
Epoch: 15, time: 1.4353764057159424
第15Epoch的精度为：{'acc': 0.3108108108108108, 'pur': 0.40540540540540543, 'nmi': 0.05172917221240728, 'ari': -0.019115454924142013}
Epoch: 16, time: 1.4487464427947998
第16Epoch的精度为：{'acc': 0.44594594594594594, 'pur': 0.47297297297297297, 'nmi': 0.12343915814230474, 'ari': 0.06295653843253138}
Epoch: 17, time: 1.8648574352264404
第17Epoch的精度为：{'acc': 0.36486486486486486, 'pur': 0.44594594594594594, 'nmi': 0.06954331332187541, 'ari': 0.01127720268895786}
Epoch: 18, time: 1.3956794738769531
第18Epoch的精度为：{'acc': 0.33783783783783783, 'pur': 0.4189189189189189, 'nmi': 0.05234328699231664, 'ari': -0.005404952502348785}
Epoch: 19, time: 1.463139295578003
第19Epoch的精度为：{'acc': 0.43243243243243246, 'pur': 0.4864864864864865, 'nmi': 0.12694351169067886, 'ari': 0.06840833536250998}
Epoch: 20, time: 1.4215919971466064
第20Epoch的精度为：{'acc': 0.35135135135135137, 'pur': 0.43243243243243246, 'nmi': 0.08638353448017566, 'ari': 0.0074302377682974}
Epoch: 21, time: 1.6029348373413086
第21Epoch的精度为：{'acc': 0.35135135135135137, 'pur': 0.40540540540540543, 'nmi': 0.07199014983953492, 'ari': -0.017396689080856082}
Epoch: 22, time: 1.424257755279541
第22Epoch的精度为：{'acc': 0.3918918918918919, 'pur': 0.4189189189189189, 'nmi': 0.03732662647595933, 'ari': 0.011012081150371935}
Epoch: 23, time: 1.4974207878112793
第23Epoch的精度为：{'acc': 0.36486486486486486, 'pur': 0.40540540540540543, 'nmi': 0.034019731145294295, 'ari': -0.007851683000020985}
Epoch: 24, time: 1.6351149082183838
第24Epoch的精度为：{'acc': 0.36486486486486486, 'pur': 0.43243243243243246, 'nmi': 0.056279459375747194, 'ari': 0.003524327372983214}
Epoch: 25, time: 1.3402609825134277
第25Epoch的精度为：{'acc': 0.40540540540540543, 'pur': 0.4594594594594595, 'nmi': 0.11178147078444564, 'ari': 0.013193803307390204}
Epoch: 26, time: 1.3792309761047363
第26Epoch的精度为：{'acc': 0.36486486486486486, 'pur': 0.47297297297297297, 'nmi': 0.1067274347576451, 'ari': 0.009879468930141544}
Epoch: 27, time: 1.5495531558990479
第27Epoch的精度为：{'acc': 0.3783783783783784, 'pur': 0.4594594594594595, 'nmi': 0.05137342701771089, 'ari': 0.014099036047445383}
Epoch: 28, time: 1.9152631759643555
第28Epoch的精度为：{'acc': 0.35135135135135137, 'pur': 0.44594594594594594, 'nmi': 0.07306682606374579, 'ari': 0.0013128523372144295}
Epoch: 29, time: 1.3630423545837402
第29Epoch的精度为：{'acc': 0.35135135135135137, 'pur': 0.43243243243243246, 'nmi': 0.06345736434273282, 'ari': 0.006922233964082932}
Epoch: 30, time: 1.38669753074646
第30Epoch的精度为：{'acc': 0.4189189189189189, 'pur': 0.4864864864864865, 'nmi': 0.087356169863093, 'ari': 0.0341057338845626}
最终精度为：{'acc': 0.36486486486486486, 'pur': 0.4594594594594595, 'nmi': 0.09222712840603563, 'ari': 0.03472830565664876}
==================================================
 
 
