Epoch: 1, time: 1.9321715831756592
第1Epoch的精度为：{'acc': 0.5611111111111111, 'pur': 0.5611111111111111, 'nmi': 0.012292362573333132, 'ari': 0.00990482687003173}
Epoch: 2, time: 2.3965775966644287
第2Epoch的精度为：{'acc': 0.5833333333333334, 'pur': 0.5833333333333334, 'nmi': 0.028788296320951562, 'ari': 0.02356805567004168}
Epoch: 3, time: 3.965453624725342
第3Epoch的精度为：{'acc': 0.5833333333333334, 'pur': 0.5833333333333334, 'nmi': 0.028788296320951562, 'ari': 0.02356805567004168}
Epoch: 4, time: 3.7581117153167725
第4Epoch的精度为：{'acc': 0.5611111111111111, 'pur': 0.5611111111111111, 'nmi': 0.01391271887749713, 'ari': 0.010343902897027305}
Epoch: 5, time: 2.600104570388794
第5Epoch的精度为：{'acc': 0.5666666666666667, 'pur': 0.5666666666666667, 'nmi': 0.015884764181914868, 'ari': 0.013050987001682657}
Epoch: 6, time: 2.121793270111084
第6Epoch的精度为：{'acc': 0.5611111111111111, 'pur': 0.5611111111111111, 'nmi': 0.012292362573333132, 'ari': 0.00990482687003173}
Epoch: 7, time: 2.351105213165283
第7Epoch的精度为：{'acc': 0.5722222222222222, 'pur': 0.5722222222222222, 'nmi': 0.020781464199318485, 'ari': 0.01651008915254167}
Epoch: 8, time: 2.5480730533599854
第8Epoch的精度为：{'acc': 0.5555555555555556, 'pur': 0.5555555555555556, 'nmi': 0.009709050578079496, 'ari': 0.007130357127999756}
Epoch: 9, time: 3.3898677825927734
第9Epoch的精度为：{'acc': 0.5611111111111111, 'pur': 0.5611111111111111, 'nmi': 0.012059197806786137, 'ari': 0.009833440213529299}
Epoch: 10, time: 1.8293168544769287
第10Epoch的精度为：{'acc': 0.5666666666666667, 'pur': 0.5666666666666667, 'nmi': 0.013183436744209789, 'ari': 0.012358316273031408}
Epoch: 11, time: 2.6283743381500244
第11Epoch的精度为：{'acc': 0.5666666666666667, 'pur': 0.5666666666666667, 'nmi': 0.013183436744209789, 'ari': 0.012358316273031408}
Epoch: 12, time: 3.4098355770111084
第12Epoch的精度为：{'acc': 0.5444444444444444, 'pur': 0.5444444444444444, 'nmi': 0.005741924827378479, 'ari': 0.0023525560465961453}
Epoch: 13, time: 2.795030355453491
第13Epoch的精度为：{'acc': 0.5333333333333333, 'pur': 0.5333333333333333, 'nmi': 0.003243271174062968, 'ari': -0.0011041263253677184}
Epoch: 14, time: 2.2045209407806396
第14Epoch的精度为：{'acc': 0.5388888888888889, 'pur': 0.5388888888888889, 'nmi': 0.004404458651611203, 'ari': 0.0004993588094176297}
Epoch: 15, time: 2.476168394088745
第15Epoch的精度为：{'acc': 0.55, 'pur': 0.55, 'nmi': 0.007800054324560386, 'ari': 0.004742619298716373}
Epoch: 16, time: 2.856024742126465
第16Epoch的精度为：{'acc': 0.5666666666666667, 'pur': 0.5666666666666667, 'nmi': 0.013083862402245901, 'ari': 0.012328178098342465}
Epoch: 17, time: 3.0077598094940186
第17Epoch的精度为：{'acc': 0.5333333333333333, 'pur': 0.5333333333333333, 'nmi': 0.003208368018363777, 'ari': -0.0011485642946317104}
Epoch: 18, time: 2.4220433235168457
第18Epoch的精度为：{'acc': 0.5611111111111111, 'pur': 0.5611111111111111, 'nmi': 0.010952766604295717, 'ari': 0.009459865273209092}
Epoch: 19, time: 1.8890361785888672
第19Epoch的精度为：{'acc': 0.5555555555555556, 'pur': 0.5555555555555556, 'nmi': 0.009709050578079496, 'ari': 0.007130357127999756}
Epoch: 20, time: 2.616563081741333
第20Epoch的精度为：{'acc': 0.5555555555555556, 'pur': 0.5555555555555556, 'nmi': 0.009709050578079496, 'ari': 0.007130357127999756}
Epoch: 21, time: 2.7627482414245605
第21Epoch的精度为：{'acc': 0.5555555555555556, 'pur': 0.5555555555555556, 'nmi': 0.009709050578079496, 'ari': 0.007130357127999756}
Epoch: 22, time: 2.3617095947265625
第22Epoch的精度为：{'acc': 0.5555555555555556, 'pur': 0.5555555555555556, 'nmi': 0.009709050578079496, 'ari': 0.007130357127999756}
Epoch: 23, time: 3.338207244873047
第23Epoch的精度为：{'acc': 0.5666666666666667, 'pur': 0.5666666666666667, 'nmi': 0.014496801316154058, 'ari': 0.012722568694383823}
Epoch: 24, time: 3.1818630695343018
第24Epoch的精度为：{'acc': 0.5555555555555556, 'pur': 0.5555555555555556, 'nmi': 0.009709050578079496, 'ari': 0.007130357127999756}
Epoch: 25, time: 2.1586360931396484
第25Epoch的精度为：{'acc': 0.5666666666666667, 'pur': 0.5666666666666667, 'nmi': 0.013183436744209789, 'ari': 0.012358316273031408}
Epoch: 26, time: 2.3633205890655518
第26Epoch的精度为：{'acc': 0.5555555555555556, 'pur': 0.5555555555555556, 'nmi': 0.009709050578079496, 'ari': 0.007130357127999756}
Epoch: 27, time: 2.933523654937744
第27Epoch的精度为：{'acc': 0.5666666666666667, 'pur': 0.5666666666666667, 'nmi': 0.013183436744209789, 'ari': 0.012358316273031408}
Epoch: 28, time: 1.872823715209961
第28Epoch的精度为：{'acc': 0.5388888888888889, 'pur': 0.5388888888888889, 'nmi': 0.004368854139919486, 'ari': 0.00046608373832449833}
Epoch: 29, time: 2.4980053901672363
第29Epoch的精度为：{'acc': 0.55, 'pur': 0.55, 'nmi': 0.007800054324560386, 'ari': 0.004742619298716373}
Epoch: 30, time: 2.5988545417785645
第30Epoch的精度为：{'acc': 0.55, 'pur': 0.55, 'nmi': 0.007325622571954588, 'ari': 0.004494129543284085}
最终精度为：{'acc': 0.55, 'pur': 0.55, 'nmi': 0.007325622571954588, 'ari': 0.004494129543284085}
==================================================
 
 
