Epoch: 1, time: 1.9901559352874756
第1Epoch的精度为：{'acc': 0.4, 'pur': 0.4666666666666667, 'nmi': 0.21258643271272062, 'ari': 0.02252252252252252}
Epoch: 2, time: 0.6825637817382812
第2Epoch的精度为：{'acc': 0.4, 'pur': 0.4666666666666667, 'nmi': 0.21258643271272062, 'ari': 0.02252252252252252}
Epoch: 3, time: 0.4934542179107666
第3Epoch的精度为：{'acc': 0.4, 'pur': 0.4666666666666667, 'nmi': 0.21258643271272062, 'ari': 0.02252252252252252}
Epoch: 4, time: 0.5173954963684082
第4Epoch的精度为：{'acc': 0.4, 'pur': 0.4666666666666667, 'nmi': 0.21258643271272062, 'ari': 0.02252252252252252}
Epoch: 5, time: 0.5009622573852539
第5Epoch的精度为：{'acc': 0.4, 'pur': 0.4666666666666667, 'nmi': 0.21258643271272062, 'ari': 0.02252252252252252}
Epoch: 6, time: 0.5048208236694336
第6Epoch的精度为：{'acc': 0.4, 'pur': 0.4666666666666667, 'nmi': 0.21258643271272062, 'ari': 0.02252252252252252}
Epoch: 7, time: 0.5234963893890381
第7Epoch的精度为：{'acc': 0.4666666666666667, 'pur': 0.4666666666666667, 'nmi': 0.16700010178922264, 'ari': -0.004866180048661801}
Epoch: 8, time: 0.583784818649292
第8Epoch的精度为：{'acc': 0.4, 'pur': 0.4666666666666667, 'nmi': 0.21258643271272062, 'ari': 0.02252252252252252}
Epoch: 9, time: 0.7342164516448975
第9Epoch的精度为：{'acc': 0.4, 'pur': 0.4666666666666667, 'nmi': 0.21258643271272062, 'ari': 0.02252252252252252}
Epoch: 10, time: 0.6267805099487305
第10Epoch的精度为：{'acc': 0.4666666666666667, 'pur': 0.5333333333333333, 'nmi': 0.3198313101352401, 'ari': 0.09732360097323602}
Epoch: 11, time: 0.5000114440917969
第11Epoch的精度为：{'acc': 0.4, 'pur': 0.4666666666666667, 'nmi': 0.21258643271272062, 'ari': 0.02252252252252252}
Epoch: 12, time: 0.5017592906951904
第12Epoch的精度为：{'acc': 0.4666666666666667, 'pur': 0.5333333333333333, 'nmi': 0.3198313101352401, 'ari': 0.09732360097323602}
Epoch: 13, time: 0.5284698009490967
第13Epoch的精度为：{'acc': 0.4666666666666667, 'pur': 0.5333333333333333, 'nmi': 0.3198313101352401, 'ari': 0.09732360097323602}
Epoch: 14, time: 0.5191924571990967
第14Epoch的精度为：{'acc': 0.4666666666666667, 'pur': 0.5333333333333333, 'nmi': 0.3198313101352401, 'ari': 0.09732360097323602}
Epoch: 15, time: 0.5602190494537354
第15Epoch的精度为：{'acc': 0.4, 'pur': 0.4666666666666667, 'nmi': 0.21258643271272062, 'ari': 0.02252252252252252}
Epoch: 16, time: 0.5819120407104492
第16Epoch的精度为：{'acc': 0.4666666666666667, 'pur': 0.5333333333333333, 'nmi': 0.3198313101352401, 'ari': 0.09732360097323602}
Epoch: 17, time: 0.6023356914520264
第17Epoch的精度为：{'acc': 0.4, 'pur': 0.4666666666666667, 'nmi': 0.21258643271272062, 'ari': 0.02252252252252252}
Epoch: 18, time: 0.6111538410186768
第18Epoch的精度为：{'acc': 0.4, 'pur': 0.4666666666666667, 'nmi': 0.21258643271272062, 'ari': 0.02252252252252252}
Epoch: 19, time: 0.7174804210662842
第19Epoch的精度为：{'acc': 0.4, 'pur': 0.4666666666666667, 'nmi': 0.21258643271272062, 'ari': 0.02252252252252252}
Epoch: 20, time: 0.5097789764404297
第20Epoch的精度为：{'acc': 0.4, 'pur': 0.4666666666666667, 'nmi': 0.21258643271272062, 'ari': 0.02252252252252252}
Epoch: 21, time: 0.5049915313720703
第21Epoch的精度为：{'acc': 0.4, 'pur': 0.4666666666666667, 'nmi': 0.21258643271272062, 'ari': 0.02252252252252252}
Epoch: 22, time: 0.5246212482452393
第22Epoch的精度为：{'acc': 0.4, 'pur': 0.4666666666666667, 'nmi': 0.21258643271272062, 'ari': 0.02252252252252252}
Epoch: 23, time: 0.5381910800933838
第23Epoch的精度为：{'acc': 0.4, 'pur': 0.4666666666666667, 'nmi': 0.21258643271272062, 'ari': 0.02252252252252252}
Epoch: 24, time: 0.5739278793334961
第24Epoch的精度为：{'acc': 0.4, 'pur': 0.4666666666666667, 'nmi': 0.21258643271272062, 'ari': 0.02252252252252252}
Epoch: 25, time: 0.6194233894348145
第25Epoch的精度为：{'acc': 0.4, 'pur': 0.4666666666666667, 'nmi': 0.21258643271272062, 'ari': 0.02252252252252252}
Epoch: 26, time: 0.6422760486602783
第26Epoch的精度为：{'acc': 0.4, 'pur': 0.4666666666666667, 'nmi': 0.21258643271272062, 'ari': 0.02252252252252252}
Epoch: 27, time: 0.6484434604644775
第27Epoch的精度为：{'acc': 0.4, 'pur': 0.4666666666666667, 'nmi': 0.21258643271272062, 'ari': 0.02252252252252252}
Epoch: 28, time: 0.6985640525817871
第28Epoch的精度为：{'acc': 0.4, 'pur': 0.4666666666666667, 'nmi': 0.21258643271272062, 'ari': 0.02252252252252252}
Epoch: 29, time: 0.553081750869751
第29Epoch的精度为：{'acc': 0.4, 'pur': 0.4666666666666667, 'nmi': 0.21258643271272062, 'ari': 0.02252252252252252}
Epoch: 30, time: 0.5357277393341064
第30Epoch的精度为：{'acc': 0.4, 'pur': 0.4666666666666667, 'nmi': 0.21258643271272062, 'ari': 0.02252252252252252}
最终精度为：{'acc': 0.4, 'pur': 0.4666666666666667, 'nmi': 0.21258643271272062, 'ari': 0.02252252252252252}
==================================================
 
 
