BasicMotions
Epoch: 1, time: 15.077008485794067
第1Epoch的精度为：{'acc': 0.675, 'pur': 0.725, 'nmi': 0.7519155093097744, 'ari': 0.5892135899263483}
Epoch: 2, time: 15.25594425201416
第2Epoch的精度为：{'acc': 0.675, 'pur': 0.725, 'nmi': 0.7519155093097744, 'ari': 0.5892135899263483}
Epoch: 3, time: 14.273473501205444
第3Epoch的精度为：{'acc': 0.7, 'pur': 0.75, 'nmi': 0.8151106242780366, 'ari': 0.6399235912129895}
Epoch: 4, time: 17.86852240562439
第4Epoch的精度为：{'acc': 0.675, 'pur': 0.725, 'nmi': 0.7519155093097744, 'ari': 0.5892135899263483}
Epoch: 5, time: 14.996043682098389
第5Epoch的精度为：{'acc': 0.7, 'pur': 0.75, 'nmi': 0.8151106242780366, 'ari': 0.6399235912129895}
Epoch: 6, time: 15.215856313705444
第6Epoch的精度为：{'acc': 0.7, 'pur': 0.75, 'nmi': 0.8151106242780366, 'ari': 0.6399235912129895}
Epoch: 7, time: 14.301632642745972
第7Epoch的精度为：{'acc': 0.7, 'pur': 0.75, 'nmi': 0.8151106242780366, 'ari': 0.6399235912129895}
Epoch: 8, time: 15.057672023773193
第8Epoch的精度为：{'acc': 0.7, 'pur': 0.75, 'nmi': 0.8151106242780366, 'ari': 0.6399235912129895}
Epoch: 9, time: 14.57750678062439
第9Epoch的精度为：{'acc': 0.65, 'pur': 0.7, 'nmi': 0.7155096148086243, 'ari': 0.5466540999057493}
Epoch: 10, time: 17.48669695854187
第10Epoch的精度为：{'acc': 0.7, 'pur': 0.75, 'nmi': 0.8151106242780366, 'ari': 0.6399235912129895}
Epoch: 11, time: 15.610802412033081
第11Epoch的精度为：{'acc': 0.7, 'pur': 0.75, 'nmi': 0.8151106242780366, 'ari': 0.6399235912129895}
Epoch: 12, time: 18.034647703170776
第12Epoch的精度为：{'acc': 0.65, 'pur': 0.7, 'nmi': 0.7155096148086243, 'ari': 0.5466540999057493}
Epoch: 13, time: 16.389899253845215
第13Epoch的精度为：{'acc': 0.675, 'pur': 0.725, 'nmi': 0.6923213887481, 'ari': 0.5405921680993314}
Epoch: 14, time: 15.096374273300171
第14Epoch的精度为：{'acc': 0.7, 'pur': 0.75, 'nmi': 0.8151106242780366, 'ari': 0.6399235912129895}
Epoch: 15, time: 15.200188159942627
第15Epoch的精度为：{'acc': 0.675, 'pur': 0.725, 'nmi': 0.7436475817745204, 'ari': 0.5655526992287918}
Epoch: 16, time: 16.84893488883972
第16Epoch的精度为：{'acc': 0.7, 'pur': 0.75, 'nmi': 0.8151106242780366, 'ari': 0.6399235912129895}
Epoch: 17, time: 15.342170476913452
第17Epoch的精度为：{'acc': 0.625, 'pur': 0.675, 'nmi': 0.6640766208309368, 'ari': 0.44858982900288696}
Epoch: 18, time: 15.10417103767395
第18Epoch的精度为：{'acc': 0.65, 'pur': 0.7, 'nmi': 0.698845686430141, 'ari': 0.5018248175182481}
Epoch: 19, time: 18.932064056396484
第19Epoch的精度为：{'acc': 0.7, 'pur': 0.75, 'nmi': 0.8151106242780366, 'ari': 0.6399235912129895}
Epoch: 20, time: 16.04059076309204
第20Epoch的精度为：{'acc': 0.7, 'pur': 0.75, 'nmi': 0.8151106242780366, 'ari': 0.6399235912129895}
Epoch: 21, time: 16.030916213989258
第21Epoch的精度为：{'acc': 0.7, 'pur': 0.75, 'nmi': 0.8151106242780366, 'ari': 0.6399235912129895}
Epoch: 22, time: 15.392717838287354
第22Epoch的精度为：{'acc': 0.675, 'pur': 0.725, 'nmi': 0.7436475817745204, 'ari': 0.5655526992287918}
Epoch: 23, time: 15.384377002716064
第23Epoch的精度为：{'acc': 0.7, 'pur': 0.75, 'nmi': 0.8151106242780366, 'ari': 0.6399235912129895}
Epoch: 24, time: 15.301936388015747
第24Epoch的精度为：{'acc': 0.7, 'pur': 0.75, 'nmi': 0.8151106242780366, 'ari': 0.6399235912129895}
Epoch: 25, time: 15.277093172073364
第25Epoch的精度为：{'acc': 0.625, 'pur': 0.675, 'nmi': 0.5896999183999345, 'ari': 0.4416066867889482}
Epoch: 26, time: 16.267204999923706
第26Epoch的精度为：{'acc': 0.675, 'pur': 0.725, 'nmi': 0.6923213887480998, 'ari': 0.5405921680993314}
Epoch: 27, time: 15.365111112594604
第27Epoch的精度为：{'acc': 0.7, 'pur': 0.75, 'nmi': 0.8151106242780366, 'ari': 0.6399235912129895}
Epoch: 28, time: 18.883065462112427
第28Epoch的精度为：{'acc': 0.7, 'pur': 0.75, 'nmi': 0.8151106242780366, 'ari': 0.6399235912129895}
Epoch: 29, time: 18.71284317970276
第29Epoch的精度为：{'acc': 0.7, 'pur': 0.75, 'nmi': 0.7614803883812942, 'ari': 0.6110435417173438}
Epoch: 30, time: 15.13161563873291
第30Epoch的精度为：{'acc': 0.7, 'pur': 0.75, 'nmi': 0.8151106242780366, 'ari': 0.6399235912129895}
最终精度为：{'acc': 0.675, 'pur': 0.725, 'nmi': 0.7519155093097744, 'ari': 0.5892135899263483}
==================================================
 
 
