Cricket
Epoch: 1, time: 112.32516384124756
第1Epoch的精度为：{'acc': 0.7083333333333334, 'pur': 0.75, 'nmi': 0.8332483986538743, 'ari': 0.6015881418740074}
Epoch: 2, time: 111.4651038646698
第2Epoch的精度为：{'acc': 0.7916666666666666, 'pur': 0.8055555555555556, 'nmi': 0.8513043907469133, 'ari': 0.6563807721698628}
Epoch: 3, time: 113.02507948875427
第3Epoch的精度为：{'acc': 0.7777777777777778, 'pur': 0.7916666666666666, 'nmi': 0.8624197305679204, 'ari': 0.6537325121925172}
Epoch: 4, time: 111.3822557926178
第4Epoch的精度为：{'acc': 0.7777777777777778, 'pur': 0.7916666666666666, 'nmi': 0.8630000100523927, 'ari': 0.6692704600831303}
Epoch: 5, time: 113.46193599700928
第5Epoch的精度为：{'acc': 0.75, 'pur': 0.7777777777777778, 'nmi': 0.841427527749281, 'ari': 0.6320449147052473}
Epoch: 6, time: 160.09808468818665
第6Epoch的精度为：{'acc': 0.6805555555555556, 'pur': 0.7222222222222222, 'nmi': 0.8000563704385731, 'ari': 0.5451368666278392}
Epoch: 7, time: 160.33762168884277
第7Epoch的精度为：{'acc': 0.7777777777777778, 'pur': 0.7916666666666666, 'nmi': 0.8488088335321243, 'ari': 0.6489178730113229}
Epoch: 8, time: 110.70529794692993
第8Epoch的精度为：{'acc': 0.6805555555555556, 'pur': 0.7222222222222222, 'nmi': 0.8072961943216835, 'ari': 0.5434695244474212}
Epoch: 9, time: 156.6384356021881
第9Epoch的精度为：{'acc': 0.6944444444444444, 'pur': 0.7222222222222222, 'nmi': 0.8112577889012945, 'ari': 0.5616271007362895}
Epoch: 10, time: 160.37910795211792
第10Epoch的精度为：{'acc': 0.7222222222222222, 'pur': 0.7638888888888888, 'nmi': 0.8200898520747425, 'ari': 0.5844076561209466}
Epoch: 11, time: 147.96329998970032
第11Epoch的精度为：{'acc': 0.7777777777777778, 'pur': 0.7916666666666666, 'nmi': 0.8630000100523932, 'ari': 0.6692704600831303}
Epoch: 12, time: 118.14600396156311
第12Epoch的精度为：{'acc': 0.7222222222222222, 'pur': 0.75, 'nmi': 0.8258002886879057, 'ari': 0.5904971161768745}
Epoch: 13, time: 110.76994442939758
第13Epoch的精度为：{'acc': 0.7083333333333334, 'pur': 0.7361111111111112, 'nmi': 0.8138007770267176, 'ari': 0.5684764991896273}
Epoch: 14, time: 110.94283556938171
第14Epoch的精度为：{'acc': 0.75, 'pur': 0.7916666666666666, 'nmi': 0.8790323019097304, 'ari': 0.685907955761684}
Epoch: 15, time: 133.51340341567993
第15Epoch的精度为：{'acc': 0.8055555555555556, 'pur': 0.8194444444444444, 'nmi': 0.8792088735872312, 'ari': 0.7002239600543378}
Epoch: 16, time: 110.06376099586487
第16Epoch的精度为：{'acc': 0.7777777777777778, 'pur': 0.8055555555555556, 'nmi': 0.8529768274155755, 'ari': 0.6520124758651419}
Epoch: 17, time: 123.3152129650116
第17Epoch的精度为：{'acc': 0.7083333333333334, 'pur': 0.75, 'nmi': 0.8127763789178628, 'ari': 0.5845879414912594}
Epoch: 18, time: 111.95124411582947
第18Epoch的精度为：{'acc': 0.8055555555555556, 'pur': 0.8194444444444444, 'nmi': 0.87292898898552, 'ari': 0.7002239600543378}
Epoch: 19, time: 158.03228545188904
第19Epoch的精度为：{'acc': 0.8055555555555556, 'pur': 0.8194444444444444, 'nmi': 0.8876212355414832, 'ari': 0.7203501094091904}
Epoch: 20, time: 112.80611491203308
第20Epoch的精度为：{'acc': 0.7777777777777778, 'pur': 0.7916666666666666, 'nmi': 0.8556447482382689, 'ari': 0.6659963371278773}
Epoch: 21, time: 116.40288472175598
第21Epoch的精度为：{'acc': 0.7361111111111112, 'pur': 0.7777777777777778, 'nmi': 0.8635555501168836, 'ari': 0.6614068307735466}
Epoch: 22, time: 110.89010238647461
第22Epoch的精度为：{'acc': 0.8055555555555556, 'pur': 0.8194444444444444, 'nmi': 0.8649323712568818, 'ari': 0.6770495979040064}
Epoch: 23, time: 159.45221495628357
第23Epoch的精度为：{'acc': 0.8611111111111112, 'pur': 0.8611111111111112, 'nmi': 0.8973666882000328, 'ari': 0.7518425651546236}
Epoch: 24, time: 160.38860774040222
第24Epoch的精度为：{'acc': 0.8055555555555556, 'pur': 0.8194444444444444, 'nmi': 0.8780180543472021, 'ari': 0.7047378583098173}
Epoch: 25, time: 109.48223638534546
第25Epoch的精度为：{'acc': 0.8472222222222222, 'pur': 0.8611111111111112, 'nmi': 0.8986298463493306, 'ari': 0.7518425651546236}
Epoch: 26, time: 111.01468253135681
第26Epoch的精度为：{'acc': 0.8194444444444444, 'pur': 0.8333333333333334, 'nmi': 0.8665682676919039, 'ari': 0.6947549441100602}
Epoch: 27, time: 130.63277888298035
第27Epoch的精度为：{'acc': 0.8194444444444444, 'pur': 0.8333333333333334, 'nmi': 0.8704667689219987, 'ari': 0.71210658428268}
Epoch: 28, time: 118.23794507980347
第28Epoch的精度为：{'acc': 0.7222222222222222, 'pur': 0.75, 'nmi': 0.8426210200999217, 'ari': 0.6196990890791853}
Epoch: 29, time: 160.50030088424683
第29Epoch的精度为：{'acc': 0.7777777777777778, 'pur': 0.7916666666666666, 'nmi': 0.8458303610094692, 'ari': 0.6389179440937782}
Epoch: 30, time: 109.45326924324036
第30Epoch的精度为：{'acc': 0.7361111111111112, 'pur': 0.7777777777777778, 'nmi': 0.88830945422659, 'ari': 0.6863033873343152}
最终精度为：{'acc': 0.8055555555555556, 'pur': 0.8333333333333334, 'nmi': 0.8802863645468096, 'ari': 0.7189145558673176}
==================================================
 
 
