DuckDuckGeese
Epoch: 1, time: 1191.530541419983
第1Epoch的精度为：{'acc': 0.26, 'pur': 0.3, 'nmi': 0.14123424190497844, 'ari': 0.005101520253035404}
Epoch: 2, time: 1197.072261095047
第2Epoch的精度为：{'acc': 0.26, 'pur': 0.3, 'nmi': 0.14123424190497844, 'ari': 0.005101520253035404}
Epoch: 3, time: 1204.4991183280945
第3Epoch的精度为：{'acc': 0.24, 'pur': 0.28, 'nmi': 0.12030427850511238, 'ari': 5.259559248934939e-05}
Epoch: 4, time: 1818.9881899356842
第4Epoch的精度为：{'acc': 0.34, 'pur': 0.36, 'nmi': 0.16075552291986467, 'ari': 0.021535486882021535}
Epoch: 5, time: 1770.881754875183
第5Epoch的精度为：{'acc': 0.32, 'pur': 0.34, 'nmi': 0.1458342744286453, 'ari': 0.006327311841564111}
Epoch: 6, time: 1634.616301059723
第6Epoch的精度为：{'acc': 0.3, 'pur': 0.32, 'nmi': 0.15739661374274858, 'ari': 0.0049298338982101345}
Epoch: 7, time: 1358.2657043933868
第7Epoch的精度为：{'acc': 0.24, 'pur': 0.28, 'nmi': 0.12030427850511238, 'ari': 5.259559248934939e-05}
Epoch: 8, time: 2077.705253601074
第8Epoch的精度为：{'acc': 0.3, 'pur': 0.32, 'nmi': 0.12477727248758037, 'ari': -0.00216714072870107}
Epoch: 9, time: 1211.8804585933685
第9Epoch的精度为：{'acc': 0.32, 'pur': 0.34, 'nmi': 0.1916994919639125, 'ari': 0.02742083524552547}
Epoch: 10, time: 1482.873689174652
第10Epoch的精度为：{'acc': 0.26, 'pur': 0.28, 'nmi': 0.13900274654490682, 'ari': 0.0014762871378483115}
Epoch: 11, time: 1974.9045865535736
第11Epoch的精度为：{'acc': 0.3, 'pur': 0.32, 'nmi': 0.12408365771201295, 'ari': 0.00037778617302606723}
Epoch: 12, time: 1376.019151687622
第12Epoch的精度为：{'acc': 0.3, 'pur': 0.32, 'nmi': 0.12334184122981265, 'ari': 0.00762673844773441}
Epoch: 13, time: 1276.7283873558044
第13Epoch的精度为：{'acc': 0.3, 'pur': 0.32, 'nmi': 0.12092345184049151, 'ari': -0.006067663643049767}
Epoch: 14, time: 1548.4986085891724
第14Epoch的精度为：{'acc': 0.32, 'pur': 0.34, 'nmi': 0.1742120395688853, 'ari': 0.02396420691345918}
Epoch: 15, time: 1528.9142439365387
第15Epoch的精度为：{'acc': 0.28, 'pur': 0.3, 'nmi': 0.13916468861153017, 'ari': -0.009070850698700662}
Epoch: 16, time: 1529.8159098625183
第16Epoch的精度为：{'acc': 0.3, 'pur': 0.32, 'nmi': 0.13080995114379987, 'ari': -0.005485574969524584}
Epoch: 17, time: 1239.8168830871582
第17Epoch的精度为：{'acc': 0.26, 'pur': 0.3, 'nmi': 0.1412342419049784, 'ari': 0.005101520253035404}
Epoch: 18, time: 1268.4570381641388
第18Epoch的精度为：{'acc': 0.28, 'pur': 0.3, 'nmi': 0.11503249500053468, 'ari': -0.015440877691995123}
Epoch: 19, time: 1401.307382106781
第19Epoch的精度为：{'acc': 0.32, 'pur': 0.34, 'nmi': 0.14000003312880097, 'ari': -0.0011175915901232843}
Epoch: 20, time: 1727.318541765213
第20Epoch的精度为：{'acc': 0.3, 'pur': 0.32, 'nmi': 0.11614175452698175, 'ari': -0.009240318826267899}
Epoch: 21, time: 1315.04168009758
第21Epoch的精度为：{'acc': 0.32, 'pur': 0.34, 'nmi': 0.1365775439878028, 'ari': 0.00917371923250856}
Epoch: 22, time: 1565.6861996650696
第22Epoch的精度为：{'acc': 0.28, 'pur': 0.3, 'nmi': 0.11937850156536373, 'ari': -0.013489208633093525}
Epoch: 23, time: 1320.041154384613
第23Epoch的精度为：{'acc': 0.3, 'pur': 0.32, 'nmi': 0.12820793802617325, 'ari': -0.00793815144612411}
Epoch: 24, time: 1871.7963531017303
第24Epoch的精度为：{'acc': 0.3, 'pur': 0.32, 'nmi': 0.14962288981978564, 'ari': 0.004486316733961417}
Epoch: 25, time: 1729.120675086975
第25Epoch的精度为：{'acc': 0.32, 'pur': 0.34, 'nmi': 0.15713315027039917, 'ari': 0.002842560888946314}
Epoch: 26, time: 1855.3188490867615
第26Epoch的精度为：{'acc': 0.3, 'pur': 0.32, 'nmi': 0.1454888127621138, 'ari': -0.0008483424693291569}
Epoch: 27, time: 1217.6990356445312
第27Epoch的精度为：{'acc': 0.28, 'pur': 0.32, 'nmi': 0.1254828595251981, 'ari': -0.008804009210348096}
Epoch: 28, time: 1512.0882534980774
第28Epoch的精度为：{'acc': 0.34, 'pur': 0.36, 'nmi': 0.1777860911070729, 'ari': 0.011734506784011734}
Epoch: 29, time: 1654.139046907425
第29Epoch的精度为：{'acc': 0.32, 'pur': 0.34, 'nmi': 0.15071760003218998, 'ari': 0.002305032654629274}
Epoch: 30, time: 1497.0640082359314
第30Epoch的精度为：{'acc': 0.32, 'pur': 0.34, 'nmi': 0.11762656681412176, 'ari': 0.004236446680346859}
最终精度为：{'acc': 0.32, 'pur': 0.34, 'nmi': 0.13275028139601666, 'ari': 0.014278461733722554}
==================================================
 
 
