EigenWorms
Epoch: 1, time: 1606.9263365268707
第1Epoch的精度为：{'acc': 0.40458015267175573, 'pur': 0.42748091603053434, 'nmi': 0.1209014954833625, 'ari': 0.043999888877074095}
Epoch: 2, time: 1517.832882642746
第2Epoch的精度为：{'acc': 0.40458015267175573, 'pur': 0.4351145038167939, 'nmi': 0.11560691511851687, 'ari': 0.041856472227384846}
Epoch: 3, time: 1539.9299170970917
第3Epoch的精度为：{'acc': 0.40458015267175573, 'pur': 0.4351145038167939, 'nmi': 0.11560691511851687, 'ari': 0.041856472227384846}
Epoch: 4, time: 1504.2064061164856
第4Epoch的精度为：{'acc': 0.40458015267175573, 'pur': 0.4351145038167939, 'nmi': 0.11581909062964674, 'ari': 0.039721048882913425}
Epoch: 5, time: 1584.471953868866
第5Epoch的精度为：{'acc': 0.40458015267175573, 'pur': 0.4351145038167939, 'nmi': 0.11581909062964674, 'ari': 0.039721048882913425}
Epoch: 6, time: 1519.4430537223816
第6Epoch的精度为：{'acc': 0.40458015267175573, 'pur': 0.4351145038167939, 'nmi': 0.11581909062964674, 'ari': 0.039721048882913425}
Epoch: 7, time: 1675.3530015945435
第7Epoch的精度为：{'acc': 0.40458015267175573, 'pur': 0.4351145038167939, 'nmi': 0.11581909062964674, 'ari': 0.039721048882913425}
Epoch: 8, time: 1477.1227629184723
第8Epoch的精度为：{'acc': 0.40458015267175573, 'pur': 0.4351145038167939, 'nmi': 0.13923924570837948, 'ari': 0.04891098263988381}
Epoch: 9, time: 1747.1885468959808
第9Epoch的精度为：{'acc': 0.40458015267175573, 'pur': 0.4351145038167939, 'nmi': 0.13923924570837948, 'ari': 0.04891098263988381}
Epoch: 10, time: 1556.2104375362396
第10Epoch的精度为：{'acc': 0.40458015267175573, 'pur': 0.4351145038167939, 'nmi': 0.13923924570837948, 'ari': 0.04891098263988381}
Epoch: 11, time: 1532.6614112854004
第11Epoch的精度为：{'acc': 0.40458015267175573, 'pur': 0.4351145038167939, 'nmi': 0.13923924570837948, 'ari': 0.04891098263988381}
Epoch: 12, time: 1584.8243634700775
第12Epoch的精度为：{'acc': 0.3969465648854962, 'pur': 0.42748091603053434, 'nmi': 0.13437047431064314, 'ari': 0.04213604158563968}
Epoch: 13, time: 1625.243733882904
第13Epoch的精度为：{'acc': 0.3969465648854962, 'pur': 0.42748091603053434, 'nmi': 0.13437047431064317, 'ari': 0.04213604158563968}
Epoch: 14, time: 1713.1918132305145
第14Epoch的精度为：{'acc': 0.40458015267175573, 'pur': 0.4351145038167939, 'nmi': 0.13923924570837948, 'ari': 0.04891098263988381}
Epoch: 15, time: 1669.31090092659
第15Epoch的精度为：{'acc': 0.40458015267175573, 'pur': 0.4351145038167939, 'nmi': 0.13923924570837948, 'ari': 0.04891098263988381}
Epoch: 16, time: 1639.9663660526276
第16Epoch的精度为：{'acc': 0.40458015267175573, 'pur': 0.4351145038167939, 'nmi': 0.13923924570837948, 'ari': 0.04891098263988381}
Epoch: 17, time: 1660.1499395370483
第17Epoch的精度为：{'acc': 0.40458015267175573, 'pur': 0.4351145038167939, 'nmi': 0.13923924570837945, 'ari': 0.04891098263988381}
Epoch: 18, time: 1491.197250366211
第18Epoch的精度为：{'acc': 0.3969465648854962, 'pur': 0.42748091603053434, 'nmi': 0.13437047431064317, 'ari': 0.04213604158563968}
Epoch: 19, time: 1706.008725643158
第19Epoch的精度为：{'acc': 0.3969465648854962, 'pur': 0.42748091603053434, 'nmi': 0.1306981449131768, 'ari': 0.044587850742792375}
Epoch: 20, time: 1598.1958620548248
第20Epoch的精度为：{'acc': 0.3893129770992366, 'pur': 0.42748091603053434, 'nmi': 0.12618045687051793, 'ari': 0.03810315289715522}
Epoch: 21, time: 1574.6894102096558
第21Epoch的精度为：{'acc': 0.3969465648854962, 'pur': 0.42748091603053434, 'nmi': 0.13366720043816402, 'ari': 0.04155600959831167}
Epoch: 22, time: 1504.3627650737762
第22Epoch的精度为：{'acc': 0.40458015267175573, 'pur': 0.4351145038167939, 'nmi': 0.1394131022923128, 'ari': 0.0565634961138221}
Epoch: 23, time: 1521.5104105472565
第23Epoch的精度为：{'acc': 0.3893129770992366, 'pur': 0.42748091603053434, 'nmi': 0.12618045687051793, 'ari': 0.03810315289715522}
Epoch: 24, time: 1445.2600734233856
第24Epoch的精度为：{'acc': 0.3893129770992366, 'pur': 0.42748091603053434, 'nmi': 0.11048336515679022, 'ari': 0.032411534393615715}
Epoch: 25, time: 1495.247008562088
第25Epoch的精度为：{'acc': 0.3893129770992366, 'pur': 0.42748091603053434, 'nmi': 0.11048336515679022, 'ari': 0.032411534393615715}
Epoch: 26, time: 1573.7189671993256
第26Epoch的精度为：{'acc': 0.40458015267175573, 'pur': 0.4351145038167939, 'nmi': 0.1394131022923128, 'ari': 0.0565634961138221}
Epoch: 27, time: 1556.9942693710327
第27Epoch的精度为：{'acc': 0.3969465648854962, 'pur': 0.42748091603053434, 'nmi': 0.13069814491317672, 'ari': 0.044587850742792375}
Epoch: 28, time: 1460.8981547355652
第28Epoch的精度为：{'acc': 0.3969465648854962, 'pur': 0.42748091603053434, 'nmi': 0.13366720043816407, 'ari': 0.04155600959831167}
Epoch: 29, time: 1592.3350684642792
第29Epoch的精度为：{'acc': 0.3893129770992366, 'pur': 0.42748091603053434, 'nmi': 0.11048336515679022, 'ari': 0.032411534393615715}
Epoch: 30, time: 1567.5219480991364
第30Epoch的精度为：{'acc': 0.40458015267175573, 'pur': 0.4351145038167939, 'nmi': 0.1394131022923128, 'ari': 0.0565634961138221}
最终精度为：{'acc': 0.40458015267175573, 'pur': 0.4351145038167939, 'nmi': 0.1394131022923128, 'ari': 0.0565634961138221}
==================================================
 
 
