Epilepsy
Epoch: 1, time: 57.11115097999573
第1Epoch的精度为：{'acc': 0.5652173913043478, 'pur': 0.5869565217391305, 'nmi': 0.34883724077247485, 'ari': 0.24411750392238185}
Epoch: 2, time: 67.31474113464355
第2Epoch的精度为：{'acc': 0.572463768115942, 'pur': 0.5942028985507246, 'nmi': 0.3582614024803014, 'ari': 0.2531769609036199}
Epoch: 3, time: 55.57058382034302
第3Epoch的精度为：{'acc': 0.5362318840579711, 'pur': 0.5507246376811594, 'nmi': 0.3160128542515456, 'ari': 0.1999596059506464}
Epoch: 4, time: 60.43245482444763
第4Epoch的精度为：{'acc': 0.5434782608695652, 'pur': 0.5869565217391305, 'nmi': 0.36405367856923027, 'ari': 0.24249505761376533}
Epoch: 5, time: 67.41125774383545
第5Epoch的精度为：{'acc': 0.5289855072463768, 'pur': 0.572463768115942, 'nmi': 0.31017751022865914, 'ari': 0.21358393139037812}
Epoch: 6, time: 67.28654408454895
第6Epoch的精度为：{'acc': 0.5217391304347826, 'pur': 0.5507246376811594, 'nmi': 0.28902112582414785, 'ari': 0.18181021398601424}
Epoch: 7, time: 70.0022041797638
第7Epoch的精度为：{'acc': 0.5579710144927537, 'pur': 0.5869565217391305, 'nmi': 0.3245847931197056, 'ari': 0.21749985244543416}
Epoch: 8, time: 67.01702761650085
第8Epoch的精度为：{'acc': 0.5434782608695652, 'pur': 0.5797101449275363, 'nmi': 0.313374275555113, 'ari': 0.20392695770007996}
Epoch: 9, time: 55.9828736782074
第9Epoch的精度为：{'acc': 0.5507246376811594, 'pur': 0.5869565217391305, 'nmi': 0.32183277444396524, 'ari': 0.2127742859512592}
Epoch: 10, time: 71.06248736381531
第10Epoch的精度为：{'acc': 0.5579710144927537, 'pur': 0.5942028985507246, 'nmi': 0.33004230781865, 'ari': 0.2225163067310952}
Epoch: 11, time: 56.85006499290466
第11Epoch的精度为：{'acc': 0.5652173913043478, 'pur': 0.5942028985507246, 'nmi': 0.3365781222425687, 'ari': 0.22594018748654204}
Epoch: 12, time: 56.43079233169556
第12Epoch的精度为：{'acc': 0.5507246376811594, 'pur': 0.5942028985507246, 'nmi': 0.33257574230834125, 'ari': 0.22173728629789768}
Epoch: 13, time: 55.40291953086853
第13Epoch的精度为：{'acc': 0.5507246376811594, 'pur': 0.5942028985507246, 'nmi': 0.33257574230834125, 'ari': 0.22173728629789768}
Epoch: 14, time: 102.37747931480408
第14Epoch的精度为：{'acc': 0.5, 'pur': 0.5652173913043478, 'nmi': 0.3274877419917119, 'ari': 0.2057472931542081}
Epoch: 15, time: 107.35355234146118
第15Epoch的精度为：{'acc': 0.5434782608695652, 'pur': 0.5869565217391305, 'nmi': 0.3010289970233313, 'ari': 0.21277979812771866}
Epoch: 16, time: 104.41713309288025
第16Epoch的精度为：{'acc': 0.4927536231884058, 'pur': 0.5072463768115942, 'nmi': 0.2735382878138291, 'ari': 0.16780657118969028}
Epoch: 17, time: 106.25916838645935
第17Epoch的精度为：{'acc': 0.45652173913043476, 'pur': 0.45652173913043476, 'nmi': 0.18801670240871576, 'ari': 0.1184618431529467}
Epoch: 18, time: 107.59497737884521
第18Epoch的精度为：{'acc': 0.47101449275362317, 'pur': 0.47101449275362317, 'nmi': 0.2131298940069091, 'ari': 0.12551543330115414}
Epoch: 19, time: 96.0070972442627
第19Epoch的精度为：{'acc': 0.4782608695652174, 'pur': 0.4782608695652174, 'nmi': 0.21164851057409362, 'ari': 0.1240021991851135}
Epoch: 20, time: 86.85870862007141
第20Epoch的精度为：{'acc': 0.47101449275362317, 'pur': 0.47101449275362317, 'nmi': 0.21019682846719479, 'ari': 0.12218689249121956}
Epoch: 21, time: 89.24860095977783
第21Epoch的精度为：{'acc': 0.6086956521739131, 'pur': 0.6086956521739131, 'nmi': 0.3198227830602985, 'ari': 0.23435361890054285}
Epoch: 22, time: 65.930499792099
第22Epoch的精度为：{'acc': 0.43478260869565216, 'pur': 0.463768115942029, 'nmi': 0.1651916567106069, 'ari': 0.11631508034227935}
Epoch: 23, time: 54.427594900131226
第23Epoch的精度为：{'acc': 0.4492753623188406, 'pur': 0.463768115942029, 'nmi': 0.17825177948264742, 'ari': 0.12246559136417147}
Epoch: 24, time: 54.65092849731445
第24Epoch的精度为：{'acc': 0.6014492753623188, 'pur': 0.6014492753623188, 'nmi': 0.3190899067487096, 'ari': 0.26192021435979873}
Epoch: 25, time: 53.881197452545166
第25Epoch的精度为：{'acc': 0.4492753623188406, 'pur': 0.4492753623188406, 'nmi': 0.23295755668058565, 'ari': 0.13622001212183066}
Epoch: 26, time: 67.86715149879456
第26Epoch的精度为：{'acc': 0.463768115942029, 'pur': 0.463768115942029, 'nmi': 0.2216064037194348, 'ari': 0.13759530903073874}
Epoch: 27, time: 54.69055104255676
第27Epoch的精度为：{'acc': 0.463768115942029, 'pur': 0.463768115942029, 'nmi': 0.19314708053343915, 'ari': 0.12613338851193093}
Epoch: 28, time: 53.748265743255615
第28Epoch的精度为：{'acc': 0.5072463768115942, 'pur': 0.5362318840579711, 'nmi': 0.2893020994544857, 'ari': 0.17427591742188908}
Epoch: 29, time: 54.59665513038635
第29Epoch的精度为：{'acc': 0.47101449275362317, 'pur': 0.47101449275362317, 'nmi': 0.24373696932874947, 'ari': 0.1491838919855351}
Epoch: 30, time: 54.68952655792236
第30Epoch的精度为：{'acc': 0.463768115942029, 'pur': 0.4782608695652174, 'nmi': 0.2240311225127695, 'ari': 0.1484650641342698}
最终精度为：{'acc': 0.463768115942029, 'pur': 0.4782608695652174, 'nmi': 0.2259916156019101, 'ari': 0.14976065203631536}
==================================================
 
 
