ERing
Epoch: 1, time: 9.042665004730225
第1Epoch的精度为：{'acc': 0.6925925925925925, 'pur': 0.7222222222222222, 'nmi': 0.6129759862868955, 'ari': 0.530771696976389}
Epoch: 2, time: 9.090107679367065
第2Epoch的精度为：{'acc': 0.6666666666666666, 'pur': 0.6666666666666666, 'nmi': 0.5700184783204648, 'ari': 0.46080869395277435}
Epoch: 3, time: 8.883628606796265
第3Epoch的精度为：{'acc': 0.662962962962963, 'pur': 0.6925925925925925, 'nmi': 0.6104641168731636, 'ari': 0.4729760490716921}
Epoch: 4, time: 10.872973680496216
第4Epoch的精度为：{'acc': 0.6814814814814815, 'pur': 0.7111111111111111, 'nmi': 0.6371178086568489, 'ari': 0.4998300961814644}
Epoch: 5, time: 9.000342607498169
第5Epoch的精度为：{'acc': 0.7185185185185186, 'pur': 0.7481481481481481, 'nmi': 0.6457351607844524, 'ari': 0.563258316481856}
Epoch: 6, time: 10.875735521316528
第6Epoch的精度为：{'acc': 0.7185185185185186, 'pur': 0.7481481481481481, 'nmi': 0.6592136979862803, 'ari': 0.5734957825946915}
Epoch: 7, time: 9.208923578262329
第7Epoch的精度为：{'acc': 0.6851851851851852, 'pur': 0.7111111111111111, 'nmi': 0.6365088841352892, 'ari': 0.5032824660961308}
Epoch: 8, time: 8.882235765457153
第8Epoch的精度为：{'acc': 0.6962962962962963, 'pur': 0.725925925925926, 'nmi': 0.6588516638720054, 'ari': 0.5616200324390681}
Epoch: 9, time: 9.116748809814453
第9Epoch的精度为：{'acc': 0.662962962962963, 'pur': 0.7, 'nmi': 0.620242947484063, 'ari': 0.5155975286550966}
Epoch: 10, time: 8.936464071273804
第10Epoch的精度为：{'acc': 0.7074074074074074, 'pur': 0.7185185185185186, 'nmi': 0.6247495911650336, 'ari': 0.5423818109573}
Epoch: 11, time: 11.007062911987305
第11Epoch的精度为：{'acc': 0.7407407407407407, 'pur': 0.7407407407407407, 'nmi': 0.644572293447483, 'ari': 0.561767663839521}
Epoch: 12, time: 11.098745107650757
第12Epoch的精度为：{'acc': 0.737037037037037, 'pur': 0.737037037037037, 'nmi': 0.6313510646785088, 'ari': 0.5510544377921954}
Epoch: 13, time: 9.492466926574707
第13Epoch的精度为：{'acc': 0.6666666666666666, 'pur': 0.674074074074074, 'nmi': 0.5849293237057599, 'ari': 0.4738251247221344}
Epoch: 14, time: 9.210453748703003
第14Epoch的精度为：{'acc': 0.7148148148148148, 'pur': 0.7148148148148148, 'nmi': 0.6487306078609807, 'ari': 0.5148832925877571}
Epoch: 15, time: 9.049789905548096
第15Epoch的精度为：{'acc': 0.7851851851851852, 'pur': 0.7851851851851852, 'nmi': 0.6868360899838047, 'ari': 0.5952001671130298}
Epoch: 16, time: 10.961583614349365
第16Epoch的精度为：{'acc': 0.7592592592592593, 'pur': 0.7592592592592593, 'nmi': 0.6532438210830164, 'ari': 0.5603797703541303}
Epoch: 17, time: 8.916844367980957
第17Epoch的精度为：{'acc': 0.7666666666666667, 'pur': 0.7666666666666667, 'nmi': 0.6707206451377539, 'ari': 0.5703019958691877}
Epoch: 18, time: 8.902713775634766
第18Epoch的精度为：{'acc': 0.7111111111111111, 'pur': 0.7111111111111111, 'nmi': 0.6315956316007116, 'ari': 0.5105619380423553}
Epoch: 19, time: 8.846903085708618
第19Epoch的精度为：{'acc': 0.7296296296296296, 'pur': 0.7296296296296296, 'nmi': 0.6444167465203338, 'ari': 0.5339324986515458}
Epoch: 20, time: 9.004596471786499
第20Epoch的精度为：{'acc': 0.6814814814814815, 'pur': 0.6814814814814815, 'nmi': 0.6063274563148294, 'ari': 0.49225351981612275}
Epoch: 21, time: 9.009421110153198
第21Epoch的精度为：{'acc': 0.6592592592592592, 'pur': 0.6592592592592592, 'nmi': 0.5871454517176127, 'ari': 0.4689090946363245}
Epoch: 22, time: 9.06969141960144
第22Epoch的精度为：{'acc': 0.662962962962963, 'pur': 0.662962962962963, 'nmi': 0.6043639160010539, 'ari': 0.4767914946030537}
Epoch: 23, time: 8.854515314102173
第23Epoch的精度为：{'acc': 0.662962962962963, 'pur': 0.662962962962963, 'nmi': 0.5915922914646151, 'ari': 0.46882294172642475}
Epoch: 24, time: 11.143923997879028
第24Epoch的精度为：{'acc': 0.6703703703703704, 'pur': 0.674074074074074, 'nmi': 0.594606335164969, 'ari': 0.47953931618401474}
Epoch: 25, time: 9.467641353607178
第25Epoch的精度为：{'acc': 0.6851851851851852, 'pur': 0.6851851851851852, 'nmi': 0.6002542347008691, 'ari': 0.4860042632214704}
Epoch: 26, time: 9.088086366653442
第26Epoch的精度为：{'acc': 0.6703703703703704, 'pur': 0.6703703703703704, 'nmi': 0.6083881804716254, 'ari': 0.4877030205623211}
Epoch: 27, time: 10.993131637573242
第27Epoch的精度为：{'acc': 0.6814814814814815, 'pur': 0.6814814814814815, 'nmi': 0.6049540740168642, 'ari': 0.4775167735423346}
Epoch: 28, time: 11.02992296218872
第28Epoch的精度为：{'acc': 0.7222222222222222, 'pur': 0.7222222222222222, 'nmi': 0.6339897500527824, 'ari': 0.5182837681504465}
Epoch: 29, time: 11.323366403579712
第29Epoch的精度为：{'acc': 0.8074074074074075, 'pur': 0.8074074074074075, 'nmi': 0.7060922035841216, 'ari': 0.6337033194635016}
Epoch: 30, time: 11.158222675323486
第30Epoch的精度为：{'acc': 0.7111111111111111, 'pur': 0.7111111111111111, 'nmi': 0.6422225219442268, 'ari': 0.5156136188956164}
最终精度为：{'acc': 0.725925925925926, 'pur': 0.725925925925926, 'nmi': 0.6242758468494536, 'ari': 0.5485620690684416}
==================================================
 
 
