EthanolConcentration
Epoch: 1, time: 285.2018644809723
第1Epoch的精度为：{'acc': 0.30038022813688214, 'pur': 0.311787072243346, 'nmi': 0.016230370671500596, 'ari': 0.001462039137532597}
Epoch: 2, time: 318.41121768951416
第2Epoch的精度为：{'acc': 0.2889733840304182, 'pur': 0.3041825095057034, 'nmi': 0.01593077781820009, 'ari': 5.8379862461578396e-05}
Epoch: 3, time: 289.37000584602356
第3Epoch的精度为：{'acc': 0.30798479087452474, 'pur': 0.3193916349809886, 'nmi': 0.018934023306983124, 'ari': 0.004159896735354753}
Epoch: 4, time: 328.26603078842163
第4Epoch的精度为：{'acc': 0.30038022813688214, 'pur': 0.3041825095057034, 'nmi': 0.016389896148507763, 'ari': 9.522511244923807e-05}
Epoch: 5, time: 289.97444558143616
第5Epoch的精度为：{'acc': 0.30038022813688214, 'pur': 0.30798479087452474, 'nmi': 0.01811554604194508, 'ari': 0.002526562312433042}
Epoch: 6, time: 341.13978242874146
第6Epoch的精度为：{'acc': 0.30038022813688214, 'pur': 0.30798479087452474, 'nmi': 0.018120701488465608, 'ari': 0.0017522592800573713}
Epoch: 7, time: 284.2493374347687
第7Epoch的精度为：{'acc': 0.3155893536121673, 'pur': 0.3231939163498099, 'nmi': 0.024202268420834, 'ari': 0.007849587427972997}
Epoch: 8, time: 283.00267815589905
第8Epoch的精度为：{'acc': 0.30798479087452474, 'pur': 0.3155893536121673, 'nmi': 0.021744293400743738, 'ari': 0.0051866560919492195}
Epoch: 9, time: 316.3550159931183
第9Epoch的精度为：{'acc': 0.3041825095057034, 'pur': 0.30798479087452474, 'nmi': 0.019466493275545012, 'ari': 0.0026748103446853997}
Epoch: 10, time: 287.0479245185852
第10Epoch的精度为：{'acc': 0.311787072243346, 'pur': 0.3231939163498099, 'nmi': 0.023703545370400224, 'ari': 0.007254958305081387}
Epoch: 11, time: 284.47295689582825
第11Epoch的精度为：{'acc': 0.311787072243346, 'pur': 0.3155893536121673, 'nmi': 0.020659866175070162, 'ari': 0.0050624494957617}
Epoch: 12, time: 297.11818981170654
第12Epoch的精度为：{'acc': 0.2965779467680608, 'pur': 0.2965779467680608, 'nmi': 0.015506034687250767, 'ari': 7.741602511719926e-05}
Epoch: 13, time: 281.19875049591064
第13Epoch的精度为：{'acc': 0.3041825095057034, 'pur': 0.311787072243346, 'nmi': 0.01717147369239658, 'ari': 0.0025038863774953695}
Epoch: 14, time: 281.45878291130066
第14Epoch的精度为：{'acc': 0.3269961977186312, 'pur': 0.3269961977186312, 'nmi': 0.03083921694914256, 'ari': 0.01105043344520213}
Epoch: 15, time: 317.9909906387329
第15Epoch的精度为：{'acc': 0.311787072243346, 'pur': 0.3155893536121673, 'nmi': 0.02440798674402575, 'ari': 0.007395932752581702}
Epoch: 16, time: 269.76667618751526
第16Epoch的精度为：{'acc': 0.3155893536121673, 'pur': 0.3193916349809886, 'nmi': 0.021885272528577752, 'ari': 0.006844943972940028}
Epoch: 17, time: 271.580415725708
第17Epoch的精度为：{'acc': 0.30798479087452474, 'pur': 0.311787072243346, 'nmi': 0.020502500584204546, 'ari': 0.0050852619544272575}
Epoch: 18, time: 270.14835715293884
第18Epoch的精度为：{'acc': 0.30798479087452474, 'pur': 0.311787072243346, 'nmi': 0.017577218747727812, 'ari': 0.002959451903326479}
Epoch: 19, time: 277.74897933006287
第19Epoch的精度为：{'acc': 0.311787072243346, 'pur': 0.3155893536121673, 'nmi': 0.02364171932244219, 'ari': 0.006714795193873731}
Epoch: 20, time: 321.7974708080292
第20Epoch的精度为：{'acc': 0.311787072243346, 'pur': 0.3155893536121673, 'nmi': 0.02406613580130513, 'ari': 0.007170868860731074}
Epoch: 21, time: 291.23353242874146
第21Epoch的精度为：{'acc': 0.30798479087452474, 'pur': 0.30798479087452474, 'nmi': 0.01911096586916874, 'ari': 0.0021253248694508746}
Epoch: 22, time: 297.16225719451904
第22Epoch的精度为：{'acc': 0.3155893536121673, 'pur': 0.3193916349809886, 'nmi': 0.0221194591505607, 'ari': 0.006857477608382893}
Epoch: 23, time: 267.0094430446625
第23Epoch的精度为：{'acc': 0.3193916349809886, 'pur': 0.3231939163498099, 'nmi': 0.02619224634401247, 'ari': 0.009738684430933222}
Epoch: 24, time: 269.71307396888733
第24Epoch的精度为：{'acc': 0.30798479087452474, 'pur': 0.311787072243346, 'nmi': 0.01988085028090156, 'ari': 0.004957579968624927}
Epoch: 25, time: 269.6676936149597
第25Epoch的精度为：{'acc': 0.311787072243346, 'pur': 0.311787072243346, 'nmi': 0.021256007696022476, 'ari': 0.0059968166463417955}
Epoch: 26, time: 270.4532001018524
第26Epoch的精度为：{'acc': 0.30798479087452474, 'pur': 0.3155893536121673, 'nmi': 0.02158988524140622, 'ari': 0.0062931408381611655}
Epoch: 27, time: 284.18793058395386
第27Epoch的精度为：{'acc': 0.3155893536121673, 'pur': 0.3155893536121673, 'nmi': 0.022136067051902266, 'ari': 0.006860177393442538}
Epoch: 28, time: 299.7576274871826
第28Epoch的精度为：{'acc': 0.3155893536121673, 'pur': 0.3155893536121673, 'nmi': 0.02347007024087978, 'ari': 0.005712150712503756}
Epoch: 29, time: 361.496456861496
第29Epoch的精度为：{'acc': 0.311787072243346, 'pur': 0.311787072243346, 'nmi': 0.02028138652256799, 'ari': 0.004935245707561723}
Epoch: 30, time: 300.5803573131561
第30Epoch的精度为：{'acc': 0.3193916349809886, 'pur': 0.3193916349809886, 'nmi': 0.01995829683569853, 'ari': 0.004968003487881069}
最终精度为：{'acc': 0.3193916349809886, 'pur': 0.3193916349809886, 'nmi': 0.01995829683569853, 'ari': 0.004968003487881069}
==================================================
 
 
