FaceDetection
Epoch: 1, time: 22063.208969831467
第1Epoch的精度为：{'acc': 0.5002837684449489, 'pur': 0.5002837684449489, 'nmi': 0.00013786055535073506, 'ari': -6.436483010273298e-07}
Epoch: 2, time: 19791.41866183281
第2Epoch的精度为：{'acc': 0.5, 'pur': 0.5, 'nmi': 0.0, 'ari': -6.440138030889625e-07}
Epoch: 3, time: 21533.591694116592
第3Epoch的精度为：{'acc': 0.5002837684449489, 'pur': 0.5002837684449489, 'nmi': 0.0005655306719979902, 'ari': 0.0}
Epoch: 4, time: 20633.857466697693
第4Epoch的精度为：{'acc': 0.5, 'pur': 0.5, 'nmi': 0.0, 'ari': -6.440138030889625e-07}
Epoch: 5, time: 19749.67516851425
第5Epoch的精度为：{'acc': 0.5, 'pur': 0.5, 'nmi': 0.0, 'ari': -6.440138030889625e-07}
Epoch: 6, time: 19721.07465696335
第6Epoch的精度为：{'acc': 0.5, 'pur': 0.5, 'nmi': 0.0, 'ari': -6.440138030889625e-07}
Epoch: 7, time: 19603.93891954422
第7Epoch的精度为：{'acc': 0.5, 'pur': 0.5, 'nmi': 0.0, 'ari': -6.440138030889625e-07}
Epoch: 8, time: 19558.603297472
第8Epoch的精度为：{'acc': 0.5002837684449489, 'pur': 0.5002837684449489, 'nmi': 0.0005655306719979902, 'ari': 0.0}
Epoch: 9, time: 19711.071208000183
第9Epoch的精度为：{'acc': 0.5, 'pur': 0.5, 'nmi': 0.0, 'ari': -6.440138030889625e-07}
Epoch: 10, time: 21062.486432790756
第10Epoch的精度为：{'acc': 0.5, 'pur': 0.5, 'nmi': 0.0, 'ari': -6.440138030889625e-07}
Epoch: 11, time: 19649.026987314224
第11Epoch的精度为：{'acc': 0.5, 'pur': 0.5, 'nmi': 0.0, 'ari': -6.440138030889625e-07}
Epoch: 12, time: 19629.155168533325
第12Epoch的精度为：{'acc': 0.5, 'pur': 0.5, 'nmi': 0.0, 'ari': -6.440138030889625e-07}
Epoch: 13, time: 19600.481367111206
第13Epoch的精度为：{'acc': 0.5, 'pur': 0.5, 'nmi': 0.0, 'ari': -6.440138030889625e-07}
Epoch: 14, time: 19654.97221159935
第14Epoch的精度为：{'acc': 0.5, 'pur': 0.5, 'nmi': 0.0, 'ari': -6.440138030889625e-07}
Epoch: 15, time: 21837.21560549736
第15Epoch的精度为：{'acc': 0.5, 'pur': 0.5, 'nmi': 0.0, 'ari': -6.440138030889625e-07}
Epoch: 16, time: 20665.617987394333
第16Epoch的精度为：{'acc': 0.5, 'pur': 0.5, 'nmi': 0.0, 'ari': -6.440138030889625e-07}
Epoch: 17, time: 19590.70280480385
第17Epoch的精度为：{'acc': 0.5, 'pur': 0.5, 'nmi': 0.0, 'ari': -6.440138030889625e-07}
Epoch: 18, time: 19745.01648926735
第18Epoch的精度为：{'acc': 0.5, 'pur': 0.5, 'nmi': 0.0, 'ari': -6.440138030889625e-07}
Epoch: 19, time: 19594.420155525208
第19Epoch的精度为：{'acc': 0.5, 'pur': 0.5, 'nmi': 0.0, 'ari': -6.440138030889625e-07}
Epoch: 20, time: 19626.832886219025
第20Epoch的精度为：{'acc': 0.5, 'pur': 0.5, 'nmi': 0.0, 'ari': -6.440138030889625e-07}
Epoch: 21, time: 19952.583164930344
第21Epoch的精度为：{'acc': 0.5, 'pur': 0.5, 'nmi': 0.0, 'ari': -6.440138030889625e-07}
Epoch: 22, time: 19710.565526485443
第22Epoch的精度为：{'acc': 0.5, 'pur': 0.5, 'nmi': 0.0, 'ari': -6.440138030889625e-07}
Epoch: 23, time: 21342.604414224625
第23Epoch的精度为：{'acc': 0.5, 'pur': 0.5, 'nmi': 0.0, 'ari': -6.440138030889625e-07}
Epoch: 24, time: 20067.012386083603
第24Epoch的精度为：{'acc': 0.5, 'pur': 0.5, 'nmi': 0.0, 'ari': -6.440138030889625e-07}
Epoch: 25, time: 19805.618505477905
第25Epoch的精度为：{'acc': 0.5002837684449489, 'pur': 0.5002837684449489, 'nmi': 0.0005655306719979902, 'ari': 0.0}
Epoch: 26, time: 20033.183505296707
第26Epoch的精度为：{'acc': 0.5002837684449489, 'pur': 0.5002837684449489, 'nmi': 0.0005655306719979902, 'ari': 0.0}
Epoch: 27, time: 19855.72489643097
第27Epoch的精度为：{'acc': 0.5, 'pur': 0.5, 'nmi': 0.0, 'ari': -6.440138030889625e-07}
Epoch: 28, time: 19786.422159433365
第28Epoch的精度为：{'acc': 0.5, 'pur': 0.5, 'nmi': 0.0, 'ari': -6.440138030889625e-07}
Epoch: 29, time: 19907.12973022461
第29Epoch的精度为：{'acc': 0.5002837684449489, 'pur': 0.5002837684449489, 'nmi': 0.0005655306719979902, 'ari': 0.0}
Epoch: 30, time: 19949.96650314331
第30Epoch的精度为：{'acc': 0.5, 'pur': 0.5, 'nmi': 0.0, 'ari': -6.440138030889625e-07}
最终精度为：{'acc': 0.5, 'pur': 0.5, 'nmi': 0.0, 'ari': -6.440138030889625e-07}
==================================================
 
 
