FingerMovements
Epoch: 1, time: 112.48505854606628
第1Epoch的精度为：{'acc': 0.56, 'pur': 0.56, 'nmi': 0.013786695042387182, 'ari': 0.005473126786031418}
Epoch: 2, time: 131.94571256637573
第2Epoch的精度为：{'acc': 0.57, 'pur': 0.57, 'nmi': 0.018038645249923924, 'ari': 0.010592433514717992}
Epoch: 3, time: 114.97619915008545
第3Epoch的精度为：{'acc': 0.57, 'pur': 0.57, 'nmi': 0.018038645249923924, 'ari': 0.010592433514717992}
Epoch: 4, time: 111.98299813270569
第4Epoch的精度为：{'acc': 0.56, 'pur': 0.56, 'nmi': 0.012497792873592227, 'ari': 0.00500580755907778}
Epoch: 5, time: 123.91534066200256
第5Epoch的精度为：{'acc': 0.56, 'pur': 0.56, 'nmi': 0.012497792873592227, 'ari': 0.00500580755907778}
Epoch: 6, time: 142.1298747062683
第6Epoch的精度为：{'acc': 0.56, 'pur': 0.56, 'nmi': 0.012497792873592227, 'ari': 0.00500580755907778}
Epoch: 7, time: 109.84425568580627
第7Epoch的精度为：{'acc': 0.56, 'pur': 0.56, 'nmi': 0.012497792873592227, 'ari': 0.00500580755907778}
Epoch: 8, time: 136.4778242111206
第8Epoch的精度为：{'acc': 0.56, 'pur': 0.56, 'nmi': 0.012497792873592227, 'ari': 0.00500580755907778}
Epoch: 9, time: 114.00941491127014
第9Epoch的精度为：{'acc': 0.56, 'pur': 0.56, 'nmi': 0.012497792873592227, 'ari': 0.00500580755907778}
Epoch: 10, time: 128.17802810668945
第10Epoch的精度为：{'acc': 0.56, 'pur': 0.56, 'nmi': 0.013089279162664662, 'ari': 0.005223944506294425}
Epoch: 11, time: 133.0118453502655
第11Epoch的精度为：{'acc': 0.56, 'pur': 0.56, 'nmi': 0.012497792873592227, 'ari': 0.00500580755907778}
Epoch: 12, time: 113.7745840549469
第12Epoch的精度为：{'acc': 0.56, 'pur': 0.56, 'nmi': 0.013089279162664662, 'ari': 0.005223944506294425}
Epoch: 13, time: 118.25923037528992
第13Epoch的精度为：{'acc': 0.56, 'pur': 0.56, 'nmi': 0.012497792873592227, 'ari': 0.00500580755907778}
Epoch: 14, time: 110.82034087181091
第14Epoch的精度为：{'acc': 0.56, 'pur': 0.56, 'nmi': 0.012497792873592227, 'ari': 0.00500580755907778}
Epoch: 15, time: 110.68494081497192
第15Epoch的精度为：{'acc': 0.57, 'pur': 0.57, 'nmi': 0.016495292116304305, 'ari': 0.010158471569056018}
Epoch: 16, time: 112.81325650215149
第16Epoch的精度为：{'acc': 0.57, 'pur': 0.57, 'nmi': 0.016495292116304305, 'ari': 0.010158471569056018}
Epoch: 17, time: 114.21917581558228
第17Epoch的精度为：{'acc': 0.57, 'pur': 0.57, 'nmi': 0.016495292116304305, 'ari': 0.010158471569056018}
Epoch: 18, time: 112.8049795627594
第18Epoch的精度为：{'acc': 0.57, 'pur': 0.57, 'nmi': 0.016495292116304305, 'ari': 0.010158471569056018}
Epoch: 19, time: 118.55895781517029
第19Epoch的精度为：{'acc': 0.56, 'pur': 0.56, 'nmi': 0.013089279162664662, 'ari': 0.005223944506294425}
Epoch: 20, time: 113.6963906288147
第20Epoch的精度为：{'acc': 0.57, 'pur': 0.57, 'nmi': 0.016495292116304305, 'ari': 0.010158471569056018}
Epoch: 21, time: 111.11593127250671
第21Epoch的精度为：{'acc': 0.57, 'pur': 0.57, 'nmi': 0.016495292116304305, 'ari': 0.010158471569056018}
Epoch: 22, time: 121.03327417373657
第22Epoch的精度为：{'acc': 0.57, 'pur': 0.57, 'nmi': 0.016495292116304305, 'ari': 0.010158471569056018}
Epoch: 23, time: 111.40777850151062
第23Epoch的精度为：{'acc': 0.57, 'pur': 0.57, 'nmi': 0.016495292116304305, 'ari': 0.010158471569056018}
Epoch: 24, time: 111.0604317188263
第24Epoch的精度为：{'acc': 0.56, 'pur': 0.56, 'nmi': 0.013089279162664662, 'ari': 0.005223944506294425}
Epoch: 25, time: 112.64014554023743
第25Epoch的精度为：{'acc': 0.57, 'pur': 0.57, 'nmi': 0.016495292116304305, 'ari': 0.010158471569056018}
Epoch: 26, time: 112.60330510139465
第26Epoch的精度为：{'acc': 0.56, 'pur': 0.56, 'nmi': 0.013089279162664662, 'ari': 0.005223944506294425}
Epoch: 27, time: 111.06231689453125
第27Epoch的精度为：{'acc': 0.57, 'pur': 0.57, 'nmi': 0.016495292116304305, 'ari': 0.010158471569056018}
Epoch: 28, time: 140.9214437007904
第28Epoch的精度为：{'acc': 0.57, 'pur': 0.57, 'nmi': 0.016495292116304305, 'ari': 0.010158471569056018}
Epoch: 29, time: 110.95837330818176
第29Epoch的精度为：{'acc': 0.57, 'pur': 0.57, 'nmi': 0.016495292116304305, 'ari': 0.010158471569056018}
Epoch: 30, time: 134.10607838630676
第30Epoch的精度为：{'acc': 0.58, 'pur': 0.58, 'nmi': 0.021826186877966967, 'ari': 0.01631255974590644}
最终精度为：{'acc': 0.59, 'pur': 0.59, 'nmi': 0.026956044737902585, 'ari': 0.023081739178109552}
==================================================
 
 
