Handwriting
Epoch: 1, time: 57.00691819190979
第1Epoch的精度为：{'acc': 0.17529411764705882, 'pur': 0.19176470588235295, 'nmi': 0.24517653569225087, 'ari': 0.04185418743103307}
Epoch: 2, time: 54.7959520816803
第2Epoch的精度为：{'acc': 0.18, 'pur': 0.18941176470588236, 'nmi': 0.2431123766521324, 'ari': 0.042515093181060906}
Epoch: 3, time: 54.17049193382263
第3Epoch的精度为：{'acc': 0.19294117647058823, 'pur': 0.21294117647058824, 'nmi': 0.2632719169686623, 'ari': 0.05443445916524747}
Epoch: 4, time: 53.225799560546875
第4Epoch的精度为：{'acc': 0.18235294117647058, 'pur': 0.2011764705882353, 'nmi': 0.25648378612861883, 'ari': 0.04678066942158974}
Epoch: 5, time: 66.07488083839417
第5Epoch的精度为：{'acc': 0.19294117647058823, 'pur': 0.21529411764705883, 'nmi': 0.2646650855859615, 'ari': 0.04988155916636337}
Epoch: 6, time: 63.42340707778931
第6Epoch的精度为：{'acc': 0.18352941176470589, 'pur': 0.1976470588235294, 'nmi': 0.2539932958619036, 'ari': 0.04512677103886368}
Epoch: 7, time: 56.18535852432251
第7Epoch的精度为：{'acc': 0.18235294117647058, 'pur': 0.1952941176470588, 'nmi': 0.2578206853232752, 'ari': 0.04762016727269521}
Epoch: 8, time: 54.63930010795593
第8Epoch的精度为：{'acc': 0.19411764705882353, 'pur': 0.20705882352941177, 'nmi': 0.2682833613528075, 'ari': 0.0510278963925689}
Epoch: 9, time: 65.86973667144775
第9Epoch的精度为：{'acc': 0.17882352941176471, 'pur': 0.20470588235294118, 'nmi': 0.2630681636290242, 'ari': 0.04956648374652621}
Epoch: 10, time: 58.21967530250549
第10Epoch的精度为：{'acc': 0.19058823529411764, 'pur': 0.20941176470588235, 'nmi': 0.2748022863229755, 'ari': 0.05513273847722422}
Epoch: 11, time: 58.752208948135376
第11Epoch的精度为：{'acc': 0.2, 'pur': 0.21411764705882352, 'nmi': 0.2694170008069034, 'ari': 0.05621512566210608}
Epoch: 12, time: 60.21473979949951
第12Epoch的精度为：{'acc': 0.17882352941176471, 'pur': 0.2011764705882353, 'nmi': 0.2733686825078676, 'ari': 0.05278815876111715}
Epoch: 13, time: 54.35197615623474
第13Epoch的精度为：{'acc': 0.1976470588235294, 'pur': 0.22, 'nmi': 0.2676650295393159, 'ari': 0.05367686738458352}
Epoch: 14, time: 54.232861280441284
第14Epoch的精度为：{'acc': 0.2011764705882353, 'pur': 0.21529411764705883, 'nmi': 0.28013495481113443, 'ari': 0.06038180112412603}
Epoch: 15, time: 65.70204782485962
第15Epoch的精度为：{'acc': 0.20823529411764705, 'pur': 0.2376470588235294, 'nmi': 0.2791148973366638, 'ari': 0.06112513394944099}
Epoch: 16, time: 60.68891620635986
第16Epoch的精度为：{'acc': 0.18941176470588236, 'pur': 0.21058823529411766, 'nmi': 0.2762083162795724, 'ari': 0.054171733150630064}
Epoch: 17, time: 69.39655661582947
第17Epoch的精度为：{'acc': 0.20588235294117646, 'pur': 0.22470588235294117, 'nmi': 0.2861660439947218, 'ari': 0.05861672246809708}
Epoch: 18, time: 57.27898931503296
第18Epoch的精度为：{'acc': 0.2023529411764706, 'pur': 0.21764705882352942, 'nmi': 0.29109511106883584, 'ari': 0.06155538902512865}
Epoch: 19, time: 56.19409394264221
第19Epoch的精度为：{'acc': 0.21294117647058824, 'pur': 0.2235294117647059, 'nmi': 0.29756610917601006, 'ari': 0.06566741920708673}
Epoch: 20, time: 61.67717146873474
第20Epoch的精度为：{'acc': 0.20941176470588235, 'pur': 0.23058823529411765, 'nmi': 0.29548545832817164, 'ari': 0.06791730045855097}
Epoch: 21, time: 58.03496599197388
第21Epoch的精度为：{'acc': 0.1976470588235294, 'pur': 0.21529411764705883, 'nmi': 0.2874006839374353, 'ari': 0.06319023061624045}
Epoch: 22, time: 66.23154926300049
第22Epoch的精度为：{'acc': 0.2, 'pur': 0.2164705882352941, 'nmi': 0.2910617077913931, 'ari': 0.05988518478594777}
Epoch: 23, time: 57.78715491294861
第23Epoch的精度为：{'acc': 0.20352941176470588, 'pur': 0.22470588235294117, 'nmi': 0.29950830988029686, 'ari': 0.06470193399223997}
Epoch: 24, time: 56.194072246551514
第24Epoch的精度为：{'acc': 0.20352941176470588, 'pur': 0.2211764705882353, 'nmi': 0.2919916391837208, 'ari': 0.06549694255505474}
Epoch: 25, time: 55.07636618614197
第25Epoch的精度为：{'acc': 0.2023529411764706, 'pur': 0.2188235294117647, 'nmi': 0.2871982412748042, 'ari': 0.06195467520738378}
Epoch: 26, time: 53.08663845062256
第26Epoch的精度为：{'acc': 0.19058823529411764, 'pur': 0.20941176470588235, 'nmi': 0.2795769822439538, 'ari': 0.05669476520709243}
Epoch: 27, time: 54.73125123977661
第27Epoch的精度为：{'acc': 0.19647058823529412, 'pur': 0.21529411764705883, 'nmi': 0.28517556612609907, 'ari': 0.05965273658601421}
Epoch: 28, time: 52.71614980697632
第28Epoch的精度为：{'acc': 0.20352941176470588, 'pur': 0.2211764705882353, 'nmi': 0.2904094646749886, 'ari': 0.06368956929286455}
Epoch: 29, time: 55.67066144943237
第29Epoch的精度为：{'acc': 0.21058823529411766, 'pur': 0.24, 'nmi': 0.292285930891714, 'ari': 0.06417793706668107}
Epoch: 30, time: 53.917574644088745
第30Epoch的精度为：{'acc': 0.21764705882352942, 'pur': 0.23176470588235293, 'nmi': 0.29640386390216195, 'ari': 0.06595313562522034}
最终精度为：{'acc': 0.19058823529411764, 'pur': 0.20705882352941177, 'nmi': 0.28806751543665776, 'ari': 0.06014675310157687}
==================================================
 
 
