HandMovementDirection
Epoch: 1, time: 89.23164772987366
第1Epoch的精度为：{'acc': 0.3918918918918919, 'pur': 0.4189189189189189, 'nmi': 0.06402888603225133, 'ari': 0.018796070050354496}
Epoch: 2, time: 90.35004305839539
第2Epoch的精度为：{'acc': 0.40540540540540543, 'pur': 0.40540540540540543, 'nmi': 0.056870577964223755, 'ari': 0.00829104237365101}
Epoch: 3, time: 89.09341716766357
第3Epoch的精度为：{'acc': 0.40540540540540543, 'pur': 0.4189189189189189, 'nmi': 0.05180700977529058, 'ari': 0.015218773406752218}
Epoch: 4, time: 89.67519783973694
第4Epoch的精度为：{'acc': 0.36486486486486486, 'pur': 0.4189189189189189, 'nmi': 0.01951839428178601, 'ari': 0.0016340449717594401}
Epoch: 5, time: 90.66853737831116
第5Epoch的精度为：{'acc': 0.33783783783783783, 'pur': 0.4189189189189189, 'nmi': 0.06591132015196122, 'ari': 0.012942775881439654}
Epoch: 6, time: 89.26830554008484
第6Epoch的精度为：{'acc': 0.33783783783783783, 'pur': 0.4189189189189189, 'nmi': 0.029741364083280226, 'ari': -0.004759315330902799}
Epoch: 7, time: 89.45126914978027
第7Epoch的精度为：{'acc': 0.35135135135135137, 'pur': 0.40540540540540543, 'nmi': 0.032716224772723124, 'ari': -0.009470095770719009}
Epoch: 8, time: 89.42133450508118
第8Epoch的精度为：{'acc': 0.40540540540540543, 'pur': 0.43243243243243246, 'nmi': 0.05337518778674054, 'ari': 0.03571605042905007}
Epoch: 9, time: 89.85587477684021
第9Epoch的精度为：{'acc': 0.3918918918918919, 'pur': 0.43243243243243246, 'nmi': 0.041161687154820534, 'ari': 0.016924969644345023}
Epoch: 10, time: 99.79784345626831
第10Epoch的精度为：{'acc': 0.36486486486486486, 'pur': 0.44594594594594594, 'nmi': 0.07419718062062208, 'ari': 0.03739711750482875}
Epoch: 11, time: 89.13508248329163
第11Epoch的精度为：{'acc': 0.36486486486486486, 'pur': 0.44594594594594594, 'nmi': 0.08881602647382844, 'ari': 0.05024881354108802}
Epoch: 12, time: 90.1664617061615
第12Epoch的精度为：{'acc': 0.3783783783783784, 'pur': 0.4189189189189189, 'nmi': 0.0376108103955128, 'ari': 0.013787207340389749}
Epoch: 13, time: 89.85138201713562
第13Epoch的精度为：{'acc': 0.33783783783783783, 'pur': 0.4189189189189189, 'nmi': 0.03132548110407648, 'ari': -0.008604553986562225}
Epoch: 14, time: 90.03012132644653
第14Epoch的精度为：{'acc': 0.3918918918918919, 'pur': 0.43243243243243246, 'nmi': 0.05282968217599563, 'ari': 0.029645088101439964}
Epoch: 15, time: 89.36845397949219
第15Epoch的精度为：{'acc': 0.4189189189189189, 'pur': 0.43243243243243246, 'nmi': 0.08608309902793083, 'ari': 0.05122878153921637}
Epoch: 16, time: 89.88768005371094
第16Epoch的精度为：{'acc': 0.33783783783783783, 'pur': 0.4189189189189189, 'nmi': 0.04329972814677355, 'ari': -0.0038496970719370132}
Epoch: 17, time: 88.85646343231201
第17Epoch的精度为：{'acc': 0.3783783783783784, 'pur': 0.4189189189189189, 'nmi': 0.07219625349708497, 'ari': 0.023034174134430974}
Epoch: 18, time: 108.7005443572998
第18Epoch的精度为：{'acc': 0.33783783783783783, 'pur': 0.4189189189189189, 'nmi': 0.05346687059951387, 'ari': 0.0005004523187737895}
Epoch: 19, time: 130.4015691280365
第19Epoch的精度为：{'acc': 0.35135135135135137, 'pur': 0.43243243243243246, 'nmi': 0.061156551173466564, 'ari': 0.002732521515612295}
Epoch: 20, time: 89.68857550621033
第20Epoch的精度为：{'acc': 0.36486486486486486, 'pur': 0.4189189189189189, 'nmi': 0.07809201559605596, 'ari': 0.04274359161155292}
Epoch: 21, time: 115.89808058738708
第21Epoch的精度为：{'acc': 0.36486486486486486, 'pur': 0.4189189189189189, 'nmi': 0.054768951088557394, 'ari': 0.009461372422419312}
Epoch: 22, time: 90.17231035232544
第22Epoch的精度为：{'acc': 0.33783783783783783, 'pur': 0.4189189189189189, 'nmi': 0.03643114405786167, 'ari': -0.003026910506443298}
Epoch: 23, time: 108.9012815952301
第23Epoch的精度为：{'acc': 0.3783783783783784, 'pur': 0.40540540540540543, 'nmi': 0.06733287577935515, 'ari': 0.016327129837242892}
Epoch: 24, time: 106.04033732414246
第24Epoch的精度为：{'acc': 0.3783783783783784, 'pur': 0.40540540540540543, 'nmi': 0.06756235423313414, 'ari': 0.015783245005341548}
Epoch: 25, time: 122.00431060791016
第25Epoch的精度为：{'acc': 0.3783783783783784, 'pur': 0.40540540540540543, 'nmi': 0.052157912810191595, 'ari': 0.012400016044505602}
Epoch: 26, time: 129.40348982810974
第26Epoch的精度为：{'acc': 0.35135135135135137, 'pur': 0.40540540540540543, 'nmi': 0.0375297788554926, 'ari': 0.0033739629650320325}
Epoch: 27, time: 88.14274406433105
第27Epoch的精度为：{'acc': 0.40540540540540543, 'pur': 0.44594594594594594, 'nmi': 0.05850659551375569, 'ari': 0.03837005594670055}
Epoch: 28, time: 89.34594678878784
第28Epoch的精度为：{'acc': 0.36486486486486486, 'pur': 0.40540540540540543, 'nmi': 0.03544139870610967, 'ari': 0.011011400045962827}
Epoch: 29, time: 122.61956572532654
第29Epoch的精度为：{'acc': 0.32432432432432434, 'pur': 0.4189189189189189, 'nmi': 0.04055666327759735, 'ari': -0.009914177286994412}
Epoch: 30, time: 118.18066930770874
第30Epoch的精度为：{'acc': 0.35135135135135137, 'pur': 0.4189189189189189, 'nmi': 0.0392914669812969, 'ari': -0.001657465486684903}
最终精度为：{'acc': 0.36486486486486486, 'pur': 0.4189189189189189, 'nmi': 0.04794835736720348, 'ari': 0.014619201877727915}
==================================================
 
 
