Libras
Epoch: 1, time: 51.40085792541504
第1Epoch的精度为：{'acc': 0.37777777777777777, 'pur': 0.3888888888888889, 'nmi': 0.4853361153251082, 'ari': 0.1679550325437262}
Epoch: 2, time: 52.18049240112305
第2Epoch的精度为：{'acc': 0.3611111111111111, 'pur': 0.39444444444444443, 'nmi': 0.491241301650846, 'ari': 0.17183557250608875}
Epoch: 3, time: 55.43316292762756
第3Epoch的精度为：{'acc': 0.3333333333333333, 'pur': 0.35, 'nmi': 0.477008928145241, 'ari': 0.1524971734419018}
Epoch: 4, time: 54.128180265426636
第4Epoch的精度为：{'acc': 0.35, 'pur': 0.3611111111111111, 'nmi': 0.4730401287249999, 'ari': 0.1602273427910027}
Epoch: 5, time: 54.67101573944092
第5Epoch的精度为：{'acc': 0.3333333333333333, 'pur': 0.36666666666666664, 'nmi': 0.472340800848336, 'ari': 0.15782211138819618}
Epoch: 6, time: 53.438286542892456
第6Epoch的精度为：{'acc': 0.3388888888888889, 'pur': 0.3611111111111111, 'nmi': 0.479300194408715, 'ari': 0.16504625206532614}
Epoch: 7, time: 61.639655351638794
第7Epoch的精度为：{'acc': 0.36666666666666664, 'pur': 0.3888888888888889, 'nmi': 0.4977567288173144, 'ari': 0.18068243285913943}
Epoch: 8, time: 52.18224740028381
第8Epoch的精度为：{'acc': 0.35, 'pur': 0.35555555555555557, 'nmi': 0.482780622674948, 'ari': 0.1670884422602818}
Epoch: 9, time: 50.166576862335205
第9Epoch的精度为：{'acc': 0.34444444444444444, 'pur': 0.3611111111111111, 'nmi': 0.49143653452353675, 'ari': 0.16574582593494927}
Epoch: 10, time: 56.6151819229126
第10Epoch的精度为：{'acc': 0.39444444444444443, 'pur': 0.40555555555555556, 'nmi': 0.5082625006956377, 'ari': 0.19863372717508057}
Epoch: 11, time: 52.575329065322876
第11Epoch的精度为：{'acc': 0.39444444444444443, 'pur': 0.4111111111111111, 'nmi': 0.5182609964203376, 'ari': 0.20403149061337486}
Epoch: 12, time: 60.72939586639404
第12Epoch的精度为：{'acc': 0.39444444444444443, 'pur': 0.4166666666666667, 'nmi': 0.5366403014497585, 'ari': 0.21875465555770132}
Epoch: 13, time: 59.85956525802612
第13Epoch的精度为：{'acc': 0.4, 'pur': 0.4166666666666667, 'nmi': 0.5077859998428655, 'ari': 0.19382338748592567}
Epoch: 14, time: 52.81438851356506
第14Epoch的精度为：{'acc': 0.3611111111111111, 'pur': 0.38333333333333336, 'nmi': 0.48841273712236827, 'ari': 0.1687337212524245}
Epoch: 15, time: 51.242955446243286
第15Epoch的精度为：{'acc': 0.3888888888888889, 'pur': 0.40555555555555556, 'nmi': 0.5015300815743046, 'ari': 0.19294209090064238}
Epoch: 16, time: 51.092801332473755
第16Epoch的精度为：{'acc': 0.37222222222222223, 'pur': 0.3888888888888889, 'nmi': 0.5022988338089827, 'ari': 0.18632867883995705}
Epoch: 17, time: 51.60902214050293
第17Epoch的精度为：{'acc': 0.4166666666666667, 'pur': 0.4166666666666667, 'nmi': 0.5262994449669067, 'ari': 0.2251988769302761}
Epoch: 18, time: 59.68463397026062
第18Epoch的精度为：{'acc': 0.4388888888888889, 'pur': 0.4388888888888889, 'nmi': 0.542331183847852, 'ari': 0.22560358435601313}
Epoch: 19, time: 50.82908797264099
第19Epoch的精度为：{'acc': 0.38333333333333336, 'pur': 0.4, 'nmi': 0.5029941654958212, 'ari': 0.18803131615201102}
Epoch: 20, time: 54.485010385513306
第20Epoch的精度为：{'acc': 0.3888888888888889, 'pur': 0.4111111111111111, 'nmi': 0.5211417223585268, 'ari': 0.21412319552899856}
Epoch: 21, time: 51.27038908004761
第21Epoch的精度为：{'acc': 0.38333333333333336, 'pur': 0.40555555555555556, 'nmi': 0.5045731290584047, 'ari': 0.20728839046207911}
Epoch: 22, time: 53.412912368774414
第22Epoch的精度为：{'acc': 0.4111111111111111, 'pur': 0.4388888888888889, 'nmi': 0.5294721425397767, 'ari': 0.21609846978767877}
Epoch: 23, time: 56.000157833099365
第23Epoch的精度为：{'acc': 0.4222222222222222, 'pur': 0.4444444444444444, 'nmi': 0.5441537992746179, 'ari': 0.23092528242427654}
Epoch: 24, time: 53.53702688217163
第24Epoch的精度为：{'acc': 0.3611111111111111, 'pur': 0.3611111111111111, 'nmi': 0.4844218217481745, 'ari': 0.17339607533427664}
Epoch: 25, time: 59.32273888587952
第25Epoch的精度为：{'acc': 0.4111111111111111, 'pur': 0.4111111111111111, 'nmi': 0.5124267534913541, 'ari': 0.20710761206628975}
Epoch: 26, time: 51.10366463661194
第26Epoch的精度为：{'acc': 0.38333333333333336, 'pur': 0.3888888888888889, 'nmi': 0.5034739946078649, 'ari': 0.18260282908932762}
Epoch: 27, time: 50.56105422973633
第27Epoch的精度为：{'acc': 0.40555555555555556, 'pur': 0.4222222222222222, 'nmi': 0.5490698012959675, 'ari': 0.234040608546573}
Epoch: 28, time: 53.419004917144775
第28Epoch的精度为：{'acc': 0.4, 'pur': 0.42777777777777776, 'nmi': 0.5427402386638233, 'ari': 0.22545906788014947}
Epoch: 29, time: 53.46504592895508
第29Epoch的精度为：{'acc': 0.37777777777777777, 'pur': 0.39444444444444443, 'nmi': 0.5003370660437296, 'ari': 0.19262616969234567}
Epoch: 30, time: 54.66079044342041
第30Epoch的精度为：{'acc': 0.43333333333333335, 'pur': 0.43333333333333335, 'nmi': 0.520549430031992, 'ari': 0.21276988960407048}
最终精度为：{'acc': 0.4111111111111111, 'pur': 0.42777777777777776, 'nmi': 0.5228671979596822, 'ari': 0.20978734703812707}
==================================================
 
 
