RacketSports
Epoch: 1, time: 60.1454758644104
第1Epoch的精度为：{'acc': 0.48026315789473684, 'pur': 0.506578947368421, 'nmi': 0.24218183173363128, 'ari': 0.16706454187960731}
Epoch: 2, time: 50.84504318237305
第2Epoch的精度为：{'acc': 0.47368421052631576, 'pur': 0.506578947368421, 'nmi': 0.24194735629408326, 'ari': 0.16686032870983578}
Epoch: 3, time: 50.89645862579346
第3Epoch的精度为：{'acc': 0.46710526315789475, 'pur': 0.4934210526315789, 'nmi': 0.22149684195631045, 'ari': 0.1351605546119263}
Epoch: 4, time: 51.15323448181152
第4Epoch的精度为：{'acc': 0.48026315789473684, 'pur': 0.4934210526315789, 'nmi': 0.22259545016332885, 'ari': 0.13835419423126244}
Epoch: 5, time: 51.171942472457886
第5Epoch的精度为：{'acc': 0.4934210526315789, 'pur': 0.5, 'nmi': 0.2417288415908485, 'ari': 0.17297941945336928}
Epoch: 6, time: 50.46171760559082
第6Epoch的精度为：{'acc': 0.4605263157894737, 'pur': 0.46710526315789475, 'nmi': 0.201152780757232, 'ari': 0.10835364146649262}
Epoch: 7, time: 50.6819224357605
第7Epoch的精度为：{'acc': 0.4342105263157895, 'pur': 0.4473684210526316, 'nmi': 0.19294804777581395, 'ari': 0.0922106287624477}
Epoch: 8, time: 50.962981939315796
第8Epoch的精度为：{'acc': 0.4276315789473684, 'pur': 0.4473684210526316, 'nmi': 0.19191720491772413, 'ari': 0.09131625499768165}
Epoch: 9, time: 50.293334007263184
第9Epoch的精度为：{'acc': 0.4276315789473684, 'pur': 0.4473684210526316, 'nmi': 0.19191720491772413, 'ari': 0.09131625499768165}
Epoch: 10, time: 50.84368920326233
第10Epoch的精度为：{'acc': 0.4473684210526316, 'pur': 0.45394736842105265, 'nmi': 0.19468139713665344, 'ari': 0.09430173236971665}
Epoch: 11, time: 49.94668388366699
第11Epoch的精度为：{'acc': 0.4407894736842105, 'pur': 0.4473684210526316, 'nmi': 0.19185897157540405, 'ari': 0.09313178703141929}
Epoch: 12, time: 50.914798736572266
第12Epoch的精度为：{'acc': 0.46710526315789475, 'pur': 0.47368421052631576, 'nmi': 0.20521253171760082, 'ari': 0.11532896211591949}
Epoch: 13, time: 51.02800369262695
第13Epoch的精度为：{'acc': 0.4934210526315789, 'pur': 0.4934210526315789, 'nmi': 0.3028591624519946, 'ari': 0.1769977562604448}
Epoch: 14, time: 49.88915038108826
第14Epoch的精度为：{'acc': 0.5, 'pur': 0.5, 'nmi': 0.30350538235605423, 'ari': 0.1780669988566225}
Epoch: 15, time: 53.34096360206604
第15Epoch的精度为：{'acc': 0.4342105263157895, 'pur': 0.4342105263157895, 'nmi': 0.16774361785737898, 'ari': 0.0822649631586623}
Epoch: 16, time: 50.82484984397888
第16Epoch的精度为：{'acc': 0.4934210526315789, 'pur': 0.4934210526315789, 'nmi': 0.3028591624519946, 'ari': 0.1769977562604448}
Epoch: 17, time: 56.34873652458191
第17Epoch的精度为：{'acc': 0.4934210526315789, 'pur': 0.4934210526315789, 'nmi': 0.31925504342309036, 'ari': 0.1813480805433531}
Epoch: 18, time: 50.87347364425659
第18Epoch的精度为：{'acc': 0.506578947368421, 'pur': 0.506578947368421, 'nmi': 0.3019242348118229, 'ari': 0.1896673675469111}
Epoch: 19, time: 50.61147737503052
第19Epoch的精度为：{'acc': 0.4934210526315789, 'pur': 0.4934210526315789, 'nmi': 0.3028591624519946, 'ari': 0.1769977562604448}
Epoch: 20, time: 50.91743731498718
第20Epoch的精度为：{'acc': 0.5328947368421053, 'pur': 0.5328947368421053, 'nmi': 0.34659823095016223, 'ari': 0.20415036843052908}
Epoch: 21, time: 50.23146605491638
第21Epoch的精度为：{'acc': 0.5723684210526315, 'pur': 0.5723684210526315, 'nmi': 0.3741733699575681, 'ari': 0.24293185471917542}
Epoch: 22, time: 60.30342102050781
第22Epoch的精度为：{'acc': 0.4934210526315789, 'pur': 0.4934210526315789, 'nmi': 0.3190858762293318, 'ari': 0.1808793771343378}
Epoch: 23, time: 48.60687565803528
第23Epoch的精度为：{'acc': 0.4934210526315789, 'pur': 0.4934210526315789, 'nmi': 0.3190858762293319, 'ari': 0.1808793771343378}
Epoch: 24, time: 49.32115650177002
第24Epoch的精度为：{'acc': 0.4934210526315789, 'pur': 0.4934210526315789, 'nmi': 0.30304318273388525, 'ari': 0.17545970059617447}
Epoch: 25, time: 49.45567464828491
第25Epoch的精度为：{'acc': 0.5, 'pur': 0.5, 'nmi': 0.3223161384127584, 'ari': 0.18778918582269122}
Epoch: 26, time: 48.630900382995605
第26Epoch的精度为：{'acc': 0.5263157894736842, 'pur': 0.5263157894736842, 'nmi': 0.3330699280886568, 'ari': 0.18746594807455325}
Epoch: 27, time: 60.94543719291687
第27Epoch的精度为：{'acc': 0.5328947368421053, 'pur': 0.5328947368421053, 'nmi': 0.34228610614758376, 'ari': 0.1997170282932954}
Epoch: 28, time: 50.04306888580322
第28Epoch的精度为：{'acc': 0.4934210526315789, 'pur': 0.4934210526315789, 'nmi': 0.3191820564855804, 'ari': 0.18178703599614487}
Epoch: 29, time: 48.982316970825195
第29Epoch的精度为：{'acc': 0.4934210526315789, 'pur': 0.4934210526315789, 'nmi': 0.31929759779256345, 'ari': 0.18189821201836207}
Epoch: 30, time: 48.832244873046875
第30Epoch的精度为：{'acc': 0.5, 'pur': 0.5, 'nmi': 0.31944796368269485, 'ari': 0.1813525337968814}
最终精度为：{'acc': 0.4934210526315789, 'pur': 0.4934210526315789, 'nmi': 0.30857459943502846, 'ari': 0.1674751900167397}
==================================================
 
 
