SelfRegulationSCP2
Epoch: 1, time: 246.66335153579712
第1Epoch的精度为：{'acc': 0.5666666666666667, 'pur': 0.5666666666666667, 'nmi': 0.01511775775055841, 'ari': 0.012875857766687461}
Epoch: 2, time: 227.44896817207336
第2Epoch的精度为：{'acc': 0.5888888888888889, 'pur': 0.5888888888888889, 'nmi': 0.026984439794011637, 'ari': 0.026772024675954808}
Epoch: 3, time: 224.72185921669006
第3Epoch的精度为：{'acc': 0.5777777777777777, 'pur': 0.5777777777777777, 'nmi': 0.021667510856536013, 'ari': 0.01950163414546251}
Epoch: 4, time: 220.4959967136383
第4Epoch的精度为：{'acc': 0.5833333333333334, 'pur': 0.5833333333333334, 'nmi': 0.025248922468299396, 'ari': 0.02314582214445349}
Epoch: 5, time: 225.09385418891907
第5Epoch的精度为：{'acc': 0.5444444444444444, 'pur': 0.5444444444444444, 'nmi': 0.011031789084059235, 'ari': 0.004492932558950708}
Epoch: 6, time: 252.25196623802185
第6Epoch的精度为：{'acc': 0.5444444444444444, 'pur': 0.5444444444444444, 'nmi': 0.011031789084059235, 'ari': 0.004492932558950708}
Epoch: 7, time: 230.7328224182129
第7Epoch的精度为：{'acc': 0.5388888888888889, 'pur': 0.5388888888888889, 'nmi': 0.00869107527409612, 'ari': 0.002712710780049673}
Epoch: 8, time: 224.7721152305603
第8Epoch的精度为：{'acc': 0.5388888888888889, 'pur': 0.5388888888888889, 'nmi': 0.00869107527409612, 'ari': 0.002712710780049673}
Epoch: 9, time: 212.82093572616577
第9Epoch的精度为：{'acc': 0.5388888888888889, 'pur': 0.5388888888888889, 'nmi': 0.00869107527409612, 'ari': 0.002712710780049673}
Epoch: 10, time: 242.1588089466095
第10Epoch的精度为：{'acc': 0.5388888888888889, 'pur': 0.5388888888888889, 'nmi': 0.00869107527409612, 'ari': 0.002712710780049673}
Epoch: 11, time: 240.38907837867737
第11Epoch的精度为：{'acc': 0.5333333333333333, 'pur': 0.5333333333333333, 'nmi': 0.006578684897658455, 'ari': 0.00118187278398853}
Epoch: 12, time: 238.75432682037354
第12Epoch的精度为：{'acc': 0.5333333333333333, 'pur': 0.5333333333333333, 'nmi': 0.006578684897658455, 'ari': 0.00118187278398853}
Epoch: 13, time: 229.73460340499878
第13Epoch的精度为：{'acc': 0.5333333333333333, 'pur': 0.5333333333333333, 'nmi': 0.006578684897658455, 'ari': 0.00118187278398853}
Epoch: 14, time: 228.73500061035156
第14Epoch的精度为：{'acc': 0.5333333333333333, 'pur': 0.5333333333333333, 'nmi': 0.007034596441935728, 'ari': 0.001344956413449564}
Epoch: 15, time: 232.0695812702179
第15Epoch的精度为：{'acc': 0.5333333333333333, 'pur': 0.5333333333333333, 'nmi': 0.006578684897658455, 'ari': 0.00118187278398853}
Epoch: 16, time: 232.06208062171936
第16Epoch的精度为：{'acc': 0.5333333333333333, 'pur': 0.5333333333333333, 'nmi': 0.006578684897658455, 'ari': 0.00118187278398853}
Epoch: 17, time: 230.92836713790894
第17Epoch的精度为：{'acc': 0.5333333333333333, 'pur': 0.5333333333333333, 'nmi': 0.006578684897658455, 'ari': 0.00118187278398853}
Epoch: 18, time: 233.64528584480286
第18Epoch的精度为：{'acc': 0.5333333333333333, 'pur': 0.5333333333333333, 'nmi': 0.006578684897658455, 'ari': 0.00118187278398853}
Epoch: 19, time: 240.620947599411
第19Epoch的精度为：{'acc': 0.5333333333333333, 'pur': 0.5333333333333333, 'nmi': 0.006578684897658455, 'ari': 0.00118187278398853}
Epoch: 20, time: 225.25078201293945
第20Epoch的精度为：{'acc': 0.5333333333333333, 'pur': 0.5333333333333333, 'nmi': 0.006578684897658455, 'ari': 0.00118187278398853}
Epoch: 21, time: 241.96142148971558
第21Epoch的精度为：{'acc': 0.5333333333333333, 'pur': 0.5333333333333333, 'nmi': 0.006578684897658455, 'ari': 0.00118187278398853}
Epoch: 22, time: 270.36345505714417
第22Epoch的精度为：{'acc': 0.5277777777777778, 'pur': 0.5277777777777778, 'nmi': 0.0047132719325315596, 'ari': -9.963460392823265e-05}
Epoch: 23, time: 209.86616945266724
第23Epoch的精度为：{'acc': 0.5333333333333333, 'pur': 0.5333333333333333, 'nmi': 0.006578684897658455, 'ari': 0.00118187278398853}
Epoch: 24, time: 226.90302538871765
第24Epoch的精度为：{'acc': 0.5333333333333333, 'pur': 0.5333333333333333, 'nmi': 0.007034596441935728, 'ari': 0.001344956413449564}
Epoch: 25, time: 218.74401307106018
第25Epoch的精度为：{'acc': 0.5333333333333333, 'pur': 0.5333333333333333, 'nmi': 0.007034596441935728, 'ari': 0.001344956413449564}
Epoch: 26, time: 231.07296872138977
第26Epoch的精度为：{'acc': 0.5333333333333333, 'pur': 0.5333333333333333, 'nmi': 0.007034596441935728, 'ari': 0.001344956413449564}
Epoch: 27, time: 237.2897129058838
第27Epoch的精度为：{'acc': 0.5333333333333333, 'pur': 0.5333333333333333, 'nmi': 0.007034596441935728, 'ari': 0.001344956413449564}
Epoch: 28, time: 221.2259705066681
第28Epoch的精度为：{'acc': 0.5333333333333333, 'pur': 0.5333333333333333, 'nmi': 0.006578684897658455, 'ari': 0.00118187278398853}
Epoch: 29, time: 226.0121033191681
第29Epoch的精度为：{'acc': 0.5333333333333333, 'pur': 0.5333333333333333, 'nmi': 0.006578684897658455, 'ari': 0.00118187278398853}
Epoch: 30, time: 224.2920377254486
第30Epoch的精度为：{'acc': 0.5333333333333333, 'pur': 0.5333333333333333, 'nmi': 0.006578684897658455, 'ari': 0.00118187278398853}
最终精度为：{'acc': 0.5333333333333333, 'pur': 0.5333333333333333, 'nmi': 0.006578684897658455, 'ari': 0.00118187278398853}
==================================================
 
 
