SelfRegulationSCP1
Epoch: 1, time: 221.27054452896118
第1Epoch的精度为：{'acc': 0.8054607508532423, 'pur': 0.8054607508532423, 'nmi': 0.3055116766190799, 'ari': 0.37113649120534103}
Epoch: 2, time: 299.59593081474304
第2Epoch的精度为：{'acc': 0.8054607508532423, 'pur': 0.8054607508532423, 'nmi': 0.2932969603068558, 'ari': 0.3710895302856862}
Epoch: 3, time: 214.93135690689087
第3Epoch的精度为：{'acc': 0.8054607508532423, 'pur': 0.8054607508532423, 'nmi': 0.29208390728672656, 'ari': 0.37108451267872083}
Epoch: 4, time: 219.68493103981018
第4Epoch的精度为：{'acc': 0.8020477815699659, 'pur': 0.8020477815699659, 'nmi': 0.2830039720377482, 'ari': 0.3627534049280144}
Epoch: 5, time: 240.07133436203003
第5Epoch的精度为：{'acc': 0.8088737201365188, 'pur': 0.8088737201365188, 'nmi': 0.29869380575277343, 'ari': 0.37949779592003463}
Epoch: 6, time: 220.44195222854614
第6Epoch的精度为：{'acc': 0.8156996587030717, 'pur': 0.8156996587030717, 'nmi': 0.3123110602526594, 'ari': 0.396605635636709}
Epoch: 7, time: 275.34452176094055
第7Epoch的精度为：{'acc': 0.8156996587030717, 'pur': 0.8156996587030717, 'nmi': 0.3123110602526594, 'ari': 0.396605635636709}
Epoch: 8, time: 306.5721843242645
第8Epoch的精度为：{'acc': 0.8156996587030717, 'pur': 0.8156996587030717, 'nmi': 0.311010957578302, 'ari': 0.3966006289528962}
Epoch: 9, time: 217.06439876556396
第9Epoch的精度为：{'acc': 0.8156996587030717, 'pur': 0.8156996587030717, 'nmi': 0.311010957578302, 'ari': 0.3966006289528962}
Epoch: 10, time: 220.34290075302124
第10Epoch的精度为：{'acc': 0.8156996587030717, 'pur': 0.8156996587030717, 'nmi': 0.3106958179740789, 'ari': 0.396599280985366}
Epoch: 11, time: 226.90843772888184
第11Epoch的精度为：{'acc': 0.8156996587030717, 'pur': 0.8156996587030717, 'nmi': 0.3106958179740789, 'ari': 0.396599280985366}
Epoch: 12, time: 305.16734433174133
第12Epoch的精度为：{'acc': 0.8122866894197952, 'pur': 0.8122866894197952, 'nmi': 0.3039602299814054, 'ari': 0.3879989800435109}
Epoch: 13, time: 304.8687891960144
第13Epoch的精度为：{'acc': 0.825938566552901, 'pur': 0.825938566552901, 'nmi': 0.3333355361134113, 'ari': 0.4229688095388545}
Epoch: 14, time: 241.4392306804657
第14Epoch的精度为：{'acc': 0.8293515358361775, 'pur': 0.8293515358361775, 'nmi': 0.3409513943545288, 'ari': 0.43194456722344327}
Epoch: 15, time: 233.90499210357666
第15Epoch的精度为：{'acc': 0.8327645051194539, 'pur': 0.8327645051194539, 'nmi': 0.34867970896676154, 'ari': 0.44101475273444346}
Epoch: 16, time: 239.11116814613342
第16Epoch的精度为：{'acc': 0.8293515358361775, 'pur': 0.8293515358361775, 'nmi': 0.3412844017796261, 'ari': 0.43194619880502777}
Epoch: 17, time: 244.98613357543945
第17Epoch的精度为：{'acc': 0.8395904436860068, 'pur': 0.8395904436860068, 'nmi': 0.3647352710510212, 'ari': 0.4594356449578149}
Epoch: 18, time: 224.04334807395935
第18Epoch的精度为：{'acc': 0.856655290102389, 'pur': 0.856655290102389, 'nmi': 0.4096988299653097, 'ari': 0.5071297544461635}
Epoch: 19, time: 228.31385588645935
第19Epoch的精度为：{'acc': 0.863481228668942, 'pur': 0.863481228668942, 'nmi': 0.42563858672688293, 'ari': 0.5268555993338997}
Epoch: 20, time: 220.41284823417664
第20Epoch的精度为：{'acc': 0.863481228668942, 'pur': 0.863481228668942, 'nmi': 0.42511317057306536, 'ari': 0.5268545423502172}
Epoch: 21, time: 219.7819082736969
第21Epoch的精度为：{'acc': 0.863481228668942, 'pur': 0.863481228668942, 'nmi': 0.42511317057306536, 'ari': 0.5268545423502172}
Epoch: 22, time: 223.06188249588013
第22Epoch的精度为：{'acc': 0.8532423208191127, 'pur': 0.8532423208191127, 'nmi': 0.39867030514037194, 'ari': 0.4974003162001852}
Epoch: 23, time: 285.3057475090027
第23Epoch的精度为：{'acc': 0.8668941979522184, 'pur': 0.8668941979522184, 'nmi': 0.43523452346197206, 'ari': 0.5368615657991611}
Epoch: 24, time: 308.51754426956177
第24Epoch的精度为：{'acc': 0.8703071672354948, 'pur': 0.8703071672354948, 'nmi': 0.44414865521959823, 'ari': 0.5469595610222814}
Epoch: 25, time: 252.57749104499817
第25Epoch的精度为：{'acc': 0.863481228668942, 'pur': 0.863481228668942, 'nmi': 0.4265281750724032, 'ari': 0.5268572602987165}
Epoch: 26, time: 234.70514678955078
第26Epoch的精度为：{'acc': 0.8703071672354948, 'pur': 0.8703071672354948, 'nmi': 0.44414865521959823, 'ari': 0.5469595610222814}
Epoch: 27, time: 273.16298174858093
第27Epoch的精度为：{'acc': 0.8703071672354948, 'pur': 0.8703071672354948, 'nmi': 0.44510922553150095, 'ari': 0.5469611514125062}
Epoch: 28, time: 228.51487278938293
第28Epoch的精度为：{'acc': 0.8703071672354948, 'pur': 0.8703071672354948, 'nmi': 0.44414865521959823, 'ari': 0.5469595610222814}
Epoch: 29, time: 262.0364603996277
第29Epoch的精度为：{'acc': 0.8771331058020477, 'pur': 0.8771331058020477, 'nmi': 0.46769520912846846, 'ari': 0.5674437618936227}
Epoch: 30, time: 225.77108883857727
第30Epoch的精度为：{'acc': 0.8771331058020477, 'pur': 0.8771331058020477, 'nmi': 0.4657734349036154, 'ari': 0.5674411390756882}
最终精度为：{'acc': 0.8771331058020477, 'pur': 0.8771331058020477, 'nmi': 0.4657734349036154, 'ari': 0.5674411390756882}
==================================================
 
 
