StandWalkJump
Epoch: 1, time: 18.096787691116333
第1Epoch的精度为：{'acc': 0.4666666666666667, 'pur': 0.5333333333333333, 'nmi': 0.3198313101352401, 'ari': 0.09732360097323602}
Epoch: 2, time: 23.94857883453369
第2Epoch的精度为：{'acc': 0.5333333333333333, 'pur': 0.5333333333333333, 'nmi': 0.2643747520413907, 'ari': 0.06299212598425197}
Epoch: 3, time: 23.65879249572754
第3Epoch的精度为：{'acc': 0.6, 'pur': 0.6, 'nmi': 0.29076743326142784, 'ari': 0.0784313725490196}
Epoch: 4, time: 17.549044609069824
第4Epoch的精度为：{'acc': 0.6, 'pur': 0.6, 'nmi': 0.29076743326142784, 'ari': 0.0784313725490196}
Epoch: 5, time: 21.27745008468628
第5Epoch的精度为：{'acc': 0.6, 'pur': 0.6, 'nmi': 0.29076743326142784, 'ari': 0.0784313725490196}
Epoch: 6, time: 24.361515760421753
第6Epoch的精度为：{'acc': 0.4, 'pur': 0.4666666666666667, 'nmi': 0.21258643271272062, 'ari': 0.02252252252252252}
Epoch: 7, time: 22.356852293014526
第7Epoch的精度为：{'acc': 0.6, 'pur': 0.6, 'nmi': 0.29076743326142784, 'ari': 0.0784313725490196}
Epoch: 8, time: 23.367905139923096
第8Epoch的精度为：{'acc': 0.6, 'pur': 0.6, 'nmi': 0.29076743326142784, 'ari': 0.0784313725490196}
Epoch: 9, time: 17.06233024597168
第9Epoch的精度为：{'acc': 0.6, 'pur': 0.6, 'nmi': 0.29076743326142784, 'ari': 0.0784313725490196}
Epoch: 10, time: 16.73951029777527
第10Epoch的精度为：{'acc': 0.6, 'pur': 0.6, 'nmi': 0.29076743326142784, 'ari': 0.0784313725490196}
Epoch: 11, time: 17.34186863899231
第11Epoch的精度为：{'acc': 0.6, 'pur': 0.6, 'nmi': 0.29076743326142784, 'ari': 0.0784313725490196}
Epoch: 12, time: 17.402557373046875
第12Epoch的精度为：{'acc': 0.4, 'pur': 0.4666666666666667, 'nmi': 0.21258643271272062, 'ari': 0.02252252252252252}
Epoch: 13, time: 24.9917209148407
第13Epoch的精度为：{'acc': 0.6, 'pur': 0.6, 'nmi': 0.29076743326142784, 'ari': 0.0784313725490196}
Epoch: 14, time: 17.749267578125
第14Epoch的精度为：{'acc': 0.6, 'pur': 0.6, 'nmi': 0.29076743326142784, 'ari': 0.0784313725490196}
Epoch: 15, time: 24.589605808258057
第15Epoch的精度为：{'acc': 0.4, 'pur': 0.4666666666666667, 'nmi': 0.21258643271272062, 'ari': 0.02252252252252252}
Epoch: 16, time: 19.502131462097168
第16Epoch的精度为：{'acc': 0.5333333333333333, 'pur': 0.5333333333333333, 'nmi': 0.2643747520413907, 'ari': 0.06299212598425197}
Epoch: 17, time: 17.10764980316162
第17Epoch的精度为：{'acc': 0.6, 'pur': 0.6, 'nmi': 0.29076743326142784, 'ari': 0.0784313725490196}
Epoch: 18, time: 17.333828449249268
第18Epoch的精度为：{'acc': 0.4, 'pur': 0.4666666666666667, 'nmi': 0.21258643271272062, 'ari': 0.02252252252252252}
Epoch: 19, time: 17.343451023101807
第19Epoch的精度为：{'acc': 0.6, 'pur': 0.6, 'nmi': 0.29076743326142784, 'ari': 0.0784313725490196}
Epoch: 20, time: 17.339594841003418
第20Epoch的精度为：{'acc': 0.4, 'pur': 0.4666666666666667, 'nmi': 0.21258643271272062, 'ari': 0.02252252252252252}
Epoch: 21, time: 17.092241525650024
第21Epoch的精度为：{'acc': 0.4, 'pur': 0.4666666666666667, 'nmi': 0.21258643271272062, 'ari': 0.02252252252252252}
Epoch: 22, time: 17.211413145065308
第22Epoch的精度为：{'acc': 0.4, 'pur': 0.4666666666666667, 'nmi': 0.21258643271272062, 'ari': 0.02252252252252252}
Epoch: 23, time: 17.1629581451416
第23Epoch的精度为：{'acc': 0.4, 'pur': 0.4666666666666667, 'nmi': 0.21258643271272062, 'ari': 0.02252252252252252}
Epoch: 24, time: 17.17288064956665
第24Epoch的精度为：{'acc': 0.4, 'pur': 0.4666666666666667, 'nmi': 0.21258643271272062, 'ari': 0.02252252252252252}
Epoch: 25, time: 17.070922136306763
第25Epoch的精度为：{'acc': 0.4, 'pur': 0.4666666666666667, 'nmi': 0.21258643271272062, 'ari': 0.02252252252252252}
Epoch: 26, time: 24.817145347595215
第26Epoch的精度为：{'acc': 0.4, 'pur': 0.4666666666666667, 'nmi': 0.21258643271272062, 'ari': 0.02252252252252252}
Epoch: 27, time: 16.901823043823242
第27Epoch的精度为：{'acc': 0.4, 'pur': 0.4666666666666667, 'nmi': 0.21258643271272062, 'ari': 0.02252252252252252}
Epoch: 28, time: 23.395726919174194
第28Epoch的精度为：{'acc': 0.4, 'pur': 0.4666666666666667, 'nmi': 0.21258643271272062, 'ari': 0.02252252252252252}
Epoch: 29, time: 17.188844203948975
第29Epoch的精度为：{'acc': 0.4, 'pur': 0.4666666666666667, 'nmi': 0.21258643271272062, 'ari': 0.02252252252252252}
Epoch: 30, time: 17.011744022369385
第30Epoch的精度为：{'acc': 0.4, 'pur': 0.4666666666666667, 'nmi': 0.21258643271272062, 'ari': 0.02252252252252252}
最终精度为：{'acc': 0.4, 'pur': 0.4666666666666667, 'nmi': 0.21258643271272062, 'ari': 0.02252252252252252}
==================================================
 
 
