UWaveGestureLibrary
Epoch: 1, time: 53.382241010665894
第1Epoch的精度为：{'acc': 0.34375, 'pur': 0.346875, 'nmi': 0.21313093799372182, 'ari': 0.09869317702990553}
Epoch: 2, time: 54.28973627090454
第2Epoch的精度为：{'acc': 0.2625, 'pur': 0.284375, 'nmi': 0.1511081093796289, 'ari': 0.04972985333096979}
Epoch: 3, time: 53.63171362876892
第3Epoch的精度为：{'acc': 0.3, 'pur': 0.31875, 'nmi': 0.20502374569947893, 'ari': 0.08945329393811488}
Epoch: 4, time: 61.22415256500244
第4Epoch的精度为：{'acc': 0.3125, 'pur': 0.334375, 'nmi': 0.20457144658655096, 'ari': 0.09603756703011505}
Epoch: 5, time: 55.07724142074585
第5Epoch的精度为：{'acc': 0.31875, 'pur': 0.34375, 'nmi': 0.2038433964788049, 'ari': 0.11267746301712686}
Epoch: 6, time: 65.54314374923706
第6Epoch的精度为：{'acc': 0.328125, 'pur': 0.346875, 'nmi': 0.2035419411135835, 'ari': 0.10495497983759598}
Epoch: 7, time: 59.66534090042114
第7Epoch的精度为：{'acc': 0.321875, 'pur': 0.334375, 'nmi': 0.21646162813781525, 'ari': 0.0991647147873594}
Epoch: 8, time: 53.176928997039795
第8Epoch的精度为：{'acc': 0.334375, 'pur': 0.35, 'nmi': 0.19404314809647605, 'ari': 0.09166594636436359}
Epoch: 9, time: 53.76634764671326
第9Epoch的精度为：{'acc': 0.328125, 'pur': 0.334375, 'nmi': 0.184269619707684, 'ari': 0.0868773907269053}
Epoch: 10, time: 64.43496489524841
第10Epoch的精度为：{'acc': 0.3875, 'pur': 0.390625, 'nmi': 0.23045561123772415, 'ari': 0.1321658463313768}
Epoch: 11, time: 55.94031524658203
第11Epoch的精度为：{'acc': 0.359375, 'pur': 0.36875, 'nmi': 0.2602872559887387, 'ari': 0.123619963389562}
Epoch: 12, time: 54.64408731460571
第12Epoch的精度为：{'acc': 0.434375, 'pur': 0.44375, 'nmi': 0.3098049178025973, 'ari': 0.18675190299681893}
Epoch: 13, time: 54.19989728927612
第13Epoch的精度为：{'acc': 0.453125, 'pur': 0.471875, 'nmi': 0.3771114445262662, 'ari': 0.22677566840813893}
Epoch: 14, time: 59.6267614364624
第14Epoch的精度为：{'acc': 0.45625, 'pur': 0.46875, 'nmi': 0.3426964372688761, 'ari': 0.20704317258509272}
Epoch: 15, time: 64.3592598438263
第15Epoch的精度为：{'acc': 0.45, 'pur': 0.453125, 'nmi': 0.35197354690992405, 'ari': 0.21364531454074479}
Epoch: 16, time: 55.924179792404175
第16Epoch的精度为：{'acc': 0.490625, 'pur': 0.490625, 'nmi': 0.40001871335855266, 'ari': 0.25349012769077767}
Epoch: 17, time: 56.752429246902466
第17Epoch的精度为：{'acc': 0.55, 'pur': 0.559375, 'nmi': 0.4411960967728083, 'ari': 0.3271859768252376}
Epoch: 18, time: 66.63750648498535
第18Epoch的精度为：{'acc': 0.546875, 'pur': 0.553125, 'nmi': 0.4532988139658846, 'ari': 0.3215319633491849}
Epoch: 19, time: 57.94807720184326
第19Epoch的精度为：{'acc': 0.6125, 'pur': 0.61875, 'nmi': 0.5128534343198968, 'ari': 0.39689215090354896}
Epoch: 20, time: 53.15191316604614
第20Epoch的精度为：{'acc': 0.615625, 'pur': 0.61875, 'nmi': 0.5283027356724466, 'ari': 0.3875139817420252}
Epoch: 21, time: 54.12379693984985
第21Epoch的精度为：{'acc': 0.63125, 'pur': 0.63125, 'nmi': 0.5193020640096767, 'ari': 0.4012225089077282}
Epoch: 22, time: 58.64490747451782
第22Epoch的精度为：{'acc': 0.578125, 'pur': 0.58125, 'nmi': 0.4607769735941014, 'ari': 0.3305708324291113}
Epoch: 23, time: 57.440165758132935
第23Epoch的精度为：{'acc': 0.634375, 'pur': 0.634375, 'nmi': 0.5189961620847887, 'ari': 0.4056396036488578}
Epoch: 24, time: 67.43021178245544
第24Epoch的精度为：{'acc': 0.58125, 'pur': 0.609375, 'nmi': 0.5289898026968878, 'ari': 0.40169002038745194}
Epoch: 25, time: 67.95172047615051
第25Epoch的精度为：{'acc': 0.684375, 'pur': 0.684375, 'nmi': 0.5646048929334442, 'ari': 0.4627849712734892}
Epoch: 26, time: 53.00482726097107
第26Epoch的精度为：{'acc': 0.659375, 'pur': 0.690625, 'nmi': 0.653710291066953, 'ari': 0.5207207540701553}
Epoch: 27, time: 58.38288497924805
第27Epoch的精度为：{'acc': 0.590625, 'pur': 0.628125, 'nmi': 0.5435976078719352, 'ari': 0.42348714981305197}
Epoch: 28, time: 57.36388063430786
第28Epoch的精度为：{'acc': 0.615625, 'pur': 0.615625, 'nmi': 0.5488396395774489, 'ari': 0.41424320225024414}
Epoch: 29, time: 61.32842779159546
第29Epoch的精度为：{'acc': 0.7125, 'pur': 0.7125, 'nmi': 0.6054013861309923, 'ari': 0.4994984671060915}
Epoch: 30, time: 61.60758352279663
第30Epoch的精度为：{'acc': 0.609375, 'pur': 0.640625, 'nmi': 0.5975000958042411, 'ari': 0.45578991265181473}
最终精度为：{'acc': 0.653125, 'pur': 0.653125, 'nmi': 0.5767145384807371, 'ari': 0.44110170613520217}
==================================================
 
 
