Epoch: 1, time: 0.29509401321411133
第1Epoch的精度为：{'acc': 0.4666666666666667, 'pur': 0.4666666666666667, 'nmi': 0.1913138414115947, 'ari': -0.009009009009009009}
Epoch: 2, time: 0.3222975730895996
第2Epoch的精度为：{'acc': 0.4666666666666667, 'pur': 0.4666666666666667, 'nmi': 0.1913138414115947, 'ari': -0.009009009009009009}
Epoch: 3, time: 0.30420446395874023
第3Epoch的精度为：{'acc': 0.4666666666666667, 'pur': 0.4666666666666667, 'nmi': 0.1913138414115947, 'ari': -0.009009009009009009}
Epoch: 4, time: 0.29141998291015625
第4Epoch的精度为：{'acc': 0.4666666666666667, 'pur': 0.4666666666666667, 'nmi': 0.1913138414115947, 'ari': -0.009009009009009009}
Epoch: 5, time: 0.31267666816711426
第5Epoch的精度为：{'acc': 0.4666666666666667, 'pur': 0.4666666666666667, 'nmi': 0.1913138414115947, 'ari': -0.009009009009009009}
Epoch: 6, time: 0.3060641288757324
第6Epoch的精度为：{'acc': 0.4, 'pur': 0.4666666666666667, 'nmi': 0.21258643271272062, 'ari': 0.02252252252252252}
Epoch: 7, time: 0.2978785037994385
第7Epoch的精度为：{'acc': 0.4, 'pur': 0.4666666666666667, 'nmi': 0.21258643271272062, 'ari': 0.02252252252252252}
Epoch: 8, time: 0.3287949562072754
第8Epoch的精度为：{'acc': 0.4, 'pur': 0.4666666666666667, 'nmi': 0.21258643271272062, 'ari': 0.02252252252252252}
Epoch: 9, time: 0.3189430236816406
第9Epoch的精度为：{'acc': 0.4, 'pur': 0.4666666666666667, 'nmi': 0.21258643271272062, 'ari': 0.02252252252252252}
Epoch: 10, time: 0.31804776191711426
第10Epoch的精度为：{'acc': 0.4666666666666667, 'pur': 0.4666666666666667, 'nmi': 0.1913138414115947, 'ari': -0.009009009009009009}
Epoch: 11, time: 0.3066675662994385
第11Epoch的精度为：{'acc': 0.4666666666666667, 'pur': 0.4666666666666667, 'nmi': 0.1913138414115947, 'ari': -0.009009009009009009}
Epoch: 12, time: 0.3235785961151123
第12Epoch的精度为：{'acc': 0.4, 'pur': 0.4666666666666667, 'nmi': 0.21258643271272062, 'ari': 0.02252252252252252}
Epoch: 13, time: 0.311798095703125
第13Epoch的精度为：{'acc': 0.4, 'pur': 0.4666666666666667, 'nmi': 0.21258643271272062, 'ari': 0.02252252252252252}
Epoch: 14, time: 0.3139686584472656
第14Epoch的精度为：{'acc': 0.4, 'pur': 0.4666666666666667, 'nmi': 0.21258643271272062, 'ari': 0.02252252252252252}
Epoch: 15, time: 0.3142569065093994
第15Epoch的精度为：{'acc': 0.4, 'pur': 0.4666666666666667, 'nmi': 0.21258643271272062, 'ari': 0.02252252252252252}
Epoch: 16, time: 0.32729029655456543
第16Epoch的精度为：{'acc': 0.4, 'pur': 0.4666666666666667, 'nmi': 0.21258643271272062, 'ari': 0.02252252252252252}
Epoch: 17, time: 0.3292195796966553
第17Epoch的精度为：{'acc': 0.4666666666666667, 'pur': 0.4666666666666667, 'nmi': 0.1913138414115947, 'ari': -0.009009009009009009}
Epoch: 18, time: 0.31923937797546387
第18Epoch的精度为：{'acc': 0.4666666666666667, 'pur': 0.4666666666666667, 'nmi': 0.1913138414115947, 'ari': -0.009009009009009009}
Epoch: 19, time: 0.3085646629333496
第19Epoch的精度为：{'acc': 0.4666666666666667, 'pur': 0.4666666666666667, 'nmi': 0.1913138414115947, 'ari': -0.009009009009009009}
Epoch: 20, time: 0.31575870513916016
第20Epoch的精度为：{'acc': 0.4, 'pur': 0.4666666666666667, 'nmi': 0.21258643271272062, 'ari': 0.02252252252252252}
Epoch: 21, time: 0.30142974853515625
第21Epoch的精度为：{'acc': 0.4666666666666667, 'pur': 0.4666666666666667, 'nmi': 0.1913138414115947, 'ari': -0.009009009009009009}
Epoch: 22, time: 0.30501341819763184
第22Epoch的精度为：{'acc': 0.4666666666666667, 'pur': 0.4666666666666667, 'nmi': 0.1913138414115947, 'ari': -0.009009009009009009}
Epoch: 23, time: 0.3238258361816406
第23Epoch的精度为：{'acc': 0.4666666666666667, 'pur': 0.4666666666666667, 'nmi': 0.1913138414115947, 'ari': -0.009009009009009009}
Epoch: 24, time: 0.31904149055480957
第24Epoch的精度为：{'acc': 0.4666666666666667, 'pur': 0.4666666666666667, 'nmi': 0.1913138414115947, 'ari': -0.009009009009009009}
Epoch: 25, time: 0.310255765914917
第25Epoch的精度为：{'acc': 0.4, 'pur': 0.4666666666666667, 'nmi': 0.21258643271272062, 'ari': 0.02252252252252252}
Epoch: 26, time: 0.2738037109375
第26Epoch的精度为：{'acc': 0.4, 'pur': 0.4666666666666667, 'nmi': 0.21258643271272062, 'ari': 0.02252252252252252}
Epoch: 27, time: 0.3052501678466797
第27Epoch的精度为：{'acc': 0.4666666666666667, 'pur': 0.4666666666666667, 'nmi': 0.1913138414115947, 'ari': -0.009009009009009009}
Epoch: 28, time: 0.3044764995574951
第28Epoch的精度为：{'acc': 0.4666666666666667, 'pur': 0.4666666666666667, 'nmi': 0.1913138414115947, 'ari': -0.009009009009009009}
Epoch: 29, time: 0.3189206123352051
第29Epoch的精度为：{'acc': 0.4666666666666667, 'pur': 0.4666666666666667, 'nmi': 0.1913138414115947, 'ari': -0.009009009009009009}
Epoch: 30, time: 0.33005595207214355
第30Epoch的精度为：{'acc': 0.4666666666666667, 'pur': 0.4666666666666667, 'nmi': 0.1913138414115947, 'ari': -0.009009009009009009}
最终精度为：{'acc': 0.4666666666666667, 'pur': 0.4666666666666667, 'nmi': 0.1913138414115947, 'ari': -0.009009009009009009}
==================================================
 
 
