Epoch: 1, time: 3.1225476264953613
第1Epoch的精度为：{'acc': 0.36, 'pur': 0.38, 'nmi': 0.18563827087559379, 'ari': 0.03986238875177623}
Epoch: 2, time: 3.0943477153778076
第2Epoch的精度为：{'acc': 0.26, 'pur': 0.26, 'nmi': 0.08917220093679912, 'ari': -0.013229247363089208}
Epoch: 3, time: 3.145970582962036
第3Epoch的精度为：{'acc': 0.26, 'pur': 0.26, 'nmi': 0.08917220093679912, 'ari': -0.013229247363089208}
Epoch: 4, time: 3.185438394546509
第4Epoch的精度为：{'acc': 0.28, 'pur': 0.3, 'nmi': 0.08824155820894172, 'ari': -0.02158805263936123}
Epoch: 5, time: 3.1145622730255127
第5Epoch的精度为：{'acc': 0.28, 'pur': 0.28, 'nmi': 0.11339789609172696, 'ari': -0.009677594737128255}
Epoch: 6, time: 3.249908208847046
第6Epoch的精度为：{'acc': 0.26, 'pur': 0.26, 'nmi': 0.0946957877545232, 'ari': -0.012931162321677491}
Epoch: 7, time: 3.105048656463623
第7Epoch的精度为：{'acc': 0.26, 'pur': 0.26, 'nmi': 0.0946957877545232, 'ari': -0.012931162321677491}
Epoch: 8, time: 3.1291160583496094
第8Epoch的精度为：{'acc': 0.26, 'pur': 0.26, 'nmi': 0.0946957877545232, 'ari': -0.012931162321677491}
Epoch: 9, time: 3.165290594100952
第9Epoch的精度为：{'acc': 0.26, 'pur': 0.28, 'nmi': 0.10342947633481032, 'ari': -0.010024616662217873}
Epoch: 10, time: 3.0702340602874756
第10Epoch的精度为：{'acc': 0.26, 'pur': 0.28, 'nmi': 0.09980511331458926, 'ari': -0.012310317508684259}
Epoch: 11, time: 3.333937644958496
第11Epoch的精度为：{'acc': 0.26, 'pur': 0.26, 'nmi': 0.08917220093679912, 'ari': -0.013229247363089208}
Epoch: 12, time: 3.600555896759033
第12Epoch的精度为：{'acc': 0.26, 'pur': 0.26, 'nmi': 0.1205826524525954, 'ari': -0.005587973494214222}
Epoch: 13, time: 3.15132212638855
第13Epoch的精度为：{'acc': 0.26, 'pur': 0.28, 'nmi': 0.09412072605820569, 'ari': -0.015821894249710765}
Epoch: 14, time: 3.447176694869995
第14Epoch的精度为：{'acc': 0.26, 'pur': 0.28, 'nmi': 0.10342947633481032, 'ari': -0.010024616662217873}
Epoch: 15, time: 3.278390407562256
第15Epoch的精度为：{'acc': 0.28, 'pur': 0.3, 'nmi': 0.15367560435955957, 'ari': 0.0036426901538628826}
Epoch: 16, time: 3.210759162902832
第16Epoch的精度为：{'acc': 0.3, 'pur': 0.32, 'nmi': 0.19069001343514858, 'ari': 0.011036738030759798}
Epoch: 17, time: 3.642061471939087
第17Epoch的精度为：{'acc': 0.26, 'pur': 0.28, 'nmi': 0.1250366293650086, 'ari': -0.0007417663930372861}
Epoch: 18, time: 3.180508852005005
第18Epoch的精度为：{'acc': 0.26, 'pur': 0.28, 'nmi': 0.10342947633481032, 'ari': -0.010024616662217873}
Epoch: 19, time: 3.103846788406372
第19Epoch的精度为：{'acc': 0.26, 'pur': 0.26, 'nmi': 0.09183322963297799, 'ari': -0.014285314136858912}
Epoch: 20, time: 3.150625705718994
第20Epoch的精度为：{'acc': 0.26, 'pur': 0.28, 'nmi': 0.10342947633481032, 'ari': -0.010024616662217873}
Epoch: 21, time: 3.1133923530578613
第21Epoch的精度为：{'acc': 0.26, 'pur': 0.26, 'nmi': 0.09130995207917009, 'ari': -0.014000446229361892}
Epoch: 22, time: 3.1884260177612305
第22Epoch的精度为：{'acc': 0.26, 'pur': 0.26, 'nmi': 0.09130995207917009, 'ari': -0.014000446229361892}
Epoch: 23, time: 3.1852834224700928
第23Epoch的精度为：{'acc': 0.26, 'pur': 0.26, 'nmi': 0.11565660568159138, 'ari': -0.011540292988991905}
Epoch: 24, time: 3.226475954055786
第24Epoch的精度为：{'acc': 0.26, 'pur': 0.26, 'nmi': 0.1205826524525954, 'ari': -0.005587973494214222}
Epoch: 25, time: 3.0893800258636475
第25Epoch的精度为：{'acc': 0.28, 'pur': 0.3, 'nmi': 0.10683689190274431, 'ari': -0.006055712555510699}
Epoch: 26, time: 3.2092247009277344
第26Epoch的精度为：{'acc': 0.26, 'pur': 0.26, 'nmi': 0.08917220093679912, 'ari': -0.013229247363089208}
Epoch: 27, time: 3.3148446083068848
第27Epoch的精度为：{'acc': 0.28, 'pur': 0.3, 'nmi': 0.10683689190274431, 'ari': -0.006055712555510699}
Epoch: 28, time: 3.417753219604492
第28Epoch的精度为：{'acc': 0.26, 'pur': 0.28, 'nmi': 0.1310075741797221, 'ari': -0.0023954390839840945}
Epoch: 29, time: 3.696460485458374
第29Epoch的精度为：{'acc': 0.28, 'pur': 0.28, 'nmi': 0.1310075741797221, 'ari': -0.0023954390839840945}
Epoch: 30, time: 3.8333394527435303
第30Epoch的精度为：{'acc': 0.26, 'pur': 0.28, 'nmi': 0.1310075741797221, 'ari': -0.0023954390839840945}
最终精度为：{'acc': 0.26, 'pur': 0.28, 'nmi': 0.1310075741797221, 'ari': -0.0023954390839840945}
==================================================
 
 
