Epoch: 1, time: 9.94494915008545
第1Epoch的精度为：{'acc': 0.3231939163498099, 'pur': 0.3231939163498099, 'nmi': 0.02474881214470013, 'ari': 0.006753176249539995}
Epoch: 2, time: 9.926104307174683
第2Epoch的精度为：{'acc': 0.3155893536121673, 'pur': 0.3155893536121673, 'nmi': 0.021721556912896206, 'ari': 0.0022369654176901577}
Epoch: 3, time: 9.845140933990479
第3Epoch的精度为：{'acc': 0.3155893536121673, 'pur': 0.3155893536121673, 'nmi': 0.021721556912896206, 'ari': 0.0022369654176901577}
Epoch: 4, time: 9.853546619415283
第4Epoch的精度为：{'acc': 0.29277566539923955, 'pur': 0.3041825095057034, 'nmi': 0.011998734349868565, 'ari': -0.003406509680497305}
Epoch: 5, time: 9.861018180847168
第5Epoch的精度为：{'acc': 0.311787072243346, 'pur': 0.311787072243346, 'nmi': 0.020273060379635853, 'ari': 0.0012716356407192798}
Epoch: 6, time: 10.05405068397522
第6Epoch的精度为：{'acc': 0.29277566539923955, 'pur': 0.30038022813688214, 'nmi': 0.012142942331004358, 'ari': -0.0033988323067955057}
Epoch: 7, time: 9.93583869934082
第7Epoch的精度为：{'acc': 0.28517110266159695, 'pur': 0.29277566539923955, 'nmi': 0.011002894134508081, 'ari': -0.005041120552323622}
Epoch: 8, time: 9.88513994216919
第8Epoch的精度为：{'acc': 0.2965779467680608, 'pur': 0.30038022813688214, 'nmi': 0.012369119105723202, 'ari': -0.003730383911834497}
Epoch: 9, time: 9.841930389404297
第9Epoch的精度为：{'acc': 0.2889733840304182, 'pur': 0.2965779467680608, 'nmi': 0.01262037460410373, 'ari': -0.004506130103500789}
Epoch: 10, time: 9.926529884338379
第10Epoch的精度为：{'acc': 0.28517110266159695, 'pur': 0.29277566539923955, 'nmi': 0.011487779355487376, 'ari': -0.004557251279876474}
Epoch: 11, time: 9.844268083572388
第11Epoch的精度为：{'acc': 0.28517110266159695, 'pur': 0.29277566539923955, 'nmi': 0.011497426375184517, 'ari': -0.004767975109818656}
Epoch: 12, time: 9.921878576278687
第12Epoch的精度为：{'acc': 0.29277566539923955, 'pur': 0.2965779467680608, 'nmi': 0.015123462965576366, 'ari': -0.0034737250954149992}
Epoch: 13, time: 9.86048674583435
第13Epoch的精度为：{'acc': 0.28517110266159695, 'pur': 0.2965779467680608, 'nmi': 0.012452739858389909, 'ari': -0.004280773446022624}
Epoch: 14, time: 9.79990029335022
第14Epoch的精度为：{'acc': 0.28517110266159695, 'pur': 0.2965779467680608, 'nmi': 0.011835293990300451, 'ari': -0.004606805162613574}
Epoch: 15, time: 9.8670334815979
第15Epoch的精度为：{'acc': 0.2889733840304182, 'pur': 0.2965779467680608, 'nmi': 0.013794536665200393, 'ari': -0.004055303214500728}
Epoch: 16, time: 9.797101974487305
第16Epoch的精度为：{'acc': 0.2889733840304182, 'pur': 0.2965779467680608, 'nmi': 0.013985695874312788, 'ari': -0.003977170860810452}
Epoch: 17, time: 9.87750244140625
第17Epoch的精度为：{'acc': 0.30798479087452474, 'pur': 0.30798479087452474, 'nmi': 0.01598344473802537, 'ari': 0.002076984301330312}
Epoch: 18, time: 9.784000873565674
第18Epoch的精度为：{'acc': 0.27756653992395436, 'pur': 0.28517110266159695, 'nmi': 0.011397147818712934, 'ari': -0.0053985632561773245}
Epoch: 19, time: 9.803361654281616
第19Epoch的精度为：{'acc': 0.2965779467680608, 'pur': 0.2965779467680608, 'nmi': 0.016535150729079826, 'ari': -0.0025560484472005682}
Epoch: 20, time: 9.788325309753418
第20Epoch的精度为：{'acc': 0.29277566539923955, 'pur': 0.2965779467680608, 'nmi': 0.01726887103724485, 'ari': -0.0022989026822442947}
Epoch: 21, time: 9.793832778930664
第21Epoch的精度为：{'acc': 0.2965779467680608, 'pur': 0.2965779467680608, 'nmi': 0.015289891580734993, 'ari': -0.002243718738999363}
Epoch: 22, time: 9.781507015228271
第22Epoch的精度为：{'acc': 0.28517110266159695, 'pur': 0.29277566539923955, 'nmi': 0.01449901463291934, 'ari': -0.0011718058294891956}
Epoch: 23, time: 9.842977046966553
第23Epoch的精度为：{'acc': 0.2965779467680608, 'pur': 0.2965779467680608, 'nmi': 0.01360362197814865, 'ari': -0.003203822837079736}
Epoch: 24, time: 9.802392959594727
第24Epoch的精度为：{'acc': 0.29277566539923955, 'pur': 0.29277566539923955, 'nmi': 0.014042260616448287, 'ari': -0.003152400122820784}
Epoch: 25, time: 9.820338487625122
第25Epoch的精度为：{'acc': 0.29277566539923955, 'pur': 0.29277566539923955, 'nmi': 0.015330142169031783, 'ari': -0.001826500832159844}
Epoch: 26, time: 9.818541526794434
第26Epoch的精度为：{'acc': 0.28517110266159695, 'pur': 0.2889733840304182, 'nmi': 0.01231885818447726, 'ari': -0.004645422623540109}
Epoch: 27, time: 9.77368974685669
第27Epoch的精度为：{'acc': 0.3041825095057034, 'pur': 0.3041825095057034, 'nmi': 0.015231932435532333, 'ari': -3.8244229287266885e-06}
Epoch: 28, time: 9.78966999053955
第28Epoch的精度为：{'acc': 0.28517110266159695, 'pur': 0.29277566539923955, 'nmi': 0.0075440081503054006, 'ari': -0.0033985574639379497}
Epoch: 29, time: 9.802624464035034
第29Epoch的精度为：{'acc': 0.2889733840304182, 'pur': 0.29277566539923955, 'nmi': 0.013235082151907775, 'ari': -0.004226445954036936}
Epoch: 30, time: 9.802958965301514
第30Epoch的精度为：{'acc': 0.29277566539923955, 'pur': 0.29277566539923955, 'nmi': 0.009636407341656918, 'ari': -0.0048241984611863305}
最终精度为：{'acc': 0.2889733840304182, 'pur': 0.2889733840304182, 'nmi': 0.010008467356778562, 'ari': -0.004115391699799705}
==================================================
 
 
