Epoch: 1, time: 11.251816987991333
第1Epoch的精度为：{'acc': 0.5005675368898979, 'pur': 0.5005675368898979, 'nmi': 0.0002737276934722118, 'ari': -6.414546638827554e-07}
Epoch: 2, time: 11.16611933708191
第2Epoch的精度为：{'acc': 0.5002837684449489, 'pur': 0.5002837684449489, 'nmi': 0.00013786055535073506, 'ari': -6.436483010273298e-07}
Epoch: 3, time: 11.232209205627441
第3Epoch的精度为：{'acc': 0.5002837684449489, 'pur': 0.5002837684449489, 'nmi': 0.00013786055535073506, 'ari': -6.436483010273298e-07}
Epoch: 4, time: 11.090933322906494
第4Epoch的精度为：{'acc': 0.5002837684449489, 'pur': 0.5002837684449489, 'nmi': 0.00013786055535073506, 'ari': -6.436483010273298e-07}
Epoch: 5, time: 11.69553256034851
第5Epoch的精度为：{'acc': 0.5002837684449489, 'pur': 0.5002837684449489, 'nmi': 0.00013786055535073506, 'ari': -6.436483010273298e-07}
Epoch: 6, time: 11.739646196365356
第6Epoch的精度为：{'acc': 0.5002837684449489, 'pur': 0.5002837684449489, 'nmi': 0.00013786055535073506, 'ari': -6.436483010273298e-07}
Epoch: 7, time: 11.920218706130981
第7Epoch的精度为：{'acc': 0.5002837684449489, 'pur': 0.5002837684449489, 'nmi': 0.00013786055535073506, 'ari': -6.436483010273298e-07}
Epoch: 8, time: 11.247873783111572
第8Epoch的精度为：{'acc': 0.5002837684449489, 'pur': 0.5002837684449489, 'nmi': 0.0005655306719979902, 'ari': 0.0}
Epoch: 9, time: 11.724618673324585
第9Epoch的精度为：{'acc': 0.5002837684449489, 'pur': 0.5002837684449489, 'nmi': 0.0005655306719979902, 'ari': 0.0}
Epoch: 10, time: 11.20824670791626
第10Epoch的精度为：{'acc': 0.5002837684449489, 'pur': 0.5002837684449489, 'nmi': 0.00013786055535073506, 'ari': -6.436483010273298e-07}
Epoch: 11, time: 10.68433952331543
第11Epoch的精度为：{'acc': 0.5002837684449489, 'pur': 0.5002837684449489, 'nmi': 0.00013786055535073506, 'ari': -6.436483010273298e-07}
Epoch: 12, time: 10.87680172920227
第12Epoch的精度为：{'acc': 0.5002837684449489, 'pur': 0.5002837684449489, 'nmi': 0.00013786055535073506, 'ari': -6.436483010273298e-07}
Epoch: 13, time: 12.086700677871704
第13Epoch的精度为：{'acc': 0.5002837684449489, 'pur': 0.5002837684449489, 'nmi': 0.0005655306719979902, 'ari': 0.0}
Epoch: 14, time: 11.456413269042969
第14Epoch的精度为：{'acc': 0.5002837684449489, 'pur': 0.5002837684449489, 'nmi': 0.00013786055535073506, 'ari': -6.436483010273298e-07}
Epoch: 15, time: 12.373604536056519
第15Epoch的精度为：{'acc': 0.5002837684449489, 'pur': 0.5002837684449489, 'nmi': 0.00013786055535073506, 'ari': -6.436483010273298e-07}
Epoch: 16, time: 12.98209285736084
第16Epoch的精度为：{'acc': 0.5002837684449489, 'pur': 0.5002837684449489, 'nmi': 0.0005655306719979902, 'ari': 0.0}
Epoch: 17, time: 13.188275814056396
第17Epoch的精度为：{'acc': 0.5002837684449489, 'pur': 0.5002837684449489, 'nmi': 0.00013786055535073506, 'ari': -6.436483010273298e-07}
Epoch: 18, time: 12.95848035812378
第18Epoch的精度为：{'acc': 0.5002837684449489, 'pur': 0.5002837684449489, 'nmi': 0.0005655306719979902, 'ari': 0.0}
Epoch: 19, time: 13.898848295211792
第19Epoch的精度为：{'acc': 0.5002837684449489, 'pur': 0.5002837684449489, 'nmi': 0.00013786055535073506, 'ari': -6.436483010273298e-07}
Epoch: 20, time: 13.795689105987549
第20Epoch的精度为：{'acc': 0.5002837684449489, 'pur': 0.5002837684449489, 'nmi': 0.00013786055535073506, 'ari': -6.436483010273298e-07}
Epoch: 21, time: 13.108272314071655
第21Epoch的精度为：{'acc': 0.5002837684449489, 'pur': 0.5002837684449489, 'nmi': 0.0005655306719979902, 'ari': 0.0}
Epoch: 22, time: 12.845307111740112
第22Epoch的精度为：{'acc': 0.5002837684449489, 'pur': 0.5002837684449489, 'nmi': 0.00013786055535073506, 'ari': -6.436483010273298e-07}
Epoch: 23, time: 11.649888277053833
第23Epoch的精度为：{'acc': 0.5002837684449489, 'pur': 0.5002837684449489, 'nmi': 0.0005655306719979902, 'ari': 0.0}
Epoch: 24, time: 12.05195426940918
第24Epoch的精度为：{'acc': 0.5002837684449489, 'pur': 0.5002837684449489, 'nmi': 0.00013786055535073506, 'ari': -6.436483010273298e-07}
Epoch: 25, time: 12.167085647583008
第25Epoch的精度为：{'acc': 0.5, 'pur': 0.5, 'nmi': 0.0, 'ari': -6.440138030889625e-07}
Epoch: 26, time: 11.856327295303345
第26Epoch的精度为：{'acc': 0.5002837684449489, 'pur': 0.5002837684449489, 'nmi': 0.0005655306719979902, 'ari': 0.0}
Epoch: 27, time: 11.6001136302948
第27Epoch的精度为：{'acc': 0.5002837684449489, 'pur': 0.5002837684449489, 'nmi': 0.00013786055535073506, 'ari': -6.436483010273298e-07}
Epoch: 28, time: 9.769835472106934
第28Epoch的精度为：{'acc': 0.5002837684449489, 'pur': 0.5002837684449489, 'nmi': 0.00013786055535073506, 'ari': -6.436483010273298e-07}
Epoch: 29, time: 8.980413436889648
第29Epoch的精度为：{'acc': 0.5002837684449489, 'pur': 0.5002837684449489, 'nmi': 0.00013786055535073506, 'ari': -6.436483010273298e-07}
Epoch: 30, time: 9.282265186309814
第30Epoch的精度为：{'acc': 0.5002837684449489, 'pur': 0.5002837684449489, 'nmi': 0.00013786055535073506, 'ari': -6.436483010273298e-07}
最终精度为：{'acc': 0.5002837684449489, 'pur': 0.5002837684449489, 'nmi': 0.0005655306719979902, 'ari': 0.0}
==================================================
 
 
