Epoch: 1, time: 0.6609272956848145
第1Epoch的精度为：{'acc': 0.32432432432432434, 'pur': 0.40540540540540543, 'nmi': 0.022392972193985117, 'ari': -0.01852797411622842}
Epoch: 2, time: 0.6577103137969971
第2Epoch的精度为：{'acc': 0.33783783783783783, 'pur': 0.40540540540540543, 'nmi': 0.014989133437676052, 'ari': -0.00593061917792383}
Epoch: 3, time: 0.6837503910064697
第3Epoch的精度为：{'acc': 0.35135135135135137, 'pur': 0.4189189189189189, 'nmi': 0.038797471182494096, 'ari': 0.005005707383512365}
Epoch: 4, time: 0.6637954711914062
第4Epoch的精度为：{'acc': 0.35135135135135137, 'pur': 0.4189189189189189, 'nmi': 0.05632528899030672, 'ari': -0.007261614958305278}
Epoch: 5, time: 0.587024450302124
第5Epoch的精度为：{'acc': 0.36486486486486486, 'pur': 0.4189189189189189, 'nmi': 0.028053326799694283, 'ari': 0.013222867783107255}
Epoch: 6, time: 0.5916182994842529
第6Epoch的精度为：{'acc': 0.36486486486486486, 'pur': 0.40540540540540543, 'nmi': 0.04123547307498453, 'ari': -0.010789233713587002}
Epoch: 7, time: 0.639838457107544
第7Epoch的精度为：{'acc': 0.3108108108108108, 'pur': 0.4189189189189189, 'nmi': 0.028772038640489977, 'ari': -0.020961166857345018}
Epoch: 8, time: 0.6247868537902832
第8Epoch的精度为：{'acc': 0.33783783783783783, 'pur': 0.44594594594594594, 'nmi': 0.06001014520449141, 'ari': 0.003624873006036341}
Epoch: 9, time: 0.6518809795379639
第9Epoch的精度为：{'acc': 0.32432432432432434, 'pur': 0.40540540540540543, 'nmi': 0.05874656865614897, 'ari': -0.017288263501734884}
Epoch: 10, time: 0.6635894775390625
第10Epoch的精度为：{'acc': 0.35135135135135137, 'pur': 0.44594594594594594, 'nmi': 0.0946444893596009, 'ari': 0.026365062496837205}
Epoch: 11, time: 0.6788134574890137
第11Epoch的精度为：{'acc': 0.32432432432432434, 'pur': 0.43243243243243246, 'nmi': 0.02648781826683842, 'ari': -0.016235065259932128}
Epoch: 12, time: 0.6645615100860596
第12Epoch的精度为：{'acc': 0.32432432432432434, 'pur': 0.4189189189189189, 'nmi': 0.029578317406558686, 'ari': -0.018307803811065285}
Epoch: 13, time: 0.6606600284576416
第13Epoch的精度为：{'acc': 0.3918918918918919, 'pur': 0.44594594594594594, 'nmi': 0.055453999013402804, 'ari': 0.019221196802202266}
Epoch: 14, time: 0.6179544925689697
第14Epoch的精度为：{'acc': 0.3783783783783784, 'pur': 0.47297297297297297, 'nmi': 0.0694151327883493, 'ari': 0.04148399013057705}
Epoch: 15, time: 0.6360490322113037
第15Epoch的精度为：{'acc': 0.33783783783783783, 'pur': 0.43243243243243246, 'nmi': 0.03416578953302117, 'ari': -0.009716870954714633}
Epoch: 16, time: 0.6298820972442627
第16Epoch的精度为：{'acc': 0.33783783783783783, 'pur': 0.4189189189189189, 'nmi': 0.0496771416473715, 'ari': -0.008499989155623477}
Epoch: 17, time: 0.6532557010650635
第17Epoch的精度为：{'acc': 0.32432432432432434, 'pur': 0.40540540540540543, 'nmi': 0.04259370588527116, 'ari': -0.016418609148206396}
Epoch: 18, time: 0.6585502624511719
第18Epoch的精度为：{'acc': 0.2972972972972973, 'pur': 0.40540540540540543, 'nmi': 0.022492448678604306, 'ari': -0.03134345325665374}
Epoch: 19, time: 0.6721465587615967
第19Epoch的精度为：{'acc': 0.3783783783783784, 'pur': 0.4594594594594595, 'nmi': 0.10585476205117561, 'ari': 0.043988786232255314}
Epoch: 20, time: 0.6442632675170898
第20Epoch的精度为：{'acc': 0.33783783783783783, 'pur': 0.40540540540540543, 'nmi': 0.03937348715883813, 'ari': -0.010644588605459335}
Epoch: 21, time: 0.6630280017852783
第21Epoch的精度为：{'acc': 0.35135135135135137, 'pur': 0.43243243243243246, 'nmi': 0.04415158973069248, 'ari': 0.004214896993878986}
Epoch: 22, time: 0.6800391674041748
第22Epoch的精度为：{'acc': 0.2972972972972973, 'pur': 0.40540540540540543, 'nmi': 0.0276727562521837, 'ari': -0.016623459225325463}
Epoch: 23, time: 0.6284537315368652
第23Epoch的精度为：{'acc': 0.32432432432432434, 'pur': 0.40540540540540543, 'nmi': 0.03639007913860665, 'ari': -0.020111941684656312}
Epoch: 24, time: 0.6407690048217773
第24Epoch的精度为：{'acc': 0.32432432432432434, 'pur': 0.43243243243243246, 'nmi': 0.04650591030604895, 'ari': -0.00835152333082333}
Epoch: 25, time: 0.6200222969055176
第25Epoch的精度为：{'acc': 0.2972972972972973, 'pur': 0.40540540540540543, 'nmi': 0.017887627758279095, 'ari': -0.030658298135501784}
Epoch: 26, time: 0.639655590057373
第26Epoch的精度为：{'acc': 0.33783783783783783, 'pur': 0.40540540540540543, 'nmi': 0.06523087395508081, 'ari': -0.01125521128305401}
Epoch: 27, time: 0.6244938373565674
第27Epoch的精度为：{'acc': 0.35135135135135137, 'pur': 0.40540540540540543, 'nmi': 0.031100929142672196, 'ari': -0.013806878250565856}
Epoch: 28, time: 0.6948449611663818
第28Epoch的精度为：{'acc': 0.33783783783783783, 'pur': 0.43243243243243246, 'nmi': 0.05567615710963843, 'ari': -0.004612985124969604}
Epoch: 29, time: 0.6202318668365479
第29Epoch的精度为：{'acc': 0.36486486486486486, 'pur': 0.4189189189189189, 'nmi': 0.07379587019415908, 'ari': 0.015941105734818335}
Epoch: 30, time: 0.6578240394592285
第30Epoch的精度为：{'acc': 0.36486486486486486, 'pur': 0.40540540540540543, 'nmi': 0.03421746360062206, 'ari': -0.001063284544922638}
最终精度为：{'acc': 0.36486486486486486, 'pur': 0.4594594594594595, 'nmi': 0.09146152222685557, 'ari': 0.03976546902877912}
==================================================
 
 
