Epoch: 1, time: 1.1316535472869873
第1Epoch的精度为：{'acc': 0.7121951219512195, 'pur': 0.7219512195121951, 'nmi': 0.00989811652288241, 'ari': -0.011697352225941841}
Epoch: 2, time: 1.1996243000030518
第2Epoch的精度为：{'acc': 0.7121951219512195, 'pur': 0.7219512195121951, 'nmi': 0.00989811652288241, 'ari': -0.011697352225941841}
Epoch: 3, time: 1.2625138759613037
第3Epoch的精度为：{'acc': 0.7121951219512195, 'pur': 0.7219512195121951, 'nmi': 0.00989811652288241, 'ari': -0.011697352225941841}
Epoch: 4, time: 1.2070651054382324
第4Epoch的精度为：{'acc': 0.7121951219512195, 'pur': 0.7219512195121951, 'nmi': 0.00989811652288241, 'ari': -0.011697352225941841}
Epoch: 5, time: 1.1385395526885986
第5Epoch的精度为：{'acc': 0.7170731707317073, 'pur': 0.7219512195121951, 'nmi': 0.005125494392826979, 'ari': -0.005970798684973893}
Epoch: 6, time: 1.1725420951843262
第6Epoch的精度为：{'acc': 0.7170731707317073, 'pur': 0.7219512195121951, 'nmi': 0.005125494392826979, 'ari': -0.005970798684973893}
Epoch: 7, time: 1.1341660022735596
第7Epoch的精度为：{'acc': 0.7121951219512195, 'pur': 0.7219512195121951, 'nmi': 0.00989811652288241, 'ari': -0.011697352225941841}
Epoch: 8, time: 1.110584020614624
第8Epoch的精度为：{'acc': 0.7170731707317073, 'pur': 0.7219512195121951, 'nmi': 0.005125494392826979, 'ari': -0.005970798684973893}
Epoch: 9, time: 1.1553668975830078
第9Epoch的精度为：{'acc': 0.7121951219512195, 'pur': 0.7219512195121951, 'nmi': 0.00989811652288241, 'ari': -0.011697352225941841}
Epoch: 10, time: 1.1301815509796143
第10Epoch的精度为：{'acc': 0.7121951219512195, 'pur': 0.7219512195121951, 'nmi': 0.00989811652288241, 'ari': -0.011697352225941841}
Epoch: 11, time: 1.069234848022461
第11Epoch的精度为：{'acc': 0.7121951219512195, 'pur': 0.7219512195121951, 'nmi': 0.00989811652288241, 'ari': -0.011697352225941841}
Epoch: 12, time: 1.1446428298950195
第12Epoch的精度为：{'acc': 0.7121951219512195, 'pur': 0.7219512195121951, 'nmi': 0.00989811652288241, 'ari': -0.011697352225941841}
Epoch: 13, time: 1.0983612537384033
第13Epoch的精度为：{'acc': 0.7121951219512195, 'pur': 0.7219512195121951, 'nmi': 0.00989811652288241, 'ari': -0.011697352225941841}
Epoch: 14, time: 1.4045917987823486
第14Epoch的精度为：{'acc': 0.7121951219512195, 'pur': 0.7219512195121951, 'nmi': 0.00989811652288241, 'ari': -0.011697352225941841}
Epoch: 15, time: 1.1824748516082764
第15Epoch的精度为：{'acc': 0.7121951219512195, 'pur': 0.7219512195121951, 'nmi': 0.00989811652288241, 'ari': -0.011697352225941841}
Epoch: 16, time: 1.2671151161193848
第16Epoch的精度为：{'acc': 0.7170731707317073, 'pur': 0.7219512195121951, 'nmi': 0.005125494392826979, 'ari': -0.005970798684973893}
Epoch: 17, time: 1.0972144603729248
第17Epoch的精度为：{'acc': 0.7121951219512195, 'pur': 0.7219512195121951, 'nmi': 0.00989811652288241, 'ari': -0.011697352225941841}
Epoch: 18, time: 1.2212085723876953
第18Epoch的精度为：{'acc': 0.7121951219512195, 'pur': 0.7219512195121951, 'nmi': 0.00989811652288241, 'ari': -0.011697352225941841}
Epoch: 19, time: 1.207185983657837
第19Epoch的精度为：{'acc': 0.7121951219512195, 'pur': 0.7219512195121951, 'nmi': 0.00989811652288241, 'ari': -0.011697352225941841}
Epoch: 20, time: 1.2194178104400635
第20Epoch的精度为：{'acc': 0.7121951219512195, 'pur': 0.7219512195121951, 'nmi': 0.00989811652288241, 'ari': -0.011697352225941841}
Epoch: 21, time: 1.1859204769134521
第21Epoch的精度为：{'acc': 0.7121951219512195, 'pur': 0.7219512195121951, 'nmi': 0.00989811652288241, 'ari': -0.011697352225941841}
Epoch: 22, time: 1.1922321319580078
第22Epoch的精度为：{'acc': 0.7170731707317073, 'pur': 0.7219512195121951, 'nmi': 0.005125494392826979, 'ari': -0.005970798684973893}
Epoch: 23, time: 1.1833076477050781
第23Epoch的精度为：{'acc': 0.7121951219512195, 'pur': 0.7219512195121951, 'nmi': 0.00989811652288241, 'ari': -0.011697352225941841}
Epoch: 24, time: 1.2331111431121826
第24Epoch的精度为：{'acc': 0.7121951219512195, 'pur': 0.7219512195121951, 'nmi': 0.00989811652288241, 'ari': -0.011697352225941841}
Epoch: 25, time: 1.1391446590423584
第25Epoch的精度为：{'acc': 0.7121951219512195, 'pur': 0.7219512195121951, 'nmi': 0.00989811652288241, 'ari': -0.011697352225941841}
Epoch: 26, time: 1.2698078155517578
第26Epoch的精度为：{'acc': 0.7121951219512195, 'pur': 0.7219512195121951, 'nmi': 0.00989811652288241, 'ari': -0.011697352225941841}
Epoch: 27, time: 1.1630263328552246
第27Epoch的精度为：{'acc': 0.7121951219512195, 'pur': 0.7219512195121951, 'nmi': 0.00989811652288241, 'ari': -0.011697352225941841}
Epoch: 28, time: 1.2436342239379883
第28Epoch的精度为：{'acc': 0.7121951219512195, 'pur': 0.7219512195121951, 'nmi': 0.00989811652288241, 'ari': -0.011697352225941841}
Epoch: 29, time: 1.1076672077178955
第29Epoch的精度为：{'acc': 0.7268292682926829, 'pur': 0.7268292682926829, 'nmi': 0.01806712982131557, 'ari': 0.04132230533071777}
Epoch: 30, time: 1.1873955726623535
第30Epoch的精度为：{'acc': 0.7170731707317073, 'pur': 0.7219512195121951, 'nmi': 0.005125494392826979, 'ari': -0.005970798684973893}
最终精度为：{'acc': 0.7121951219512195, 'pur': 0.7219512195121951, 'nmi': 0.00989811652288241, 'ari': -0.011697352225941841}
==================================================
 
 
