Epoch: 1, time: 26.72985863685608
第1Epoch的精度为：{'acc': 0.1262, 'pur': 0.12728, 'nmi': 0.021943248294531564, 'ari': 0.0029213125081883552}
Epoch: 2, time: 26.494872570037842
第2Epoch的精度为：{'acc': 0.10924, 'pur': 0.1118, 'nmi': 0.011575774662721782, 'ari': 0.0003683406944454342}
Epoch: 3, time: 26.2851140499115
第3Epoch的精度为：{'acc': 0.11084, 'pur': 0.11152, 'nmi': 0.012567093670507038, 'ari': 0.0003635997922839731}
Epoch: 4, time: 27.031018257141113
第4Epoch的精度为：{'acc': 0.10452, 'pur': 0.10472, 'nmi': 0.005142107382857044, 'ari': 5.364009556598536e-05}
Epoch: 5, time: 26.318031072616577
第5Epoch的精度为：{'acc': 0.105, 'pur': 0.10568, 'nmi': 0.0047319158326681095, 'ari': 7.420489090692524e-05}
Epoch: 6, time: 27.935256004333496
第6Epoch的精度为：{'acc': 0.10584, 'pur': 0.10664, 'nmi': 0.005519162059131773, 'ari': 0.00011422140025881355}
Epoch: 7, time: 26.197330236434937
第7Epoch的精度为：{'acc': 0.10708, 'pur': 0.1082, 'nmi': 0.004811949133242837, 'ari': 0.000175984778112852}
Epoch: 8, time: 26.142037630081177
第8Epoch的精度为：{'acc': 0.10732, 'pur': 0.10876, 'nmi': 0.006784712776237526, 'ari': 0.00022795652601674437}
Epoch: 9, time: 27.378539323806763
第9Epoch的精度为：{'acc': 0.11804, 'pur': 0.11904, 'nmi': 0.007658801814810781, 'ari': 0.0011021416319338178}
Epoch: 10, time: 25.28260111808777
第10Epoch的精度为：{'acc': 0.11096, 'pur': 0.11408, 'nmi': 0.01050964333793014, 'ari': 0.0005973085411803594}
Epoch: 11, time: 25.465068340301514
第11Epoch的精度为：{'acc': 0.11108, 'pur': 0.11416, 'nmi': 0.009772546186242974, 'ari': 0.0005420585562095602}
Epoch: 12, time: 27.35533905029297
第12Epoch的精度为：{'acc': 0.1, 'pur': 0.1, 'nmi': 0.0, 'ari': 0.0}
Epoch: 13, time: 26.199609994888306
第13Epoch的精度为：{'acc': 0.1, 'pur': 0.1, 'nmi': 0.0, 'ari': 0.0}
Epoch: 14, time: 26.700824737548828
第14Epoch的精度为：{'acc': 0.1, 'pur': 0.1, 'nmi': 0.0, 'ari': 0.0}
Epoch: 15, time: 26.813417196273804
第15Epoch的精度为：{'acc': 0.1, 'pur': 0.1, 'nmi': 0.0, 'ari': 0.0}
Epoch: 16, time: 26.806582927703857
第16Epoch的精度为：{'acc': 0.1, 'pur': 0.1, 'nmi': 0.0, 'ari': 0.0}
Epoch: 17, time: 26.987572193145752
第17Epoch的精度为：{'acc': 0.1, 'pur': 0.1, 'nmi': 0.0, 'ari': 0.0}
Epoch: 18, time: 27.203382968902588
第18Epoch的精度为：{'acc': 0.1, 'pur': 0.1, 'nmi': 0.0, 'ari': 0.0}
Epoch: 19, time: 26.67043137550354
第19Epoch的精度为：{'acc': 0.1, 'pur': 0.1, 'nmi': 0.0, 'ari': 0.0}
Epoch: 20, time: 27.397026300430298
第20Epoch的精度为：{'acc': 0.1, 'pur': 0.1, 'nmi': 0.0, 'ari': 0.0}
Epoch: 21, time: 26.361496686935425
第21Epoch的精度为：{'acc': 0.1, 'pur': 0.1, 'nmi': 0.0, 'ari': 0.0}
Epoch: 22, time: 27.31498432159424
第22Epoch的精度为：{'acc': 0.1, 'pur': 0.1, 'nmi': 0.0, 'ari': 0.0}
Epoch: 23, time: 25.230183601379395
第23Epoch的精度为：{'acc': 0.1, 'pur': 0.1, 'nmi': 0.0, 'ari': 0.0}
Epoch: 24, time: 26.285263061523438
第24Epoch的精度为：{'acc': 0.1, 'pur': 0.1, 'nmi': 0.0, 'ari': 0.0}
Epoch: 25, time: 26.11412739753723
第25Epoch的精度为：{'acc': 0.1, 'pur': 0.1, 'nmi': 0.0, 'ari': 0.0}
Epoch: 26, time: 26.37720799446106
第26Epoch的精度为：{'acc': 0.1, 'pur': 0.1, 'nmi': 0.0, 'ari': 0.0}
Epoch: 27, time: 24.94783854484558
第27Epoch的精度为：{'acc': 0.1, 'pur': 0.1, 'nmi': 0.0, 'ari': 0.0}
Epoch: 28, time: 26.265671253204346
第28Epoch的精度为：{'acc': 0.1, 'pur': 0.1, 'nmi': 0.0, 'ari': 0.0}
Epoch: 29, time: 26.64693593978882
第29Epoch的精度为：{'acc': 0.1, 'pur': 0.1, 'nmi': 0.0, 'ari': 0.0}
Epoch: 30, time: 25.63238286972046
第30Epoch的精度为：{'acc': 0.1, 'pur': 0.1, 'nmi': 0.0, 'ari': 0.0}
最终精度为：{'acc': 0.1, 'pur': 0.1, 'nmi': 0.0, 'ari': 0.0}
==================================================
 
 
